--------------- Build Started: 07/10/2024 14:24:51 Project: Lab2, Configuration: ARM GCC 5.4-2016-q2-update Debug ---------------
The code generation step is up to date.
arm-none-eabi-gcc.exe -mcpu=cortex-m3 -mthumb -I.\source\asw -I.\source\bsw -I.\source\bsw\tft -I.\source\bsw\tft\fonts -I.\source\rte -I. -IGenerated_Source\PSoC5 -Wa,-alh=.\CortexM3\ARM_GCC_541\Debug/swc_control.lst -g -D DEBUG -D CY_CORE_ID=0 -Wall -ffunction-sections -ffat-lto-objects -Og -c source\asw\swc_control.c -o .\CortexM3\ARM_GCC_541\Debug\swc_control.o
In file included from .\source\rte/rte.h:82:0,
                 from source\asw\swc_control.c:14:
.\source\rte/rte_types.h:46:0: warning: "GetResource" redefined
     #define GetResource(A)
 ^
In file included from Generated_Source\PSoC5/ErikaOS_ee_api.inc:73:0,
                 from Generated_Source\PSoC5/ErikaOS_ee.h:129,
                 from Generated_Source\PSoC5/project.h:22,
                 from source\asw\swc_control.c:12:
Generated_Source\PSoC5/ErikaOS_ee_oo_api.inc:136:0: note: this is the location of the previous definition
 #define GetResource               EE_oo_GetResource
 ^
In file included from .\source\rte/rte.h:82:0,
                 from source\asw\swc_control.c:14:
.\source\rte/rte_types.h:47:0: warning: "ReleaseResource" redefined
     #define ReleaseResource(A)
 ^
In file included from Generated_Source\PSoC5/ErikaOS_ee_api.inc:73:0,
                 from Generated_Source\PSoC5/ErikaOS_ee.h:129,
                 from Generated_Source\PSoC5/project.h:22,
                 from source\asw\swc_control.c:12:
Generated_Source\PSoC5/ErikaOS_ee_oo_api.inc:140:0: note: this is the location of the previous definition
 #define ReleaseResource           EE_oo_ReleaseResource
 ^
In file included from .\source\rte/sc_input.h:27:0,
                 from .\source\rte/sp_common.h:23,
                 from source\asw\swc_control.c:25:
.\source\rte/sc_input.h: In function 'RTE_SC_INPUT_init':
.\source\rte/sc_input_type.h:53:46: warning: missing braces around initializer [-Wmissing-braces]
 #define SC_INPUT_INIT_DATA ((SC_INPUT_data_t){EV_NONE, CLOCK_C_ISDISPLAYING})
                                              ^
.\source\rte/sc_input.h:166:21: note: in expansion of macro 'SC_INPUT_INIT_DATA'
    signal->value  = SC_INPUT_INIT_DATA;
                     ^
.\source\rte/sc_input_type.h:53:46: note: (near initialization for '(anonymous)')
 #define SC_INPUT_INIT_DATA ((SC_INPUT_data_t){EV_NONE, CLOCK_C_ISDISPLAYING})
                                              ^
.\source\rte/sc_input.h:166:21: note: in expansion of macro 'SC_INPUT_INIT_DATA'
    signal->value  = SC_INPUT_INIT_DATA;
                     ^
arm-none-eabi-gcc.exe -mcpu=cortex-m3 -mthumb -I.\source\asw -I.\source\bsw -I.\source\bsw\tft -I.\source\bsw\tft\fonts -I.\source\rte -I. -IGenerated_Source\PSoC5 -Wa,-alh=.\CortexM3\ARM_GCC_541\Debug/swc_display.lst -g -D DEBUG -D CY_CORE_ID=0 -Wall -ffunction-sections -ffat-lto-objects -Og -c source\asw\swc_display.c -o .\CortexM3\ARM_GCC_541\Debug\swc_display.o
In file included from .\source\rte/rte.h:82:0,
                 from source\asw\swc_display.c:14:
.\source\rte/rte_types.h:46:0: warning: "GetResource" redefined
     #define GetResource(A)
 ^
In file included from Generated_Source\PSoC5/ErikaOS_ee_api.inc:73:0,
                 from Generated_Source\PSoC5/ErikaOS_ee.h:129,
                 from Generated_Source\PSoC5/project.h:22,
                 from source\asw\swc_display.c:12:
Generated_Source\PSoC5/ErikaOS_ee_oo_api.inc:136:0: note: this is the location of the previous definition
 #define GetResource               EE_oo_GetResource
 ^
In file included from .\source\rte/rte.h:82:0,
                 from source\asw\swc_display.c:14:
.\source\rte/rte_types.h:47:0: warning: "ReleaseResource" redefined
     #define ReleaseResource(A)
 ^
In file included from Generated_Source\PSoC5/ErikaOS_ee_api.inc:73:0,
                 from Generated_Source\PSoC5/ErikaOS_ee.h:129,
                 from Generated_Source\PSoC5/project.h:22,
                 from source\asw\swc_display.c:12:
Generated_Source\PSoC5/ErikaOS_ee_oo_api.inc:140:0: note: this is the location of the previous definition
 #define ReleaseResource           EE_oo_ReleaseResource
 ^
In file included from .\source\rte/sc_input.h:27:0,
                 from .\source\rte/sp_common.h:23,
                 from source\asw\swc_display.c:25:
.\source\rte/sc_input.h: In function 'RTE_SC_INPUT_init':
.\source\rte/sc_input_type.h:53:46: warning: missing braces around initializer [-Wmissing-braces]
 #define SC_INPUT_INIT_DATA ((SC_INPUT_data_t){EV_NONE, CLOCK_C_ISDISPLAYING})
                                              ^
.\source\rte/sc_input.h:166:21: note: in expansion of macro 'SC_INPUT_INIT_DATA'
    signal->value  = SC_INPUT_INIT_DATA;
                     ^
.\source\rte/sc_input_type.h:53:46: note: (near initialization for '(anonymous)')
 #define SC_INPUT_INIT_DATA ((SC_INPUT_data_t){EV_NONE, CLOCK_C_ISDISPLAYING})
                                              ^
.\source\rte/sc_input.h:166:21: note: in expansion of macro 'SC_INPUT_INIT_DATA'
    signal->value  = SC_INPUT_INIT_DATA;
                     ^
arm-none-eabi-gcc.exe -mcpu=cortex-m3 -mthumb -I.\source\asw -I.\source\bsw -I.\source\bsw\tft -I.\source\bsw\tft\fonts -I.\source\rte -I. -IGenerated_Source\PSoC5 -Wa,-alh=.\CortexM3\ARM_GCC_541\Debug/swc_input.lst -g -D DEBUG -D CY_CORE_ID=0 -Wall -ffunction-sections -ffat-lto-objects -Og -c source\asw\swc_input.c -o .\CortexM3\ARM_GCC_541\Debug\swc_input.o
In file included from .\source\rte/rte.h:82:0,
                 from source\asw\swc_input.c:14:
.\source\rte/rte_types.h:46:0: warning: "GetResource" redefined
     #define GetResource(A)
 ^
In file included from Generated_Source\PSoC5/ErikaOS_ee_api.inc:73:0,
                 from Generated_Source\PSoC5/ErikaOS_ee.h:129,
                 from Generated_Source\PSoC5/project.h:22,
                 from source\asw\swc_input.c:12:
Generated_Source\PSoC5/ErikaOS_ee_oo_api.inc:136:0: note: this is the location of the previous definition
 #define GetResource               EE_oo_GetResource
 ^
In file included from .\source\rte/rte.h:82:0,
                 from source\asw\swc_input.c:14:
.\source\rte/rte_types.h:47:0: warning: "ReleaseResource" redefined
     #define ReleaseResource(A)
 ^
In file included from Generated_Source\PSoC5/ErikaOS_ee_api.inc:73:0,
                 from Generated_Source\PSoC5/ErikaOS_ee.h:129,
                 from Generated_Source\PSoC5/project.h:22,
                 from source\asw\swc_input.c:12:
Generated_Source\PSoC5/ErikaOS_ee_oo_api.inc:140:0: note: this is the location of the previous definition
 #define ReleaseResource           EE_oo_ReleaseResource
 ^
In file included from .\source\rte/sc_input.h:27:0,
                 from .\source\rte/sp_common.h:23,
                 from source\asw\swc_input.c:25:
.\source\rte/sc_input.h: In function 'RTE_SC_INPUT_init':
.\source\rte/sc_input_type.h:53:46: warning: missing braces around initializer [-Wmissing-braces]
 #define SC_INPUT_INIT_DATA ((SC_INPUT_data_t){EV_NONE, CLOCK_C_ISDISPLAYING})
                                              ^
.\source\rte/sc_input.h:166:21: note: in expansion of macro 'SC_INPUT_INIT_DATA'
    signal->value  = SC_INPUT_INIT_DATA;
                     ^
.\source\rte/sc_input_type.h:53:46: note: (near initialization for '(anonymous)')
 #define SC_INPUT_INIT_DATA ((SC_INPUT_data_t){EV_NONE, CLOCK_C_ISDISPLAYING})
                                              ^
.\source\rte/sc_input.h:166:21: note: in expansion of macro 'SC_INPUT_INIT_DATA'
    signal->value  = SC_INPUT_INIT_DATA;
                     ^
arm-none-eabi-gcc.exe -mcpu=cortex-m3 -mthumb -I.\source\asw -I.\source\bsw -I.\source\bsw\tft -I.\source\bsw\tft\fonts -I.\source\rte -I. -IGenerated_Source\PSoC5 -Wa,-alh=.\CortexM3\ARM_GCC_541\Debug/clock.lst -g -D DEBUG -D CY_CORE_ID=0 -Wall -ffunction-sections -ffat-lto-objects -Og -c source\asw\clock.c -o .\CortexM3\ARM_GCC_541\Debug\clock.o
In file included from Generated_Source\PSoC5/cyfitter_cfg.h:20:0,
                 from Generated_Source\PSoC5/project.h:17,
                 from .\source\rte/sp_common.h:13,
                 from source\asw\clock.c:24:
Generated_Source\PSoC5/cytypes.h:1377:0: warning: "LO8" redefined
 #define LO8(x)                  ((uint8) ((x) & 0xFFu))
 ^
In file included from source\asw\clock.h:82:0,
                 from source\asw\clock.c:23:
.\source\bsw/global.h:306:0: note: this is the location of the previous definition
  # define LO8(x)   ((uint8_t) ((x) & 0xFFu))
 ^
In file included from Generated_Source\PSoC5/cyfitter_cfg.h:20:0,
                 from Generated_Source\PSoC5/project.h:17,
                 from .\source\rte/sp_common.h:13,
                 from source\asw\clock.c:24:
Generated_Source\PSoC5/cytypes.h:1378:0: warning: "HI8" redefined
 #define HI8(x)                  ((uint8) ((uint16)(x) >> 8))
 ^
In file included from source\asw\clock.h:82:0,
                 from source\asw\clock.c:23:
.\source\bsw/global.h:311:0: note: this is the location of the previous definition
  # define HI8(x)   ((uint8_t) ((uint16_t)(x) >> 8))
 ^
In file included from Generated_Source\PSoC5/cyfitter_cfg.h:20:0,
                 from Generated_Source\PSoC5/project.h:17,
                 from .\source\rte/sp_common.h:13,
                 from source\asw\clock.c:24:
Generated_Source\PSoC5/cytypes.h:1381:0: warning: "LO16" redefined
 #define LO16(x)                 ((uint16) ((x) & 0xFFFFu))
 ^
In file included from source\asw\clock.h:82:0,
                 from source\asw\clock.c:23:
.\source\bsw/global.h:316:0: note: this is the location of the previous definition
  # define LO16(x)   ((uint16_t) ((x) & 0xFFFFu))
 ^
In file included from Generated_Source\PSoC5/cyfitter_cfg.h:20:0,
                 from Generated_Source\PSoC5/project.h:17,
                 from .\source\rte/sp_common.h:13,
                 from source\asw\clock.c:24:
Generated_Source\PSoC5/cytypes.h:1382:0: warning: "HI16" redefined
 #define HI16(x)                 ((uint16) ((uint32)(x) >> 16))
 ^
In file included from source\asw\clock.h:82:0,
                 from source\asw\clock.c:23:
.\source\bsw/global.h:321:0: note: this is the location of the previous definition
  # define HI16(x)   ((uint16_t) ((uint32_t)(x) >> 16))
 ^
In file included from .\source\rte/sp_common.h:15:0,
                 from source\asw\clock.c:24:
.\source\rte/rte_types.h:46:0: warning: "GetResource" redefined
     #define GetResource(A)
 ^
In file included from Generated_Source\PSoC5/ErikaOS_ee_api.inc:73:0,
                 from Generated_Source\PSoC5/ErikaOS_ee.h:129,
                 from Generated_Source\PSoC5/project.h:22,
                 from .\source\rte/sp_common.h:13,
                 from source\asw\clock.c:24:
Generated_Source\PSoC5/ErikaOS_ee_oo_api.inc:136:0: note: this is the location of the previous definition
 #define GetResource               EE_oo_GetResource
 ^
In file included from .\source\rte/sp_common.h:15:0,
                 from source\asw\clock.c:24:
.\source\rte/rte_types.h:47:0: warning: "ReleaseResource" redefined
     #define ReleaseResource(A)
 ^
In file included from Generated_Source\PSoC5/ErikaOS_ee_api.inc:73:0,
                 from Generated_Source\PSoC5/ErikaOS_ee.h:129,
                 from Generated_Source\PSoC5/project.h:22,
                 from .\source\rte/sp_common.h:13,
                 from source\asw\clock.c:24:
Generated_Source\PSoC5/ErikaOS_ee_oo_api.inc:140:0: note: this is the location of the previous definition
 #define ReleaseResource           EE_oo_ReleaseResource
 ^
In file included from .\source\rte/sc_input.h:27:0,
                 from .\source\rte/sp_common.h:23,
                 from source\asw\clock.c:24:
.\source\rte/sc_input.h: In function 'RTE_SC_INPUT_init':
.\source\rte/sc_input_type.h:53:46: warning: missing braces around initializer [-Wmissing-braces]
 #define SC_INPUT_INIT_DATA ((SC_INPUT_data_t){EV_NONE, CLOCK_C_ISDISPLAYING})
                                              ^
.\source\rte/sc_input.h:166:21: note: in expansion of macro 'SC_INPUT_INIT_DATA'
    signal->value  = SC_INPUT_INIT_DATA;
                     ^
.\source\rte/sc_input_type.h:53:46: note: (near initialization for '(anonymous)')
 #define SC_INPUT_INIT_DATA ((SC_INPUT_data_t){EV_NONE, CLOCK_C_ISDISPLAYING})
                                              ^
.\source\rte/sc_input.h:166:21: note: in expansion of macro 'SC_INPUT_INIT_DATA'
    signal->value  = SC_INPUT_INIT_DATA;
                     ^
arm-none-eabi-gcc.exe -mcpu=cortex-m3 -mthumb -I.\source\asw -I.\source\bsw -I.\source\bsw\tft -I.\source\bsw\tft\fonts -I.\source\rte -I. -IGenerated_Source\PSoC5 -Wa,-alh=.\CortexM3\ARM_GCC_541\Debug/sc_display_type.lst -g -D DEBUG -D CY_CORE_ID=0 -Wall -ffunction-sections -ffat-lto-objects -Og -c source\rte\sc_display_type.c -o .\CortexM3\ARM_GCC_541\Debug\sc_display_type.o
In file included from source\rte\rte.h:82:0,
                 from source\rte\sc_display_type.c:14:
source\rte\rte_types.h:46:0: warning: "GetResource" redefined
     #define GetResource(A)
 ^
In file included from Generated_Source\PSoC5/ErikaOS_ee_api.inc:73:0,
                 from Generated_Source\PSoC5/ErikaOS_ee.h:129,
                 from Generated_Source\PSoC5/project.h:22,
                 from source\rte\sc_display_type.c:12:
Generated_Source\PSoC5/ErikaOS_ee_oo_api.inc:136:0: note: this is the location of the previous definition
 #define GetResource               EE_oo_GetResource
 ^
In file included from source\rte\rte.h:82:0,
                 from source\rte\sc_display_type.c:14:
source\rte\rte_types.h:47:0: warning: "ReleaseResource" redefined
     #define ReleaseResource(A)
 ^
In file included from Generated_Source\PSoC5/ErikaOS_ee_api.inc:73:0,
                 from Generated_Source\PSoC5/ErikaOS_ee.h:129,
                 from Generated_Source\PSoC5/project.h:22,
                 from source\rte\sc_display_type.c:12:
Generated_Source\PSoC5/ErikaOS_ee_oo_api.inc:140:0: note: this is the location of the previous definition
 #define ReleaseResource           EE_oo_ReleaseResource
 ^
In file included from source\rte\sc_input.h:27:0,
                 from source\rte\sp_common.h:23,
                 from source\rte\sc_display_type.c:22:
source\rte\sc_input.h: In function 'RTE_SC_INPUT_init':
source\rte\sc_input_type.h:53:46: warning: missing braces around initializer [-Wmissing-braces]
 #define SC_INPUT_INIT_DATA ((SC_INPUT_data_t){EV_NONE, CLOCK_C_ISDISPLAYING})
                                              ^
source\rte\sc_input.h:166:21: note: in expansion of macro 'SC_INPUT_INIT_DATA'
    signal->value  = SC_INPUT_INIT_DATA;
                     ^
source\rte\sc_input_type.h:53:46: note: (near initialization for '(anonymous)')
 #define SC_INPUT_INIT_DATA ((SC_INPUT_data_t){EV_NONE, CLOCK_C_ISDISPLAYING})
                                              ^
source\rte\sc_input.h:166:21: note: in expansion of macro 'SC_INPUT_INIT_DATA'
    signal->value  = SC_INPUT_INIT_DATA;
                     ^
source\rte\sc_display_type.c: In function 'SC_DISPLAY_driverOut':
source\rte\sc_display_type.c:57:21: warning: unused variable 'blinker_count' [-Wunused-variable]
     static uint16_t blinker_count    =   0;   
                     ^
arm-none-eabi-gcc.exe -mcpu=cortex-m3 -mthumb -I.\source\asw -I.\source\bsw -I.\source\bsw\tft -I.\source\bsw\tft\fonts -I.\source\rte -I. -IGenerated_Source\PSoC5 -Wa,-alh=.\CortexM3\ARM_GCC_541\Debug/sp_common.lst -g -D DEBUG -D CY_CORE_ID=0 -Wall -ffunction-sections -ffat-lto-objects -Og -c source\rte\sp_common.c -o .\CortexM3\ARM_GCC_541\Debug\sp_common.o
In file included from source\rte\rte.h:82:0,
                 from source\rte\sp_common.c:16:
source\rte\rte_types.h:46:0: warning: "GetResource" redefined
     #define GetResource(A)
 ^
In file included from Generated_Source\PSoC5/ErikaOS_ee_api.inc:73:0,
                 from Generated_Source\PSoC5/ErikaOS_ee.h:129,
                 from Generated_Source\PSoC5/project.h:22,
                 from source\rte\sp_common.c:14:
Generated_Source\PSoC5/ErikaOS_ee_oo_api.inc:136:0: note: this is the location of the previous definition
 #define GetResource               EE_oo_GetResource
 ^
In file included from source\rte\rte.h:82:0,
                 from source\rte\sp_common.c:16:
source\rte\rte_types.h:47:0: warning: "ReleaseResource" redefined
     #define ReleaseResource(A)
 ^
In file included from Generated_Source\PSoC5/ErikaOS_ee_api.inc:73:0,
                 from Generated_Source\PSoC5/ErikaOS_ee.h:129,
                 from Generated_Source\PSoC5/project.h:22,
                 from source\rte\sp_common.c:14:
Generated_Source\PSoC5/ErikaOS_ee_oo_api.inc:140:0: note: this is the location of the previous definition
 #define ReleaseResource           EE_oo_ReleaseResource
 ^
In file included from source\rte\sc_input.h:27:0,
                 from source\rte\sp_common.h:23,
                 from source\rte\sp_common.c:18:
source\rte\sc_input.h: In function 'RTE_SC_INPUT_init':
source\rte\sc_input_type.h:53:46: warning: missing braces around initializer [-Wmissing-braces]
 #define SC_INPUT_INIT_DATA ((SC_INPUT_data_t){EV_NONE, CLOCK_C_ISDISPLAYING})
                                              ^
source\rte\sc_input.h:166:21: note: in expansion of macro 'SC_INPUT_INIT_DATA'
    signal->value  = SC_INPUT_INIT_DATA;
                     ^
source\rte\sc_input_type.h:53:46: note: (near initialization for '(anonymous)')
 #define SC_INPUT_INIT_DATA ((SC_INPUT_data_t){EV_NONE, CLOCK_C_ISDISPLAYING})
                                              ^
source\rte\sc_input.h:166:21: note: in expansion of macro 'SC_INPUT_INIT_DATA'
    signal->value  = SC_INPUT_INIT_DATA;
                     ^
source\rte\sp_common.c: At top level:
source\rte\sp_common.c:62:30: warning: initialization discards 'const' qualifier from pointer target type [-Wdiscarded-array-qualifiers]
    /* task list onUpdate */  &so_ButtonEvent_updTasks,
                              ^
In file included from source\rte\sc_input.h:27:0,
                 from source\rte\sp_common.h:23,
                 from source\rte\sp_common.c:18:
source\rte\sc_input_type.h:53:46: warning: missing braces around initializer [-Wmissing-braces]
 #define SC_INPUT_INIT_DATA ((SC_INPUT_data_t){EV_NONE, CLOCK_C_ISDISPLAYING})
                                              ^
source\rte\sp_common.c:76:25: note: in expansion of macro 'SC_INPUT_INIT_DATA'
    /* init value    */  SC_INPUT_INIT_DATA,
                         ^
source\rte\sc_input_type.h:53:46: note: (near initialization for '(anonymous)')
 #define SC_INPUT_INIT_DATA ((SC_INPUT_data_t){EV_NONE, CLOCK_C_ISDISPLAYING})
                                              ^
source\rte\sp_common.c:76:25: note: in expansion of macro 'SC_INPUT_INIT_DATA'
    /* init value    */  SC_INPUT_INIT_DATA,
                         ^
source\rte\sp_common.c:75:1: warning: missing braces around initializer [-Wmissing-braces]
 {
 ^
source\rte\sp_common.c:75:1: note: (near initialization for 'SO_BUTTONEVENT_signal')
source\rte\sp_common.c:119:1: warning: missing braces around initializer [-Wmissing-braces]
 {
 ^
source\rte\sp_common.c:119:1: note: (near initialization for 'SO_CONTROL_signal')
source\rte\sp_common.c:163:1: warning: missing braces around initializer [-Wmissing-braces]
 {
 ^
source\rte\sp_common.c:163:1: note: (near initialization for 'SO_DISPLAYTFT_signal')
arm-none-eabi-ar.exe -rs .\CortexM3\ARM_GCC_541\Debug\Lab2.a .\CortexM3\ARM_GCC_541\Debug\ErikaOS_ee_activate.o .\CortexM3\ARM_GCC_541\Debug\ErikaOS_ee_alcancel.o .\CortexM3\ARM_GCC_541\Debug\ErikaOS_ee_alget.o .\CortexM3\ARM_GCC_541\Debug\ErikaOS_ee_algetbase.o .\CortexM3\ARM_GCC_541\Debug\ErikaOS_ee_alsetabs.o .\CortexM3\ARM_GCC_541\Debug\ErikaOS_ee_alsetrel.o .\CortexM3\ARM_GCC_541\Debug\ErikaOS_ee_altick.o .\CortexM3\ARM_GCC_541\Debug\ErikaOS_ee_chaintas.o .\CortexM3\ARM_GCC_541\Debug\ErikaOS_ee_evclear.o .\CortexM3\ARM_GCC_541\Debug\ErikaOS_ee_evget.o .\CortexM3\ARM_GCC_541\Debug\ErikaOS_ee_evset.o .\CortexM3\ARM_GCC_541\Debug\ErikaOS_ee_evwait.o .\CortexM3\ARM_GCC_541\Debug\ErikaOS_ee_force_schedule.o .\CortexM3\ARM_GCC_541\Debug\ErikaOS_ee_getcountervalue.o .\CortexM3\ARM_GCC_541\Debug\ErikaOS_ee_getelapsedvalue.o .\CortexM3\ARM_GCC_541\Debug\ErikaOS_ee_gettaskid.o .\CortexM3\ARM_GCC_541\Debug\ErikaOS_ee_gettaskstate.o .\CortexM3\ARM_GCC_541\Debug\ErikaOS_ee_iparam.o .\CortexM3\ARM_GCC_541\Debug\ErikaOS_ee_irqendin.o .\CortexM3\ARM_GCC_541\Debug\ErikaOS_ee_lockres.o .\CortexM3\ARM_GCC_541\Debug\ErikaOS_ee_lookup.o .\CortexM3\ARM_GCC_541\Debug\ErikaOS_ee_rq_exchg.o .\CortexM3\ARM_GCC_541\Debug\ErikaOS_ee_rq_first.o .\CortexM3\ARM_GCC_541\Debug\ErikaOS_ee_rq_inser.o .\CortexM3\ARM_GCC_541\Debug\ErikaOS_ee_schedule.o .\CortexM3\ARM_GCC_541\Debug\ErikaOS_ee_semgetvalue.o .\CortexM3\ARM_GCC_541\Debug\ErikaOS_ee_sempost.o .\CortexM3\ARM_GCC_541\Debug\ErikaOS_ee_semtrywait.o .\CortexM3\ARM_GCC_541\Debug\ErikaOS_ee_semwait.o .\CortexM3\ARM_GCC_541\Debug\ErikaOS_ee_shtdown.o .\CortexM3\ARM_GCC_541\Debug\ErikaOS_ee_startos.o .\CortexM3\ARM_GCC_541\Debug\ErikaOS_ee_terminat.o .\CortexM3\ARM_GCC_541\Debug\ErikaOS_ee_thendin.o .\CortexM3\ARM_GCC_541\Debug\ErikaOS_ee_tnterm.o .\CortexM3\ARM_GCC_541\Debug\ErikaOS_ee_tstub.o .\CortexM3\ARM_GCC_541\Debug\ErikaOS_ee_ulockallres.o .\CortexM3\ARM_GCC_541\Debug\ErikaOS_ee_ulockres.o .\CortexM3\ARM_GCC_541\Debug\ErikaOS_cortex_mx_ee_context.o .\CortexM3\ARM_GCC_541\Debug\ErikaOS_cortex_mx_ee_system_timer.o .\CortexM3\ARM_GCC_541\Debug\ErikaOS_cortex_mx_ee_utils.o .\CortexM3\ARM_GCC_541\Debug\ErikaOS_common_ee_hal_structs.o .\CortexM3\ARM_GCC_541\Debug\ErikaOS_eecfg.o .\CortexM3\ARM_GCC_541\Debug\TFT_SPI.o .\CortexM3\ARM_GCC_541\Debug\TFT_SPI_PM.o .\CortexM3\ARM_GCC_541\Debug\TFT_SPI_INT.o .\CortexM3\ARM_GCC_541\Debug\TFT_SCL.o .\CortexM3\ARM_GCC_541\Debug\TFT_DC.o .\CortexM3\ARM_GCC_541\Debug\TFT_RES.o .\CortexM3\ARM_GCC_541\Debug\TFT_CS.o .\CortexM3\ARM_GCC_541\Debug\TFT_LED.o .\CortexM3\ARM_GCC_541\Debug\TFT_SDA.o .\CortexM3\ARM_GCC_541\Debug\TFT_BackLight.o .\CortexM3\ARM_GCC_541\Debug\TFT_BackLight_PM.o .\CortexM3\ARM_GCC_541\Debug\CLK_LED.o .\CortexM3\ARM_GCC_541\Debug\UART_LOG.o .\CortexM3\ARM_GCC_541\Debug\UART_LOG_PM.o .\CortexM3\ARM_GCC_541\Debug\UART_LOG_INT.o .\CortexM3\ARM_GCC_541\Debug\UART_LOG_BOOT.o .\CortexM3\ARM_GCC_541\Debug\KeyLeft_Button_1.o .\CortexM3\ARM_GCC_541\Debug\KeyRight_Button_2.o .\CortexM3\ARM_GCC_541\Debug\TFT_SPI_IntClock.o .\CortexM3\ARM_GCC_541\Debug\UART_LOG_IntClock.o .\CortexM3\ARM_GCC_541\Debug\CyDmac.o .\CortexM3\ARM_GCC_541\Debug\CyFlash.o .\CortexM3\ARM_GCC_541\Debug\CyLib.o .\CortexM3\ARM_GCC_541\Debug\cyPm.o .\CortexM3\ARM_GCC_541\Debug\CySpc.o .\CortexM3\ARM_GCC_541\Debug\cyutils.o .\CortexM3\ARM_GCC_541\Debug\cy_em_eeprom.o .\CortexM3\ARM_GCC_541\Debug\ErikaOS_ee_gnu_change_context_isr.o .\CortexM3\ARM_GCC_541\Debug\ErikaOS_ee_gnu_irq_stack.o .\CortexM3\ARM_GCC_541\Debug\ErikaOS_ee_gnu_multi_context.o .\CortexM3\ARM_GCC_541\Debug\ErikaOS_ee_gnu_oo.o .\CortexM3\ARM_GCC_541\Debug\CyBootAsmGnu.o
arm-none-eabi-ar.exe: creating .\CortexM3\ARM_GCC_541\Debug\Lab2.a
arm-none-eabi-gcc.exe -Wl,--start-group -o E:\Subjects\EAA\Lab\Practice\Lab2.cydsn\CortexM3\ARM_GCC_541\Debug\Lab2.elf .\CortexM3\ARM_GCC_541\Debug\main.o .\CortexM3\ARM_GCC_541\Debug\swc_control.o .\CortexM3\ARM_GCC_541\Debug\swc_display.o .\CortexM3\ARM_GCC_541\Debug\swc_input.o .\CortexM3\ARM_GCC_541\Debug\tsk_control.o .\CortexM3\ARM_GCC_541\Debug\tsk_io.o .\CortexM3\ARM_GCC_541\Debug\tsk_system.o .\CortexM3\ARM_GCC_541\Debug\statemachine.o .\CortexM3\ARM_GCC_541\Debug\clock.o .\CortexM3\ARM_GCC_541\Debug\tft.o .\CortexM3\ARM_GCC_541\Debug\logging.o .\CortexM3\ARM_GCC_541\Debug\rte.o .\CortexM3\ARM_GCC_541\Debug\sc_control.o .\CortexM3\ARM_GCC_541\Debug\sc_display.o .\CortexM3\ARM_GCC_541\Debug\sc_display_type.o .\CortexM3\ARM_GCC_541\Debug\sc_input.o .\CortexM3\ARM_GCC_541\Debug\sc_input_type.o .\CortexM3\ARM_GCC_541\Debug\sp_common.o .\CortexM3\ARM_GCC_541\Debug\cyfitter_cfg.o .\CortexM3\ARM_GCC_541\Debug\cymetadata.o .\CortexM3\ARM_GCC_541\Debug\Cm3Start.o .\CortexM3\ARM_GCC_541\Debug\Lab2.a "D:\PSoC Creator\4.4\PSoC Creator\psoc\content\cycomponentlibrary\CyComponentLibrary.cylib\CortexM3\ARM_GCC_541\Debug\CyComponentLibrary.a" -mcpu=cortex-m3 -mthumb -L Generated_Source\PSoC5 -Wl,-Map,.\CortexM3\ARM_GCC_541\Debug/Lab2.map -T Generated_Source\PSoC5\cm3gcc.ld -specs=nano.specs -Wl,--gc-sections -g -ffunction-sections -Og -ffat-lto-objects -Wl,--end-group
cyelftool.exe -C E:\Subjects\EAA\Lab\Practice\Lab2.cydsn\CortexM3\ARM_GCC_541\Debug\Lab2.elf --flash_row_size 256 --flash_size 262144 --flash_offset 0x00000000
No ELF section .cychecksum found, creating one
Application checksum calculated and stored in ELF section .cychecksum
Checksum calculated and stored in ELF section .cymeta
cyelftool.exe -S E:\Subjects\EAA\Lab\Practice\Lab2.cydsn\CortexM3\ARM_GCC_541\Debug\Lab2.elf
Flash used: 16968 of 262144 bytes (6,5 %).
SRAM used: 12081 of 65536 bytes (18,4 %). Stack: 2048 bytes. Heap: 128 bytes.
--------------- Build Succeeded: 07/10/2024 14:24:53 ---------------
