ARM GAS  C:\Users\Admin\AppData\Local\Temp\ccG4nf8o.s 			page 1


   1              		.syntax unified
   2              		.cpu cortex-m3
   3              		.fpu softvfp
   4              		.eabi_attribute 20, 1
   5              		.eabi_attribute 21, 1
   6              		.eabi_attribute 23, 3
   7              		.eabi_attribute 24, 1
   8              		.eabi_attribute 25, 1
   9              		.eabi_attribute 26, 1
  10              		.eabi_attribute 30, 1
  11              		.eabi_attribute 34, 1
  12              		.eabi_attribute 18, 4
  13              		.thumb
  14              		.syntax unified
  15              		.file	"cymetadata.c"
  16              		.text
  17              	.Ltext0:
  18              		.cfi_sections	.debug_frame
  19              		.global	cy_metadata
  20              		.global	cy_meta_flashprotect
  21              		.global	cy_meta_wonvl
  22              		.global	cy_meta_custnvl
  23              		.global	cy_meta_configecc
  24              		.section	.cyconfigecc,"a",%progbits
  25              		.align	2
  26              		.type	cy_meta_configecc, %object
  27              		.size	cy_meta_configecc, 1376
  28              	cy_meta_configecc:
  29 0000 02       		.byte	2
  30 0001 4F       		.byte	79
  31 0002 00       		.byte	0
  32 0003 40       		.byte	64
  33 0004 01       		.byte	1
  34 0005 64       		.byte	100
  35 0006 00       		.byte	0
  36 0007 40       		.byte	64
  37 0008 03       		.byte	3
  38 0009 65       		.byte	101
  39 000a 00       		.byte	0
  40 000b 40       		.byte	64
  41 000c 04       		.byte	4
  42 000d 04       		.byte	4
  43 000e 01       		.byte	1
  44 000f 40       		.byte	64
  45 0010 01       		.byte	1
  46 0011 05       		.byte	5
  47 0012 01       		.byte	1
  48 0013 40       		.byte	64
  49 0014 01       		.byte	1
  50 0015 07       		.byte	7
  51 0016 01       		.byte	1
  52 0017 40       		.byte	64
  53 0018 11       		.byte	17
  54 0019 08       		.byte	8
  55 001a 01       		.byte	1
  56 001b 40       		.byte	64
  57 001c 44       		.byte	68
ARM GAS  C:\Users\Admin\AppData\Local\Temp\ccG4nf8o.s 			page 2


  58 001d 09       		.byte	9
  59 001e 01       		.byte	1
  60 001f 40       		.byte	64
  61 0020 54       		.byte	84
  62 0021 0A       		.byte	10
  63 0022 01       		.byte	1
  64 0023 40       		.byte	64
  65 0024 32       		.byte	50
  66 0025 0B       		.byte	11
  67 0026 01       		.byte	1
  68 0027 40       		.byte	64
  69 0028 47       		.byte	71
  70 0029 18       		.byte	24
  71 002a 01       		.byte	1
  72 002b 40       		.byte	64
  73 002c 37       		.byte	55
  74 002d 19       		.byte	25
  75 002e 01       		.byte	1
  76 002f 40       		.byte	64
  77 0030 5D       		.byte	93
  78 0031 1A       		.byte	26
  79 0032 01       		.byte	1
  80 0033 40       		.byte	64
  81 0034 4B       		.byte	75
  82 0035 1B       		.byte	27
  83 0036 01       		.byte	1
  84 0037 40       		.byte	64
  85 0038 04       		.byte	4
  86 0039 42       		.byte	66
  87 003a 01       		.byte	1
  88 003b 40       		.byte	64
  89 003c 05       		.byte	5
  90 003d 43       		.byte	67
  91 003e 01       		.byte	1
  92 003f 40       		.byte	64
  93 0040 02       		.byte	2
  94 0041 44       		.byte	68
  95 0042 01       		.byte	1
  96 0043 40       		.byte	64
  97 0044 01       		.byte	1
  98 0045 45       		.byte	69
  99 0046 01       		.byte	1
 100 0047 40       		.byte	64
 101 0048 01       		.byte	1
 102 0049 46       		.byte	70
 103 004a 01       		.byte	1
 104 004b 40       		.byte	64
 105 004c 02       		.byte	2
 106 004d 47       		.byte	71
 107 004e 01       		.byte	1
 108 004f 40       		.byte	64
 109 0050 02       		.byte	2
 110 0051 4C       		.byte	76
 111 0052 01       		.byte	1
 112 0053 40       		.byte	64
 113 0054 0A       		.byte	10
 114 0055 4D       		.byte	77
ARM GAS  C:\Users\Admin\AppData\Local\Temp\ccG4nf8o.s 			page 3


 115 0056 01       		.byte	1
 116 0057 40       		.byte	64
 117 0058 04       		.byte	4
 118 0059 50       		.byte	80
 119 005a 01       		.byte	1
 120 005b 40       		.byte	64
 121 005c 01       		.byte	1
 122 005d 20       		.byte	32
 123 005e 0A       		.byte	10
 124 005f 4B       		.byte	75
 125 0060 88       		.byte	-120
 126 0061 0F       		.byte	15
 127 0062 88       		.byte	-120
 128 0063 38       		.byte	56
 129 0064 89       		.byte	-119
 130 0065 0F       		.byte	15
 131 0066 8A       		.byte	-118
 132 0067 72       		.byte	114
 133 0068 38       		.byte	56
 134 0069 08       		.byte	8
 135 006a 3E       		.byte	62
 136 006b 04       		.byte	4
 137 006c 58       		.byte	88
 138 006d 04       		.byte	4
 139 006e 5F       		.byte	95
 140 006f 01       		.byte	1
 141 0070 1B       		.byte	27
 142 0071 04       		.byte	4
 143 0072 AB       		.byte	-85
 144 0073 04       		.byte	4
 145 0074 8C       		.byte	-116
 146 0075 13       		.byte	19
 147 0076 8E       		.byte	-114
 148 0077 04       		.byte	4
 149 0078 94       		.byte	-108
 150 0079 0A       		.byte	10
 151 007a 96       		.byte	-106
 152 007b 14       		.byte	20
 153 007c 98       		.byte	-104
 154 007d 13       		.byte	19
 155 007e 9A       		.byte	-102
 156 007f 0C       		.byte	12
 157 0080 A4       		.byte	-92
 158 0081 03       		.byte	3
 159 0082 A6       		.byte	-90
 160 0083 14       		.byte	20
 161 0084 AA       		.byte	-86
 162 0085 15       		.byte	21
 163 0086 AE       		.byte	-82
 164 0087 08       		.byte	8
 165 0088 B0       		.byte	-80
 166 0089 10       		.byte	16
 167 008a B4       		.byte	-76
 168 008b 0F       		.byte	15
 169 008c BA       		.byte	-70
 170 008d 20       		.byte	32
 171 008e BE       		.byte	-66
ARM GAS  C:\Users\Admin\AppData\Local\Temp\ccG4nf8o.s 			page 4


 172 008f 01       		.byte	1
 173 0090 D8       		.byte	-40
 174 0091 04       		.byte	4
 175 0092 DC       		.byte	-36
 176 0093 01       		.byte	1
 177 0094 DF       		.byte	-33
 178 0095 01       		.byte	1
 179 0096 00       		.byte	0
 180 0097 40       		.byte	64
 181 0098 04       		.byte	4
 182 0099 86       		.byte	-122
 183 009a 05       		.byte	5
 184 009b 10       		.byte	16
 185 009c 0A       		.byte	10
 186 009d 08       		.byte	8
 187 009e 0B       		.byte	11
 188 009f 10       		.byte	16
 189 00a0 0E       		.byte	14
 190 00a1 28       		.byte	40
 191 00a2 0F       		.byte	15
 192 00a3 02       		.byte	2
 193 00a4 10       		.byte	16
 194 00a5 30       		.byte	48
 195 00a6 11       		.byte	17
 196 00a7 10       		.byte	16
 197 00a8 12       		.byte	18
 198 00a9 02       		.byte	2
 199 00aa 14       		.byte	20
 200 00ab 04       		.byte	4
 201 00ac 16       		.byte	22
 202 00ad 02       		.byte	2
 203 00ae 17       		.byte	23
 204 00af 15       		.byte	21
 205 00b0 1A       		.byte	26
 206 00b1 48       		.byte	72
 207 00b2 1C       		.byte	28
 208 00b3 04       		.byte	4
 209 00b4 1D       		.byte	29
 210 00b5 80       		.byte	-128
 211 00b6 1E       		.byte	30
 212 00b7 82       		.byte	-126
 213 00b8 24       		.byte	36
 214 00b9 0A       		.byte	10
 215 00ba 25       		.byte	37
 216 00bb 58       		.byte	88
 217 00bc 26       		.byte	38
 218 00bd 14       		.byte	20
 219 00be 27       		.byte	39
 220 00bf 20       		.byte	32
 221 00c0 2C       		.byte	44
 222 00c1 04       		.byte	4
 223 00c2 2F       		.byte	47
 224 00c3 82       		.byte	-126
 225 00c4 37       		.byte	55
 226 00c5 25       		.byte	37
 227 00c6 39       		.byte	57
 228 00c7 30       		.byte	48
ARM GAS  C:\Users\Admin\AppData\Local\Temp\ccG4nf8o.s 			page 5


 229 00c8 3C       		.byte	60
 230 00c9 08       		.byte	8
 231 00ca 3D       		.byte	61
 232 00cb A0       		.byte	-96
 233 00cc 3E       		.byte	62
 234 00cd 02       		.byte	2
 235 00ce 45       		.byte	69
 236 00cf A8       		.byte	-88
 237 00d0 4C       		.byte	76
 238 00d1 04       		.byte	4
 239 00d2 4F       		.byte	79
 240 00d3 06       		.byte	6
 241 00d4 55       		.byte	85
 242 00d5 02       		.byte	2
 243 00d6 56       		.byte	86
 244 00d7 40       		.byte	64
 245 00d8 57       		.byte	87
 246 00d9 06       		.byte	6
 247 00da 67       		.byte	103
 248 00db 80       		.byte	-128
 249 00dc 6C       		.byte	108
 250 00dd 40       		.byte	64
 251 00de 6F       		.byte	111
 252 00df 95       		.byte	-107
 253 00e0 76       		.byte	118
 254 00e1 02       		.byte	2
 255 00e2 90       		.byte	-112
 256 00e3 40       		.byte	64
 257 00e4 91       		.byte	-111
 258 00e5 80       		.byte	-128
 259 00e6 93       		.byte	-109
 260 00e7 10       		.byte	16
 261 00e8 94       		.byte	-108
 262 00e9 88       		.byte	-120
 263 00ea 95       		.byte	-107
 264 00eb 30       		.byte	48
 265 00ec 96       		.byte	-106
 266 00ed 08       		.byte	8
 267 00ee 97       		.byte	-105
 268 00ef 04       		.byte	4
 269 00f0 99       		.byte	-103
 270 00f1 10       		.byte	16
 271 00f2 9A       		.byte	-102
 272 00f3 04       		.byte	4
 273 00f4 9D       		.byte	-99
 274 00f5 80       		.byte	-128
 275 00f6 9E       		.byte	-98
 276 00f7 42       		.byte	66
 277 00f8 9F       		.byte	-97
 278 00f9 15       		.byte	21
 279 00fa A0       		.byte	-96
 280 00fb 24       		.byte	36
 281 00fc A1       		.byte	-95
 282 00fd 20       		.byte	32
 283 00fe A2       		.byte	-94
 284 00ff 02       		.byte	2
 285 0100 A5       		.byte	-91
ARM GAS  C:\Users\Admin\AppData\Local\Temp\ccG4nf8o.s 			page 6


 286 0101 02       		.byte	2
 287 0102 A6       		.byte	-90
 288 0103 45       		.byte	69
 289 0104 A7       		.byte	-89
 290 0105 0C       		.byte	12
 291 0106 B1       		.byte	-79
 292 0107 02       		.byte	2
 293 0108 B3       		.byte	-77
 294 0109 20       		.byte	32
 295 010a B7       		.byte	-73
 296 010b 08       		.byte	8
 297 010c C0       		.byte	-64
 298 010d F1       		.byte	-15
 299 010e C2       		.byte	-62
 300 010f E6       		.byte	-26
 301 0110 C4       		.byte	-60
 302 0111 F7       		.byte	-9
 303 0112 CA       		.byte	-54
 304 0113 B0       		.byte	-80
 305 0114 CC       		.byte	-52
 306 0115 E0       		.byte	-32
 307 0116 CE       		.byte	-50
 308 0117 F0       		.byte	-16
 309 0118 D0       		.byte	-48
 310 0119 70       		.byte	112
 311 011a D2       		.byte	-46
 312 011b 20       		.byte	32
 313 011c D8       		.byte	-40
 314 011d 80       		.byte	-128
 315 011e 03       		.byte	3
 316 011f 0C       		.byte	12
 317 0120 04       		.byte	4
 318 0121 DC       		.byte	-36
 319 0122 05       		.byte	5
 320 0123 2C       		.byte	44
 321 0124 06       		.byte	6
 322 0125 22       		.byte	34
 323 0126 07       		.byte	7
 324 0127 43       		.byte	67
 325 0128 09       		.byte	9
 326 0129 80       		.byte	-128
 327 012a 0B       		.byte	11
 328 012b 13       		.byte	19
 329 012c 0C       		.byte	12
 330 012d 0C       		.byte	12
 331 012e 0E       		.byte	14
 332 012f 71       		.byte	113
 333 0130 14       		.byte	20
 334 0131 10       		.byte	16
 335 0132 15       		.byte	21
 336 0133 71       		.byte	113
 337 0134 16       		.byte	22
 338 0135 AC       		.byte	-84
 339 0136 17       		.byte	23
 340 0137 06       		.byte	6
 341 0138 1A       		.byte	26
 342 0139 03       		.byte	3
ARM GAS  C:\Users\Admin\AppData\Local\Temp\ccG4nf8o.s 			page 7


 343 013a 20       		.byte	32
 344 013b 14       		.byte	20
 345 013c 24       		.byte	36
 346 013d 10       		.byte	16
 347 013e 26       		.byte	38
 348 013f 40       		.byte	64
 349 0140 2A       		.byte	42
 350 0141 20       		.byte	32
 351 0142 2B       		.byte	43
 352 0143 08       		.byte	8
 353 0144 2C       		.byte	44
 354 0145 09       		.byte	9
 355 0146 2D       		.byte	45
 356 0147 71       		.byte	113
 357 0148 2E       		.byte	46
 358 0149 D0       		.byte	-48
 359 014a 2F       		.byte	47
 360 014b 0E       		.byte	14
 361 014c 30       		.byte	48
 362 014d E0       		.byte	-32
 363 014e 31       		.byte	49
 364 014f C0       		.byte	-64
 365 0150 33       		.byte	51
 366 0151 0F       		.byte	15
 367 0152 34       		.byte	52
 368 0153 1F       		.byte	31
 369 0154 37       		.byte	55
 370 0155 30       		.byte	48
 371 0156 39       		.byte	57
 372 0157 82       		.byte	-126
 373 0158 3A       		.byte	58
 374 0159 02       		.byte	2
 375 015a 3B       		.byte	59
 376 015b 08       		.byte	8
 377 015c 3F       		.byte	63
 378 015d 40       		.byte	64
 379 015e 40       		.byte	64
 380 015f 32       		.byte	50
 381 0160 41       		.byte	65
 382 0161 04       		.byte	4
 383 0162 45       		.byte	69
 384 0163 0C       		.byte	12
 385 0164 46       		.byte	70
 386 0165 0B       		.byte	11
 387 0166 47       		.byte	71
 388 0167 0E       		.byte	14
 389 0168 48       		.byte	72
 390 0169 15       		.byte	21
 391 016a 49       		.byte	73
 392 016b FF       		.byte	-1
 393 016c 4A       		.byte	74
 394 016d FF       		.byte	-1
 395 016e 4B       		.byte	75
 396 016f FF       		.byte	-1
 397 0170 4E       		.byte	78
 398 0171 F0       		.byte	-16
 399 0172 4F       		.byte	79
ARM GAS  C:\Users\Admin\AppData\Local\Temp\ccG4nf8o.s 			page 8


 400 0173 44       		.byte	68
 401 0174 50       		.byte	80
 402 0175 0C       		.byte	12
 403 0176 54       		.byte	84
 404 0177 40       		.byte	64
 405 0178 58       		.byte	88
 406 0179 04       		.byte	4
 407 017a 59       		.byte	89
 408 017b 04       		.byte	4
 409 017c 5A       		.byte	90
 410 017d 04       		.byte	4
 411 017e 5B       		.byte	91
 412 017f 04       		.byte	4
 413 0180 5C       		.byte	92
 414 0181 11       		.byte	17
 415 0182 5D       		.byte	93
 416 0183 01       		.byte	1
 417 0184 5F       		.byte	95
 418 0185 01       		.byte	1
 419 0186 66       		.byte	102
 420 0187 C0       		.byte	-64
 421 0188 6A       		.byte	106
 422 0189 40       		.byte	64
 423 018a 6B       		.byte	107
 424 018b 02       		.byte	2
 425 018c 82       		.byte	-126
 426 018d 80       		.byte	-128
 427 018e 84       		.byte	-124
 428 018f 62       		.byte	98
 429 0190 85       		.byte	-123
 430 0191 01       		.byte	1
 431 0192 86       		.byte	-122
 432 0193 14       		.byte	20
 433 0194 88       		.byte	-120
 434 0195 42       		.byte	66
 435 0196 8A       		.byte	-118
 436 0197 08       		.byte	8
 437 0198 8C       		.byte	-116
 438 0199 8D       		.byte	-115
 439 019a 90       		.byte	-112
 440 019b 40       		.byte	64
 441 019c 98       		.byte	-104
 442 019d 11       		.byte	17
 443 019e 9A       		.byte	-102
 444 019f 22       		.byte	34
 445 01a0 9C       		.byte	-100
 446 01a1 02       		.byte	2
 447 01a2 9E       		.byte	-98
 448 01a3 0D       		.byte	13
 449 01a4 A0       		.byte	-96
 450 01a5 0D       		.byte	13
 451 01a6 A2       		.byte	-94
 452 01a7 80       		.byte	-128
 453 01a8 A4       		.byte	-92
 454 01a9 8D       		.byte	-115
 455 01aa A8       		.byte	-88
 456 01ab 8D       		.byte	-115
ARM GAS  C:\Users\Admin\AppData\Local\Temp\ccG4nf8o.s 			page 9


 457 01ac AC       		.byte	-84
 458 01ad 8D       		.byte	-115
 459 01ae B2       		.byte	-78
 460 01af 80       		.byte	-128
 461 01b0 B4       		.byte	-76
 462 01b1 70       		.byte	112
 463 01b2 B5       		.byte	-75
 464 01b3 01       		.byte	1
 465 01b4 B6       		.byte	-74
 466 01b5 0F       		.byte	15
 467 01b6 BA       		.byte	-70
 468 01b7 A0       		.byte	-96
 469 01b8 BE       		.byte	-66
 470 01b9 04       		.byte	4
 471 01ba BF       		.byte	-65
 472 01bb 10       		.byte	16
 473 01bc D4       		.byte	-44
 474 01bd 09       		.byte	9
 475 01be D8       		.byte	-40
 476 01bf 04       		.byte	4
 477 01c0 D9       		.byte	-39
 478 01c1 04       		.byte	4
 479 01c2 DB       		.byte	-37
 480 01c3 04       		.byte	4
 481 01c4 DF       		.byte	-33
 482 01c5 01       		.byte	1
 483 01c6 00       		.byte	0
 484 01c7 40       		.byte	64
 485 01c8 01       		.byte	1
 486 01c9 04       		.byte	4
 487 01ca 04       		.byte	4
 488 01cb 88       		.byte	-120
 489 01cc 05       		.byte	5
 490 01cd 10       		.byte	16
 491 01ce 06       		.byte	6
 492 01cf 40       		.byte	64
 493 01d0 09       		.byte	9
 494 01d1 08       		.byte	8
 495 01d2 0A       		.byte	10
 496 01d3 04       		.byte	4
 497 01d4 0D       		.byte	13
 498 01d5 02       		.byte	2
 499 01d6 0E       		.byte	14
 500 01d7 09       		.byte	9
 501 01d8 10       		.byte	16
 502 01d9 80       		.byte	-128
 503 01da 11       		.byte	17
 504 01db 10       		.byte	16
 505 01dc 12       		.byte	18
 506 01dd 12       		.byte	18
 507 01de 16       		.byte	22
 508 01df 02       		.byte	2
 509 01e0 17       		.byte	23
 510 01e1 15       		.byte	21
 511 01e2 18       		.byte	24
 512 01e3 40       		.byte	64
 513 01e4 1A       		.byte	26
ARM GAS  C:\Users\Admin\AppData\Local\Temp\ccG4nf8o.s 			page 10


 514 01e5 04       		.byte	4
 515 01e6 1B       		.byte	27
 516 01e7 01       		.byte	1
 517 01e8 1C       		.byte	28
 518 01e9 08       		.byte	8
 519 01ea 1D       		.byte	29
 520 01eb 34       		.byte	52
 521 01ec 1E       		.byte	30
 522 01ed 01       		.byte	1
 523 01ee 21       		.byte	33
 524 01ef 45       		.byte	69
 525 01f0 22       		.byte	34
 526 01f1 02       		.byte	2
 527 01f2 23       		.byte	35
 528 01f3 10       		.byte	16
 529 01f4 27       		.byte	39
 530 01f5 08       		.byte	8
 531 01f6 2A       		.byte	42
 532 01f7 10       		.byte	16
 533 01f8 2B       		.byte	43
 534 01f9 09       		.byte	9
 535 01fa 31       		.byte	49
 536 01fb 08       		.byte	8
 537 01fc 32       		.byte	50
 538 01fd 04       		.byte	4
 539 01fe 39       		.byte	57
 540 01ff 2E       		.byte	46
 541 0200 3E       		.byte	62
 542 0201 04       		.byte	4
 543 0202 40       		.byte	64
 544 0203 40       		.byte	64
 545 0204 41       		.byte	65
 546 0205 18       		.byte	24
 547 0206 48       		.byte	72
 548 0207 20       		.byte	32
 549 0208 50       		.byte	80
 550 0209 80       		.byte	-128
 551 020a 52       		.byte	82
 552 020b 04       		.byte	4
 553 020c 5E       		.byte	94
 554 020d 82       		.byte	-126
 555 020e 5F       		.byte	95
 556 020f 24       		.byte	36
 557 0210 61       		.byte	97
 558 0211 04       		.byte	4
 559 0212 62       		.byte	98
 560 0213 40       		.byte	64
 561 0214 63       		.byte	99
 562 0215 08       		.byte	8
 563 0216 65       		.byte	101
 564 0217 80       		.byte	-128
 565 0218 C0       		.byte	-64
 566 0219 F5       		.byte	-11
 567 021a C2       		.byte	-62
 568 021b D6       		.byte	-42
 569 021c C4       		.byte	-60
 570 021d FF       		.byte	-1
ARM GAS  C:\Users\Admin\AppData\Local\Temp\ccG4nf8o.s 			page 11


 571 021e CA       		.byte	-54
 572 021f 0C       		.byte	12
 573 0220 CC       		.byte	-52
 574 0221 02       		.byte	2
 575 0222 CE       		.byte	-50
 576 0223 47       		.byte	71
 577 0224 D0       		.byte	-48
 578 0225 07       		.byte	7
 579 0226 D6       		.byte	-42
 580 0227 F0       		.byte	-16
 581 0228 D8       		.byte	-40
 582 0229 1E       		.byte	30
 583 022a 04       		.byte	4
 584 022b 0E       		.byte	14
 585 022c 05       		.byte	5
 586 022d 08       		.byte	8
 587 022e 07       		.byte	7
 588 022f 03       		.byte	3
 589 0230 08       		.byte	8
 590 0231 94       		.byte	-108
 591 0232 0A       		.byte	10
 592 0233 69       		.byte	105
 593 0234 0B       		.byte	11
 594 0235 04       		.byte	4
 595 0236 14       		.byte	20
 596 0237 55       		.byte	85
 597 0238 15       		.byte	21
 598 0239 09       		.byte	9
 599 023a 16       		.byte	22
 600 023b AA       		.byte	-86
 601 023c 18       		.byte	24
 602 023d 33       		.byte	51
 603 023e 19       		.byte	25
 604 023f 08       		.byte	8
 605 0240 1A       		.byte	26
 606 0241 C4       		.byte	-60
 607 0242 1B       		.byte	27
 608 0243 03       		.byte	3
 609 0244 1C       		.byte	28
 610 0245 20       		.byte	32
 611 0246 1E       		.byte	30
 612 0247 D0       		.byte	-48
 613 0248 1F       		.byte	31
 614 0249 02       		.byte	2
 615 024a 27       		.byte	39
 616 024b 04       		.byte	4
 617 024c 31       		.byte	49
 618 024d 03       		.byte	3
 619 024e 32       		.byte	50
 620 024f 0F       		.byte	15
 621 0250 33       		.byte	51
 622 0251 04       		.byte	4
 623 0252 35       		.byte	53
 624 0253 08       		.byte	8
 625 0254 36       		.byte	54
 626 0255 F0       		.byte	-16
 627 0256 38       		.byte	56
ARM GAS  C:\Users\Admin\AppData\Local\Temp\ccG4nf8o.s 			page 12


 628 0257 08       		.byte	8
 629 0258 3A       		.byte	58
 630 0259 80       		.byte	-128
 631 025a 3F       		.byte	63
 632 025b 14       		.byte	20
 633 025c 54       		.byte	84
 634 025d 18       		.byte	24
 635 025e 58       		.byte	88
 636 025f 04       		.byte	4
 637 0260 59       		.byte	89
 638 0261 04       		.byte	4
 639 0262 5B       		.byte	91
 640 0263 04       		.byte	4
 641 0264 5D       		.byte	93
 642 0265 10       		.byte	16
 643 0266 5F       		.byte	95
 644 0267 01       		.byte	1
 645 0268 80       		.byte	-128
 646 0269 44       		.byte	68
 647 026a 82       		.byte	-126
 648 026b 20       		.byte	32
 649 026c 83       		.byte	-125
 650 026d 01       		.byte	1
 651 026e 84       		.byte	-124
 652 026f 1C       		.byte	28
 653 0270 85       		.byte	-123
 654 0271 02       		.byte	2
 655 0272 86       		.byte	-122
 656 0273 C2       		.byte	-62
 657 0274 8A       		.byte	-118
 658 0275 C3       		.byte	-61
 659 0276 8B       		.byte	-117
 660 0277 01       		.byte	1
 661 0278 8C       		.byte	-116
 662 0279 C7       		.byte	-57
 663 027a 8D       		.byte	-115
 664 027b 04       		.byte	4
 665 027c 8E       		.byte	-114
 666 027d 18       		.byte	24
 667 027e 90       		.byte	-112
 668 027f DF       		.byte	-33
 669 0280 94       		.byte	-108
 670 0281 18       		.byte	24
 671 0282 98       		.byte	-104
 672 0283 08       		.byte	8
 673 0284 9B       		.byte	-101
 674 0285 04       		.byte	4
 675 0286 9D       		.byte	-99
 676 0287 04       		.byte	4
 677 0288 9E       		.byte	-98
 678 0289 04       		.byte	4
 679 028a A0       		.byte	-96
 680 028b 10       		.byte	16
 681 028c A4       		.byte	-92
 682 028d C0       		.byte	-64
 683 028e A8       		.byte	-88
 684 028f 80       		.byte	-128
ARM GAS  C:\Users\Admin\AppData\Local\Temp\ccG4nf8o.s 			page 13


 685 0290 AC       		.byte	-84
 686 0291 DC       		.byte	-36
 687 0292 AE       		.byte	-82
 688 0293 01       		.byte	1
 689 0294 AF       		.byte	-81
 690 0295 04       		.byte	4
 691 0296 B0       		.byte	-80
 692 0297 D8       		.byte	-40
 693 0298 B1       		.byte	-79
 694 0299 04       		.byte	4
 695 029a B2       		.byte	-78
 696 029b 1F       		.byte	31
 697 029c B3       		.byte	-77
 698 029d 02       		.byte	2
 699 029e B5       		.byte	-75
 700 029f 01       		.byte	1
 701 02a0 B6       		.byte	-74
 702 02a1 20       		.byte	32
 703 02a2 B9       		.byte	-71
 704 02a3 02       		.byte	2
 705 02a4 BA       		.byte	-70
 706 02a5 0A       		.byte	10
 707 02a6 BB       		.byte	-69
 708 02a7 80       		.byte	-128
 709 02a8 BF       		.byte	-65
 710 02a9 14       		.byte	20
 711 02aa D4       		.byte	-44
 712 02ab 01       		.byte	1
 713 02ac D8       		.byte	-40
 714 02ad 04       		.byte	4
 715 02ae D9       		.byte	-39
 716 02af 04       		.byte	4
 717 02b0 DB       		.byte	-37
 718 02b1 04       		.byte	4
 719 02b2 DC       		.byte	-36
 720 02b3 11       		.byte	17
 721 02b4 DD       		.byte	-35
 722 02b5 10       		.byte	16
 723 02b6 DF       		.byte	-33
 724 02b7 01       		.byte	1
 725 02b8 00       		.byte	0
 726 02b9 42       		.byte	66
 727 02ba 01       		.byte	1
 728 02bb 28       		.byte	40
 729 02bc 05       		.byte	5
 730 02bd 14       		.byte	20
 731 02be 09       		.byte	9
 732 02bf 08       		.byte	8
 733 02c0 0A       		.byte	10
 734 02c1 85       		.byte	-123
 735 02c2 0E       		.byte	14
 736 02c3 2A       		.byte	42
 737 02c4 10       		.byte	16
 738 02c5 81       		.byte	-127
 739 02c6 11       		.byte	17
 740 02c7 08       		.byte	8
 741 02c8 12       		.byte	18
ARM GAS  C:\Users\Admin\AppData\Local\Temp\ccG4nf8o.s 			page 14


 742 02c9 08       		.byte	8
 743 02ca 18       		.byte	24
 744 02cb C0       		.byte	-64
 745 02cc 19       		.byte	25
 746 02cd 08       		.byte	8
 747 02ce 1A       		.byte	26
 748 02cf 21       		.byte	33
 749 02d0 1D       		.byte	29
 750 02d1 04       		.byte	4
 751 02d2 1E       		.byte	30
 752 02d3 02       		.byte	2
 753 02d4 1F       		.byte	31
 754 02d5 40       		.byte	64
 755 02d6 21       		.byte	33
 756 02d7 01       		.byte	1
 757 02d8 22       		.byte	34
 758 02d9 44       		.byte	68
 759 02da 23       		.byte	35
 760 02db 04       		.byte	4
 761 02dc 27       		.byte	39
 762 02dd 68       		.byte	104
 763 02de 28       		.byte	40
 764 02df 01       		.byte	1
 765 02e0 2F       		.byte	47
 766 02e1 20       		.byte	32
 767 02e2 32       		.byte	50
 768 02e3 50       		.byte	80
 769 02e4 36       		.byte	54
 770 02e5 14       		.byte	20
 771 02e6 37       		.byte	55
 772 02e7 40       		.byte	64
 773 02e8 38       		.byte	56
 774 02e9 A0       		.byte	-96
 775 02ea 39       		.byte	57
 776 02eb 06       		.byte	6
 777 02ec 3A       		.byte	58
 778 02ed 04       		.byte	4
 779 02ee 3C       		.byte	60
 780 02ef 08       		.byte	8
 781 02f0 3E       		.byte	62
 782 02f1 10       		.byte	16
 783 02f2 58       		.byte	88
 784 02f3 12       		.byte	18
 785 02f4 5A       		.byte	90
 786 02f5 48       		.byte	72
 787 02f6 5F       		.byte	95
 788 02f7 01       		.byte	1
 789 02f8 66       		.byte	102
 790 02f9 80       		.byte	-128
 791 02fa 67       		.byte	103
 792 02fb 04       		.byte	4
 793 02fc 8C       		.byte	-116
 794 02fd 04       		.byte	4
 795 02fe 90       		.byte	-112
 796 02ff 04       		.byte	4
 797 0300 91       		.byte	-111
 798 0301 80       		.byte	-128
ARM GAS  C:\Users\Admin\AppData\Local\Temp\ccG4nf8o.s 			page 15


 799 0302 92       		.byte	-110
 800 0303 40       		.byte	64
 801 0304 95       		.byte	-107
 802 0305 20       		.byte	32
 803 0306 97       		.byte	-105
 804 0307 80       		.byte	-128
 805 0308 98       		.byte	-104
 806 0309 10       		.byte	16
 807 030a 99       		.byte	-103
 808 030b 10       		.byte	16
 809 030c 9A       		.byte	-102
 810 030d 04       		.byte	4
 811 030e 9D       		.byte	-99
 812 030f 80       		.byte	-128
 813 0310 A0       		.byte	-96
 814 0311 04       		.byte	4
 815 0312 A2       		.byte	-94
 816 0313 14       		.byte	20
 817 0314 A7       		.byte	-89
 818 0315 08       		.byte	8
 819 0316 C0       		.byte	-64
 820 0317 6F       		.byte	111
 821 0318 C2       		.byte	-62
 822 0319 EF       		.byte	-17
 823 031a C4       		.byte	-60
 824 031b 0F       		.byte	15
 825 031c CA       		.byte	-54
 826 031d 48       		.byte	72
 827 031e CC       		.byte	-52
 828 031f 7C       		.byte	124
 829 0320 CE       		.byte	-50
 830 0321 6F       		.byte	111
 831 0322 D6       		.byte	-42
 832 0323 8F       		.byte	-113
 833 0324 D8       		.byte	-40
 834 0325 30       		.byte	48
 835 0326 00       		.byte	0
 836 0327 0C       		.byte	12
 837 0328 02       		.byte	2
 838 0329 12       		.byte	18
 839 032a 05       		.byte	5
 840 032b F8       		.byte	-8
 841 032c 06       		.byte	6
 842 032d 12       		.byte	18
 843 032e 09       		.byte	9
 844 032f F8       		.byte	-8
 845 0330 0C       		.byte	12
 846 0331 12       		.byte	18
 847 0332 0D       		.byte	13
 848 0333 07       		.byte	7
 849 0334 0E       		.byte	14
 850 0335 0C       		.byte	12
 851 0336 10       		.byte	16
 852 0337 1E       		.byte	30
 853 0338 14       		.byte	20
 854 0339 0E       		.byte	14
 855 033a 15       		.byte	21
ARM GAS  C:\Users\Admin\AppData\Local\Temp\ccG4nf8o.s 			page 16


 856 033b 94       		.byte	-108
 857 033c 16       		.byte	22
 858 033d 10       		.byte	16
 859 033e 17       		.byte	23
 860 033f 28       		.byte	40
 861 0340 18       		.byte	24
 862 0341 04       		.byte	4
 863 0342 19       		.byte	25
 864 0343 01       		.byte	1
 865 0344 1B       		.byte	27
 866 0345 06       		.byte	6
 867 0346 1C       		.byte	28
 868 0347 0C       		.byte	12
 869 0348 1D       		.byte	29
 870 0349 07       		.byte	7
 871 034a 20       		.byte	32
 872 034b 08       		.byte	8
 873 034c 21       		.byte	33
 874 034d 4A       		.byte	74
 875 034e 23       		.byte	35
 876 034f 30       		.byte	48
 877 0350 24       		.byte	36
 878 0351 01       		.byte	1
 879 0352 27       		.byte	39
 880 0353 06       		.byte	6
 881 0354 28       		.byte	40
 882 0355 01       		.byte	1
 883 0356 29       		.byte	41
 884 0357 26       		.byte	38
 885 0358 2B       		.byte	43
 886 0359 C0       		.byte	-64
 887 035a 2C       		.byte	44
 888 035b 01       		.byte	1
 889 035c 2D       		.byte	45
 890 035d 01       		.byte	1
 891 035e 2F       		.byte	47
 892 035f 06       		.byte	6
 893 0360 31       		.byte	49
 894 0361 01       		.byte	1
 895 0362 32       		.byte	50
 896 0363 0E       		.byte	14
 897 0364 33       		.byte	51
 898 0365 18       		.byte	24
 899 0366 34       		.byte	52
 900 0367 01       		.byte	1
 901 0368 35       		.byte	53
 902 0369 E0       		.byte	-32
 903 036a 36       		.byte	54
 904 036b 1C       		.byte	28
 905 036c 37       		.byte	55
 906 036d 06       		.byte	6
 907 036e 3A       		.byte	58
 908 036f 80       		.byte	-128
 909 0370 3F       		.byte	63
 910 0371 01       		.byte	1
 911 0372 40       		.byte	64
 912 0373 01       		.byte	1
ARM GAS  C:\Users\Admin\AppData\Local\Temp\ccG4nf8o.s 			page 17


 913 0374 47       		.byte	71
 914 0375 04       		.byte	4
 915 0376 49       		.byte	73
 916 0377 FF       		.byte	-1
 917 0378 4A       		.byte	74
 918 0379 07       		.byte	7
 919 037a 4B       		.byte	75
 920 037b FF       		.byte	-1
 921 037c 4C       		.byte	76
 922 037d 40       		.byte	64
 923 037e 4D       		.byte	77
 924 037f 20       		.byte	32
 925 0380 4E       		.byte	78
 926 0381 F0       		.byte	-16
 927 0382 4F       		.byte	79
 928 0383 05       		.byte	5
 929 0384 50       		.byte	80
 930 0385 08       		.byte	8
 931 0386 56       		.byte	86
 932 0387 02       		.byte	2
 933 0388 57       		.byte	87
 934 0389 13       		.byte	19
 935 038a 58       		.byte	88
 936 038b 04       		.byte	4
 937 038c 59       		.byte	89
 938 038d 04       		.byte	4
 939 038e 5A       		.byte	90
 940 038f 04       		.byte	4
 941 0390 5B       		.byte	91
 942 0391 04       		.byte	4
 943 0392 5C       		.byte	92
 944 0393 11       		.byte	17
 945 0394 5D       		.byte	93
 946 0395 11       		.byte	17
 947 0396 5F       		.byte	95
 948 0397 01       		.byte	1
 949 0398 60       		.byte	96
 950 0399 40       		.byte	64
 951 039a 61       		.byte	97
 952 039b A8       		.byte	-88
 953 039c 62       		.byte	98
 954 039d 40       		.byte	64
 955 039e 63       		.byte	99
 956 039f 20       		.byte	32
 957 03a0 83       		.byte	-125
 958 03a1 02       		.byte	2
 959 03a2 87       		.byte	-121
 960 03a3 01       		.byte	1
 961 03a4 97       		.byte	-105
 962 03a5 02       		.byte	2
 963 03a6 B1       		.byte	-79
 964 03a7 03       		.byte	3
 965 03a8 BF       		.byte	-65
 966 03a9 01       		.byte	1
 967 03aa C0       		.byte	-64
 968 03ab 56       		.byte	86
 969 03ac C1       		.byte	-63
ARM GAS  C:\Users\Admin\AppData\Local\Temp\ccG4nf8o.s 			page 18


 970 03ad 04       		.byte	4
 971 03ae C2       		.byte	-62
 972 03af 03       		.byte	3
 973 03b0 C4       		.byte	-60
 974 03b1 01       		.byte	1
 975 03b2 C5       		.byte	-59
 976 03b3 0E       		.byte	14
 977 03b4 C6       		.byte	-58
 978 03b5 C0       		.byte	-64
 979 03b6 C8       		.byte	-56
 980 03b7 09       		.byte	9
 981 03b8 C9       		.byte	-55
 982 03b9 FF       		.byte	-1
 983 03ba CA       		.byte	-54
 984 03bb FF       		.byte	-1
 985 03bc CB       		.byte	-53
 986 03bd FF       		.byte	-1
 987 03be CC       		.byte	-52
 988 03bf 62       		.byte	98
 989 03c0 CD       		.byte	-51
 990 03c1 A0       		.byte	-96
 991 03c2 CE       		.byte	-50
 992 03c3 F0       		.byte	-16
 993 03c4 CF       		.byte	-49
 994 03c5 41       		.byte	65
 995 03c6 D0       		.byte	-48
 996 03c7 0C       		.byte	12
 997 03c8 D9       		.byte	-39
 998 03c9 04       		.byte	4
 999 03ca DA       		.byte	-38
 1000 03cb 04       		.byte	4
 1001 03cc DD       		.byte	-35
 1002 03cd 01       		.byte	1
 1003 03ce DF       		.byte	-33
 1004 03cf 01       		.byte	1
 1005 03d0 E6       		.byte	-26
 1006 03d1 40       		.byte	64
 1007 03d2 E7       		.byte	-25
 1008 03d3 02       		.byte	2
 1009 03d4 E9       		.byte	-23
 1010 03d5 10       		.byte	16
 1011 03d6 EA       		.byte	-22
 1012 03d7 30       		.byte	48
 1013 03d8 EB       		.byte	-21
 1014 03d9 10       		.byte	16
 1015 03da ED       		.byte	-19
 1016 03db 10       		.byte	16
 1017 03dc EE       		.byte	-18
 1018 03dd 10       		.byte	16
 1019 03de EF       		.byte	-17
 1020 03df 12       		.byte	18
 1021 03e0 00       		.byte	0
 1022 03e1 44       		.byte	68
 1023 03e2 03       		.byte	3
 1024 03e3 80       		.byte	-128
 1025 03e4 08       		.byte	8
 1026 03e5 80       		.byte	-128
ARM GAS  C:\Users\Admin\AppData\Local\Temp\ccG4nf8o.s 			page 19


 1027 03e6 0A       		.byte	10
 1028 03e7 A4       		.byte	-92
 1029 03e8 10       		.byte	16
 1030 03e9 80       		.byte	-128
 1031 03ea 11       		.byte	17
 1032 03eb 54       		.byte	84
 1033 03ec 18       		.byte	24
 1034 03ed 04       		.byte	4
 1035 03ee 19       		.byte	25
 1036 03ef 60       		.byte	96
 1037 03f0 1A       		.byte	26
 1038 03f1 18       		.byte	24
 1039 03f2 1B       		.byte	27
 1040 03f3 90       		.byte	-112
 1041 03f4 22       		.byte	34
 1042 03f5 09       		.byte	9
 1043 03f6 23       		.byte	35
 1044 03f7 05       		.byte	5
 1045 03f8 27       		.byte	39
 1046 03f9 80       		.byte	-128
 1047 03fa 28       		.byte	40
 1048 03fb 01       		.byte	1
 1049 03fc 29       		.byte	41
 1050 03fd 40       		.byte	64
 1051 03fe 2A       		.byte	42
 1052 03ff 02       		.byte	2
 1053 0400 2B       		.byte	43
 1054 0401 14       		.byte	20
 1055 0402 30       		.byte	48
 1056 0403 40       		.byte	64
 1057 0404 32       		.byte	50
 1058 0405 58       		.byte	88
 1059 0406 36       		.byte	54
 1060 0407 08       		.byte	8
 1061 0408 38       		.byte	56
 1062 0409 C0       		.byte	-64
 1063 040a 39       		.byte	57
 1064 040b 14       		.byte	20
 1065 040c 3B       		.byte	59
 1066 040d 40       		.byte	64
 1067 040e 3D       		.byte	61
 1068 040f 08       		.byte	8
 1069 0410 3E       		.byte	62
 1070 0411 32       		.byte	50
 1071 0412 3F       		.byte	63
 1072 0413 0C       		.byte	12
 1073 0414 41       		.byte	65
 1074 0415 40       		.byte	64
 1075 0416 44       		.byte	68
 1076 0417 40       		.byte	64
 1077 0418 46       		.byte	70
 1078 0419 20       		.byte	32
 1079 041a 47       		.byte	71
 1080 041b 80       		.byte	-128
 1081 041c 4C       		.byte	76
 1082 041d 10       		.byte	16
 1083 041e 4E       		.byte	78
ARM GAS  C:\Users\Admin\AppData\Local\Temp\ccG4nf8o.s 			page 20


 1084 041f 04       		.byte	4
 1085 0420 4F       		.byte	79
 1086 0421 40       		.byte	64
 1087 0422 51       		.byte	81
 1088 0423 10       		.byte	16
 1089 0424 53       		.byte	83
 1090 0425 08       		.byte	8
 1091 0426 57       		.byte	87
 1092 0427 20       		.byte	32
 1093 0428 5A       		.byte	90
 1094 0429 02       		.byte	2
 1095 042a 69       		.byte	105
 1096 042b 54       		.byte	84
 1097 042c 70       		.byte	112
 1098 042d 84       		.byte	-124
 1099 042e 71       		.byte	113
 1100 042f 08       		.byte	8
 1101 0430 72       		.byte	114
 1102 0431 04       		.byte	4
 1103 0432 83       		.byte	-125
 1104 0433 40       		.byte	64
 1105 0434 88       		.byte	-120
 1106 0435 01       		.byte	1
 1107 0436 8A       		.byte	-118
 1108 0437 02       		.byte	2
 1109 0438 8C       		.byte	-116
 1110 0439 84       		.byte	-124
 1111 043a 90       		.byte	-112
 1112 043b 80       		.byte	-128
 1113 043c 91       		.byte	-111
 1114 043d 80       		.byte	-128
 1115 043e 92       		.byte	-110
 1116 043f A0       		.byte	-96
 1117 0440 94       		.byte	-108
 1118 0441 20       		.byte	32
 1119 0442 95       		.byte	-107
 1120 0443 20       		.byte	32
 1121 0444 96       		.byte	-106
 1122 0445 14       		.byte	20
 1123 0446 97       		.byte	-105
 1124 0447 01       		.byte	1
 1125 0448 9B       		.byte	-101
 1126 0449 40       		.byte	64
 1127 044a 9C       		.byte	-100
 1128 044b 01       		.byte	1
 1129 044c 9D       		.byte	-99
 1130 044d 20       		.byte	32
 1131 044e A4       		.byte	-92
 1132 044f 81       		.byte	-127
 1133 0450 A5       		.byte	-91
 1134 0451 0C       		.byte	12
 1135 0452 A6       		.byte	-90
 1136 0453 08       		.byte	8
 1137 0454 A7       		.byte	-89
 1138 0455 28       		.byte	40
 1139 0456 AC       		.byte	-84
 1140 0457 02       		.byte	2
ARM GAS  C:\Users\Admin\AppData\Local\Temp\ccG4nf8o.s 			page 21


 1141 0458 AD       		.byte	-83
 1142 0459 04       		.byte	4
 1143 045a B1       		.byte	-79
 1144 045b 80       		.byte	-128
 1145 045c B3       		.byte	-77
 1146 045d 08       		.byte	8
 1147 045e B6       		.byte	-74
 1148 045f 80       		.byte	-128
 1149 0460 B7       		.byte	-73
 1150 0461 20       		.byte	32
 1151 0462 C0       		.byte	-64
 1152 0463 0D       		.byte	13
 1153 0464 C2       		.byte	-62
 1154 0465 0F       		.byte	15
 1155 0466 C4       		.byte	-60
 1156 0467 0F       		.byte	15
 1157 0468 CA       		.byte	-54
 1158 0469 0F       		.byte	15
 1159 046a CC       		.byte	-52
 1160 046b 4E       		.byte	78
 1161 046c CE       		.byte	-50
 1162 046d CE       		.byte	-50
 1163 046e D0       		.byte	-48
 1164 046f D8       		.byte	-40
 1165 0470 D2       		.byte	-46
 1166 0471 30       		.byte	48
 1167 0472 D6       		.byte	-42
 1168 0473 01       		.byte	1
 1169 0474 E4       		.byte	-28
 1170 0475 01       		.byte	1
 1171 0476 53       		.byte	83
 1172 0477 08       		.byte	8
 1173 0478 62       		.byte	98
 1174 0479 80       		.byte	-128
 1175 047a D4       		.byte	-44
 1176 047b 20       		.byte	32
 1177 047c D6       		.byte	-42
 1178 047d 40       		.byte	64
 1179 047e 1B       		.byte	27
 1180 047f 08       		.byte	8
 1181 0480 A7       		.byte	-89
 1182 0481 08       		.byte	8
 1183 0482 AA       		.byte	-86
 1184 0483 80       		.byte	-128
 1185 0484 C6       		.byte	-58
 1186 0485 10       		.byte	16
 1187 0486 EE       		.byte	-18
 1188 0487 20       		.byte	32
 1189 0488 7B       		.byte	123
 1190 0489 02       		.byte	2
 1191 048a DC       		.byte	-36
 1192 048b 01       		.byte	1
 1193 048c A7       		.byte	-89
 1194 048d 02       		.byte	2
 1195 048e A7       		.byte	-89
 1196 048f 02       		.byte	2
 1197 0490 B7       		.byte	-73
ARM GAS  C:\Users\Admin\AppData\Local\Temp\ccG4nf8o.s 			page 22


 1198 0491 02       		.byte	2
 1199 0492 EC       		.byte	-20
 1200 0493 02       		.byte	2
 1201 0494 8E       		.byte	-114
 1202 0495 20       		.byte	32
 1203 0496 E4       		.byte	-28
 1204 0497 02       		.byte	2
 1205 0498 10       		.byte	16
 1206 0499 40       		.byte	64
 1207 049a 72       		.byte	114
 1208 049b 20       		.byte	32
 1209 049c 7C       		.byte	124
 1210 049d 80       		.byte	-128
 1211 049e 80       		.byte	-128
 1212 049f 80       		.byte	-128
 1213 04a0 88       		.byte	-120
 1214 04a1 40       		.byte	64
 1215 04a2 9A       		.byte	-102
 1216 04a3 20       		.byte	32
 1217 04a4 C4       		.byte	-60
 1218 04a5 08       		.byte	8
 1219 04a6 DC       		.byte	-36
 1220 04a7 01       		.byte	1
 1221 04a8 DE       		.byte	-34
 1222 04a9 04       		.byte	4
 1223 04aa E2       		.byte	-30
 1224 04ab 01       		.byte	1
 1225 04ac 00       		.byte	0
 1226 04ad 03       		.byte	3
 1227 04ae 0C       		.byte	12
 1228 04af 03       		.byte	3
 1229 04b0 10       		.byte	16
 1230 04b1 03       		.byte	3
 1231 04b2 1C       		.byte	28
 1232 04b3 03       		.byte	3
 1233 04b4 10       		.byte	16
 1234 04b5 34       		.byte	52
 1235 04b6 00       		.byte	0
 1236 04b7 00       		.byte	0
 1237 04b8 40       		.byte	64
 1238 04b9 00       		.byte	0
 1239 04ba 00       		.byte	0
 1240 04bb 00       		.byte	0
 1241 04bc 04       		.byte	4
 1242 04bd 9A       		.byte	-102
 1243 04be 00       		.byte	0
 1244 04bf 00       		.byte	0
 1245 04c0 01       		.byte	1
 1246 04c1 FC       		.byte	-4
 1247 04c2 00       		.byte	0
 1248 04c3 03       		.byte	3
 1249 04c4 56       		.byte	86
 1250 04c5 21       		.byte	33
 1251 04c6 09       		.byte	9
 1252 04c7 D8       		.byte	-40
 1253 04c8 84       		.byte	-124
 1254 04c9 38       		.byte	56
ARM GAS  C:\Users\Admin\AppData\Local\Temp\ccG4nf8o.s 			page 23


 1255 04ca 00       		.byte	0
 1256 04cb C0       		.byte	-64
 1257 04cc 00       		.byte	0
 1258 04cd 98       		.byte	-104
 1259 04ce 00       		.byte	0
 1260 04cf 02       		.byte	2
 1261 04d0 0A       		.byte	10
 1262 04d1 02       		.byte	2
 1263 04d2 10       		.byte	16
 1264 04d3 98       		.byte	-104
 1265 04d4 07       		.byte	7
 1266 04d5 13       		.byte	19
 1267 04d6 38       		.byte	56
 1268 04d7 64       		.byte	100
 1269 04d8 60       		.byte	96
 1270 04d9 00       		.byte	0
 1271 04da 00       		.byte	0
 1272 04db 00       		.byte	0
 1273 04dc 04       		.byte	4
 1274 04dd 9A       		.byte	-102
 1275 04de 80       		.byte	-128
 1276 04df 00       		.byte	0
 1277 04e0 80       		.byte	-128
 1278 04e1 00       		.byte	0
 1279 04e2 04       		.byte	4
 1280 04e3 00       		.byte	0
 1281 04e4 84       		.byte	-124
 1282 04e5 98       		.byte	-104
 1283 04e6 00       		.byte	0
 1284 04e7 02       		.byte	2
 1285 04e8 84       		.byte	-124
 1286 04e9 02       		.byte	2
 1287 04ea 00       		.byte	0
 1288 04eb 00       		.byte	0
 1289 04ec 08       		.byte	8
 1290 04ed 00       		.byte	0
 1291 04ee 00       		.byte	0
 1292 04ef 13       		.byte	19
 1293 04f0 7F       		.byte	127
 1294 04f1 0F       		.byte	15
 1295 04f2 80       		.byte	-128
 1296 04f3 E0       		.byte	-32
 1297 04f4 20       		.byte	32
 1298 04f5 00       		.byte	0
 1299 04f6 00       		.byte	0
 1300 04f7 A0       		.byte	-96
 1301 04f8 00       		.byte	0
 1302 04f9 00       		.byte	0
 1303 04fa 41       		.byte	65
 1304 04fb 00       		.byte	0
 1305 04fc 62       		.byte	98
 1306 04fd 03       		.byte	3
 1307 04fe 10       		.byte	16
 1308 04ff 00       		.byte	0
 1309 0500 00       		.byte	0
 1310 0501 BE       		.byte	-66
 1311 0502 0D       		.byte	13
ARM GAS  C:\Users\Admin\AppData\Local\Temp\ccG4nf8o.s 			page 24


 1312 0503 CF       		.byte	-49
 1313 0504 37       		.byte	55
 1314 0505 FF       		.byte	-1
 1315 0506 FF       		.byte	-1
 1316 0507 FF       		.byte	-1
 1317 0508 22       		.byte	34
 1318 0509 00       		.byte	0
 1319 050a F0       		.byte	-16
 1320 050b 08       		.byte	8
 1321 050c 04       		.byte	4
 1322 050d 00       		.byte	0
 1323 050e 00       		.byte	0
 1324 050f 00       		.byte	0
 1325 0510 00       		.byte	0
 1326 0511 00       		.byte	0
 1327 0512 02       		.byte	2
 1328 0513 2C       		.byte	44
 1329 0514 04       		.byte	4
 1330 0515 04       		.byte	4
 1331 0516 04       		.byte	4
 1332 0517 04       		.byte	4
 1333 0518 00       		.byte	0
 1334 0519 00       		.byte	0
 1335 051a 00       		.byte	0
 1336 051b 01       		.byte	1
 1337 051c 00       		.byte	0
 1338 051d 00       		.byte	0
 1339 051e C0       		.byte	-64
 1340 051f 00       		.byte	0
 1341 0520 40       		.byte	64
 1342 0521 01       		.byte	1
 1343 0522 10       		.byte	16
 1344 0523 11       		.byte	17
 1345 0524 C0       		.byte	-64
 1346 0525 01       		.byte	1
 1347 0526 00       		.byte	0
 1348 0527 11       		.byte	17
 1349 0528 40       		.byte	64
 1350 0529 01       		.byte	1
 1351 052a 40       		.byte	64
 1352 052b 01       		.byte	1
 1353 052c 00       		.byte	0
 1354 052d 00       		.byte	0
 1355 052e 00       		.byte	0
 1356 052f 00       		.byte	0
 1357 0530 00       		.byte	0
 1358 0531 00       		.byte	0
 1359 0532 00       		.byte	0
 1360 0533 00       		.byte	0
 1361 0534 00       		.byte	0
 1362 0535 00       		.byte	0
 1363 0536 00       		.byte	0
 1364 0537 00       		.byte	0
 1365 0538 00       		.byte	0
 1366 0539 00       		.byte	0
 1367 053a 00       		.byte	0
 1368 053b 00       		.byte	0
ARM GAS  C:\Users\Admin\AppData\Local\Temp\ccG4nf8o.s 			page 25


 1369 053c 18       		.byte	24
 1370 053d 00       		.byte	0
 1371 053e 00       		.byte	0
 1372 053f 00       		.byte	0
 1373 0540 00       		.byte	0
 1374 0541 00       		.byte	0
 1375 0542 00       		.byte	0
 1376 0543 00       		.byte	0
 1377 0544 80       		.byte	-128
 1378 0545 00       		.byte	0
 1379 0546 40       		.byte	64
 1380 0547 BC       		.byte	-68
 1381 0548 BC       		.byte	-68
 1382 0549 00       		.byte	0
 1383 054a B4       		.byte	-76
 1384 054b 00       		.byte	0
 1385 054c 00       		.byte	0
 1386 054d 00       		.byte	0
 1387 054e 00       		.byte	0
 1388 054f 00       		.byte	0
 1389 0550 00       		.byte	0
 1390 0551 0B       		.byte	11
 1391 0552 0B       		.byte	11
 1392 0553 00       		.byte	0
 1393 0554 00       		.byte	0
 1394 0555 00       		.byte	0
 1395 0556 00       		.byte	0
 1396 0557 00       		.byte	0
 1397 0558 00       		.byte	0
 1398 0559 18       		.byte	24
 1399 055a 18       		.byte	24
 1400 055b 00       		.byte	0
 1401 055c 08       		.byte	8
 1402 055d 00       		.byte	0
 1403 055e 00       		.byte	0
 1404 055f 00       		.byte	0
 1405              		.section	.cywolatch,"a",%progbits
 1406              		.align	2
 1407              		.type	cy_meta_wonvl, %object
 1408              		.size	cy_meta_wonvl, 4
 1409              	cy_meta_wonvl:
 1410 0000 BC       		.byte	-68
 1411 0001 90       		.byte	-112
 1412 0002 AC       		.byte	-84
 1413 0003 AF       		.byte	-81
 1414              		.section	.cycustnvl,"a",%progbits
 1415              		.align	2
 1416              		.type	cy_meta_custnvl, %object
 1417              		.size	cy_meta_custnvl, 4
 1418              	cy_meta_custnvl:
 1419 0000 00       		.byte	0
 1420 0001 00       		.byte	0
 1421 0002 40       		.byte	64
 1422 0003 05       		.byte	5
 1423              		.section	.cymeta,"a",%progbits
 1424              		.align	2
 1425              		.type	cy_metadata, %object
ARM GAS  C:\Users\Admin\AppData\Local\Temp\ccG4nf8o.s 			page 26


 1426              		.size	cy_metadata, 12
 1427              	cy_metadata:
 1428 0000 00       		.byte	0
 1429 0001 01       		.byte	1
 1430 0002 2E       		.byte	46
 1431 0003 16       		.byte	22
 1432 0004 10       		.byte	16
 1433 0005 69       		.byte	105
 1434 0006 00       		.byte	0
 1435 0007 01       		.byte	1
 1436 0008 00       		.byte	0
 1437 0009 00       		.byte	0
 1438 000a 00       		.byte	0
 1439 000b 00       		.byte	0
 1440              		.section	.cyflashprotect,"a",%progbits
 1441              		.align	2
 1442              		.type	cy_meta_flashprotect, %object
 1443              		.size	cy_meta_flashprotect, 256
 1444              	cy_meta_flashprotect:
 1445 0000 00000000 		.space	256
 1445      00000000 
 1445      00000000 
 1445      00000000 
 1445      00000000 
 1446              		.text
 1447              	.Letext0:
 1448              		.file 1 "d:\\psoc creator\\4.4\\psoc creator\\import\\gnu\\arm\\5.4.1\\arm-none-eabi\\include\\mac
 1449              		.file 2 "d:\\psoc creator\\4.4\\psoc creator\\import\\gnu\\arm\\5.4.1\\arm-none-eabi\\include\\sys
 1450              		.file 3 "Generated_Source\\PSoC5\\cymetadata.c"
 1451              		.section	.debug_info,"",%progbits
 1452              	.Ldebug_info0:
 1453 0000 32010000 		.4byte	0x132
 1454 0004 0400     		.2byte	0x4
 1455 0006 00000000 		.4byte	.Ldebug_abbrev0
 1456 000a 04       		.byte	0x4
 1457 000b 01       		.uleb128 0x1
 1458 000c 4C000000 		.4byte	.LASF17
 1459 0010 0C       		.byte	0xc
 1460 0011 A6010000 		.4byte	.LASF18
 1461 0015 0A000000 		.4byte	.LASF19
 1462 0019 00000000 		.4byte	.Ldebug_line0
 1463 001d 02       		.uleb128 0x2
 1464 001e 01       		.byte	0x1
 1465 001f 06       		.byte	0x6
 1466 0020 9A010000 		.4byte	.LASF0
 1467 0024 03       		.uleb128 0x3
 1468 0025 00000000 		.4byte	.LASF9
 1469 0029 01       		.byte	0x1
 1470 002a 1D       		.byte	0x1d
 1471 002b 2F000000 		.4byte	0x2f
 1472 002f 02       		.uleb128 0x2
 1473 0030 01       		.byte	0x1
 1474 0031 08       		.byte	0x8
 1475 0032 3E000000 		.4byte	.LASF1
 1476 0036 02       		.uleb128 0x2
 1477 0037 02       		.byte	0x2
 1478 0038 05       		.byte	0x5
ARM GAS  C:\Users\Admin\AppData\Local\Temp\ccG4nf8o.s 			page 27


 1479 0039 87010000 		.4byte	.LASF2
 1480 003d 02       		.uleb128 0x2
 1481 003e 02       		.byte	0x2
 1482 003f 07       		.byte	0x7
 1483 0040 EC000000 		.4byte	.LASF3
 1484 0044 02       		.uleb128 0x2
 1485 0045 04       		.byte	0x4
 1486 0046 05       		.byte	0x5
 1487 0047 91010000 		.4byte	.LASF4
 1488 004b 02       		.uleb128 0x2
 1489 004c 04       		.byte	0x4
 1490 004d 07       		.byte	0x7
 1491 004e DA000000 		.4byte	.LASF5
 1492 0052 02       		.uleb128 0x2
 1493 0053 08       		.byte	0x8
 1494 0054 05       		.byte	0x5
 1495 0055 79010000 		.4byte	.LASF6
 1496 0059 02       		.uleb128 0x2
 1497 005a 08       		.byte	0x8
 1498 005b 07       		.byte	0x7
 1499 005c 2E010000 		.4byte	.LASF7
 1500 0060 04       		.uleb128 0x4
 1501 0061 04       		.byte	0x4
 1502 0062 05       		.byte	0x5
 1503 0063 696E7400 		.ascii	"int\000"
 1504 0067 02       		.uleb128 0x2
 1505 0068 04       		.byte	0x4
 1506 0069 07       		.byte	0x7
 1507 006a 21010000 		.4byte	.LASF8
 1508 006e 03       		.uleb128 0x3
 1509 006f 45010000 		.4byte	.LASF10
 1510 0073 02       		.byte	0x2
 1511 0074 18       		.byte	0x18
 1512 0075 24000000 		.4byte	0x24
 1513 0079 05       		.uleb128 0x5
 1514 007a 91000000 		.4byte	0x91
 1515 007e 8A000000 		.4byte	0x8a
 1516 0082 06       		.uleb128 0x6
 1517 0083 8A000000 		.4byte	0x8a
 1518 0087 5F05     		.2byte	0x55f
 1519 0089 00       		.byte	0
 1520 008a 02       		.uleb128 0x2
 1521 008b 04       		.byte	0x4
 1522 008c 07       		.byte	0x7
 1523 008d 70010000 		.4byte	.LASF11
 1524 0091 07       		.uleb128 0x7
 1525 0092 6E000000 		.4byte	0x6e
 1526 0096 08       		.uleb128 0x8
 1527 0097 0F010000 		.4byte	.LASF12
 1528 009b 03       		.byte	0x3
 1529 009c 1F       		.byte	0x1f
 1530 009d A7000000 		.4byte	0xa7
 1531 00a1 05       		.uleb128 0x5
 1532 00a2 03       		.byte	0x3
 1533 00a3 00000000 		.4byte	cy_meta_configecc
 1534 00a7 07       		.uleb128 0x7
 1535 00a8 79000000 		.4byte	0x79
ARM GAS  C:\Users\Admin\AppData\Local\Temp\ccG4nf8o.s 			page 28


 1536 00ac 05       		.uleb128 0x5
 1537 00ad 91000000 		.4byte	0x91
 1538 00b1 BC000000 		.4byte	0xbc
 1539 00b5 09       		.uleb128 0x9
 1540 00b6 8A000000 		.4byte	0x8a
 1541 00ba 03       		.byte	0x3
 1542 00bb 00       		.byte	0
 1543 00bc 08       		.uleb128 0x8
 1544 00bd FF000000 		.4byte	.LASF13
 1545 00c1 03       		.byte	0x3
 1546 00c2 D8       		.byte	0xd8
 1547 00c3 CD000000 		.4byte	0xcd
 1548 00c7 05       		.uleb128 0x5
 1549 00c8 03       		.byte	0x3
 1550 00c9 00000000 		.4byte	cy_meta_custnvl
 1551 00cd 07       		.uleb128 0x7
 1552 00ce AC000000 		.4byte	0xac
 1553 00d2 08       		.uleb128 0x8
 1554 00d3 62010000 		.4byte	.LASF14
 1555 00d7 03       		.byte	0x3
 1556 00d8 E6       		.byte	0xe6
 1557 00d9 E3000000 		.4byte	0xe3
 1558 00dd 05       		.uleb128 0x5
 1559 00de 03       		.byte	0x3
 1560 00df 00000000 		.4byte	cy_meta_wonvl
 1561 00e3 07       		.uleb128 0x7
 1562 00e4 AC000000 		.4byte	0xac
 1563 00e8 05       		.uleb128 0x5
 1564 00e9 91000000 		.4byte	0x91
 1565 00ed F8000000 		.4byte	0xf8
 1566 00f1 09       		.uleb128 0x9
 1567 00f2 8A000000 		.4byte	0x8a
 1568 00f6 FF       		.byte	0xff
 1569 00f7 00       		.byte	0
 1570 00f8 08       		.uleb128 0x8
 1571 00f9 4D010000 		.4byte	.LASF15
 1572 00fd 03       		.byte	0x3
 1573 00fe F4       		.byte	0xf4
 1574 00ff 09010000 		.4byte	0x109
 1575 0103 05       		.uleb128 0x5
 1576 0104 03       		.byte	0x3
 1577 0105 00000000 		.4byte	cy_meta_flashprotect
 1578 0109 07       		.uleb128 0x7
 1579 010a E8000000 		.4byte	0xe8
 1580 010e 05       		.uleb128 0x5
 1581 010f 91000000 		.4byte	0x91
 1582 0113 1E010000 		.4byte	0x11e
 1583 0117 09       		.uleb128 0x9
 1584 0118 8A000000 		.4byte	0x8a
 1585 011c 0B       		.byte	0xb
 1586 011d 00       		.byte	0
 1587 011e 0A       		.uleb128 0xa
 1588 011f 32000000 		.4byte	.LASF16
 1589 0123 03       		.byte	0x3
 1590 0124 2101     		.2byte	0x121
 1591 0126 30010000 		.4byte	0x130
 1592 012a 05       		.uleb128 0x5
ARM GAS  C:\Users\Admin\AppData\Local\Temp\ccG4nf8o.s 			page 29


 1593 012b 03       		.byte	0x3
 1594 012c 00000000 		.4byte	cy_metadata
 1595 0130 07       		.uleb128 0x7
 1596 0131 0E010000 		.4byte	0x10e
 1597 0135 00       		.byte	0
 1598              		.section	.debug_abbrev,"",%progbits
 1599              	.Ldebug_abbrev0:
 1600 0000 01       		.uleb128 0x1
 1601 0001 11       		.uleb128 0x11
 1602 0002 01       		.byte	0x1
 1603 0003 25       		.uleb128 0x25
 1604 0004 0E       		.uleb128 0xe
 1605 0005 13       		.uleb128 0x13
 1606 0006 0B       		.uleb128 0xb
 1607 0007 03       		.uleb128 0x3
 1608 0008 0E       		.uleb128 0xe
 1609 0009 1B       		.uleb128 0x1b
 1610 000a 0E       		.uleb128 0xe
 1611 000b 10       		.uleb128 0x10
 1612 000c 17       		.uleb128 0x17
 1613 000d 00       		.byte	0
 1614 000e 00       		.byte	0
 1615 000f 02       		.uleb128 0x2
 1616 0010 24       		.uleb128 0x24
 1617 0011 00       		.byte	0
 1618 0012 0B       		.uleb128 0xb
 1619 0013 0B       		.uleb128 0xb
 1620 0014 3E       		.uleb128 0x3e
 1621 0015 0B       		.uleb128 0xb
 1622 0016 03       		.uleb128 0x3
 1623 0017 0E       		.uleb128 0xe
 1624 0018 00       		.byte	0
 1625 0019 00       		.byte	0
 1626 001a 03       		.uleb128 0x3
 1627 001b 16       		.uleb128 0x16
 1628 001c 00       		.byte	0
 1629 001d 03       		.uleb128 0x3
 1630 001e 0E       		.uleb128 0xe
 1631 001f 3A       		.uleb128 0x3a
 1632 0020 0B       		.uleb128 0xb
 1633 0021 3B       		.uleb128 0x3b
 1634 0022 0B       		.uleb128 0xb
 1635 0023 49       		.uleb128 0x49
 1636 0024 13       		.uleb128 0x13
 1637 0025 00       		.byte	0
 1638 0026 00       		.byte	0
 1639 0027 04       		.uleb128 0x4
 1640 0028 24       		.uleb128 0x24
 1641 0029 00       		.byte	0
 1642 002a 0B       		.uleb128 0xb
 1643 002b 0B       		.uleb128 0xb
 1644 002c 3E       		.uleb128 0x3e
 1645 002d 0B       		.uleb128 0xb
 1646 002e 03       		.uleb128 0x3
 1647 002f 08       		.uleb128 0x8
 1648 0030 00       		.byte	0
 1649 0031 00       		.byte	0
ARM GAS  C:\Users\Admin\AppData\Local\Temp\ccG4nf8o.s 			page 30


 1650 0032 05       		.uleb128 0x5
 1651 0033 01       		.uleb128 0x1
 1652 0034 01       		.byte	0x1
 1653 0035 49       		.uleb128 0x49
 1654 0036 13       		.uleb128 0x13
 1655 0037 01       		.uleb128 0x1
 1656 0038 13       		.uleb128 0x13
 1657 0039 00       		.byte	0
 1658 003a 00       		.byte	0
 1659 003b 06       		.uleb128 0x6
 1660 003c 21       		.uleb128 0x21
 1661 003d 00       		.byte	0
 1662 003e 49       		.uleb128 0x49
 1663 003f 13       		.uleb128 0x13
 1664 0040 2F       		.uleb128 0x2f
 1665 0041 05       		.uleb128 0x5
 1666 0042 00       		.byte	0
 1667 0043 00       		.byte	0
 1668 0044 07       		.uleb128 0x7
 1669 0045 26       		.uleb128 0x26
 1670 0046 00       		.byte	0
 1671 0047 49       		.uleb128 0x49
 1672 0048 13       		.uleb128 0x13
 1673 0049 00       		.byte	0
 1674 004a 00       		.byte	0
 1675 004b 08       		.uleb128 0x8
 1676 004c 34       		.uleb128 0x34
 1677 004d 00       		.byte	0
 1678 004e 03       		.uleb128 0x3
 1679 004f 0E       		.uleb128 0xe
 1680 0050 3A       		.uleb128 0x3a
 1681 0051 0B       		.uleb128 0xb
 1682 0052 3B       		.uleb128 0x3b
 1683 0053 0B       		.uleb128 0xb
 1684 0054 49       		.uleb128 0x49
 1685 0055 13       		.uleb128 0x13
 1686 0056 3F       		.uleb128 0x3f
 1687 0057 19       		.uleb128 0x19
 1688 0058 02       		.uleb128 0x2
 1689 0059 18       		.uleb128 0x18
 1690 005a 00       		.byte	0
 1691 005b 00       		.byte	0
 1692 005c 09       		.uleb128 0x9
 1693 005d 21       		.uleb128 0x21
 1694 005e 00       		.byte	0
 1695 005f 49       		.uleb128 0x49
 1696 0060 13       		.uleb128 0x13
 1697 0061 2F       		.uleb128 0x2f
 1698 0062 0B       		.uleb128 0xb
 1699 0063 00       		.byte	0
 1700 0064 00       		.byte	0
 1701 0065 0A       		.uleb128 0xa
 1702 0066 34       		.uleb128 0x34
 1703 0067 00       		.byte	0
 1704 0068 03       		.uleb128 0x3
 1705 0069 0E       		.uleb128 0xe
 1706 006a 3A       		.uleb128 0x3a
ARM GAS  C:\Users\Admin\AppData\Local\Temp\ccG4nf8o.s 			page 31


 1707 006b 0B       		.uleb128 0xb
 1708 006c 3B       		.uleb128 0x3b
 1709 006d 05       		.uleb128 0x5
 1710 006e 49       		.uleb128 0x49
 1711 006f 13       		.uleb128 0x13
 1712 0070 3F       		.uleb128 0x3f
 1713 0071 19       		.uleb128 0x19
 1714 0072 02       		.uleb128 0x2
 1715 0073 18       		.uleb128 0x18
 1716 0074 00       		.byte	0
 1717 0075 00       		.byte	0
 1718 0076 00       		.byte	0
 1719              		.section	.debug_aranges,"",%progbits
 1720 0000 14000000 		.4byte	0x14
 1721 0004 0200     		.2byte	0x2
 1722 0006 00000000 		.4byte	.Ldebug_info0
 1723 000a 04       		.byte	0x4
 1724 000b 00       		.byte	0
 1725 000c 0000     		.2byte	0
 1726 000e 0000     		.2byte	0
 1727 0010 00000000 		.4byte	0
 1728 0014 00000000 		.4byte	0
 1729              		.section	.debug_line,"",%progbits
 1730              	.Ldebug_line0:
 1731 0000 05010000 		.section	.debug_str,"MS",%progbits,1
 1731      0200FF00 
 1731      00000201 
 1731      FB0E0D00 
 1731      01010101 
 1732              	.LASF9:
 1733 0000 5F5F7569 		.ascii	"__uint8_t\000"
 1733      6E74385F 
 1733      7400
 1734              	.LASF19:
 1735 000a 453A5C53 		.ascii	"E:\\Subjects\\EAA\\Lab\\Practice\\Lab2.cydsn\000"
 1735      75626A65 
 1735      6374735C 
 1735      4541415C 
 1735      4C61625C 
 1736              	.LASF16:
 1737 0032 63795F6D 		.ascii	"cy_metadata\000"
 1737      65746164 
 1737      61746100 
 1738              	.LASF1:
 1739 003e 756E7369 		.ascii	"unsigned char\000"
 1739      676E6564 
 1739      20636861 
 1739      7200
 1740              	.LASF17:
 1741 004c 474E5520 		.ascii	"GNU C11 5.4.1 20160609 (release) [ARM/embedded-5-br"
 1741      43313120 
 1741      352E342E 
 1741      31203230 
 1741      31363036 
 1742 007f 616E6368 		.ascii	"anch revision 237715] -mcpu=cortex-m3 -mthumb -g -O"
 1742      20726576 
 1742      6973696F 
ARM GAS  C:\Users\Admin\AppData\Local\Temp\ccG4nf8o.s 			page 32


 1742      6E203233 
 1742      37373135 
 1743 00b2 67202D66 		.ascii	"g -ffunction-sections -ffat-lto-objects\000"
 1743      66756E63 
 1743      74696F6E 
 1743      2D736563 
 1743      74696F6E 
 1744              	.LASF5:
 1745 00da 6C6F6E67 		.ascii	"long unsigned int\000"
 1745      20756E73 
 1745      69676E65 
 1745      6420696E 
 1745      7400
 1746              	.LASF3:
 1747 00ec 73686F72 		.ascii	"short unsigned int\000"
 1747      7420756E 
 1747      7369676E 
 1747      65642069 
 1747      6E7400
 1748              	.LASF13:
 1749 00ff 63795F6D 		.ascii	"cy_meta_custnvl\000"
 1749      6574615F 
 1749      63757374 
 1749      6E766C00 
 1750              	.LASF12:
 1751 010f 63795F6D 		.ascii	"cy_meta_configecc\000"
 1751      6574615F 
 1751      636F6E66 
 1751      69676563 
 1751      6300
 1752              	.LASF8:
 1753 0121 756E7369 		.ascii	"unsigned int\000"
 1753      676E6564 
 1753      20696E74 
 1753      00
 1754              	.LASF7:
 1755 012e 6C6F6E67 		.ascii	"long long unsigned int\000"
 1755      206C6F6E 
 1755      6720756E 
 1755      7369676E 
 1755      65642069 
 1756              	.LASF10:
 1757 0145 75696E74 		.ascii	"uint8_t\000"
 1757      385F7400 
 1758              	.LASF15:
 1759 014d 63795F6D 		.ascii	"cy_meta_flashprotect\000"
 1759      6574615F 
 1759      666C6173 
 1759      6870726F 
 1759      74656374 
 1760              	.LASF14:
 1761 0162 63795F6D 		.ascii	"cy_meta_wonvl\000"
 1761      6574615F 
 1761      776F6E76 
 1761      6C00
 1762              	.LASF11:
 1763 0170 73697A65 		.ascii	"sizetype\000"
ARM GAS  C:\Users\Admin\AppData\Local\Temp\ccG4nf8o.s 			page 33


 1763      74797065 
 1763      00
 1764              	.LASF6:
 1765 0179 6C6F6E67 		.ascii	"long long int\000"
 1765      206C6F6E 
 1765      6720696E 
 1765      7400
 1766              	.LASF2:
 1767 0187 73686F72 		.ascii	"short int\000"
 1767      7420696E 
 1767      7400
 1768              	.LASF4:
 1769 0191 6C6F6E67 		.ascii	"long int\000"
 1769      20696E74 
 1769      00
 1770              	.LASF0:
 1771 019a 7369676E 		.ascii	"signed char\000"
 1771      65642063 
 1771      68617200 
 1772              	.LASF18:
 1773 01a6 47656E65 		.ascii	"Generated_Source\\PSoC5\\cymetadata.c\000"
 1773      72617465 
 1773      645F536F 
 1773      75726365 
 1773      5C50536F 
 1774              		.ident	"GCC: (GNU Tools for ARM Embedded Processors) 5.4.1 20160609 (release) [ARM/embedded-5-bran
