ARM GAS  C:\Users\Admin\AppData\Local\Temp\ccEDEXPN.s 			page 1


   1              		.syntax unified
   2              		.cpu cortex-m3
   3              		.fpu softvfp
   4              		.eabi_attribute 20, 1
   5              		.eabi_attribute 21, 1
   6              		.eabi_attribute 23, 3
   7              		.eabi_attribute 24, 1
   8              		.eabi_attribute 25, 1
   9              		.eabi_attribute 26, 1
  10              		.eabi_attribute 30, 1
  11              		.eabi_attribute 34, 1
  12              		.eabi_attribute 18, 4
  13              		.thumb
  14              		.syntax unified
  15              		.file	"sc_display_type.c"
  16              		.text
  17              	.Ltext0:
  18              		.cfi_sections	.debug_frame
  19              		.section	.text.SC_DISPLAY_driverOut,"ax",%progbits
  20              		.align	2
  21              		.global	SC_DISPLAY_driverOut
  22              		.thumb
  23              		.thumb_func
  24              		.type	SC_DISPLAY_driverOut, %function
  25              	SC_DISPLAY_driverOut:
  26              	.LFB144:
  27              		.file 1 "source\\rte\\sc_display_type.c"
   1:source\rte/sc_display_type.c **** /*
   2:source\rte/sc_display_type.c ****  * Filename: sc_display_type.c
   3:source\rte/sc_display_type.c ****  *
   4:source\rte/sc_display_type.c ****  * Author: Autogenerated by H-DA RTE Generator, (c) Prof. Fromm
   5:source\rte/sc_display_type.c ****  *
   6:source\rte/sc_display_type.c ****  * description: Signal class for display
   7:source\rte/sc_display_type.c ****  * name: sc_Display
   8:source\rte/sc_display_type.c ****  * shortname: Display
   9:source\rte/sc_display_type.c ****  *
  10:source\rte/sc_display_type.c ****  */
  11:source\rte/sc_display_type.c **** 
  12:source\rte/sc_display_type.c **** #include "project.h"
  13:source\rte/sc_display_type.c **** #include "global.h"
  14:source\rte/sc_display_type.c **** #include "rte.h"
  15:source\rte/sc_display_type.c **** #include "rte_types.h"
  16:source\rte/sc_display_type.c **** #include "sc_display_type.h"
  17:source\rte/sc_display_type.c **** 
  18:source\rte/sc_display_type.c **** 
  19:source\rte/sc_display_type.c **** 
  20:source\rte/sc_display_type.c **** /* USER CODE START SC_DISPLAY_INCLUDE */
  21:source\rte/sc_display_type.c **** #include "stdlib.h"
  22:source\rte/sc_display_type.c **** #include "sp_common.h"
  23:source\rte/sc_display_type.c **** /* USER CODE END SC_DISPLAY_INCLUDE */
  24:source\rte/sc_display_type.c **** 
  25:source\rte/sc_display_type.c **** 
  26:source\rte/sc_display_type.c **** 
  27:source\rte/sc_display_type.c **** 
  28:source\rte/sc_display_type.c **** /* USER CODE START SC_DISPLAY_USERDEFINITIONS */
  29:source\rte/sc_display_type.c **** 
  30:source\rte/sc_display_type.c **** /* USER CODE END SC_DISPLAY_USERDEFINITIONS */
ARM GAS  C:\Users\Admin\AppData\Local\Temp\ccEDEXPN.s 			page 2


  31:source\rte/sc_display_type.c **** 
  32:source\rte/sc_display_type.c **** 
  33:source\rte/sc_display_type.c **** /*****************************************************************************************
  34:source\rte/sc_display_type.c ****  *************** Port Wrapper Implementation for SC_DISPLAY signal  ****************
  35:source\rte/sc_display_type.c ****  *****************************************************************************************/
  36:source\rte/sc_display_type.c ****  
  37:source\rte/sc_display_type.c ****  
  38:source\rte/sc_display_type.c **** /**
  39:source\rte/sc_display_type.c ****  * Default OUT driver API
  40:source\rte/sc_display_type.c ****  */
  41:source\rte/sc_display_type.c **** inline RC_t SC_DISPLAY_driverOut(const SC_DISPLAY_data_t  *const data)
  42:source\rte/sc_display_type.c **** {
  28              		.loc 1 42 0
  29              		.cfi_startproc
  30              		@ args = 0, pretend = 0, frame = 128
  31              		@ frame_needed = 0, uses_anonymous_args = 0
  32              	.LVL0:
  33 0000 2DE9F041 		push	{r4, r5, r6, r7, r8, lr}
  34              		.cfi_def_cfa_offset 24
  35              		.cfi_offset 4, -24
  36              		.cfi_offset 5, -20
  37              		.cfi_offset 6, -16
  38              		.cfi_offset 7, -12
  39              		.cfi_offset 8, -8
  40              		.cfi_offset 14, -4
  41 0004 A0B0     		sub	sp, sp, #128
  42              		.cfi_def_cfa_offset 152
  43 0006 0446     		mov	r4, r0
  43:source\rte/sc_display_type.c **** 	/* USER CODE START driverOutSC_DISPLAY */
  44:source\rte/sc_display_type.c ****        
  45:source\rte/sc_display_type.c ****     uint16_t local_hour_value    =   data->hour.value;
  44              		.loc 1 45 0
  45 0008 8579     		ldrb	r5, [r0, #6]	@ zero_extendqisi2
  46              	.LVL1:
  46:source\rte/sc_display_type.c ****             
  47:source\rte/sc_display_type.c ****     TFT_colors_t    bg_color_hour    =   data->hour.font_type.bg_colour;
  47              		.loc 1 47 0
  48 000a B0F80480 		ldrh	r8, [r0, #4]
  49              	.LVL2:
  48:source\rte/sc_display_type.c ****     TFT_colors_t    txt_color_hour   =   data->hour.font_type.widget_colour; 
  50              		.loc 1 48 0
  51 000e 4788     		ldrh	r7, [r0, #2]
  52              	.LVL3:
  49:source\rte/sc_display_type.c ****     TFT_setTextSize(3);
  53              		.loc 1 49 0
  54 0010 0320     		movs	r0, #3
  55              	.LVL4:
  56 0012 FFF7FEFF 		bl	TFT_setTextSize
  57              	.LVL5:
  50:source\rte/sc_display_type.c ****     TFT_setCursor(TFT_width()/6, TFT_height()/2);
  58              		.loc 1 50 0
  59 0016 FFF7FEFF 		bl	TFT_width
  60              	.LVL6:
  61 001a 0646     		mov	r6, r0
  62 001c FFF7FEFF 		bl	TFT_height
  63              	.LVL7:
  64 0020 00EBD070 		add	r0, r0, r0, lsr #31
ARM GAS  C:\Users\Admin\AppData\Local\Temp\ccEDEXPN.s 			page 3


  65 0024 3B4A     		ldr	r2, .L5
  66 0026 82FB0632 		smull	r3, r2, r2, r6
  67 002a A2EBE672 		sub	r2, r2, r6, asr #31
  68 002e 40F34F01 		sbfx	r1, r0, #1, #16
  69 0032 10B2     		sxth	r0, r2
  70 0034 FFF7FEFF 		bl	TFT_setCursor
  71              	.LVL8:
  51:source\rte/sc_display_type.c ****     TFT_setColors(txt_color_hour, bg_color_hour);   
  72              		.loc 1 51 0
  73 0038 4146     		mov	r1, r8
  74 003a 3846     		mov	r0, r7
  75 003c FFF7FEFF 		bl	TFT_setColors
  76              	.LVL9:
  77              	.LBB2:
  52:source\rte/sc_display_type.c ****     TFT_printf( "%d%d", (local_hour_value/10), (local_hour_value%10));
  78              		.loc 1 52 0
  79 0040 354A     		ldr	r2, .L5+4
  80 0042 A2FB0532 		umull	r3, r2, r2, r5
  81 0046 D208     		lsrs	r2, r2, #3
  82 0048 02EB8201 		add	r1, r2, r2, lsl #2
  83 004c 4B00     		lsls	r3, r1, #1
  84 004e EB1A     		subs	r3, r5, r3
  85 0050 9BB2     		uxth	r3, r3
  86 0052 3249     		ldr	r1, .L5+8
  87 0054 6846     		mov	r0, sp
  88 0056 FFF7FEFF 		bl	sprintf
  89              	.LVL10:
  90 005a 6846     		mov	r0, sp
  91 005c FFF7FEFF 		bl	TFT_print
  92              	.LVL11:
  93              	.LBE2:
  53:source\rte/sc_display_type.c ****     
  54:source\rte/sc_display_type.c ****     
  55:source\rte/sc_display_type.c ****     char blinker    =   ':';
  56:source\rte/sc_display_type.c ****     static uint8_t toggle   =   0;
  57:source\rte/sc_display_type.c ****     static uint16_t blinker_count    =   0;   
  58:source\rte/sc_display_type.c ****     if(toggle   ==  0)
  94              		.loc 1 58 0
  95 0060 2F4B     		ldr	r3, .L5+12
  96 0062 1B78     		ldrb	r3, [r3]	@ zero_extendqisi2
  97 0064 23B9     		cbnz	r3, .L2
  59:source\rte/sc_display_type.c ****     {
  60:source\rte/sc_display_type.c ****         blinker =   ':';
  61:source\rte/sc_display_type.c ****         toggle  =   1;
  98              		.loc 1 61 0
  99 0066 0122     		movs	r2, #1
 100 0068 2D4B     		ldr	r3, .L5+12
 101 006a 1A70     		strb	r2, [r3]
  60:source\rte/sc_display_type.c ****         toggle  =   1;
 102              		.loc 1 60 0
 103 006c 3A26     		movs	r6, #58
 104 006e 03E0     		b	.L3
 105              	.L2:
 106              	.LVL12:
  62:source\rte/sc_display_type.c ****     }
  63:source\rte/sc_display_type.c ****     else
  64:source\rte/sc_display_type.c ****     {
ARM GAS  C:\Users\Admin\AppData\Local\Temp\ccEDEXPN.s 			page 4


  65:source\rte/sc_display_type.c ****         blinker =   ' ';
  66:source\rte/sc_display_type.c ****         toggle  =    0;
 107              		.loc 1 66 0
 108 0070 0022     		movs	r2, #0
 109 0072 2B4B     		ldr	r3, .L5+12
 110 0074 1A70     		strb	r2, [r3]
  65:source\rte/sc_display_type.c ****         toggle  =    0;
 111              		.loc 1 65 0
 112 0076 2026     		movs	r6, #32
 113              	.LVL13:
 114              	.L3:
  67:source\rte/sc_display_type.c ****     }
  68:source\rte/sc_display_type.c ****     TFT_setTextSize(3);
 115              		.loc 1 68 0
 116 0078 0320     		movs	r0, #3
 117 007a FFF7FEFF 		bl	TFT_setTextSize
 118              	.LVL14:
  69:source\rte/sc_display_type.c ****     TFT_setCursor(TFT_width()/2,TFT_height()/2);
 119              		.loc 1 69 0
 120 007e FFF7FEFF 		bl	TFT_width
 121              	.LVL15:
 122 0082 0546     		mov	r5, r0
 123              	.LVL16:
 124 0084 FFF7FEFF 		bl	TFT_height
 125              	.LVL17:
 126 0088 00EBD070 		add	r0, r0, r0, lsr #31
 127 008c 05EBD575 		add	r5, r5, r5, lsr #31
 128 0090 40F34F01 		sbfx	r1, r0, #1, #16
 129 0094 45F34F00 		sbfx	r0, r5, #1, #16
 130 0098 FFF7FEFF 		bl	TFT_setCursor
 131              	.LVL18:
  70:source\rte/sc_display_type.c ****     TFT_setColors(WHITE, BLACK);
 132              		.loc 1 70 0
 133 009c 0021     		movs	r1, #0
 134 009e 4FF6FF70 		movw	r0, #65535
 135 00a2 FFF7FEFF 		bl	TFT_setColors
 136              	.LVL19:
 137              	.LBB3:
  71:source\rte/sc_display_type.c ****     TFT_printf( "%c", blinker);
 138              		.loc 1 71 0
 139 00a6 3246     		mov	r2, r6
 140 00a8 1E49     		ldr	r1, .L5+16
 141 00aa 6846     		mov	r0, sp
 142 00ac FFF7FEFF 		bl	sprintf
 143              	.LVL20:
 144 00b0 6846     		mov	r0, sp
 145 00b2 FFF7FEFF 		bl	TFT_print
 146              	.LVL21:
 147              	.LBE3:
  72:source\rte/sc_display_type.c ****     
  73:source\rte/sc_display_type.c ****     
  74:source\rte/sc_display_type.c ****     uint16_t local_minute_value  =   data->minute.value;
 148              		.loc 1 74 0
 149 00b6 A57B     		ldrb	r5, [r4, #14]	@ zero_extendqisi2
 150              	.LVL22:
  75:source\rte/sc_display_type.c ****     
  76:source\rte/sc_display_type.c ****     TFT_colors_t    bg_color_min    =   data->minute.font_type.bg_colour;
ARM GAS  C:\Users\Admin\AppData\Local\Temp\ccEDEXPN.s 			page 5


 151              		.loc 1 76 0
 152 00b8 A789     		ldrh	r7, [r4, #12]
 153              	.LVL23:
  77:source\rte/sc_display_type.c ****     TFT_colors_t    txt_color_min   =   data->minute.font_type.widget_colour;  
 154              		.loc 1 77 0
 155 00ba 6689     		ldrh	r6, [r4, #10]
 156              	.LVL24:
  78:source\rte/sc_display_type.c ****     TFT_setTextSize(3);
 157              		.loc 1 78 0
 158 00bc 0320     		movs	r0, #3
 159 00be FFF7FEFF 		bl	TFT_setTextSize
 160              	.LVL25:
  79:source\rte/sc_display_type.c ****     TFT_setCursor(2 * TFT_width()/3,TFT_height()/2);
 161              		.loc 1 79 0
 162 00c2 FFF7FEFF 		bl	TFT_width
 163              	.LVL26:
 164 00c6 4000     		lsls	r0, r0, #1
 165 00c8 174A     		ldr	r2, .L5+20
 166 00ca 82FB0032 		smull	r3, r2, r2, r0
 167 00ce A2EBE074 		sub	r4, r2, r0, asr #31
 168              	.LVL27:
 169 00d2 FFF7FEFF 		bl	TFT_height
 170              	.LVL28:
 171 00d6 00EBD070 		add	r0, r0, r0, lsr #31
 172 00da 40F34F01 		sbfx	r1, r0, #1, #16
 173 00de 20B2     		sxth	r0, r4
 174 00e0 FFF7FEFF 		bl	TFT_setCursor
 175              	.LVL29:
  80:source\rte/sc_display_type.c ****     TFT_setColors(txt_color_min, bg_color_min);   
 176              		.loc 1 80 0
 177 00e4 3946     		mov	r1, r7
 178 00e6 3046     		mov	r0, r6
 179 00e8 FFF7FEFF 		bl	TFT_setColors
 180              	.LVL30:
 181              	.LBB4:
  81:source\rte/sc_display_type.c ****     TFT_printf( "%d%d",(local_minute_value/10), (local_minute_value%10));
 182              		.loc 1 81 0
 183 00ec 0A4A     		ldr	r2, .L5+4
 184 00ee A2FB0532 		umull	r3, r2, r2, r5
 185 00f2 D208     		lsrs	r2, r2, #3
 186 00f4 02EB8201 		add	r1, r2, r2, lsl #2
 187 00f8 4B00     		lsls	r3, r1, #1
 188 00fa EB1A     		subs	r3, r5, r3
 189 00fc 9BB2     		uxth	r3, r3
 190 00fe 0749     		ldr	r1, .L5+8
 191 0100 6846     		mov	r0, sp
 192 0102 FFF7FEFF 		bl	sprintf
 193              	.LVL31:
 194 0106 6846     		mov	r0, sp
 195 0108 FFF7FEFF 		bl	TFT_print
 196              	.LVL32:
 197              	.LBE4:
  82:source\rte/sc_display_type.c ****     
  83:source\rte/sc_display_type.c ****     
  84:source\rte/sc_display_type.c **** 	//Scale application data to drive format
  85:source\rte/sc_display_type.c **** 
  86:source\rte/sc_display_type.c **** 	//Write scaled data to driver
ARM GAS  C:\Users\Admin\AppData\Local\Temp\ccEDEXPN.s 			page 6


  87:source\rte/sc_display_type.c **** 
  88:source\rte/sc_display_type.c **** 	return RC_SUCCESS;
  89:source\rte/sc_display_type.c **** 	/* USER CODE END driverOutSC_DISPLAY */
  90:source\rte/sc_display_type.c **** }
 198              		.loc 1 90 0
 199 010c 0020     		movs	r0, #0
 200 010e 20B0     		add	sp, sp, #128
 201              		.cfi_def_cfa_offset 24
 202              		@ sp needed
 203 0110 BDE8F081 		pop	{r4, r5, r6, r7, r8, pc}
 204              	.LVL33:
 205              	.L6:
 206              		.align	2
 207              	.L5:
 208 0114 ABAAAA2A 		.word	715827883
 209 0118 CDCCCCCC 		.word	-858993459
 210 011c 00000000 		.word	.LC0
 211 0120 00000000 		.word	.LANCHOR0
 212 0124 08000000 		.word	.LC1
 213 0128 56555555 		.word	1431655766
 214              		.cfi_endproc
 215              	.LFE144:
 216              		.size	SC_DISPLAY_driverOut, .-SC_DISPLAY_driverOut
 217              		.section	.rodata.str1.4,"aMS",%progbits,1
 218              		.align	2
 219              	.LC0:
 220 0000 25642564 		.ascii	"%d%d\000"
 220      00
 221 0005 000000   		.space	3
 222              	.LC1:
 223 0008 256300   		.ascii	"%c\000"
 224              		.bss
 225              		.set	.LANCHOR0,. + 0
 226              		.type	toggle.8064, %object
 227              		.size	toggle.8064, 1
 228              	toggle.8064:
 229 0000 00       		.space	1
 230              		.text
 231              	.Letext0:
 232              		.file 2 "d:\\psoc creator\\4.4\\psoc creator\\import\\gnu\\arm\\5.4.1\\arm-none-eabi\\include\\mac
 233              		.file 3 "d:\\psoc creator\\4.4\\psoc creator\\import\\gnu\\arm\\5.4.1\\arm-none-eabi\\include\\sys
 234              		.file 4 "Generated_Source\\PSoC5/ErikaOS_common_ee_types.inc"
 235              		.file 5 "Generated_Source\\PSoC5/ErikaOS_cortex_mx_ee_cpu.inc"
 236              		.file 6 ".\\source\\bsw/global.h"
 237              		.file 7 ".\\source\\bsw\\tft/tft.h"
 238              		.file 8 ".\\source\\asw/clock_type.h"
 239              		.file 9 "source\\rte\\sc_display_type.h"
 240              		.file 10 "Generated_Source\\PSoC5/ErikaOS_ee_oo_intfunc.inc"
 241              		.file 11 "Generated_Source\\PSoC5/ErikaOS_cortex_mx_ee_context.inc"
 242              		.file 12 "Generated_Source\\PSoC5/ErikaOS_common_ee_primitives.inc"
 243              		.file 13 "Generated_Source\\PSoC5/core_cm3.h"
 244              		.file 14 "d:\\psoc creator\\4.4\\psoc creator\\import\\gnu\\arm\\5.4.1\\arm-none-eabi\\include\\st
 245              		.section	.debug_info,"",%progbits
 246              	.Ldebug_info0:
 247 0000 0A070000 		.4byte	0x70a
 248 0004 0400     		.2byte	0x4
 249 0006 00000000 		.4byte	.Ldebug_abbrev0
ARM GAS  C:\Users\Admin\AppData\Local\Temp\ccEDEXPN.s 			page 7


 250 000a 04       		.byte	0x4
 251 000b 01       		.uleb128 0x1
 252 000c 42050000 		.4byte	.LASF110
 253 0010 0C       		.byte	0xc
 254 0011 B2020000 		.4byte	.LASF111
 255 0015 8A020000 		.4byte	.LASF112
 256 0019 00000000 		.4byte	.Ldebug_ranges0+0
 257 001d 00000000 		.4byte	0
 258 0021 00000000 		.4byte	.Ldebug_line0
 259 0025 02       		.uleb128 0x2
 260 0026 08       		.byte	0x8
 261 0027 07       		.byte	0x7
 262 0028 25030000 		.4byte	.LASF0
 263 002c 02       		.uleb128 0x2
 264 002d 04       		.byte	0x4
 265 002e 07       		.byte	0x7
 266 002f AF010000 		.4byte	.LASF1
 267 0033 03       		.uleb128 0x3
 268 0034 04       		.byte	0x4
 269 0035 05       		.byte	0x5
 270 0036 696E7400 		.ascii	"int\000"
 271 003a 02       		.uleb128 0x2
 272 003b 01       		.byte	0x1
 273 003c 06       		.byte	0x6
 274 003d 19030000 		.4byte	.LASF2
 275 0041 04       		.uleb128 0x4
 276 0042 65020000 		.4byte	.LASF5
 277 0046 02       		.byte	0x2
 278 0047 1D       		.byte	0x1d
 279 0048 4C000000 		.4byte	0x4c
 280 004c 02       		.uleb128 0x2
 281 004d 01       		.byte	0x1
 282 004e 08       		.byte	0x8
 283 004f EF020000 		.4byte	.LASF3
 284 0053 02       		.uleb128 0x2
 285 0054 02       		.byte	0x2
 286 0055 05       		.byte	0x5
 287 0056 3A000000 		.4byte	.LASF4
 288 005a 04       		.uleb128 0x4
 289 005b DC000000 		.4byte	.LASF6
 290 005f 02       		.byte	0x2
 291 0060 2B       		.byte	0x2b
 292 0061 65000000 		.4byte	0x65
 293 0065 02       		.uleb128 0x2
 294 0066 02       		.byte	0x2
 295 0067 07       		.byte	0x7
 296 0068 AD030000 		.4byte	.LASF7
 297 006c 04       		.uleb128 0x4
 298 006d 13040000 		.4byte	.LASF8
 299 0071 02       		.byte	0x2
 300 0072 3F       		.byte	0x3f
 301 0073 77000000 		.4byte	0x77
 302 0077 02       		.uleb128 0x2
 303 0078 04       		.byte	0x4
 304 0079 05       		.byte	0x5
 305 007a 37020000 		.4byte	.LASF9
 306 007e 02       		.uleb128 0x2
ARM GAS  C:\Users\Admin\AppData\Local\Temp\ccEDEXPN.s 			page 8


 307 007f 04       		.byte	0x4
 308 0080 07       		.byte	0x7
 309 0081 98040000 		.4byte	.LASF10
 310 0085 02       		.uleb128 0x2
 311 0086 08       		.byte	0x8
 312 0087 05       		.byte	0x5
 313 0088 D5010000 		.4byte	.LASF11
 314 008c 04       		.uleb128 0x4
 315 008d 1C010000 		.4byte	.LASF12
 316 0091 03       		.byte	0x3
 317 0092 18       		.byte	0x18
 318 0093 41000000 		.4byte	0x41
 319 0097 04       		.uleb128 0x4
 320 0098 6B030000 		.4byte	.LASF13
 321 009c 03       		.byte	0x3
 322 009d 24       		.byte	0x24
 323 009e 5A000000 		.4byte	0x5a
 324 00a2 04       		.uleb128 0x4
 325 00a3 05040000 		.4byte	.LASF14
 326 00a7 03       		.byte	0x3
 327 00a8 2C       		.byte	0x2c
 328 00a9 6C000000 		.4byte	0x6c
 329 00ad 02       		.uleb128 0x2
 330 00ae 04       		.byte	0x4
 331 00af 04       		.byte	0x4
 332 00b0 A3010000 		.4byte	.LASF15
 333 00b4 02       		.uleb128 0x2
 334 00b5 08       		.byte	0x8
 335 00b6 04       		.byte	0x4
 336 00b7 B0040000 		.4byte	.LASF16
 337 00bb 02       		.uleb128 0x2
 338 00bc 01       		.byte	0x1
 339 00bd 08       		.byte	0x8
 340 00be CE030000 		.4byte	.LASF17
 341 00c2 02       		.uleb128 0x2
 342 00c3 08       		.byte	0x8
 343 00c4 04       		.byte	0x4
 344 00c5 A8000000 		.4byte	.LASF18
 345 00c9 04       		.uleb128 0x4
 346 00ca 9B030000 		.4byte	.LASF19
 347 00ce 04       		.byte	0x4
 348 00cf 53       		.byte	0x53
 349 00d0 33000000 		.4byte	0x33
 350 00d4 04       		.uleb128 0x4
 351 00d5 0F030000 		.4byte	.LASF20
 352 00d9 04       		.byte	0x4
 353 00da 54       		.byte	0x54
 354 00db 2C000000 		.4byte	0x2c
 355 00df 04       		.uleb128 0x4
 356 00e0 05000000 		.4byte	.LASF21
 357 00e4 05       		.byte	0x5
 358 00e5 4D       		.byte	0x4d
 359 00e6 D4000000 		.4byte	0xd4
 360 00ea 04       		.uleb128 0x4
 361 00eb A0000000 		.4byte	.LASF22
 362 00ef 05       		.byte	0x5
 363 00f0 4F       		.byte	0x4f
ARM GAS  C:\Users\Admin\AppData\Local\Temp\ccEDEXPN.s 			page 9


 364 00f1 D4000000 		.4byte	0xd4
 365 00f5 04       		.uleb128 0x4
 366 00f6 E7000000 		.4byte	.LASF23
 367 00fa 05       		.byte	0x5
 368 00fb 78       		.byte	0x78
 369 00fc C9000000 		.4byte	0xc9
 370 0100 02       		.uleb128 0x2
 371 0101 04       		.byte	0x4
 372 0102 07       		.byte	0x7
 373 0103 74000000 		.4byte	.LASF24
 374 0107 05       		.uleb128 0x5
 375 0108 01       		.byte	0x1
 376 0109 3A000000 		.4byte	0x3a
 377 010d 06       		.byte	0x6
 378 010e CF       		.byte	0xcf
 379 010f B0010000 		.4byte	0x1b0
 380 0113 06       		.uleb128 0x6
 381 0114 0D000000 		.4byte	.LASF25
 382 0118 00       		.byte	0
 383 0119 07       		.uleb128 0x7
 384 011a 5E040000 		.4byte	.LASF26
 385 011e 7F       		.sleb128 -1
 386 011f 07       		.uleb128 0x7
 387 0120 74030000 		.4byte	.LASF27
 388 0124 7E       		.sleb128 -2
 389 0125 07       		.uleb128 0x7
 390 0126 92000000 		.4byte	.LASF28
 391 012a 7D       		.sleb128 -3
 392 012b 07       		.uleb128 0x7
 393 012c E0030000 		.4byte	.LASF29
 394 0130 7C       		.sleb128 -4
 395 0131 07       		.uleb128 0x7
 396 0132 86010000 		.4byte	.LASF30
 397 0136 7B       		.sleb128 -5
 398 0137 07       		.uleb128 0x7
 399 0138 44000000 		.4byte	.LASF31
 400 013c 7A       		.sleb128 -6
 401 013d 07       		.uleb128 0x7
 402 013e 40020000 		.4byte	.LASF32
 403 0142 79       		.sleb128 -7
 404 0143 07       		.uleb128 0x7
 405 0144 F0030000 		.4byte	.LASF33
 406 0148 78       		.sleb128 -8
 407 0149 07       		.uleb128 0x7
 408 014a 26060000 		.4byte	.LASF34
 409 014e 77       		.sleb128 -9
 410 014f 07       		.uleb128 0x7
 411 0150 52020000 		.4byte	.LASF35
 412 0154 76       		.sleb128 -10
 413 0155 07       		.uleb128 0x7
 414 0156 4B060000 		.4byte	.LASF36
 415 015a 75       		.sleb128 -11
 416 015b 07       		.uleb128 0x7
 417 015c 5D030000 		.4byte	.LASF37
 418 0160 74       		.sleb128 -12
 419 0161 07       		.uleb128 0x7
 420 0162 BF040000 		.4byte	.LASF38
ARM GAS  C:\Users\Admin\AppData\Local\Temp\ccEDEXPN.s 			page 10


 421 0166 73       		.sleb128 -13
 422 0167 07       		.uleb128 0x7
 423 0168 CF020000 		.4byte	.LASF39
 424 016c 72       		.sleb128 -14
 425 016d 07       		.uleb128 0x7
 426 016e 26000000 		.4byte	.LASF40
 427 0172 71       		.sleb128 -15
 428 0173 07       		.uleb128 0x7
 429 0174 6F020000 		.4byte	.LASF41
 430 0178 70       		.sleb128 -16
 431 0179 07       		.uleb128 0x7
 432 017a 37040000 		.4byte	.LASF42
 433 017e 6F       		.sleb128 -17
 434 017f 07       		.uleb128 0x7
 435 0180 55000000 		.4byte	.LASF43
 436 0184 6E       		.sleb128 -18
 437 0185 07       		.uleb128 0x7
 438 0186 09020000 		.4byte	.LASF44
 439 018a 6D       		.sleb128 -19
 440 018b 07       		.uleb128 0x7
 441 018c 4B040000 		.4byte	.LASF45
 442 0190 6C       		.sleb128 -20
 443 0191 07       		.uleb128 0x7
 444 0192 FD020000 		.4byte	.LASF46
 445 0196 6B       		.sleb128 -21
 446 0197 07       		.uleb128 0x7
 447 0198 00050000 		.4byte	.LASF47
 448 019c 6A       		.sleb128 -22
 449 019d 07       		.uleb128 0x7
 450 019e 24010000 		.4byte	.LASF48
 451 01a2 69       		.sleb128 -23
 452 01a3 07       		.uleb128 0x7
 453 01a4 1C020000 		.4byte	.LASF49
 454 01a8 68       		.sleb128 -24
 455 01a9 07       		.uleb128 0x7
 456 01aa BC010000 		.4byte	.LASF50
 457 01ae 67       		.sleb128 -25
 458 01af 00       		.byte	0
 459 01b0 04       		.uleb128 0x4
 460 01b1 3C060000 		.4byte	.LASF51
 461 01b5 06       		.byte	0x6
 462 01b6 EA       		.byte	0xea
 463 01b7 07010000 		.4byte	0x107
 464 01bb 05       		.uleb128 0x5
 465 01bc 02       		.byte	0x2
 466 01bd 65000000 		.4byte	0x65
 467 01c1 07       		.byte	0x7
 468 01c2 5C       		.byte	0x5c
 469 01c3 59020000 		.4byte	0x259
 470 01c7 08       		.uleb128 0x8
 471 01c8 0D040000 		.4byte	.LASF52
 472 01cc FFFF     		.2byte	0xffff
 473 01ce 06       		.uleb128 0x6
 474 01cf 49030000 		.4byte	.LASF53
 475 01d3 00       		.byte	0
 476 01d4 08       		.uleb128 0x8
 477 01d5 E7050000 		.4byte	.LASF54
ARM GAS  C:\Users\Admin\AppData\Local\Temp\ccEDEXPN.s 			page 11


 478 01d9 00F8     		.2byte	0xf800
 479 01db 08       		.uleb128 0x8
 480 01dc 21060000 		.4byte	.LASF55
 481 01e0 1FF8     		.2byte	0xf81f
 482 01e2 08       		.uleb128 0x8
 483 01e3 64010000 		.4byte	.LASF56
 484 01e7 FF07     		.2byte	0x7ff
 485 01e9 08       		.uleb128 0x8
 486 01ea 06010000 		.4byte	.LASF57
 487 01ee E0FF     		.2byte	0xffe0
 488 01f0 09       		.uleb128 0x9
 489 01f1 52454400 		.ascii	"RED\000"
 490 01f5 1F       		.byte	0x1f
 491 01f6 08       		.uleb128 0x8
 492 01f7 B7040000 		.4byte	.LASF58
 493 01fb 1FF8     		.2byte	0xf81f
 494 01fd 08       		.uleb128 0x8
 495 01fe D0050000 		.4byte	.LASF59
 496 0202 E007     		.2byte	0x7e0
 497 0204 08       		.uleb128 0x8
 498 0205 60020000 		.4byte	.LASF60
 499 0209 E0FF     		.2byte	0xffe0
 500 020b 08       		.uleb128 0x8
 501 020c 3B010000 		.4byte	.LASF61
 502 0210 FF07     		.2byte	0x7ff
 503 0212 08       		.uleb128 0x8
 504 0213 EA040000 		.4byte	.LASF62
 505 0217 3D02     		.2byte	0x23d
 506 0219 08       		.uleb128 0x8
 507 021a AA040000 		.4byte	.LASF63
 508 021e 3FE0     		.2byte	0xe03f
 509 0220 08       		.uleb128 0x8
 510 0221 81010000 		.4byte	.LASF64
 511 0225 210C     		.2byte	0xc21
 512 0227 08       		.uleb128 0x8
 513 0228 D9040000 		.4byte	.LASF65
 514 022c 89F3     		.2byte	0xf389
 515 022e 08       		.uleb128 0x8
 516 022f 80020000 		.4byte	.LASF66
 517 0233 BE3E     		.2byte	0x3ebe
 518 0235 08       		.uleb128 0x8
 519 0236 A4030000 		.4byte	.LASF67
 520 023a 2A1A     		.2byte	0x1a2a
 521 023c 08       		.uleb128 0x8
 522 023d BE000000 		.4byte	.LASF68
 523 0241 21F8     		.2byte	0xf821
 524 0243 08       		.uleb128 0x8
 525 0244 A9010000 		.4byte	.LASF69
 526 0248 6318     		.2byte	0x1863
 527 024a 08       		.uleb128 0x8
 528 024b 69010000 		.4byte	.LASF70
 529 024f 658A     		.2byte	0x8a65
 530 0251 08       		.uleb128 0x8
 531 0252 6C040000 		.4byte	.LASF71
 532 0256 D448     		.2byte	0x48d4
 533 0258 00       		.byte	0
 534 0259 04       		.uleb128 0x4
ARM GAS  C:\Users\Admin\AppData\Local\Temp\ccEDEXPN.s 			page 12


 535 025a 3C030000 		.4byte	.LASF72
 536 025e 07       		.byte	0x7
 537 025f 72       		.byte	0x72
 538 0260 BB010000 		.4byte	0x1bb
 539 0264 05       		.uleb128 0x5
 540 0265 01       		.byte	0x1
 541 0266 4C000000 		.4byte	0x4c
 542 026a 08       		.byte	0x8
 543 026b 6D       		.byte	0x6d
 544 026c 83020000 		.4byte	0x283
 545 0270 06       		.uleb128 0x6
 546 0271 12050000 		.4byte	.LASF73
 547 0275 00       		.byte	0
 548 0276 06       		.uleb128 0x6
 549 0277 32050000 		.4byte	.LASF74
 550 027b 01       		.byte	0x1
 551 027c 06       		.uleb128 0x6
 552 027d 00000000 		.4byte	.LASF75
 553 0281 02       		.byte	0x2
 554 0282 00       		.byte	0
 555 0283 04       		.uleb128 0x4
 556 0284 0B060000 		.4byte	.LASF76
 557 0288 08       		.byte	0x8
 558 0289 72       		.byte	0x72
 559 028a 64020000 		.4byte	0x264
 560 028e 0A       		.uleb128 0xa
 561 028f 04       		.byte	0x4
 562 0290 08       		.byte	0x8
 563 0291 74       		.byte	0x74
 564 0292 AF020000 		.4byte	0x2af
 565 0296 0B       		.uleb128 0xb
 566 0297 95010000 		.4byte	.LASF77
 567 029b 08       		.byte	0x8
 568 029c 76       		.byte	0x76
 569 029d 59020000 		.4byte	0x259
 570 02a1 00       		.byte	0
 571 02a2 0B       		.uleb128 0xb
 572 02a3 B4000000 		.4byte	.LASF78
 573 02a7 08       		.byte	0x8
 574 02a8 77       		.byte	0x77
 575 02a9 59020000 		.4byte	0x259
 576 02ad 02       		.byte	0x2
 577 02ae 00       		.byte	0
 578 02af 04       		.uleb128 0x4
 579 02b0 E3010000 		.4byte	.LASF79
 580 02b4 08       		.byte	0x8
 581 02b5 79       		.byte	0x79
 582 02b6 8E020000 		.4byte	0x28e
 583 02ba 0A       		.uleb128 0xa
 584 02bb 08       		.byte	0x8
 585 02bc 08       		.byte	0x8
 586 02bd 7B       		.byte	0x7b
 587 02be E7020000 		.4byte	0x2e7
 588 02c2 0B       		.uleb128 0xb
 589 02c3 1D040000 		.4byte	.LASF80
 590 02c7 08       		.byte	0x8
 591 02c8 7D       		.byte	0x7d
ARM GAS  C:\Users\Admin\AppData\Local\Temp\ccEDEXPN.s 			page 13


 592 02c9 83020000 		.4byte	0x283
 593 02cd 00       		.byte	0
 594 02ce 0B       		.uleb128 0xb
 595 02cf 41060000 		.4byte	.LASF81
 596 02d3 08       		.byte	0x8
 597 02d4 7E       		.byte	0x7e
 598 02d5 AF020000 		.4byte	0x2af
 599 02d9 02       		.byte	0x2
 600 02da 0B       		.uleb128 0xb
 601 02db 00010000 		.4byte	.LASF82
 602 02df 08       		.byte	0x8
 603 02e0 7F       		.byte	0x7f
 604 02e1 8C000000 		.4byte	0x8c
 605 02e5 06       		.byte	0x6
 606 02e6 00       		.byte	0
 607 02e7 04       		.uleb128 0x4
 608 02e8 0C010000 		.4byte	.LASF83
 609 02ec 08       		.byte	0x8
 610 02ed 81       		.byte	0x81
 611 02ee BA020000 		.4byte	0x2ba
 612 02f2 0A       		.uleb128 0xa
 613 02f3 10       		.byte	0x10
 614 02f4 09       		.byte	0x9
 615 02f5 21       		.byte	0x21
 616 02f6 13030000 		.4byte	0x313
 617 02fa 0B       		.uleb128 0xb
 618 02fb E2020000 		.4byte	.LASF84
 619 02ff 09       		.byte	0x9
 620 0300 23       		.byte	0x23
 621 0301 E7020000 		.4byte	0x2e7
 622 0305 00       		.byte	0
 623 0306 0B       		.uleb128 0xb
 624 0307 73040000 		.4byte	.LASF85
 625 030b 09       		.byte	0x9
 626 030c 24       		.byte	0x24
 627 030d E7020000 		.4byte	0x2e7
 628 0311 08       		.byte	0x8
 629 0312 00       		.byte	0
 630 0313 04       		.uleb128 0x4
 631 0314 EE000000 		.4byte	.LASF86
 632 0318 09       		.byte	0x9
 633 0319 27       		.byte	0x27
 634 031a F2020000 		.4byte	0x2f2
 635 031e 0C       		.uleb128 0xc
 636 031f 04       		.byte	0x4
 637 0320 24030000 		.4byte	0x324
 638 0324 0D       		.uleb128 0xd
 639 0325 13030000 		.4byte	0x313
 640 0329 0D       		.uleb128 0xd
 641 032a 1E030000 		.4byte	0x31e
 642 032e 0E       		.uleb128 0xe
 643 032f 7D000000 		.4byte	.LASF113
 644 0333 01       		.byte	0x1
 645 0334 29       		.byte	0x29
 646 0335 B0010000 		.4byte	0x1b0
 647 0339 00000000 		.4byte	.LFB144
 648 033d 2C010000 		.4byte	.LFE144-.LFB144
ARM GAS  C:\Users\Admin\AppData\Local\Temp\ccEDEXPN.s 			page 14


 649 0341 01       		.uleb128 0x1
 650 0342 9C       		.byte	0x9c
 651 0343 65060000 		.4byte	0x665
 652 0347 0F       		.uleb128 0xf
 653 0348 67040000 		.4byte	.LASF114
 654 034c 01       		.byte	0x1
 655 034d 29       		.byte	0x29
 656 034e 29030000 		.4byte	0x329
 657 0352 00000000 		.4byte	.LLST0
 658 0356 10       		.uleb128 0x10
 659 0357 D6050000 		.4byte	.LASF87
 660 035b 01       		.byte	0x1
 661 035c 2D       		.byte	0x2d
 662 035d 97000000 		.4byte	0x97
 663 0361 2C000000 		.4byte	.LLST1
 664 0365 10       		.uleb128 0x10
 665 0366 4F030000 		.4byte	.LASF88
 666 036a 01       		.byte	0x1
 667 036b 2F       		.byte	0x2f
 668 036c 59020000 		.4byte	0x259
 669 0370 3F000000 		.4byte	.LLST2
 670 0374 10       		.uleb128 0x10
 671 0375 23050000 		.4byte	.LASF89
 672 0379 01       		.byte	0x1
 673 037a 30       		.byte	0x30
 674 037b 59020000 		.4byte	0x259
 675 037f 52000000 		.4byte	.LLST3
 676 0383 10       		.uleb128 0x10
 677 0384 D1040000 		.4byte	.LASF90
 678 0388 01       		.byte	0x1
 679 0389 37       		.byte	0x37
 680 038a BB000000 		.4byte	0xbb
 681 038e 65000000 		.4byte	.LLST4
 682 0392 11       		.uleb128 0x11
 683 0393 04060000 		.4byte	.LASF91
 684 0397 01       		.byte	0x1
 685 0398 38       		.byte	0x38
 686 0399 8C000000 		.4byte	0x8c
 687 039d 05       		.uleb128 0x5
 688 039e 03       		.byte	0x3
 689 039f 00000000 		.4byte	toggle.8064
 690 03a3 12       		.uleb128 0x12
 691 03a4 18000000 		.4byte	.LASF92
 692 03a8 01       		.byte	0x1
 693 03a9 39       		.byte	0x39
 694 03aa 97000000 		.4byte	0x97
 695 03ae 00       		.byte	0
 696 03af 10       		.uleb128 0x10
 697 03b0 C9000000 		.4byte	.LASF93
 698 03b4 01       		.byte	0x1
 699 03b5 4A       		.byte	0x4a
 700 03b6 97000000 		.4byte	0x97
 701 03ba 92000000 		.4byte	.LLST5
 702 03be 10       		.uleb128 0x10
 703 03bf 42010000 		.4byte	.LASF94
 704 03c3 01       		.byte	0x1
 705 03c4 4C       		.byte	0x4c
ARM GAS  C:\Users\Admin\AppData\Local\Temp\ccEDEXPN.s 			page 15


 706 03c5 59020000 		.4byte	0x259
 707 03c9 A5000000 		.4byte	.LLST6
 708 03cd 10       		.uleb128 0x10
 709 03ce C0030000 		.4byte	.LASF95
 710 03d2 01       		.byte	0x1
 711 03d3 4D       		.byte	0x4d
 712 03d4 59020000 		.4byte	0x259
 713 03d8 B8000000 		.4byte	.LLST7
 714 03dc 13       		.uleb128 0x13
 715 03dd 40000000 		.4byte	.LBB2
 716 03e1 20000000 		.4byte	.LBE2-.LBB2
 717 03e5 6F040000 		.4byte	0x46f
 718 03e9 11       		.uleb128 0x11
 719 03ea E2040000 		.4byte	.LASF96
 720 03ee 01       		.byte	0x1
 721 03ef 34       		.byte	0x34
 722 03f0 65060000 		.4byte	0x665
 723 03f4 03       		.uleb128 0x3
 724 03f5 91       		.byte	0x91
 725 03f6 E87E     		.sleb128 -152
 726 03f8 14       		.uleb128 0x14
 727 03f9 5A000000 		.4byte	.LVL10
 728 03fd BD060000 		.4byte	0x6bd
 729 0401 5E040000 		.4byte	0x45e
 730 0405 15       		.uleb128 0x15
 731 0406 01       		.uleb128 0x1
 732 0407 50       		.byte	0x50
 733 0408 02       		.uleb128 0x2
 734 0409 7D       		.byte	0x7d
 735 040a 00       		.sleb128 0
 736 040b 15       		.uleb128 0x15
 737 040c 01       		.uleb128 0x1
 738 040d 51       		.byte	0x51
 739 040e 05       		.uleb128 0x5
 740 040f 03       		.byte	0x3
 741 0410 00000000 		.4byte	.LC0
 742 0414 15       		.uleb128 0x15
 743 0415 01       		.uleb128 0x1
 744 0416 52       		.byte	0x52
 745 0417 1B       		.uleb128 0x1b
 746 0418 75       		.byte	0x75
 747 0419 00       		.sleb128 0
 748 041a F7       		.byte	0xf7
 749 041b 2C       		.uleb128 0x2c
 750 041c F7       		.byte	0xf7
 751 041d 25       		.uleb128 0x25
 752 041e F4       		.byte	0xf4
 753 041f 25       		.uleb128 0x25
 754 0420 08       		.byte	0x8
 755 0421 CDCCCCCC 		.8byte	0xcccccccd
 755      00000000 
 756 0429 1E       		.byte	0x1e
 757 042a 08       		.byte	0x8
 758 042b 20       		.byte	0x20
 759 042c F7       		.byte	0xf7
 760 042d 25       		.uleb128 0x25
 761 042e 25       		.byte	0x25
ARM GAS  C:\Users\Admin\AppData\Local\Temp\ccEDEXPN.s 			page 16


 762 042f F7       		.byte	0xf7
 763 0430 2C       		.uleb128 0x2c
 764 0431 33       		.byte	0x33
 765 0432 25       		.byte	0x25
 766 0433 15       		.uleb128 0x15
 767 0434 01       		.uleb128 0x1
 768 0435 53       		.byte	0x53
 769 0436 26       		.uleb128 0x26
 770 0437 75       		.byte	0x75
 771 0438 00       		.sleb128 0
 772 0439 75       		.byte	0x75
 773 043a 00       		.sleb128 0
 774 043b F7       		.byte	0xf7
 775 043c 2C       		.uleb128 0x2c
 776 043d F7       		.byte	0xf7
 777 043e 25       		.uleb128 0x25
 778 043f F4       		.byte	0xf4
 779 0440 25       		.uleb128 0x25
 780 0441 08       		.byte	0x8
 781 0442 CDCCCCCC 		.8byte	0xcccccccd
 781      00000000 
 782 044a 1E       		.byte	0x1e
 783 044b 08       		.byte	0x8
 784 044c 20       		.byte	0x20
 785 044d F7       		.byte	0xf7
 786 044e 25       		.uleb128 0x25
 787 044f 25       		.byte	0x25
 788 0450 F7       		.byte	0xf7
 789 0451 2C       		.uleb128 0x2c
 790 0452 33       		.byte	0x33
 791 0453 25       		.byte	0x25
 792 0454 35       		.byte	0x35
 793 0455 1E       		.byte	0x1e
 794 0456 31       		.byte	0x31
 795 0457 24       		.byte	0x24
 796 0458 1C       		.byte	0x1c
 797 0459 0A       		.byte	0xa
 798 045a FFFF     		.2byte	0xffff
 799 045c 1A       		.byte	0x1a
 800 045d 00       		.byte	0
 801 045e 16       		.uleb128 0x16
 802 045f 60000000 		.4byte	.LVL11
 803 0463 C8060000 		.4byte	0x6c8
 804 0467 15       		.uleb128 0x15
 805 0468 01       		.uleb128 0x1
 806 0469 50       		.byte	0x50
 807 046a 02       		.uleb128 0x2
 808 046b 7D       		.byte	0x7d
 809 046c 00       		.sleb128 0
 810 046d 00       		.byte	0
 811 046e 00       		.byte	0
 812 046f 13       		.uleb128 0x13
 813 0470 A6000000 		.4byte	.LBB3
 814 0474 10000000 		.4byte	.LBE3-.LBB3
 815 0478 BF040000 		.4byte	0x4bf
 816 047c 11       		.uleb128 0x11
 817 047d E2040000 		.4byte	.LASF96
ARM GAS  C:\Users\Admin\AppData\Local\Temp\ccEDEXPN.s 			page 17


 818 0481 01       		.byte	0x1
 819 0482 47       		.byte	0x47
 820 0483 65060000 		.4byte	0x665
 821 0487 03       		.uleb128 0x3
 822 0488 91       		.byte	0x91
 823 0489 E87E     		.sleb128 -152
 824 048b 14       		.uleb128 0x14
 825 048c B0000000 		.4byte	.LVL20
 826 0490 BD060000 		.4byte	0x6bd
 827 0494 AE040000 		.4byte	0x4ae
 828 0498 15       		.uleb128 0x15
 829 0499 01       		.uleb128 0x1
 830 049a 50       		.byte	0x50
 831 049b 02       		.uleb128 0x2
 832 049c 7D       		.byte	0x7d
 833 049d 00       		.sleb128 0
 834 049e 15       		.uleb128 0x15
 835 049f 01       		.uleb128 0x1
 836 04a0 51       		.byte	0x51
 837 04a1 05       		.uleb128 0x5
 838 04a2 03       		.byte	0x3
 839 04a3 08000000 		.4byte	.LC1
 840 04a7 15       		.uleb128 0x15
 841 04a8 01       		.uleb128 0x1
 842 04a9 52       		.byte	0x52
 843 04aa 02       		.uleb128 0x2
 844 04ab 76       		.byte	0x76
 845 04ac 00       		.sleb128 0
 846 04ad 00       		.byte	0
 847 04ae 16       		.uleb128 0x16
 848 04af B6000000 		.4byte	.LVL21
 849 04b3 C8060000 		.4byte	0x6c8
 850 04b7 15       		.uleb128 0x15
 851 04b8 01       		.uleb128 0x1
 852 04b9 50       		.byte	0x50
 853 04ba 02       		.uleb128 0x2
 854 04bb 7D       		.byte	0x7d
 855 04bc 00       		.sleb128 0
 856 04bd 00       		.byte	0
 857 04be 00       		.byte	0
 858 04bf 13       		.uleb128 0x13
 859 04c0 EC000000 		.4byte	.LBB4
 860 04c4 20000000 		.4byte	.LBE4-.LBB4
 861 04c8 52050000 		.4byte	0x552
 862 04cc 11       		.uleb128 0x11
 863 04cd E2040000 		.4byte	.LASF96
 864 04d1 01       		.byte	0x1
 865 04d2 51       		.byte	0x51
 866 04d3 65060000 		.4byte	0x665
 867 04d7 03       		.uleb128 0x3
 868 04d8 91       		.byte	0x91
 869 04d9 E87E     		.sleb128 -152
 870 04db 14       		.uleb128 0x14
 871 04dc 06010000 		.4byte	.LVL31
 872 04e0 BD060000 		.4byte	0x6bd
 873 04e4 41050000 		.4byte	0x541
 874 04e8 15       		.uleb128 0x15
ARM GAS  C:\Users\Admin\AppData\Local\Temp\ccEDEXPN.s 			page 18


 875 04e9 01       		.uleb128 0x1
 876 04ea 50       		.byte	0x50
 877 04eb 02       		.uleb128 0x2
 878 04ec 7D       		.byte	0x7d
 879 04ed 00       		.sleb128 0
 880 04ee 15       		.uleb128 0x15
 881 04ef 01       		.uleb128 0x1
 882 04f0 51       		.byte	0x51
 883 04f1 05       		.uleb128 0x5
 884 04f2 03       		.byte	0x3
 885 04f3 00000000 		.4byte	.LC0
 886 04f7 15       		.uleb128 0x15
 887 04f8 01       		.uleb128 0x1
 888 04f9 52       		.byte	0x52
 889 04fa 1B       		.uleb128 0x1b
 890 04fb 75       		.byte	0x75
 891 04fc 00       		.sleb128 0
 892 04fd F7       		.byte	0xf7
 893 04fe 2C       		.uleb128 0x2c
 894 04ff F7       		.byte	0xf7
 895 0500 25       		.uleb128 0x25
 896 0501 F4       		.byte	0xf4
 897 0502 25       		.uleb128 0x25
 898 0503 08       		.byte	0x8
 899 0504 CDCCCCCC 		.8byte	0xcccccccd
 899      00000000 
 900 050c 1E       		.byte	0x1e
 901 050d 08       		.byte	0x8
 902 050e 20       		.byte	0x20
 903 050f F7       		.byte	0xf7
 904 0510 25       		.uleb128 0x25
 905 0511 25       		.byte	0x25
 906 0512 F7       		.byte	0xf7
 907 0513 2C       		.uleb128 0x2c
 908 0514 33       		.byte	0x33
 909 0515 25       		.byte	0x25
 910 0516 15       		.uleb128 0x15
 911 0517 01       		.uleb128 0x1
 912 0518 53       		.byte	0x53
 913 0519 26       		.uleb128 0x26
 914 051a 75       		.byte	0x75
 915 051b 00       		.sleb128 0
 916 051c 75       		.byte	0x75
 917 051d 00       		.sleb128 0
 918 051e F7       		.byte	0xf7
 919 051f 2C       		.uleb128 0x2c
 920 0520 F7       		.byte	0xf7
 921 0521 25       		.uleb128 0x25
 922 0522 F4       		.byte	0xf4
 923 0523 25       		.uleb128 0x25
 924 0524 08       		.byte	0x8
 925 0525 CDCCCCCC 		.8byte	0xcccccccd
 925      00000000 
 926 052d 1E       		.byte	0x1e
 927 052e 08       		.byte	0x8
 928 052f 20       		.byte	0x20
 929 0530 F7       		.byte	0xf7
ARM GAS  C:\Users\Admin\AppData\Local\Temp\ccEDEXPN.s 			page 19


 930 0531 25       		.uleb128 0x25
 931 0532 25       		.byte	0x25
 932 0533 F7       		.byte	0xf7
 933 0534 2C       		.uleb128 0x2c
 934 0535 33       		.byte	0x33
 935 0536 25       		.byte	0x25
 936 0537 35       		.byte	0x35
 937 0538 1E       		.byte	0x1e
 938 0539 31       		.byte	0x31
 939 053a 24       		.byte	0x24
 940 053b 1C       		.byte	0x1c
 941 053c 0A       		.byte	0xa
 942 053d FFFF     		.2byte	0xffff
 943 053f 1A       		.byte	0x1a
 944 0540 00       		.byte	0
 945 0541 16       		.uleb128 0x16
 946 0542 0C010000 		.4byte	.LVL32
 947 0546 C8060000 		.4byte	0x6c8
 948 054a 15       		.uleb128 0x15
 949 054b 01       		.uleb128 0x1
 950 054c 50       		.byte	0x50
 951 054d 02       		.uleb128 0x2
 952 054e 7D       		.byte	0x7d
 953 054f 00       		.sleb128 0
 954 0550 00       		.byte	0
 955 0551 00       		.byte	0
 956 0552 14       		.uleb128 0x14
 957 0553 16000000 		.4byte	.LVL5
 958 0557 D4060000 		.4byte	0x6d4
 959 055b 65050000 		.4byte	0x565
 960 055f 15       		.uleb128 0x15
 961 0560 01       		.uleb128 0x1
 962 0561 50       		.byte	0x50
 963 0562 01       		.uleb128 0x1
 964 0563 33       		.byte	0x33
 965 0564 00       		.byte	0
 966 0565 17       		.uleb128 0x17
 967 0566 1A000000 		.4byte	.LVL6
 968 056a E0060000 		.4byte	0x6e0
 969 056e 17       		.uleb128 0x17
 970 056f 20000000 		.4byte	.LVL7
 971 0573 EB060000 		.4byte	0x6eb
 972 0577 14       		.uleb128 0x14
 973 0578 38000000 		.4byte	.LVL8
 974 057c F6060000 		.4byte	0x6f6
 975 0580 A3050000 		.4byte	0x5a3
 976 0584 15       		.uleb128 0x15
 977 0585 01       		.uleb128 0x1
 978 0586 50       		.byte	0x50
 979 0587 1A       		.uleb128 0x1a
 980 0588 76       		.byte	0x76
 981 0589 00       		.sleb128 0
 982 058a F7       		.byte	0xf7
 983 058b 33       		.uleb128 0x33
 984 058c F7       		.byte	0xf7
 985 058d 25       		.uleb128 0x25
 986 058e 0C       		.byte	0xc
ARM GAS  C:\Users\Admin\AppData\Local\Temp\ccEDEXPN.s 			page 20


 987 058f ABAAAA2A 		.4byte	0x2aaaaaab
 988 0593 F7       		.byte	0xf7
 989 0594 25       		.uleb128 0x25
 990 0595 1E       		.byte	0x1e
 991 0596 08       		.byte	0x8
 992 0597 20       		.byte	0x20
 993 0598 F7       		.byte	0xf7
 994 0599 25       		.uleb128 0x25
 995 059a 25       		.byte	0x25
 996 059b F7       		.byte	0xf7
 997 059c 2C       		.uleb128 0x2c
 998 059d 76       		.byte	0x76
 999 059e 00       		.sleb128 0
 1000 059f 4F       		.byte	0x4f
 1001 05a0 26       		.byte	0x26
 1002 05a1 1C       		.byte	0x1c
 1003 05a2 00       		.byte	0
 1004 05a3 14       		.uleb128 0x14
 1005 05a4 40000000 		.4byte	.LVL9
 1006 05a8 02070000 		.4byte	0x702
 1007 05ac BD050000 		.4byte	0x5bd
 1008 05b0 15       		.uleb128 0x15
 1009 05b1 01       		.uleb128 0x1
 1010 05b2 50       		.byte	0x50
 1011 05b3 02       		.uleb128 0x2
 1012 05b4 77       		.byte	0x77
 1013 05b5 00       		.sleb128 0
 1014 05b6 15       		.uleb128 0x15
 1015 05b7 01       		.uleb128 0x1
 1016 05b8 51       		.byte	0x51
 1017 05b9 02       		.uleb128 0x2
 1018 05ba 78       		.byte	0x78
 1019 05bb 00       		.sleb128 0
 1020 05bc 00       		.byte	0
 1021 05bd 14       		.uleb128 0x14
 1022 05be 7E000000 		.4byte	.LVL14
 1023 05c2 D4060000 		.4byte	0x6d4
 1024 05c6 D0050000 		.4byte	0x5d0
 1025 05ca 15       		.uleb128 0x15
 1026 05cb 01       		.uleb128 0x1
 1027 05cc 50       		.byte	0x50
 1028 05cd 01       		.uleb128 0x1
 1029 05ce 33       		.byte	0x33
 1030 05cf 00       		.byte	0
 1031 05d0 17       		.uleb128 0x17
 1032 05d1 82000000 		.4byte	.LVL15
 1033 05d5 E0060000 		.4byte	0x6e0
 1034 05d9 17       		.uleb128 0x17
 1035 05da 88000000 		.4byte	.LVL17
 1036 05de EB060000 		.4byte	0x6eb
 1037 05e2 14       		.uleb128 0x14
 1038 05e3 9C000000 		.4byte	.LVL18
 1039 05e7 F6060000 		.4byte	0x6f6
 1040 05eb FC050000 		.4byte	0x5fc
 1041 05ef 15       		.uleb128 0x15
 1042 05f0 01       		.uleb128 0x1
 1043 05f1 50       		.byte	0x50
ARM GAS  C:\Users\Admin\AppData\Local\Temp\ccEDEXPN.s 			page 21


 1044 05f2 08       		.uleb128 0x8
 1045 05f3 75       		.byte	0x75
 1046 05f4 00       		.sleb128 0
 1047 05f5 09       		.byte	0x9
 1048 05f6 F3       		.byte	0xf3
 1049 05f7 24       		.byte	0x24
 1050 05f8 09       		.byte	0x9
 1051 05f9 F4       		.byte	0xf4
 1052 05fa 26       		.byte	0x26
 1053 05fb 00       		.byte	0
 1054 05fc 14       		.uleb128 0x14
 1055 05fd A6000000 		.4byte	.LVL19
 1056 0601 02070000 		.4byte	0x702
 1057 0605 15060000 		.4byte	0x615
 1058 0609 15       		.uleb128 0x15
 1059 060a 01       		.uleb128 0x1
 1060 060b 50       		.byte	0x50
 1061 060c 02       		.uleb128 0x2
 1062 060d 09       		.byte	0x9
 1063 060e FF       		.byte	0xff
 1064 060f 15       		.uleb128 0x15
 1065 0610 01       		.uleb128 0x1
 1066 0611 51       		.byte	0x51
 1067 0612 01       		.uleb128 0x1
 1068 0613 30       		.byte	0x30
 1069 0614 00       		.byte	0
 1070 0615 14       		.uleb128 0x14
 1071 0616 C2000000 		.4byte	.LVL25
 1072 061a D4060000 		.4byte	0x6d4
 1073 061e 28060000 		.4byte	0x628
 1074 0622 15       		.uleb128 0x15
 1075 0623 01       		.uleb128 0x1
 1076 0624 50       		.byte	0x50
 1077 0625 01       		.uleb128 0x1
 1078 0626 33       		.byte	0x33
 1079 0627 00       		.byte	0
 1080 0628 17       		.uleb128 0x17
 1081 0629 C6000000 		.4byte	.LVL26
 1082 062d E0060000 		.4byte	0x6e0
 1083 0631 17       		.uleb128 0x17
 1084 0632 D6000000 		.4byte	.LVL28
 1085 0636 EB060000 		.4byte	0x6eb
 1086 063a 14       		.uleb128 0x14
 1087 063b E4000000 		.4byte	.LVL29
 1088 063f F6060000 		.4byte	0x6f6
 1089 0643 4E060000 		.4byte	0x64e
 1090 0647 15       		.uleb128 0x15
 1091 0648 01       		.uleb128 0x1
 1092 0649 50       		.byte	0x50
 1093 064a 02       		.uleb128 0x2
 1094 064b 74       		.byte	0x74
 1095 064c 00       		.sleb128 0
 1096 064d 00       		.byte	0
 1097 064e 16       		.uleb128 0x16
 1098 064f EC000000 		.4byte	.LVL30
 1099 0653 02070000 		.4byte	0x702
 1100 0657 15       		.uleb128 0x15
ARM GAS  C:\Users\Admin\AppData\Local\Temp\ccEDEXPN.s 			page 22


 1101 0658 01       		.uleb128 0x1
 1102 0659 50       		.byte	0x50
 1103 065a 02       		.uleb128 0x2
 1104 065b 76       		.byte	0x76
 1105 065c 00       		.sleb128 0
 1106 065d 15       		.uleb128 0x15
 1107 065e 01       		.uleb128 0x1
 1108 065f 51       		.byte	0x51
 1109 0660 02       		.uleb128 0x2
 1110 0661 77       		.byte	0x77
 1111 0662 00       		.sleb128 0
 1112 0663 00       		.byte	0
 1113 0664 00       		.byte	0
 1114 0665 18       		.uleb128 0x18
 1115 0666 BB000000 		.4byte	0xbb
 1116 066a 75060000 		.4byte	0x675
 1117 066e 19       		.uleb128 0x19
 1118 066f 00010000 		.4byte	0x100
 1119 0673 7F       		.byte	0x7f
 1120 0674 00       		.byte	0
 1121 0675 1A       		.uleb128 0x1a
 1122 0676 EC050000 		.4byte	.LASF97
 1123 067a 0A       		.byte	0xa
 1124 067b 40       		.byte	0x40
 1125 067c DF000000 		.4byte	0xdf
 1126 0680 1A       		.uleb128 0x1a
 1127 0681 F0010000 		.4byte	.LASF98
 1128 0685 0A       		.byte	0xa
 1129 0686 47       		.byte	0x47
 1130 0687 EA000000 		.4byte	0xea
 1131 068b 1A       		.uleb128 0x1a
 1132 068c 85040000 		.4byte	.LASF99
 1133 0690 0A       		.byte	0xa
 1134 0691 4A       		.byte	0x4a
 1135 0692 DF000000 		.4byte	0xdf
 1136 0696 1A       		.uleb128 0x1a
 1137 0697 82030000 		.4byte	.LASF100
 1138 069b 0B       		.byte	0xb
 1139 069c 48       		.byte	0x48
 1140 069d F5000000 		.4byte	0xf5
 1141 06a1 1A       		.uleb128 0x1a
 1142 06a2 4F010000 		.4byte	.LASF101
 1143 06a6 0C       		.byte	0xc
 1144 06a7 44       		.byte	0x44
 1145 06a8 DF000000 		.4byte	0xdf
 1146 06ac 1B       		.uleb128 0x1b
 1147 06ad D3030000 		.4byte	.LASF102
 1148 06b1 0D       		.byte	0xd
 1149 06b2 1207     		.2byte	0x712
 1150 06b4 B8060000 		.4byte	0x6b8
 1151 06b8 1C       		.uleb128 0x1c
 1152 06b9 A2000000 		.4byte	0xa2
 1153 06bd 1D       		.uleb128 0x1d
 1154 06be E7020000 		.4byte	.LASF103
 1155 06c2 E7020000 		.4byte	.LASF103
 1156 06c6 0E       		.byte	0xe
 1157 06c7 E7       		.byte	0xe7
ARM GAS  C:\Users\Admin\AppData\Local\Temp\ccEDEXPN.s 			page 23


 1158 06c8 1E       		.uleb128 0x1e
 1159 06c9 6A000000 		.4byte	.LASF104
 1160 06cd 6A000000 		.4byte	.LASF104
 1161 06d1 07       		.byte	0x7
 1162 06d2 AC01     		.2byte	0x1ac
 1163 06d4 1E       		.uleb128 0x1e
 1164 06d5 F0040000 		.4byte	.LASF105
 1165 06d9 F0040000 		.4byte	.LASF105
 1166 06dd 07       		.byte	0x7
 1167 06de 8A01     		.2byte	0x18a
 1168 06e0 1D       		.uleb128 0x1d
 1169 06e1 2D020000 		.4byte	.LASF106
 1170 06e5 2D020000 		.4byte	.LASF106
 1171 06e9 07       		.byte	0x7
 1172 06ea 98       		.byte	0x98
 1173 06eb 1D       		.uleb128 0x1d
 1174 06ec 7A040000 		.4byte	.LASF107
 1175 06f0 7A040000 		.4byte	.LASF107
 1176 06f4 07       		.byte	0x7
 1177 06f5 92       		.byte	0x92
 1178 06f6 1E       		.uleb128 0x1e
 1179 06f7 29040000 		.4byte	.LASF108
 1180 06fb 29040000 		.4byte	.LASF108
 1181 06ff 07       		.byte	0x7
 1182 0700 7501     		.2byte	0x175
 1183 0702 1D       		.uleb128 0x1d
 1184 0703 73010000 		.4byte	.LASF109
 1185 0707 73010000 		.4byte	.LASF109
 1186 070b 07       		.byte	0x7
 1187 070c B9       		.byte	0xb9
 1188 070d 00       		.byte	0
 1189              		.section	.debug_abbrev,"",%progbits
 1190              	.Ldebug_abbrev0:
 1191 0000 01       		.uleb128 0x1
 1192 0001 11       		.uleb128 0x11
 1193 0002 01       		.byte	0x1
 1194 0003 25       		.uleb128 0x25
 1195 0004 0E       		.uleb128 0xe
 1196 0005 13       		.uleb128 0x13
 1197 0006 0B       		.uleb128 0xb
 1198 0007 03       		.uleb128 0x3
 1199 0008 0E       		.uleb128 0xe
 1200 0009 1B       		.uleb128 0x1b
 1201 000a 0E       		.uleb128 0xe
 1202 000b 55       		.uleb128 0x55
 1203 000c 17       		.uleb128 0x17
 1204 000d 11       		.uleb128 0x11
 1205 000e 01       		.uleb128 0x1
 1206 000f 10       		.uleb128 0x10
 1207 0010 17       		.uleb128 0x17
 1208 0011 00       		.byte	0
 1209 0012 00       		.byte	0
 1210 0013 02       		.uleb128 0x2
 1211 0014 24       		.uleb128 0x24
 1212 0015 00       		.byte	0
 1213 0016 0B       		.uleb128 0xb
 1214 0017 0B       		.uleb128 0xb
ARM GAS  C:\Users\Admin\AppData\Local\Temp\ccEDEXPN.s 			page 24


 1215 0018 3E       		.uleb128 0x3e
 1216 0019 0B       		.uleb128 0xb
 1217 001a 03       		.uleb128 0x3
 1218 001b 0E       		.uleb128 0xe
 1219 001c 00       		.byte	0
 1220 001d 00       		.byte	0
 1221 001e 03       		.uleb128 0x3
 1222 001f 24       		.uleb128 0x24
 1223 0020 00       		.byte	0
 1224 0021 0B       		.uleb128 0xb
 1225 0022 0B       		.uleb128 0xb
 1226 0023 3E       		.uleb128 0x3e
 1227 0024 0B       		.uleb128 0xb
 1228 0025 03       		.uleb128 0x3
 1229 0026 08       		.uleb128 0x8
 1230 0027 00       		.byte	0
 1231 0028 00       		.byte	0
 1232 0029 04       		.uleb128 0x4
 1233 002a 16       		.uleb128 0x16
 1234 002b 00       		.byte	0
 1235 002c 03       		.uleb128 0x3
 1236 002d 0E       		.uleb128 0xe
 1237 002e 3A       		.uleb128 0x3a
 1238 002f 0B       		.uleb128 0xb
 1239 0030 3B       		.uleb128 0x3b
 1240 0031 0B       		.uleb128 0xb
 1241 0032 49       		.uleb128 0x49
 1242 0033 13       		.uleb128 0x13
 1243 0034 00       		.byte	0
 1244 0035 00       		.byte	0
 1245 0036 05       		.uleb128 0x5
 1246 0037 04       		.uleb128 0x4
 1247 0038 01       		.byte	0x1
 1248 0039 0B       		.uleb128 0xb
 1249 003a 0B       		.uleb128 0xb
 1250 003b 49       		.uleb128 0x49
 1251 003c 13       		.uleb128 0x13
 1252 003d 3A       		.uleb128 0x3a
 1253 003e 0B       		.uleb128 0xb
 1254 003f 3B       		.uleb128 0x3b
 1255 0040 0B       		.uleb128 0xb
 1256 0041 01       		.uleb128 0x1
 1257 0042 13       		.uleb128 0x13
 1258 0043 00       		.byte	0
 1259 0044 00       		.byte	0
 1260 0045 06       		.uleb128 0x6
 1261 0046 28       		.uleb128 0x28
 1262 0047 00       		.byte	0
 1263 0048 03       		.uleb128 0x3
 1264 0049 0E       		.uleb128 0xe
 1265 004a 1C       		.uleb128 0x1c
 1266 004b 0B       		.uleb128 0xb
 1267 004c 00       		.byte	0
 1268 004d 00       		.byte	0
 1269 004e 07       		.uleb128 0x7
 1270 004f 28       		.uleb128 0x28
 1271 0050 00       		.byte	0
ARM GAS  C:\Users\Admin\AppData\Local\Temp\ccEDEXPN.s 			page 25


 1272 0051 03       		.uleb128 0x3
 1273 0052 0E       		.uleb128 0xe
 1274 0053 1C       		.uleb128 0x1c
 1275 0054 0D       		.uleb128 0xd
 1276 0055 00       		.byte	0
 1277 0056 00       		.byte	0
 1278 0057 08       		.uleb128 0x8
 1279 0058 28       		.uleb128 0x28
 1280 0059 00       		.byte	0
 1281 005a 03       		.uleb128 0x3
 1282 005b 0E       		.uleb128 0xe
 1283 005c 1C       		.uleb128 0x1c
 1284 005d 05       		.uleb128 0x5
 1285 005e 00       		.byte	0
 1286 005f 00       		.byte	0
 1287 0060 09       		.uleb128 0x9
 1288 0061 28       		.uleb128 0x28
 1289 0062 00       		.byte	0
 1290 0063 03       		.uleb128 0x3
 1291 0064 08       		.uleb128 0x8
 1292 0065 1C       		.uleb128 0x1c
 1293 0066 0B       		.uleb128 0xb
 1294 0067 00       		.byte	0
 1295 0068 00       		.byte	0
 1296 0069 0A       		.uleb128 0xa
 1297 006a 13       		.uleb128 0x13
 1298 006b 01       		.byte	0x1
 1299 006c 0B       		.uleb128 0xb
 1300 006d 0B       		.uleb128 0xb
 1301 006e 3A       		.uleb128 0x3a
 1302 006f 0B       		.uleb128 0xb
 1303 0070 3B       		.uleb128 0x3b
 1304 0071 0B       		.uleb128 0xb
 1305 0072 01       		.uleb128 0x1
 1306 0073 13       		.uleb128 0x13
 1307 0074 00       		.byte	0
 1308 0075 00       		.byte	0
 1309 0076 0B       		.uleb128 0xb
 1310 0077 0D       		.uleb128 0xd
 1311 0078 00       		.byte	0
 1312 0079 03       		.uleb128 0x3
 1313 007a 0E       		.uleb128 0xe
 1314 007b 3A       		.uleb128 0x3a
 1315 007c 0B       		.uleb128 0xb
 1316 007d 3B       		.uleb128 0x3b
 1317 007e 0B       		.uleb128 0xb
 1318 007f 49       		.uleb128 0x49
 1319 0080 13       		.uleb128 0x13
 1320 0081 38       		.uleb128 0x38
 1321 0082 0B       		.uleb128 0xb
 1322 0083 00       		.byte	0
 1323 0084 00       		.byte	0
 1324 0085 0C       		.uleb128 0xc
 1325 0086 0F       		.uleb128 0xf
 1326 0087 00       		.byte	0
 1327 0088 0B       		.uleb128 0xb
 1328 0089 0B       		.uleb128 0xb
ARM GAS  C:\Users\Admin\AppData\Local\Temp\ccEDEXPN.s 			page 26


 1329 008a 49       		.uleb128 0x49
 1330 008b 13       		.uleb128 0x13
 1331 008c 00       		.byte	0
 1332 008d 00       		.byte	0
 1333 008e 0D       		.uleb128 0xd
 1334 008f 26       		.uleb128 0x26
 1335 0090 00       		.byte	0
 1336 0091 49       		.uleb128 0x49
 1337 0092 13       		.uleb128 0x13
 1338 0093 00       		.byte	0
 1339 0094 00       		.byte	0
 1340 0095 0E       		.uleb128 0xe
 1341 0096 2E       		.uleb128 0x2e
 1342 0097 01       		.byte	0x1
 1343 0098 3F       		.uleb128 0x3f
 1344 0099 19       		.uleb128 0x19
 1345 009a 03       		.uleb128 0x3
 1346 009b 0E       		.uleb128 0xe
 1347 009c 3A       		.uleb128 0x3a
 1348 009d 0B       		.uleb128 0xb
 1349 009e 3B       		.uleb128 0x3b
 1350 009f 0B       		.uleb128 0xb
 1351 00a0 27       		.uleb128 0x27
 1352 00a1 19       		.uleb128 0x19
 1353 00a2 49       		.uleb128 0x49
 1354 00a3 13       		.uleb128 0x13
 1355 00a4 11       		.uleb128 0x11
 1356 00a5 01       		.uleb128 0x1
 1357 00a6 12       		.uleb128 0x12
 1358 00a7 06       		.uleb128 0x6
 1359 00a8 40       		.uleb128 0x40
 1360 00a9 18       		.uleb128 0x18
 1361 00aa 9742     		.uleb128 0x2117
 1362 00ac 19       		.uleb128 0x19
 1363 00ad 01       		.uleb128 0x1
 1364 00ae 13       		.uleb128 0x13
 1365 00af 00       		.byte	0
 1366 00b0 00       		.byte	0
 1367 00b1 0F       		.uleb128 0xf
 1368 00b2 05       		.uleb128 0x5
 1369 00b3 00       		.byte	0
 1370 00b4 03       		.uleb128 0x3
 1371 00b5 0E       		.uleb128 0xe
 1372 00b6 3A       		.uleb128 0x3a
 1373 00b7 0B       		.uleb128 0xb
 1374 00b8 3B       		.uleb128 0x3b
 1375 00b9 0B       		.uleb128 0xb
 1376 00ba 49       		.uleb128 0x49
 1377 00bb 13       		.uleb128 0x13
 1378 00bc 02       		.uleb128 0x2
 1379 00bd 17       		.uleb128 0x17
 1380 00be 00       		.byte	0
 1381 00bf 00       		.byte	0
 1382 00c0 10       		.uleb128 0x10
 1383 00c1 34       		.uleb128 0x34
 1384 00c2 00       		.byte	0
 1385 00c3 03       		.uleb128 0x3
ARM GAS  C:\Users\Admin\AppData\Local\Temp\ccEDEXPN.s 			page 27


 1386 00c4 0E       		.uleb128 0xe
 1387 00c5 3A       		.uleb128 0x3a
 1388 00c6 0B       		.uleb128 0xb
 1389 00c7 3B       		.uleb128 0x3b
 1390 00c8 0B       		.uleb128 0xb
 1391 00c9 49       		.uleb128 0x49
 1392 00ca 13       		.uleb128 0x13
 1393 00cb 02       		.uleb128 0x2
 1394 00cc 17       		.uleb128 0x17
 1395 00cd 00       		.byte	0
 1396 00ce 00       		.byte	0
 1397 00cf 11       		.uleb128 0x11
 1398 00d0 34       		.uleb128 0x34
 1399 00d1 00       		.byte	0
 1400 00d2 03       		.uleb128 0x3
 1401 00d3 0E       		.uleb128 0xe
 1402 00d4 3A       		.uleb128 0x3a
 1403 00d5 0B       		.uleb128 0xb
 1404 00d6 3B       		.uleb128 0x3b
 1405 00d7 0B       		.uleb128 0xb
 1406 00d8 49       		.uleb128 0x49
 1407 00d9 13       		.uleb128 0x13
 1408 00da 02       		.uleb128 0x2
 1409 00db 18       		.uleb128 0x18
 1410 00dc 00       		.byte	0
 1411 00dd 00       		.byte	0
 1412 00de 12       		.uleb128 0x12
 1413 00df 34       		.uleb128 0x34
 1414 00e0 00       		.byte	0
 1415 00e1 03       		.uleb128 0x3
 1416 00e2 0E       		.uleb128 0xe
 1417 00e3 3A       		.uleb128 0x3a
 1418 00e4 0B       		.uleb128 0xb
 1419 00e5 3B       		.uleb128 0x3b
 1420 00e6 0B       		.uleb128 0xb
 1421 00e7 49       		.uleb128 0x49
 1422 00e8 13       		.uleb128 0x13
 1423 00e9 1C       		.uleb128 0x1c
 1424 00ea 0B       		.uleb128 0xb
 1425 00eb 00       		.byte	0
 1426 00ec 00       		.byte	0
 1427 00ed 13       		.uleb128 0x13
 1428 00ee 0B       		.uleb128 0xb
 1429 00ef 01       		.byte	0x1
 1430 00f0 11       		.uleb128 0x11
 1431 00f1 01       		.uleb128 0x1
 1432 00f2 12       		.uleb128 0x12
 1433 00f3 06       		.uleb128 0x6
 1434 00f4 01       		.uleb128 0x1
 1435 00f5 13       		.uleb128 0x13
 1436 00f6 00       		.byte	0
 1437 00f7 00       		.byte	0
 1438 00f8 14       		.uleb128 0x14
 1439 00f9 898201   		.uleb128 0x4109
 1440 00fc 01       		.byte	0x1
 1441 00fd 11       		.uleb128 0x11
 1442 00fe 01       		.uleb128 0x1
ARM GAS  C:\Users\Admin\AppData\Local\Temp\ccEDEXPN.s 			page 28


 1443 00ff 31       		.uleb128 0x31
 1444 0100 13       		.uleb128 0x13
 1445 0101 01       		.uleb128 0x1
 1446 0102 13       		.uleb128 0x13
 1447 0103 00       		.byte	0
 1448 0104 00       		.byte	0
 1449 0105 15       		.uleb128 0x15
 1450 0106 8A8201   		.uleb128 0x410a
 1451 0109 00       		.byte	0
 1452 010a 02       		.uleb128 0x2
 1453 010b 18       		.uleb128 0x18
 1454 010c 9142     		.uleb128 0x2111
 1455 010e 18       		.uleb128 0x18
 1456 010f 00       		.byte	0
 1457 0110 00       		.byte	0
 1458 0111 16       		.uleb128 0x16
 1459 0112 898201   		.uleb128 0x4109
 1460 0115 01       		.byte	0x1
 1461 0116 11       		.uleb128 0x11
 1462 0117 01       		.uleb128 0x1
 1463 0118 31       		.uleb128 0x31
 1464 0119 13       		.uleb128 0x13
 1465 011a 00       		.byte	0
 1466 011b 00       		.byte	0
 1467 011c 17       		.uleb128 0x17
 1468 011d 898201   		.uleb128 0x4109
 1469 0120 00       		.byte	0
 1470 0121 11       		.uleb128 0x11
 1471 0122 01       		.uleb128 0x1
 1472 0123 31       		.uleb128 0x31
 1473 0124 13       		.uleb128 0x13
 1474 0125 00       		.byte	0
 1475 0126 00       		.byte	0
 1476 0127 18       		.uleb128 0x18
 1477 0128 01       		.uleb128 0x1
 1478 0129 01       		.byte	0x1
 1479 012a 49       		.uleb128 0x49
 1480 012b 13       		.uleb128 0x13
 1481 012c 01       		.uleb128 0x1
 1482 012d 13       		.uleb128 0x13
 1483 012e 00       		.byte	0
 1484 012f 00       		.byte	0
 1485 0130 19       		.uleb128 0x19
 1486 0131 21       		.uleb128 0x21
 1487 0132 00       		.byte	0
 1488 0133 49       		.uleb128 0x49
 1489 0134 13       		.uleb128 0x13
 1490 0135 2F       		.uleb128 0x2f
 1491 0136 0B       		.uleb128 0xb
 1492 0137 00       		.byte	0
 1493 0138 00       		.byte	0
 1494 0139 1A       		.uleb128 0x1a
 1495 013a 34       		.uleb128 0x34
 1496 013b 00       		.byte	0
 1497 013c 03       		.uleb128 0x3
 1498 013d 0E       		.uleb128 0xe
 1499 013e 3A       		.uleb128 0x3a
ARM GAS  C:\Users\Admin\AppData\Local\Temp\ccEDEXPN.s 			page 29


 1500 013f 0B       		.uleb128 0xb
 1501 0140 3B       		.uleb128 0x3b
 1502 0141 0B       		.uleb128 0xb
 1503 0142 49       		.uleb128 0x49
 1504 0143 13       		.uleb128 0x13
 1505 0144 3F       		.uleb128 0x3f
 1506 0145 19       		.uleb128 0x19
 1507 0146 3C       		.uleb128 0x3c
 1508 0147 19       		.uleb128 0x19
 1509 0148 00       		.byte	0
 1510 0149 00       		.byte	0
 1511 014a 1B       		.uleb128 0x1b
 1512 014b 34       		.uleb128 0x34
 1513 014c 00       		.byte	0
 1514 014d 03       		.uleb128 0x3
 1515 014e 0E       		.uleb128 0xe
 1516 014f 3A       		.uleb128 0x3a
 1517 0150 0B       		.uleb128 0xb
 1518 0151 3B       		.uleb128 0x3b
 1519 0152 05       		.uleb128 0x5
 1520 0153 49       		.uleb128 0x49
 1521 0154 13       		.uleb128 0x13
 1522 0155 3F       		.uleb128 0x3f
 1523 0156 19       		.uleb128 0x19
 1524 0157 3C       		.uleb128 0x3c
 1525 0158 19       		.uleb128 0x19
 1526 0159 00       		.byte	0
 1527 015a 00       		.byte	0
 1528 015b 1C       		.uleb128 0x1c
 1529 015c 35       		.uleb128 0x35
 1530 015d 00       		.byte	0
 1531 015e 49       		.uleb128 0x49
 1532 015f 13       		.uleb128 0x13
 1533 0160 00       		.byte	0
 1534 0161 00       		.byte	0
 1535 0162 1D       		.uleb128 0x1d
 1536 0163 2E       		.uleb128 0x2e
 1537 0164 00       		.byte	0
 1538 0165 3F       		.uleb128 0x3f
 1539 0166 19       		.uleb128 0x19
 1540 0167 3C       		.uleb128 0x3c
 1541 0168 19       		.uleb128 0x19
 1542 0169 6E       		.uleb128 0x6e
 1543 016a 0E       		.uleb128 0xe
 1544 016b 03       		.uleb128 0x3
 1545 016c 0E       		.uleb128 0xe
 1546 016d 3A       		.uleb128 0x3a
 1547 016e 0B       		.uleb128 0xb
 1548 016f 3B       		.uleb128 0x3b
 1549 0170 0B       		.uleb128 0xb
 1550 0171 00       		.byte	0
 1551 0172 00       		.byte	0
 1552 0173 1E       		.uleb128 0x1e
 1553 0174 2E       		.uleb128 0x2e
 1554 0175 00       		.byte	0
 1555 0176 3F       		.uleb128 0x3f
 1556 0177 19       		.uleb128 0x19
ARM GAS  C:\Users\Admin\AppData\Local\Temp\ccEDEXPN.s 			page 30


 1557 0178 3C       		.uleb128 0x3c
 1558 0179 19       		.uleb128 0x19
 1559 017a 6E       		.uleb128 0x6e
 1560 017b 0E       		.uleb128 0xe
 1561 017c 03       		.uleb128 0x3
 1562 017d 0E       		.uleb128 0xe
 1563 017e 3A       		.uleb128 0x3a
 1564 017f 0B       		.uleb128 0xb
 1565 0180 3B       		.uleb128 0x3b
 1566 0181 05       		.uleb128 0x5
 1567 0182 00       		.byte	0
 1568 0183 00       		.byte	0
 1569 0184 00       		.byte	0
 1570              		.section	.debug_loc,"",%progbits
 1571              	.Ldebug_loc0:
 1572              	.LLST0:
 1573 0000 00000000 		.4byte	.LVL0
 1574 0004 12000000 		.4byte	.LVL4
 1575 0008 0100     		.2byte	0x1
 1576 000a 50       		.byte	0x50
 1577 000b 12000000 		.4byte	.LVL4
 1578 000f D2000000 		.4byte	.LVL27
 1579 0013 0100     		.2byte	0x1
 1580 0015 54       		.byte	0x54
 1581 0016 D2000000 		.4byte	.LVL27
 1582 001a 2C010000 		.4byte	.LFE144
 1583 001e 0400     		.2byte	0x4
 1584 0020 F3       		.byte	0xf3
 1585 0021 01       		.uleb128 0x1
 1586 0022 50       		.byte	0x50
 1587 0023 9F       		.byte	0x9f
 1588 0024 00000000 		.4byte	0
 1589 0028 00000000 		.4byte	0
 1590              	.LLST1:
 1591 002c 0A000000 		.4byte	.LVL1
 1592 0030 84000000 		.4byte	.LVL16
 1593 0034 0100     		.2byte	0x1
 1594 0036 55       		.byte	0x55
 1595 0037 00000000 		.4byte	0
 1596 003b 00000000 		.4byte	0
 1597              	.LLST2:
 1598 003f 0E000000 		.4byte	.LVL2
 1599 0043 14010000 		.4byte	.LVL33
 1600 0047 0100     		.2byte	0x1
 1601 0049 58       		.byte	0x58
 1602 004a 00000000 		.4byte	0
 1603 004e 00000000 		.4byte	0
 1604              	.LLST3:
 1605 0052 10000000 		.4byte	.LVL3
 1606 0056 BA000000 		.4byte	.LVL23
 1607 005a 0100     		.2byte	0x1
 1608 005c 57       		.byte	0x57
 1609 005d 00000000 		.4byte	0
 1610 0061 00000000 		.4byte	0
 1611              	.LLST4:
 1612 0065 60000000 		.4byte	.LVL11
 1613 0069 70000000 		.4byte	.LVL12
ARM GAS  C:\Users\Admin\AppData\Local\Temp\ccEDEXPN.s 			page 31


 1614 006d 0300     		.2byte	0x3
 1615 006f 08       		.byte	0x8
 1616 0070 3A       		.byte	0x3a
 1617 0071 9F       		.byte	0x9f
 1618 0072 70000000 		.4byte	.LVL12
 1619 0076 78000000 		.4byte	.LVL13
 1620 007a 0300     		.2byte	0x3
 1621 007c 08       		.byte	0x8
 1622 007d 20       		.byte	0x20
 1623 007e 9F       		.byte	0x9f
 1624 007f 78000000 		.4byte	.LVL13
 1625 0083 BC000000 		.4byte	.LVL24
 1626 0087 0100     		.2byte	0x1
 1627 0089 56       		.byte	0x56
 1628 008a 00000000 		.4byte	0
 1629 008e 00000000 		.4byte	0
 1630              	.LLST5:
 1631 0092 B8000000 		.4byte	.LVL22
 1632 0096 14010000 		.4byte	.LVL33
 1633 009a 0100     		.2byte	0x1
 1634 009c 55       		.byte	0x55
 1635 009d 00000000 		.4byte	0
 1636 00a1 00000000 		.4byte	0
 1637              	.LLST6:
 1638 00a5 BA000000 		.4byte	.LVL23
 1639 00a9 14010000 		.4byte	.LVL33
 1640 00ad 0100     		.2byte	0x1
 1641 00af 57       		.byte	0x57
 1642 00b0 00000000 		.4byte	0
 1643 00b4 00000000 		.4byte	0
 1644              	.LLST7:
 1645 00b8 BC000000 		.4byte	.LVL24
 1646 00bc 14010000 		.4byte	.LVL33
 1647 00c0 0100     		.2byte	0x1
 1648 00c2 56       		.byte	0x56
 1649 00c3 00000000 		.4byte	0
 1650 00c7 00000000 		.4byte	0
 1651              		.section	.debug_aranges,"",%progbits
 1652 0000 1C000000 		.4byte	0x1c
 1653 0004 0200     		.2byte	0x2
 1654 0006 00000000 		.4byte	.Ldebug_info0
 1655 000a 04       		.byte	0x4
 1656 000b 00       		.byte	0
 1657 000c 0000     		.2byte	0
 1658 000e 0000     		.2byte	0
 1659 0010 00000000 		.4byte	.LFB144
 1660 0014 2C010000 		.4byte	.LFE144-.LFB144
 1661 0018 00000000 		.4byte	0
 1662 001c 00000000 		.4byte	0
 1663              		.section	.debug_ranges,"",%progbits
 1664              	.Ldebug_ranges0:
 1665 0000 00000000 		.4byte	.LFB144
 1666 0004 2C010000 		.4byte	.LFE144
 1667 0008 00000000 		.4byte	0
 1668 000c 00000000 		.4byte	0
 1669              		.section	.debug_line,"",%progbits
 1670              	.Ldebug_line0:
ARM GAS  C:\Users\Admin\AppData\Local\Temp\ccEDEXPN.s 			page 32


 1671 0000 AE020000 		.section	.debug_str,"MS",%progbits,1
 1671      02007D02 
 1671      00000201 
 1671      FB0E0D00 
 1671      01010101 
 1672              	.LASF75:
 1673 0000 4E4F4E45 		.ascii	"NONE\000"
 1673      00
 1674              	.LASF21:
 1675 0005 45455F55 		.ascii	"EE_UREG\000"
 1675      52454700 
 1676              	.LASF25:
 1677 000d 52435F53 		.ascii	"RC_SUCCESS\000"
 1677      55434345 
 1677      535300
 1678              	.LASF92:
 1679 0018 626C696E 		.ascii	"blinker_count\000"
 1679      6B65725F 
 1679      636F756E 
 1679      7400
 1680              	.LASF40:
 1681 0026 52435F45 		.ascii	"RC_ERROR_WRITE_ONLY\000"
 1681      52524F52 
 1681      5F575249 
 1681      54455F4F 
 1681      4E4C5900 
 1682              	.LASF4:
 1683 003a 73686F72 		.ascii	"short int\000"
 1683      7420696E 
 1683      7400
 1684              	.LASF31:
 1685 0044 52435F45 		.ascii	"RC_ERROR_OVERRUN\000"
 1685      52524F52 
 1685      5F4F5645 
 1685      5252554E 
 1685      00
 1686              	.LASF43:
 1687 0055 52435F45 		.ascii	"RC_ERROR_WRITE_FAILS\000"
 1687      52524F52 
 1687      5F575249 
 1687      54455F46 
 1687      41494C53 
 1688              	.LASF104:
 1689 006a 5446545F 		.ascii	"TFT_print\000"
 1689      7072696E 
 1689      7400
 1690              	.LASF24:
 1691 0074 73697A65 		.ascii	"sizetype\000"
 1691      74797065 
 1691      00
 1692              	.LASF113:
 1693 007d 53435F44 		.ascii	"SC_DISPLAY_driverOut\000"
 1693      4953504C 
 1693      41595F64 
 1693      72697665 
 1693      724F7574 
 1694              	.LASF28:
ARM GAS  C:\Users\Admin\AppData\Local\Temp\ccEDEXPN.s 			page 33


 1695 0092 52435F45 		.ascii	"RC_ERROR_ZERO\000"
 1695      52524F52 
 1695      5F5A4552 
 1695      4F00
 1696              	.LASF22:
 1697 00a0 45455F46 		.ascii	"EE_FREG\000"
 1697      52454700 
 1698              	.LASF18:
 1699 00a8 6C6F6E67 		.ascii	"long double\000"
 1699      20646F75 
 1699      626C6500 
 1700              	.LASF78:
 1701 00b4 62675F63 		.ascii	"bg_colour\000"
 1701      6F6C6F75 
 1701      7200
 1702              	.LASF68:
 1703 00be 4C494748 		.ascii	"LIGHTGREEN\000"
 1703      54475245 
 1703      454E00
 1704              	.LASF93:
 1705 00c9 6C6F6361 		.ascii	"local_minute_value\000"
 1705      6C5F6D69 
 1705      6E757465 
 1705      5F76616C 
 1705      756500
 1706              	.LASF6:
 1707 00dc 5F5F7569 		.ascii	"__uint16_t\000"
 1707      6E743136 
 1707      5F7400
 1708              	.LASF23:
 1709 00e7 45455F54 		.ascii	"EE_TID\000"
 1709      494400
 1710              	.LASF86:
 1711 00ee 53435F44 		.ascii	"SC_DISPLAY_data_t\000"
 1711      4953504C 
 1711      41595F64 
 1711      6174615F 
 1711      7400
 1712              	.LASF82:
 1713 0100 76616C75 		.ascii	"value\000"
 1713      6500
 1714              	.LASF57:
 1715 0106 47424C55 		.ascii	"GBLUE\000"
 1715      4500
 1716              	.LASF83:
 1717 010c 434C4F43 		.ascii	"CLOCK_display_t\000"
 1717      4B5F6469 
 1717      73706C61 
 1717      795F7400 
 1718              	.LASF12:
 1719 011c 75696E74 		.ascii	"uint8_t\000"
 1719      385F7400 
 1720              	.LASF48:
 1721 0124 52435F45 		.ascii	"RC_ERROR_INVALID_STATE\000"
 1721      52524F52 
 1721      5F494E56 
 1721      414C4944 
ARM GAS  C:\Users\Admin\AppData\Local\Temp\ccEDEXPN.s 			page 34


 1721      5F535441 
 1722              	.LASF61:
 1723 013b 59454C4C 		.ascii	"YELLOW\000"
 1723      4F5700
 1724              	.LASF94:
 1725 0142 62675F63 		.ascii	"bg_color_min\000"
 1725      6F6C6F72 
 1725      5F6D696E 
 1725      00
 1726              	.LASF101:
 1727 014f 45455F49 		.ascii	"EE_IRQ_nesting_level\000"
 1727      52515F6E 
 1727      65737469 
 1727      6E675F6C 
 1727      6576656C 
 1728              	.LASF56:
 1729 0164 47524544 		.ascii	"GRED\000"
 1729      00
 1730              	.LASF70:
 1731 0169 4C475241 		.ascii	"LGRAYBLUE\000"
 1731      59424C55 
 1731      4500
 1732              	.LASF109:
 1733 0173 5446545F 		.ascii	"TFT_setColors\000"
 1733      73657443 
 1733      6F6C6F72 
 1733      7300
 1734              	.LASF64:
 1735 0181 47524159 		.ascii	"GRAY\000"
 1735      00
 1736              	.LASF30:
 1737 0186 52435F45 		.ascii	"RC_ERROR_RANGE\000"
 1737      52524F52 
 1737      5F52414E 
 1737      474500
 1738              	.LASF77:
 1739 0195 77696467 		.ascii	"widget_colour\000"
 1739      65745F63 
 1739      6F6C6F75 
 1739      7200
 1740              	.LASF15:
 1741 01a3 666C6F61 		.ascii	"float\000"
 1741      7400
 1742              	.LASF69:
 1743 01a9 4C475241 		.ascii	"LGRAY\000"
 1743      5900
 1744              	.LASF1:
 1745 01af 756E7369 		.ascii	"unsigned int\000"
 1745      676E6564 
 1745      20696E74 
 1745      00
 1746              	.LASF50:
 1747 01bc 52435F45 		.ascii	"RC_ERROR_NOT_IMPLEMENTED\000"
 1747      52524F52 
 1747      5F4E4F54 
 1747      5F494D50 
 1747      4C454D45 
ARM GAS  C:\Users\Admin\AppData\Local\Temp\ccEDEXPN.s 			page 35


 1748              	.LASF11:
 1749 01d5 6C6F6E67 		.ascii	"long long int\000"
 1749      206C6F6E 
 1749      6720696E 
 1749      7400
 1750              	.LASF79:
 1751 01e3 434C4F43 		.ascii	"CLOCK_font_t\000"
 1751      4B5F666F 
 1751      6E745F74 
 1751      00
 1752              	.LASF98:
 1753 01f0 45455F6F 		.ascii	"EE_oo_IRQ_suspend_status\000"
 1753      6F5F4952 
 1753      515F7375 
 1753      7370656E 
 1753      645F7374 
 1754              	.LASF44:
 1755 0209 52435F45 		.ascii	"RC_ERROR_NOT_MATCH\000"
 1755      52524F52 
 1755      5F4E4F54 
 1755      5F4D4154 
 1755      434800
 1756              	.LASF49:
 1757 021c 52435F45 		.ascii	"RC_ERROR_UNKNOWN\000"
 1757      52524F52 
 1757      5F554E4B 
 1757      4E4F574E 
 1757      00
 1758              	.LASF106:
 1759 022d 5446545F 		.ascii	"TFT_width\000"
 1759      77696474 
 1759      6800
 1760              	.LASF9:
 1761 0237 6C6F6E67 		.ascii	"long int\000"
 1761      20696E74 
 1761      00
 1762              	.LASF32:
 1763 0240 52435F45 		.ascii	"RC_ERROR_UNDERRUN\000"
 1763      52524F52 
 1763      5F554E44 
 1763      45525255 
 1763      4E00
 1764              	.LASF35:
 1765 0252 52435F45 		.ascii	"RC_ERROR_BUSY\000"
 1765      52524F52 
 1765      5F425553 
 1765      5900
 1766              	.LASF60:
 1767 0260 4359414E 		.ascii	"CYAN\000"
 1767      00
 1768              	.LASF5:
 1769 0265 5F5F7569 		.ascii	"__uint8_t\000"
 1769      6E74385F 
 1769      7400
 1770              	.LASF41:
 1771 026f 52435F45 		.ascii	"RC_ERROR_INVALID\000"
 1771      52524F52 
ARM GAS  C:\Users\Admin\AppData\Local\Temp\ccEDEXPN.s 			page 36


 1771      5F494E56 
 1771      414C4944 
 1771      00
 1772              	.LASF66:
 1773 0280 4C494748 		.ascii	"LIGHTBLUE\000"
 1773      54424C55 
 1773      4500
 1774              	.LASF112:
 1775 028a 453A5C53 		.ascii	"E:\\Subjects\\EAA\\Lab\\Practice\\Lab2.cydsn\000"
 1775      75626A65 
 1775      6374735C 
 1775      4541415C 
 1775      4C61625C 
 1776              	.LASF111:
 1777 02b2 736F7572 		.ascii	"source\\rte\\sc_display_type.c\000"
 1777      63655C72 
 1777      74655C73 
 1777      635F6469 
 1777      73706C61 
 1778              	.LASF39:
 1779 02cf 52435F45 		.ascii	"RC_ERROR_READ_ONLY\000"
 1779      52524F52 
 1779      5F524541 
 1779      445F4F4E 
 1779      4C5900
 1780              	.LASF84:
 1781 02e2 686F7572 		.ascii	"hour\000"
 1781      00
 1782              	.LASF103:
 1783 02e7 73707269 		.ascii	"sprintf\000"
 1783      6E746600 
 1784              	.LASF3:
 1785 02ef 756E7369 		.ascii	"unsigned char\000"
 1785      676E6564 
 1785      20636861 
 1785      7200
 1786              	.LASF46:
 1787 02fd 52435F45 		.ascii	"RC_ERROR_BAD_DATA\000"
 1787      52524F52 
 1787      5F424144 
 1787      5F444154 
 1787      4100
 1788              	.LASF20:
 1789 030f 45455F55 		.ascii	"EE_UINT32\000"
 1789      494E5433 
 1789      3200
 1790              	.LASF2:
 1791 0319 7369676E 		.ascii	"signed char\000"
 1791      65642063 
 1791      68617200 
 1792              	.LASF0:
 1793 0325 6C6F6E67 		.ascii	"long long unsigned int\000"
 1793      206C6F6E 
 1793      6720756E 
 1793      7369676E 
 1793      65642069 
 1794              	.LASF72:
ARM GAS  C:\Users\Admin\AppData\Local\Temp\ccEDEXPN.s 			page 37


 1795 033c 5446545F 		.ascii	"TFT_colors_t\000"
 1795      636F6C6F 
 1795      72735F74 
 1795      00
 1796              	.LASF53:
 1797 0349 424C4143 		.ascii	"BLACK\000"
 1797      4B00
 1798              	.LASF88:
 1799 034f 62675F63 		.ascii	"bg_color_hour\000"
 1799      6F6C6F72 
 1799      5F686F75 
 1799      7200
 1800              	.LASF37:
 1801 035d 52435F45 		.ascii	"RC_ERROR_OPEN\000"
 1801      52524F52 
 1801      5F4F5045 
 1801      4E00
 1802              	.LASF13:
 1803 036b 75696E74 		.ascii	"uint16_t\000"
 1803      31365F74 
 1803      00
 1804              	.LASF27:
 1805 0374 52435F45 		.ascii	"RC_ERROR_NULL\000"
 1805      52524F52 
 1805      5F4E554C 
 1805      4C00
 1806              	.LASF100:
 1807 0382 45455F73 		.ascii	"EE_std_endcycle_next_tid\000"
 1807      74645F65 
 1807      6E646379 
 1807      636C655F 
 1807      6E657874 
 1808              	.LASF19:
 1809 039b 45455F49 		.ascii	"EE_INT32\000"
 1809      4E543332 
 1809      00
 1810              	.LASF67:
 1811 03a4 47524159 		.ascii	"GRAYBLUE\000"
 1811      424C5545 
 1811      00
 1812              	.LASF7:
 1813 03ad 73686F72 		.ascii	"short unsigned int\000"
 1813      7420756E 
 1813      7369676E 
 1813      65642069 
 1813      6E7400
 1814              	.LASF95:
 1815 03c0 7478745F 		.ascii	"txt_color_min\000"
 1815      636F6C6F 
 1815      725F6D69 
 1815      6E00
 1816              	.LASF17:
 1817 03ce 63686172 		.ascii	"char\000"
 1817      00
 1818              	.LASF102:
 1819 03d3 49544D5F 		.ascii	"ITM_RxBuffer\000"
 1819      52784275 
ARM GAS  C:\Users\Admin\AppData\Local\Temp\ccEDEXPN.s 			page 38


 1819      66666572 
 1819      00
 1820              	.LASF29:
 1821 03e0 52435F45 		.ascii	"RC_ERROR_MEMORY\000"
 1821      52524F52 
 1821      5F4D454D 
 1821      4F525900 
 1822              	.LASF33:
 1823 03f0 52435F45 		.ascii	"RC_ERROR_BUFFER_FULL\000"
 1823      52524F52 
 1823      5F425546 
 1823      4645525F 
 1823      46554C4C 
 1824              	.LASF14:
 1825 0405 696E7433 		.ascii	"int32_t\000"
 1825      325F7400 
 1826              	.LASF52:
 1827 040d 57484954 		.ascii	"WHITE\000"
 1827      4500
 1828              	.LASF8:
 1829 0413 5F5F696E 		.ascii	"__int32_t\000"
 1829      7433325F 
 1829      7400
 1830              	.LASF80:
 1831 041d 77696467 		.ascii	"widget_type\000"
 1831      65745F74 
 1831      79706500 
 1832              	.LASF108:
 1833 0429 5446545F 		.ascii	"TFT_setCursor\000"
 1833      73657443 
 1833      7572736F 
 1833      7200
 1834              	.LASF42:
 1835 0437 52435F45 		.ascii	"RC_ERROR_READ_FAILS\000"
 1835      52524F52 
 1835      5F524541 
 1835      445F4641 
 1835      494C5300 
 1836              	.LASF45:
 1837 044b 52435F45 		.ascii	"RC_ERROR_BAD_PARAM\000"
 1837      52524F52 
 1837      5F424144 
 1837      5F504152 
 1837      414D00
 1838              	.LASF26:
 1839 045e 52435F45 		.ascii	"RC_ERROR\000"
 1839      52524F52 
 1839      00
 1840              	.LASF114:
 1841 0467 64617461 		.ascii	"data\000"
 1841      00
 1842              	.LASF71:
 1843 046c 4C42424C 		.ascii	"LBBLUE\000"
 1843      554500
 1844              	.LASF85:
 1845 0473 6D696E75 		.ascii	"minute\000"
 1845      746500
ARM GAS  C:\Users\Admin\AppData\Local\Temp\ccEDEXPN.s 			page 39


 1846              	.LASF107:
 1847 047a 5446545F 		.ascii	"TFT_height\000"
 1847      68656967 
 1847      687400
 1848              	.LASF99:
 1849 0485 45455F41 		.ascii	"EE_ApplicationMode\000"
 1849      70706C69 
 1849      63617469 
 1849      6F6E4D6F 
 1849      646500
 1850              	.LASF10:
 1851 0498 6C6F6E67 		.ascii	"long unsigned int\000"
 1851      20756E73 
 1851      69676E65 
 1851      6420696E 
 1851      7400
 1852              	.LASF63:
 1853 04aa 42525245 		.ascii	"BRRED\000"
 1853      4400
 1854              	.LASF16:
 1855 04b0 646F7562 		.ascii	"double\000"
 1855      6C6500
 1856              	.LASF58:
 1857 04b7 4D414745 		.ascii	"MAGENTA\000"
 1857      4E544100 
 1858              	.LASF38:
 1859 04bf 52435F45 		.ascii	"RC_ERROR_CHECKSUM\000"
 1859      52524F52 
 1859      5F434845 
 1859      434B5355 
 1859      4D00
 1860              	.LASF90:
 1861 04d1 626C696E 		.ascii	"blinker\000"
 1861      6B657200 
 1862              	.LASF65:
 1863 04d9 4441524B 		.ascii	"DARKBLUE\000"
 1863      424C5545 
 1863      00
 1864              	.LASF96:
 1865 04e2 7466745F 		.ascii	"tft_buf\000"
 1865      62756600 
 1866              	.LASF62:
 1867 04ea 42524F57 		.ascii	"BROWN\000"
 1867      4E00
 1868              	.LASF105:
 1869 04f0 5446545F 		.ascii	"TFT_setTextSize\000"
 1869      73657454 
 1869      65787453 
 1869      697A6500 
 1870              	.LASF47:
 1871 0500 52435F45 		.ascii	"RC_ERROR_CANCELED\000"
 1871      52524F52 
 1871      5F43414E 
 1871      43454C45 
 1871      4400
 1872              	.LASF73:
 1873 0512 434C4F43 		.ascii	"CLOCK_HOURWIDGET\000"
ARM GAS  C:\Users\Admin\AppData\Local\Temp\ccEDEXPN.s 			page 40


 1873      4B5F484F 
 1873      55525749 
 1873      44474554 
 1873      00
 1874              	.LASF89:
 1875 0523 7478745F 		.ascii	"txt_color_hour\000"
 1875      636F6C6F 
 1875      725F686F 
 1875      757200
 1876              	.LASF74:
 1877 0532 434C4F43 		.ascii	"CLOCK_MINWIDGET\000"
 1877      4B5F4D49 
 1877      4E574944 
 1877      47455400 
 1878              	.LASF110:
 1879 0542 474E5520 		.ascii	"GNU C11 5.4.1 20160609 (release) [ARM/embedded-5-br"
 1879      43313120 
 1879      352E342E 
 1879      31203230 
 1879      31363036 
 1880 0575 616E6368 		.ascii	"anch revision 237715] -mcpu=cortex-m3 -mthumb -g -O"
 1880      20726576 
 1880      6973696F 
 1880      6E203233 
 1880      37373135 
 1881 05a8 67202D66 		.ascii	"g -ffunction-sections -ffat-lto-objects\000"
 1881      66756E63 
 1881      74696F6E 
 1881      2D736563 
 1881      74696F6E 
 1882              	.LASF59:
 1883 05d0 47524545 		.ascii	"GREEN\000"
 1883      4E00
 1884              	.LASF87:
 1885 05d6 6C6F6361 		.ascii	"local_hour_value\000"
 1885      6C5F686F 
 1885      75725F76 
 1885      616C7565 
 1885      00
 1886              	.LASF54:
 1887 05e7 424C5545 		.ascii	"BLUE\000"
 1887      00
 1888              	.LASF97:
 1889 05ec 45455F6F 		.ascii	"EE_oo_IRQ_disable_count\000"
 1889      6F5F4952 
 1889      515F6469 
 1889      7361626C 
 1889      655F636F 
 1890              	.LASF91:
 1891 0604 746F6767 		.ascii	"toggle\000"
 1891      6C6500
 1892              	.LASF76:
 1893 060b 434C4F43 		.ascii	"CLOCK_Active_Widget_t\000"
 1893      4B5F4163 
 1893      74697665 
 1893      5F576964 
 1893      6765745F 
ARM GAS  C:\Users\Admin\AppData\Local\Temp\ccEDEXPN.s 			page 41


 1894              	.LASF55:
 1895 0621 42524544 		.ascii	"BRED\000"
 1895      00
 1896              	.LASF34:
 1897 0626 52435F45 		.ascii	"RC_ERROR_BUFFER_EMTPY\000"
 1897      52524F52 
 1897      5F425546 
 1897      4645525F 
 1897      454D5450 
 1898              	.LASF51:
 1899 063c 52435F74 		.ascii	"RC_t\000"
 1899      00
 1900              	.LASF81:
 1901 0641 666F6E74 		.ascii	"font_type\000"
 1901      5F747970 
 1901      6500
 1902              	.LASF36:
 1903 064b 52435F45 		.ascii	"RC_ERROR_TIME_OUT\000"
 1903      52524F52 
 1903      5F54494D 
 1903      455F4F55 
 1903      5400
 1904              		.ident	"GCC: (GNU Tools for ARM Embedded Processors) 5.4.1 20160609 (release) [ARM/embedded-5-bran
