ARM GAS  C:\Users\Admin\AppData\Local\Temp\ccBom2mT.s 			page 1


   1              		.syntax unified
   2              		.cpu cortex-m3
   3              		.fpu softvfp
   4              		.eabi_attribute 20, 1
   5              		.eabi_attribute 21, 1
   6              		.eabi_attribute 23, 3
   7              		.eabi_attribute 24, 1
   8              		.eabi_attribute 25, 1
   9              		.eabi_attribute 26, 1
  10              		.eabi_attribute 30, 1
  11              		.eabi_attribute 34, 1
  12              		.eabi_attribute 18, 4
  13              		.thumb
  14              		.syntax unified
  15              		.file	"sc_input_type.c"
  16              		.text
  17              	.Ltext0:
  18              		.cfi_sections	.debug_frame
  19              		.section	.text.SC_INPUT_driverIn,"ax",%progbits
  20              		.align	2
  21              		.global	SC_INPUT_driverIn
  22              		.thumb
  23              		.thumb_func
  24              		.type	SC_INPUT_driverIn, %function
  25              	SC_INPUT_driverIn:
  26              	.LFB111:
  27              		.file 1 "source\\rte\\sc_input_type.c"
   1:source\rte/sc_input_type.c **** /*
   2:source\rte/sc_input_type.c ****  * Filename: sc_input_type.c
   3:source\rte/sc_input_type.c ****  *
   4:source\rte/sc_input_type.c ****  * Author: Autogenerated by H-DA RTE Generator, (c) Prof. Fromm
   5:source\rte/sc_input_type.c ****  *
   6:source\rte/sc_input_type.c ****  * description: Signal class for clock input
   7:source\rte/sc_input_type.c ****  * name: sc_Input
   8:source\rte/sc_input_type.c ****  * shortname: Input
   9:source\rte/sc_input_type.c ****  *
  10:source\rte/sc_input_type.c ****  */
  11:source\rte/sc_input_type.c **** 
  12:source\rte/sc_input_type.c **** #include "project.h"
  13:source\rte/sc_input_type.c **** #include "global.h"
  14:source\rte/sc_input_type.c **** #include "rte.h"
  15:source\rte/sc_input_type.c **** #include "rte_types.h"
  16:source\rte/sc_input_type.c **** #include "sc_input_type.h"
  17:source\rte/sc_input_type.c **** 
  18:source\rte/sc_input_type.c **** 
  19:source\rte/sc_input_type.c **** 
  20:source\rte/sc_input_type.c **** /* USER CODE START SC_INPUT_INCLUDE */
  21:source\rte/sc_input_type.c **** #include "stdlib.h"
  22:source\rte/sc_input_type.c **** /* USER CODE END SC_INPUT_INCLUDE */
  23:source\rte/sc_input_type.c **** 
  24:source\rte/sc_input_type.c **** 
  25:source\rte/sc_input_type.c **** 
  26:source\rte/sc_input_type.c **** 
  27:source\rte/sc_input_type.c **** /* USER CODE START SC_INPUT_USERDEFINITIONS */
  28:source\rte/sc_input_type.c **** 
  29:source\rte/sc_input_type.c **** /* USER CODE END SC_INPUT_USERDEFINITIONS */
  30:source\rte/sc_input_type.c **** 
ARM GAS  C:\Users\Admin\AppData\Local\Temp\ccBom2mT.s 			page 2


  31:source\rte/sc_input_type.c **** 
  32:source\rte/sc_input_type.c **** /*****************************************************************************************
  33:source\rte/sc_input_type.c ****  *************** Port Wrapper Implementation for SC_INPUT signal  ****************
  34:source\rte/sc_input_type.c ****  *****************************************************************************************/
  35:source\rte/sc_input_type.c ****  
  36:source\rte/sc_input_type.c ****  
  37:source\rte/sc_input_type.c **** 
  38:source\rte/sc_input_type.c **** /**
  39:source\rte/sc_input_type.c ****  * Default IN driver API
  40:source\rte/sc_input_type.c ****  */
  41:source\rte/sc_input_type.c **** inline RC_t SC_INPUT_driverIn(SC_INPUT_data_t *const data)
  42:source\rte/sc_input_type.c **** {
  28              		.loc 1 42 0
  29              		.cfi_startproc
  30              		@ args = 0, pretend = 0, frame = 0
  31              		@ frame_needed = 0, uses_anonymous_args = 0
  32              	.LVL0:
  33 0000 10B5     		push	{r4, lr}
  34              		.cfi_def_cfa_offset 8
  35              		.cfi_offset 4, -8
  36              		.cfi_offset 14, -4
  37 0002 0446     		mov	r4, r0
  43:source\rte/sc_input_type.c **** 	/* USER CODE START driverInSC_INPUT */
  44:source\rte/sc_input_type.c ****     static uint16_t KeyLeft_Button_1_flag = 0;
  45:source\rte/sc_input_type.c ****     static uint16_t KeyLeft_Button_2_flag = 0;   
  46:source\rte/sc_input_type.c ****     static uint16_t tickevent   =   0; 
  47:source\rte/sc_input_type.c ****     static uint16_t tickevent_long   =   0; 
  48:source\rte/sc_input_type.c ****     
  49:source\rte/sc_input_type.c ****     data->m_ev = EV_NONE;
  38              		.loc 1 49 0
  39 0004 0023     		movs	r3, #0
  40 0006 0370     		strb	r3, [r0]
  50:source\rte/sc_input_type.c ****     tickevent++;
  41              		.loc 1 50 0
  42 0008 2B4A     		ldr	r2, .L10
  43 000a 1388     		ldrh	r3, [r2]
  44 000c 0133     		adds	r3, r3, #1
  45 000e 99B2     		uxth	r1, r3
  46 0010 1180     		strh	r1, [r2]	@ movhi
  51:source\rte/sc_input_type.c ****     
  52:source\rte/sc_input_type.c **** 
  53:source\rte/sc_input_type.c ****     if((tickevent % 5) == 0) // 250ms
  47              		.loc 1 53 0
  48 0012 2A4B     		ldr	r3, .L10+4
  49 0014 A3FB0123 		umull	r2, r3, r3, r1
  50 0018 9B08     		lsrs	r3, r3, #2
  51 001a 03EB8303 		add	r3, r3, r3, lsl #2
  52 001e CB1A     		subs	r3, r1, r3
  53 0020 9BB2     		uxth	r3, r3
  54 0022 0BB9     		cbnz	r3, .L2
  54:source\rte/sc_input_type.c ****     {
  55:source\rte/sc_input_type.c ****         data->m_ev = EV_250MS; 
  55              		.loc 1 55 0
  56 0024 0423     		movs	r3, #4
  57 0026 0370     		strb	r3, [r0]
  58              	.L2:
  56:source\rte/sc_input_type.c ****     } 
ARM GAS  C:\Users\Admin\AppData\Local\Temp\ccBom2mT.s 			page 3


  57:source\rte/sc_input_type.c ****     if((tickevent % 1200) == 0) // 1 minute
  59              		.loc 1 57 0
  60 0028 254A     		ldr	r2, .L10+8
  61 002a A2FB0132 		umull	r3, r2, r2, r1
  62 002e D209     		lsrs	r2, r2, #7
  63 0030 4FF49663 		mov	r3, #1200
  64 0034 03FB1213 		mls	r3, r3, r2, r1
  65 0038 9BB2     		uxth	r3, r3
  66 003a 23B9     		cbnz	r3, .L3
  58:source\rte/sc_input_type.c ****     {
  59:source\rte/sc_input_type.c ****         data->m_ev = EV_1MIN;
  67              		.loc 1 59 0
  68 003c 0523     		movs	r3, #5
  69 003e 2370     		strb	r3, [r4]
  60:source\rte/sc_input_type.c ****         tickevent = 0;
  70              		.loc 1 60 0
  71 0040 0022     		movs	r2, #0
  72 0042 1D4B     		ldr	r3, .L10
  73 0044 1A80     		strh	r2, [r3]	@ movhi
  74              	.L3:
  61:source\rte/sc_input_type.c ****     }
  62:source\rte/sc_input_type.c ****  
  63:source\rte/sc_input_type.c ****     if(KeyLeft_Button_1_Read() == 1) // left button
  75              		.loc 1 63 0
  76 0046 FFF7FEFF 		bl	KeyLeft_Button_1_Read
  77              	.LVL1:
  78 004a 0128     		cmp	r0, #1
  79 004c 02D1     		bne	.L4
  64:source\rte/sc_input_type.c ****     {
  65:source\rte/sc_input_type.c ****         KeyLeft_Button_1_flag = 1;
  80              		.loc 1 65 0
  81 004e 0122     		movs	r2, #1
  82 0050 194B     		ldr	r3, .L10
  83 0052 5A80     		strh	r2, [r3, #2]	@ movhi
  84              	.L4:
  66:source\rte/sc_input_type.c ****     }
  67:source\rte/sc_input_type.c ****     if(KeyRight_Button_2_Read() == 1) // right button
  85              		.loc 1 67 0
  86 0054 FFF7FEFF 		bl	KeyRight_Button_2_Read
  87              	.LVL2:
  88 0058 0128     		cmp	r0, #1
  89 005a 05D1     		bne	.L5
  68:source\rte/sc_input_type.c ****     {
  69:source\rte/sc_input_type.c ****         KeyLeft_Button_2_flag = 1;
  90              		.loc 1 69 0
  91 005c 164B     		ldr	r3, .L10
  92 005e 0122     		movs	r2, #1
  93 0060 9A80     		strh	r2, [r3, #4]	@ movhi
  70:source\rte/sc_input_type.c ****         tickevent_long++;
  94              		.loc 1 70 0
  95 0062 DA88     		ldrh	r2, [r3, #6]
  96 0064 0132     		adds	r2, r2, #1
  97 0066 DA80     		strh	r2, [r3, #6]	@ movhi
  98              	.L5:
  71:source\rte/sc_input_type.c ****     }
  72:source\rte/sc_input_type.c ****     
  73:source\rte/sc_input_type.c ****     if(KeyLeft_Button_1_Read() == 0 && KeyLeft_Button_1_flag == 1)
ARM GAS  C:\Users\Admin\AppData\Local\Temp\ccBom2mT.s 			page 4


  99              		.loc 1 73 0
 100 0068 FFF7FEFF 		bl	KeyLeft_Button_1_Read
 101              	.LVL3:
 102 006c 40B9     		cbnz	r0, .L6
 103              		.loc 1 73 0 is_stmt 0 discriminator 1
 104 006e 124B     		ldr	r3, .L10
 105 0070 5B88     		ldrh	r3, [r3, #2]
 106 0072 012B     		cmp	r3, #1
 107 0074 04D1     		bne	.L6
  74:source\rte/sc_input_type.c ****     {
  75:source\rte/sc_input_type.c ****         data->m_ev = EV_KEYLEFT;        
 108              		.loc 1 75 0 is_stmt 1
 109 0076 2370     		strb	r3, [r4]
  76:source\rte/sc_input_type.c ****         KeyLeft_Button_1_flag = 0; 
 110              		.loc 1 76 0
 111 0078 0022     		movs	r2, #0
 112 007a 0F4B     		ldr	r3, .L10
 113 007c 5A80     		strh	r2, [r3, #2]	@ movhi
 114 007e 19E0     		b	.L7
 115              	.L6:
  77:source\rte/sc_input_type.c ****     }  
  78:source\rte/sc_input_type.c ****     else if(KeyRight_Button_2_Read() == 0 && KeyLeft_Button_2_flag == 1)
 116              		.loc 1 78 0
 117 0080 FFF7FEFF 		bl	KeyRight_Button_2_Read
 118              	.LVL4:
 119 0084 B0B9     		cbnz	r0, .L7
 120              		.loc 1 78 0 is_stmt 0 discriminator 1
 121 0086 0C4B     		ldr	r3, .L10
 122 0088 9B88     		ldrh	r3, [r3, #4]
 123 008a 012B     		cmp	r3, #1
 124 008c 12D1     		bne	.L7
  79:source\rte/sc_input_type.c ****     {
  80:source\rte/sc_input_type.c ****         if(tickevent_long < 20)
 125              		.loc 1 80 0 is_stmt 1
 126 008e 0A4B     		ldr	r3, .L10
 127 0090 DB88     		ldrh	r3, [r3, #6]
 128 0092 132B     		cmp	r3, #19
 129 0094 06D8     		bhi	.L8
  81:source\rte/sc_input_type.c ****         {
  82:source\rte/sc_input_type.c ****             data->m_ev = EV_KEYRIGHT;
 130              		.loc 1 82 0
 131 0096 0223     		movs	r3, #2
 132 0098 2370     		strb	r3, [r4]
  83:source\rte/sc_input_type.c ****             KeyLeft_Button_2_flag = 0;
 133              		.loc 1 83 0
 134 009a 074B     		ldr	r3, .L10
 135 009c 0022     		movs	r2, #0
 136 009e 9A80     		strh	r2, [r3, #4]	@ movhi
  84:source\rte/sc_input_type.c ****             tickevent_long = 0;
 137              		.loc 1 84 0
 138 00a0 DA80     		strh	r2, [r3, #6]	@ movhi
 139 00a2 07E0     		b	.L7
 140              	.L8:
  85:source\rte/sc_input_type.c ****         }
  86:source\rte/sc_input_type.c ****         else if(tickevent_long >= 20)
 141              		.loc 1 86 0
 142 00a4 132B     		cmp	r3, #19
ARM GAS  C:\Users\Admin\AppData\Local\Temp\ccBom2mT.s 			page 5


 143 00a6 05D9     		bls	.L7
  87:source\rte/sc_input_type.c ****         {
  88:source\rte/sc_input_type.c ****             data->m_ev = EV_KEYRIGHTLONGPRESS;  // long press
 144              		.loc 1 88 0
 145 00a8 0323     		movs	r3, #3
 146 00aa 2370     		strb	r3, [r4]
  89:source\rte/sc_input_type.c ****             KeyLeft_Button_2_flag = 0;
 147              		.loc 1 89 0
 148 00ac 024B     		ldr	r3, .L10
 149 00ae 0022     		movs	r2, #0
 150 00b0 9A80     		strh	r2, [r3, #4]	@ movhi
  90:source\rte/sc_input_type.c ****             tickevent_long = 0;
 151              		.loc 1 90 0
 152 00b2 DA80     		strh	r2, [r3, #6]	@ movhi
 153              	.L7:
  91:source\rte/sc_input_type.c ****         }
  92:source\rte/sc_input_type.c ****     }
  93:source\rte/sc_input_type.c ****     
  94:source\rte/sc_input_type.c **** 
  95:source\rte/sc_input_type.c **** 	//Read data from the MCAL driver
  96:source\rte/sc_input_type.c **** 
  97:source\rte/sc_input_type.c **** 	//Scale it to the application type
  98:source\rte/sc_input_type.c **** 
  99:source\rte/sc_input_type.c **** 	return RC_SUCCESS;
 100:source\rte/sc_input_type.c **** 	/* USER CODE END driverInSC_INPUT */
 101:source\rte/sc_input_type.c **** }
 154              		.loc 1 101 0
 155 00b4 0020     		movs	r0, #0
 156 00b6 10BD     		pop	{r4, pc}
 157              	.LVL5:
 158              	.L11:
 159              		.align	2
 160              	.L10:
 161 00b8 00000000 		.word	.LANCHOR0
 162 00bc CDCCCCCC 		.word	-858993459
 163 00c0 B5814E1B 		.word	458129845
 164              		.cfi_endproc
 165              	.LFE111:
 166              		.size	SC_INPUT_driverIn, .-SC_INPUT_driverIn
 167              		.bss
 168              		.align	1
 169              		.set	.LANCHOR0,. + 0
 170              		.type	tickevent.7814, %object
 171              		.size	tickevent.7814, 2
 172              	tickevent.7814:
 173 0000 0000     		.space	2
 174              		.type	KeyLeft_Button_1_flag.7812, %object
 175              		.size	KeyLeft_Button_1_flag.7812, 2
 176              	KeyLeft_Button_1_flag.7812:
 177 0002 0000     		.space	2
 178              		.type	KeyLeft_Button_2_flag.7813, %object
 179              		.size	KeyLeft_Button_2_flag.7813, 2
 180              	KeyLeft_Button_2_flag.7813:
 181 0004 0000     		.space	2
 182              		.type	tickevent_long.7815, %object
 183              		.size	tickevent_long.7815, 2
 184              	tickevent_long.7815:
ARM GAS  C:\Users\Admin\AppData\Local\Temp\ccBom2mT.s 			page 6


 185 0006 0000     		.space	2
 186              		.text
 187              	.Letext0:
 188              		.file 2 "d:\\psoc creator\\4.4\\psoc creator\\import\\gnu\\arm\\5.4.1\\arm-none-eabi\\include\\mac
 189              		.file 3 "d:\\psoc creator\\4.4\\psoc creator\\import\\gnu\\arm\\5.4.1\\arm-none-eabi\\include\\sys
 190              		.file 4 "Generated_Source\\PSoC5/ErikaOS_common_ee_types.inc"
 191              		.file 5 "Generated_Source\\PSoC5/ErikaOS_cortex_mx_ee_cpu.inc"
 192              		.file 6 ".\\source\\bsw/global.h"
 193              		.file 7 ".\\source\\bsw\\tft/tft.h"
 194              		.file 8 ".\\source\\asw/clock_type.h"
 195              		.file 9 ".\\source\\asw/statemachine.h"
 196              		.file 10 "source\\rte\\sc_input_type.h"
 197              		.file 11 "Generated_Source\\PSoC5/ErikaOS_ee_oo_intfunc.inc"
 198              		.file 12 "Generated_Source\\PSoC5/ErikaOS_cortex_mx_ee_context.inc"
 199              		.file 13 "Generated_Source\\PSoC5/ErikaOS_common_ee_primitives.inc"
 200              		.file 14 "Generated_Source\\PSoC5/core_cm3.h"
 201              		.file 15 "Generated_Source\\PSoC5/KeyLeft_Button_1.h"
 202              		.file 16 "Generated_Source\\PSoC5/KeyRight_Button_2.h"
 203              		.section	.debug_info,"",%progbits
 204              	.Ldebug_info0:
 205 0000 F4050000 		.4byte	0x5f4
 206 0004 0400     		.2byte	0x4
 207 0006 00000000 		.4byte	.Ldebug_abbrev0
 208 000a 04       		.byte	0x4
 209 000b 01       		.uleb128 0x1
 210 000c A3050000 		.4byte	.LASF135
 211 0010 0C       		.byte	0xc
 212 0011 04020000 		.4byte	.LASF136
 213 0015 57060000 		.4byte	.LASF137
 214 0019 00000000 		.4byte	.Ldebug_ranges0+0
 215 001d 00000000 		.4byte	0
 216 0021 00000000 		.4byte	.Ldebug_line0
 217 0025 02       		.uleb128 0x2
 218 0026 01       		.byte	0x1
 219 0027 06       		.byte	0x6
 220 0028 F6000000 		.4byte	.LASF0
 221 002c 03       		.uleb128 0x3
 222 002d 45000000 		.4byte	.LASF3
 223 0031 02       		.byte	0x2
 224 0032 1D       		.byte	0x1d
 225 0033 37000000 		.4byte	0x37
 226 0037 02       		.uleb128 0x2
 227 0038 01       		.byte	0x1
 228 0039 08       		.byte	0x8
 229 003a 33050000 		.4byte	.LASF1
 230 003e 02       		.uleb128 0x2
 231 003f 02       		.byte	0x2
 232 0040 05       		.byte	0x5
 233 0041 63050000 		.4byte	.LASF2
 234 0045 03       		.uleb128 0x3
 235 0046 97060000 		.4byte	.LASF4
 236 004a 02       		.byte	0x2
 237 004b 2B       		.byte	0x2b
 238 004c 50000000 		.4byte	0x50
 239 0050 02       		.uleb128 0x2
 240 0051 02       		.byte	0x2
 241 0052 07       		.byte	0x7
ARM GAS  C:\Users\Admin\AppData\Local\Temp\ccBom2mT.s 			page 7


 242 0053 16030000 		.4byte	.LASF5
 243 0057 03       		.uleb128 0x3
 244 0058 D7030000 		.4byte	.LASF6
 245 005c 02       		.byte	0x2
 246 005d 3F       		.byte	0x3f
 247 005e 62000000 		.4byte	0x62
 248 0062 02       		.uleb128 0x2
 249 0063 04       		.byte	0x4
 250 0064 05       		.byte	0x5
 251 0065 77010000 		.4byte	.LASF7
 252 0069 02       		.uleb128 0x2
 253 006a 04       		.byte	0x4
 254 006b 07       		.byte	0x7
 255 006c A1020000 		.4byte	.LASF8
 256 0070 02       		.uleb128 0x2
 257 0071 08       		.byte	0x8
 258 0072 05       		.byte	0x5
 259 0073 E8000000 		.4byte	.LASF9
 260 0077 02       		.uleb128 0x2
 261 0078 08       		.byte	0x8
 262 0079 07       		.byte	0x7
 263 007a F9020000 		.4byte	.LASF10
 264 007e 04       		.uleb128 0x4
 265 007f 04       		.byte	0x4
 266 0080 05       		.byte	0x5
 267 0081 696E7400 		.ascii	"int\000"
 268 0085 02       		.uleb128 0x2
 269 0086 04       		.byte	0x4
 270 0087 07       		.byte	0x7
 271 0088 58020000 		.4byte	.LASF11
 272 008c 03       		.uleb128 0x3
 273 008d A8070000 		.4byte	.LASF12
 274 0091 03       		.byte	0x3
 275 0092 18       		.byte	0x18
 276 0093 2C000000 		.4byte	0x2c
 277 0097 03       		.uleb128 0x3
 278 0098 6D020000 		.4byte	.LASF13
 279 009c 03       		.byte	0x3
 280 009d 24       		.byte	0x24
 281 009e 45000000 		.4byte	0x45
 282 00a2 03       		.uleb128 0x3
 283 00a3 2B050000 		.4byte	.LASF14
 284 00a7 03       		.byte	0x3
 285 00a8 2C       		.byte	0x2c
 286 00a9 57000000 		.4byte	0x57
 287 00ad 02       		.uleb128 0x2
 288 00ae 04       		.byte	0x4
 289 00af 04       		.byte	0x4
 290 00b0 7F060000 		.4byte	.LASF15
 291 00b4 02       		.uleb128 0x2
 292 00b5 08       		.byte	0x8
 293 00b6 04       		.byte	0x4
 294 00b7 BD010000 		.4byte	.LASF16
 295 00bb 02       		.uleb128 0x2
 296 00bc 01       		.byte	0x1
 297 00bd 08       		.byte	0x8
 298 00be 85060000 		.4byte	.LASF17
ARM GAS  C:\Users\Admin\AppData\Local\Temp\ccBom2mT.s 			page 8


 299 00c2 02       		.uleb128 0x2
 300 00c3 08       		.byte	0x8
 301 00c4 04       		.byte	0x4
 302 00c5 48040000 		.4byte	.LASF18
 303 00c9 03       		.uleb128 0x3
 304 00ca 9F070000 		.4byte	.LASF19
 305 00ce 04       		.byte	0x4
 306 00cf 53       		.byte	0x53
 307 00d0 7E000000 		.4byte	0x7e
 308 00d4 03       		.uleb128 0x3
 309 00d5 86070000 		.4byte	.LASF20
 310 00d9 04       		.byte	0x4
 311 00da 54       		.byte	0x54
 312 00db 85000000 		.4byte	0x85
 313 00df 03       		.uleb128 0x3
 314 00e0 87020000 		.4byte	.LASF21
 315 00e4 05       		.byte	0x5
 316 00e5 4D       		.byte	0x4d
 317 00e6 D4000000 		.4byte	0xd4
 318 00ea 03       		.uleb128 0x3
 319 00eb 10080000 		.4byte	.LASF22
 320 00ef 05       		.byte	0x5
 321 00f0 4F       		.byte	0x4f
 322 00f1 D4000000 		.4byte	0xd4
 323 00f5 03       		.uleb128 0x3
 324 00f6 3F020000 		.4byte	.LASF23
 325 00fa 05       		.byte	0x5
 326 00fb 78       		.byte	0x78
 327 00fc C9000000 		.4byte	0xc9
 328 0100 02       		.uleb128 0x2
 329 0101 04       		.byte	0x4
 330 0102 07       		.byte	0x7
 331 0103 2D040000 		.4byte	.LASF24
 332 0107 03       		.uleb128 0x3
 333 0108 54040000 		.4byte	.LASF25
 334 010c 06       		.byte	0x6
 335 010d 9C       		.byte	0x9c
 336 010e 37000000 		.4byte	0x37
 337 0112 05       		.uleb128 0x5
 338 0113 01       		.byte	0x1
 339 0114 25000000 		.4byte	0x25
 340 0118 06       		.byte	0x6
 341 0119 CF       		.byte	0xcf
 342 011a BB010000 		.4byte	0x1bb
 343 011e 06       		.uleb128 0x6
 344 011f D0020000 		.4byte	.LASF26
 345 0123 00       		.byte	0
 346 0124 07       		.uleb128 0x7
 347 0125 F3040000 		.4byte	.LASF27
 348 0129 7F       		.sleb128 -1
 349 012a 07       		.uleb128 0x7
 350 012b B3020000 		.4byte	.LASF28
 351 012f 7E       		.sleb128 -2
 352 0130 07       		.uleb128 0x7
 353 0131 36060000 		.4byte	.LASF29
 354 0135 7D       		.sleb128 -3
 355 0136 07       		.uleb128 0x7
ARM GAS  C:\Users\Admin\AppData\Local\Temp\ccBom2mT.s 			page 9


 356 0137 02010000 		.4byte	.LASF30
 357 013b 7C       		.sleb128 -4
 358 013c 07       		.uleb128 0x7
 359 013d 90070000 		.4byte	.LASF31
 360 0141 7B       		.sleb128 -5
 361 0142 07       		.uleb128 0x7
 362 0143 F3060000 		.4byte	.LASF32
 363 0147 7A       		.sleb128 -6
 364 0148 07       		.uleb128 0x7
 365 0149 C4040000 		.4byte	.LASF33
 366 014d 79       		.sleb128 -7
 367 014e 07       		.uleb128 0x7
 368 014f 41030000 		.4byte	.LASF34
 369 0153 78       		.sleb128 -8
 370 0154 07       		.uleb128 0x7
 371 0155 4A010000 		.4byte	.LASF35
 372 0159 77       		.sleb128 -9
 373 015a 07       		.uleb128 0x7
 374 015b 0E050000 		.4byte	.LASF36
 375 015f 76       		.sleb128 -10
 376 0160 07       		.uleb128 0x7
 377 0161 90000000 		.4byte	.LASF37
 378 0165 75       		.sleb128 -11
 379 0166 07       		.uleb128 0x7
 380 0167 A6010000 		.4byte	.LASF38
 381 016b 74       		.sleb128 -12
 382 016c 07       		.uleb128 0x7
 383 016d 8F020000 		.4byte	.LASF39
 384 0171 73       		.sleb128 -13
 385 0172 07       		.uleb128 0x7
 386 0173 C4030000 		.4byte	.LASF40
 387 0177 72       		.sleb128 -14
 388 0178 07       		.uleb128 0x7
 389 0179 54000000 		.4byte	.LASF41
 390 017d 71       		.sleb128 -15
 391 017e 07       		.uleb128 0x7
 392 017f 89040000 		.4byte	.LASF42
 393 0183 70       		.sleb128 -16
 394 0184 07       		.uleb128 0x7
 395 0185 D6040000 		.4byte	.LASF43
 396 0189 6F       		.sleb128 -17
 397 018a 07       		.uleb128 0x7
 398 018b 8E030000 		.4byte	.LASF44
 399 018f 6E       		.sleb128 -18
 400 0190 07       		.uleb128 0x7
 401 0191 B1030000 		.4byte	.LASF45
 402 0195 6D       		.sleb128 -19
 403 0196 07       		.uleb128 0x7
 404 0197 44060000 		.4byte	.LASF46
 405 019b 6C       		.sleb128 -20
 406 019c 07       		.uleb128 0x7
 407 019d 7E000000 		.4byte	.LASF47
 408 01a1 6B       		.sleb128 -21
 409 01a2 07       		.uleb128 0x7
 410 01a3 AD040000 		.4byte	.LASF48
 411 01a7 6A       		.sleb128 -22
 412 01a8 07       		.uleb128 0x7
ARM GAS  C:\Users\Admin\AppData\Local\Temp\ccBom2mT.s 			page 10


 413 01a9 21000000 		.4byte	.LASF49
 414 01ad 69       		.sleb128 -23
 415 01ae 07       		.uleb128 0x7
 416 01af 76020000 		.4byte	.LASF50
 417 01b3 68       		.sleb128 -24
 418 01b4 07       		.uleb128 0x7
 419 01b5 BC060000 		.4byte	.LASF51
 420 01b9 67       		.sleb128 -25
 421 01ba 00       		.byte	0
 422 01bb 03       		.uleb128 0x3
 423 01bc 4F000000 		.4byte	.LASF52
 424 01c0 06       		.byte	0x6
 425 01c1 EA       		.byte	0xea
 426 01c2 12010000 		.4byte	0x112
 427 01c6 05       		.uleb128 0x5
 428 01c7 02       		.byte	0x2
 429 01c8 50000000 		.4byte	0x50
 430 01cc 07       		.byte	0x7
 431 01cd 5C       		.byte	0x5c
 432 01ce 64020000 		.4byte	0x264
 433 01d2 08       		.uleb128 0x8
 434 01d3 D5000000 		.4byte	.LASF53
 435 01d7 FFFF     		.2byte	0xffff
 436 01d9 06       		.uleb128 0x6
 437 01da 8A060000 		.4byte	.LASF54
 438 01de 00       		.byte	0
 439 01df 08       		.uleb128 0x8
 440 01e0 A2060000 		.4byte	.LASF55
 441 01e4 00F8     		.2byte	0xf800
 442 01e6 08       		.uleb128 0x8
 443 01e7 FC040000 		.4byte	.LASF56
 444 01eb 1FF8     		.2byte	0xf81f
 445 01ed 08       		.uleb128 0x8
 446 01ee 40000000 		.4byte	.LASF57
 447 01f2 FF07     		.2byte	0x7ff
 448 01f4 08       		.uleb128 0x8
 449 01f5 F3020000 		.4byte	.LASF58
 450 01f9 E0FF     		.2byte	0xffe0
 451 01fb 09       		.uleb128 0x9
 452 01fc 52454400 		.ascii	"RED\000"
 453 0200 1F       		.byte	0x1f
 454 0201 08       		.uleb128 0x8
 455 0202 38000000 		.4byte	.LASF59
 456 0206 1FF8     		.2byte	0xf81f
 457 0208 08       		.uleb128 0x8
 458 0209 B6060000 		.4byte	.LASF60
 459 020d E007     		.2byte	0x7e0
 460 020f 08       		.uleb128 0x8
 461 0210 31060000 		.4byte	.LASF61
 462 0214 E0FF     		.2byte	0xffe0
 463 0216 08       		.uleb128 0x8
 464 0217 9F010000 		.4byte	.LASF62
 465 021b FF07     		.2byte	0x7ff
 466 021d 08       		.uleb128 0x8
 467 021e 80010000 		.4byte	.LASF63
 468 0222 3D02     		.2byte	0x23d
 469 0224 08       		.uleb128 0x8
ARM GAS  C:\Users\Admin\AppData\Local\Temp\ccBom2mT.s 			page 11


 470 0225 FE010000 		.4byte	.LASF64
 471 0229 3FE0     		.2byte	0xe03f
 472 022b 08       		.uleb128 0x8
 473 022c BF040000 		.4byte	.LASF65
 474 0230 210C     		.2byte	0xc21
 475 0232 08       		.uleb128 0x8
 476 0233 EA040000 		.4byte	.LASF66
 477 0237 89F3     		.2byte	0xf389
 478 0239 08       		.uleb128 0x8
 479 023a E1030000 		.4byte	.LASF67
 480 023e BE3E     		.2byte	0x3ebe
 481 0240 08       		.uleb128 0x8
 482 0241 DE070000 		.4byte	.LASF68
 483 0245 2A1A     		.2byte	0x1a2a
 484 0247 08       		.uleb128 0x8
 485 0248 04070000 		.4byte	.LASF69
 486 024c 21F8     		.2byte	0xf821
 487 024e 08       		.uleb128 0x8
 488 024f 1F020000 		.4byte	.LASF70
 489 0253 6318     		.2byte	0x1863
 490 0255 08       		.uleb128 0x8
 491 0256 84030000 		.4byte	.LASF71
 492 025a 658A     		.2byte	0x8a65
 493 025c 08       		.uleb128 0x8
 494 025d 56030000 		.4byte	.LASF72
 495 0261 D448     		.2byte	0x48d4
 496 0263 00       		.byte	0
 497 0264 03       		.uleb128 0x3
 498 0265 DB000000 		.4byte	.LASF73
 499 0269 07       		.byte	0x7
 500 026a 72       		.byte	0x72
 501 026b C6010000 		.4byte	0x1c6
 502 026f 05       		.uleb128 0x5
 503 0270 01       		.byte	0x1
 504 0271 37000000 		.4byte	0x37
 505 0275 08       		.byte	0x8
 506 0276 56       		.byte	0x56
 507 0277 A0020000 		.4byte	0x2a0
 508 027b 06       		.uleb128 0x6
 509 027c D5060000 		.4byte	.LASF74
 510 0280 00       		.byte	0
 511 0281 06       		.uleb128 0x6
 512 0282 16000000 		.4byte	.LASF75
 513 0286 01       		.byte	0x1
 514 0287 06       		.uleb128 0x6
 515 0288 33020000 		.4byte	.LASF76
 516 028c 02       		.byte	0x2
 517 028d 06       		.uleb128 0x6
 518 028e C9070000 		.4byte	.LASF77
 519 0292 03       		.byte	0x3
 520 0293 06       		.uleb128 0x6
 521 0294 B4010000 		.4byte	.LASF78
 522 0298 04       		.byte	0x4
 523 0299 06       		.uleb128 0x6
 524 029a 65020000 		.4byte	.LASF79
 525 029e 05       		.byte	0x5
 526 029f 00       		.byte	0
ARM GAS  C:\Users\Admin\AppData\Local\Temp\ccBom2mT.s 			page 12


 527 02a0 03       		.uleb128 0x3
 528 02a1 25040000 		.4byte	.LASF80
 529 02a5 08       		.byte	0x8
 530 02a6 5E       		.byte	0x5e
 531 02a7 6F020000 		.4byte	0x26f
 532 02ab 05       		.uleb128 0x5
 533 02ac 01       		.byte	0x1
 534 02ad 37000000 		.4byte	0x37
 535 02b1 08       		.byte	0x8
 536 02b2 61       		.byte	0x61
 537 02b3 DC020000 		.4byte	0x2dc
 538 02b7 06       		.uleb128 0x6
 539 02b8 A2000000 		.4byte	.LASF81
 540 02bc 00       		.byte	0
 541 02bd 06       		.uleb128 0x6
 542 02be 12010000 		.4byte	.LASF82
 543 02c2 01       		.byte	0x1
 544 02c3 06       		.uleb128 0x6
 545 02c4 6D050000 		.4byte	.LASF83
 546 02c8 02       		.byte	0x2
 547 02c9 06       		.uleb128 0x6
 548 02ca 19070000 		.4byte	.LASF84
 549 02ce 03       		.byte	0x3
 550 02cf 06       		.uleb128 0x6
 551 02d0 36040000 		.4byte	.LASF85
 552 02d4 04       		.byte	0x4
 553 02d5 06       		.uleb128 0x6
 554 02d6 DB020000 		.4byte	.LASF86
 555 02da 05       		.byte	0x5
 556 02db 00       		.byte	0
 557 02dc 03       		.uleb128 0x3
 558 02dd FB030000 		.4byte	.LASF87
 559 02e1 08       		.byte	0x8
 560 02e2 6A       		.byte	0x6a
 561 02e3 AB020000 		.4byte	0x2ab
 562 02e7 05       		.uleb128 0x5
 563 02e8 01       		.byte	0x1
 564 02e9 37000000 		.4byte	0x37
 565 02ed 08       		.byte	0x8
 566 02ee 6D       		.byte	0x6d
 567 02ef 06030000 		.4byte	0x306
 568 02f3 06       		.uleb128 0x6
 569 02f4 B7000000 		.4byte	.LASF88
 570 02f8 00       		.byte	0
 571 02f9 06       		.uleb128 0x6
 572 02fa EB030000 		.4byte	.LASF89
 573 02fe 01       		.byte	0x1
 574 02ff 06       		.uleb128 0x6
 575 0300 69030000 		.4byte	.LASF90
 576 0304 02       		.byte	0x2
 577 0305 00       		.byte	0
 578 0306 03       		.uleb128 0x3
 579 0307 00000000 		.4byte	.LASF91
 580 030b 08       		.byte	0x8
 581 030c 72       		.byte	0x72
 582 030d E7020000 		.4byte	0x2e7
 583 0311 0A       		.uleb128 0xa
ARM GAS  C:\Users\Admin\AppData\Local\Temp\ccBom2mT.s 			page 13


 584 0312 04       		.byte	0x4
 585 0313 08       		.byte	0x8
 586 0314 74       		.byte	0x74
 587 0315 32030000 		.4byte	0x332
 588 0319 0B       		.uleb128 0xb
 589 031a 91010000 		.4byte	.LASF92
 590 031e 08       		.byte	0x8
 591 031f 76       		.byte	0x76
 592 0320 64020000 		.4byte	0x264
 593 0324 00       		.byte	0
 594 0325 0B       		.uleb128 0xb
 595 0326 67070000 		.4byte	.LASF93
 596 032a 08       		.byte	0x8
 597 032b 77       		.byte	0x77
 598 032c 64020000 		.4byte	0x264
 599 0330 02       		.byte	0x2
 600 0331 00       		.byte	0
 601 0332 03       		.uleb128 0x3
 602 0333 E7070000 		.4byte	.LASF94
 603 0337 08       		.byte	0x8
 604 0338 79       		.byte	0x79
 605 0339 11030000 		.4byte	0x311
 606 033d 03       		.uleb128 0x3
 607 033e A3030000 		.4byte	.LASF95
 608 0342 08       		.byte	0x8
 609 0343 83       		.byte	0x83
 610 0344 A0020000 		.4byte	0x2a0
 611 0348 03       		.uleb128 0x3
 612 0349 25020000 		.4byte	.LASF96
 613 034d 08       		.byte	0x8
 614 034e 85       		.byte	0x85
 615 034f DC020000 		.4byte	0x2dc
 616 0353 03       		.uleb128 0x3
 617 0354 46020000 		.4byte	.LASF97
 618 0358 09       		.byte	0x9
 619 0359 2D       		.byte	0x2d
 620 035a 5E030000 		.4byte	0x35e
 621 035e 0C       		.uleb128 0xc
 622 035f 04       		.byte	0x4
 623 0360 64030000 		.4byte	0x364
 624 0364 0D       		.uleb128 0xd
 625 0365 6B030000 		.4byte	0x36b
 626 0369 0E       		.uleb128 0xe
 627 036a 00       		.byte	0
 628 036b 03       		.uleb128 0x3
 629 036c 66010000 		.4byte	.LASF98
 630 0370 09       		.byte	0x9
 631 0371 32       		.byte	0x32
 632 0372 76030000 		.4byte	0x376
 633 0376 0C       		.uleb128 0xc
 634 0377 04       		.byte	0x4
 635 0378 7C030000 		.4byte	0x37c
 636 037c 0F       		.uleb128 0xf
 637 037d 07010000 		.4byte	0x107
 638 0381 87030000 		.4byte	0x387
 639 0385 0E       		.uleb128 0xe
 640 0386 00       		.byte	0
ARM GAS  C:\Users\Admin\AppData\Local\Temp\ccBom2mT.s 			page 14


 641 0387 0A       		.uleb128 0xa
 642 0388 0C       		.byte	0xc
 643 0389 09       		.byte	0x9
 644 038a 39       		.byte	0x39
 645 038b C0030000 		.4byte	0x3c0
 646 038f 0B       		.uleb128 0xb
 647 0390 10030000 		.4byte	.LASF99
 648 0394 09       		.byte	0x9
 649 0395 3B       		.byte	0x3b
 650 0396 3D030000 		.4byte	0x33d
 651 039a 00       		.byte	0
 652 039b 0B       		.uleb128 0xb
 653 039c 68000000 		.4byte	.LASF100
 654 03a0 09       		.byte	0x9
 655 03a1 3C       		.byte	0x3c
 656 03a2 48030000 		.4byte	0x348
 657 03a6 01       		.byte	0x1
 658 03a7 0B       		.uleb128 0xb
 659 03a8 0A080000 		.4byte	.LASF101
 660 03ac 09       		.byte	0x9
 661 03ad 3D       		.byte	0x3d
 662 03ae 6B030000 		.4byte	0x36b
 663 03b2 04       		.byte	0x4
 664 03b3 0B       		.uleb128 0xb
 665 03b4 38070000 		.4byte	.LASF102
 666 03b8 09       		.byte	0x9
 667 03b9 3E       		.byte	0x3e
 668 03ba 53030000 		.4byte	0x353
 669 03be 08       		.byte	0x8
 670 03bf 00       		.byte	0
 671 03c0 03       		.uleb128 0x3
 672 03c1 5E040000 		.4byte	.LASF103
 673 03c5 09       		.byte	0x9
 674 03c6 40       		.byte	0x40
 675 03c7 87030000 		.4byte	0x387
 676 03cb 03       		.uleb128 0x3
 677 03cc 41050000 		.4byte	.LASF104
 678 03d0 09       		.byte	0x9
 679 03d1 42       		.byte	0x42
 680 03d2 D6030000 		.4byte	0x3d6
 681 03d6 10       		.uleb128 0x10
 682 03d7 C0030000 		.4byte	0x3c0
 683 03db E1030000 		.4byte	0x3e1
 684 03df 11       		.uleb128 0x11
 685 03e0 00       		.byte	0
 686 03e1 0A       		.uleb128 0xa
 687 03e2 0C       		.byte	0xc
 688 03e3 09       		.byte	0x9
 689 03e4 55       		.byte	0x55
 690 03e5 0E040000 		.4byte	0x40e
 691 03e9 0B       		.uleb128 0xb
 692 03ea 60010000 		.4byte	.LASF105
 693 03ee 09       		.byte	0x9
 694 03ef 57       		.byte	0x57
 695 03f0 48030000 		.4byte	0x348
 696 03f4 00       		.byte	0
 697 03f5 0B       		.uleb128 0xb
ARM GAS  C:\Users\Admin\AppData\Local\Temp\ccBom2mT.s 			page 15


 698 03f6 5D030000 		.4byte	.LASF106
 699 03fa 09       		.byte	0x9
 700 03fb 58       		.byte	0x58
 701 03fc 53030000 		.4byte	0x353
 702 0400 04       		.byte	0x4
 703 0401 0B       		.uleb128 0xb
 704 0402 86010000 		.4byte	.LASF107
 705 0406 09       		.byte	0x9
 706 0407 59       		.byte	0x59
 707 0408 53030000 		.4byte	0x353
 708 040c 08       		.byte	0x8
 709 040d 00       		.byte	0
 710 040e 03       		.uleb128 0x3
 711 040f 53070000 		.4byte	.LASF108
 712 0413 09       		.byte	0x9
 713 0414 5A       		.byte	0x5a
 714 0415 E1030000 		.4byte	0x3e1
 715 0419 0A       		.uleb128 0xa
 716 041a 14       		.byte	0x14
 717 041b 09       		.byte	0x9
 718 041c 5F       		.byte	0x5f
 719 041d 5E040000 		.4byte	0x45e
 720 0421 0B       		.uleb128 0xb
 721 0422 7B040000 		.4byte	.LASF109
 722 0426 09       		.byte	0x9
 723 0427 61       		.byte	0x61
 724 0428 DC020000 		.4byte	0x2dc
 725 042c 00       		.byte	0
 726 042d 0B       		.uleb128 0xb
 727 042e 70000000 		.4byte	.LASF110
 728 0432 09       		.byte	0x9
 729 0433 62       		.byte	0x62
 730 0434 5E040000 		.4byte	0x45e
 731 0438 04       		.byte	0x4
 732 0439 0B       		.uleb128 0xb
 733 043a 1C050000 		.4byte	.LASF111
 734 043e 09       		.byte	0x9
 735 043f 63       		.byte	0x63
 736 0440 64040000 		.4byte	0x464
 737 0444 08       		.byte	0x8
 738 0445 0B       		.uleb128 0xb
 739 0446 C4010000 		.4byte	.LASF112
 740 044a 09       		.byte	0x9
 741 044b 64       		.byte	0x64
 742 044c 8C000000 		.4byte	0x8c
 743 0450 0C       		.byte	0xc
 744 0451 0B       		.uleb128 0xb
 745 0452 90060000 		.4byte	.LASF113
 746 0456 09       		.byte	0x9
 747 0457 65       		.byte	0x65
 748 0458 32030000 		.4byte	0x332
 749 045c 0E       		.byte	0xe
 750 045d 00       		.byte	0
 751 045e 0C       		.uleb128 0xc
 752 045f 04       		.byte	0x4
 753 0460 CB030000 		.4byte	0x3cb
 754 0464 0C       		.uleb128 0xc
ARM GAS  C:\Users\Admin\AppData\Local\Temp\ccBom2mT.s 			page 16


 755 0465 04       		.byte	0x4
 756 0466 0E040000 		.4byte	0x40e
 757 046a 03       		.uleb128 0x3
 758 046b C1020000 		.4byte	.LASF114
 759 046f 09       		.byte	0x9
 760 0470 67       		.byte	0x67
 761 0471 19040000 		.4byte	0x419
 762 0475 0A       		.uleb128 0xa
 763 0476 38       		.byte	0x38
 764 0477 0A       		.byte	0xa
 765 0478 1D       		.byte	0x1d
 766 0479 C6040000 		.4byte	0x4c6
 767 047d 0B       		.uleb128 0xb
 768 047e B8070000 		.4byte	.LASF115
 769 0482 0A       		.byte	0xa
 770 0483 1F       		.byte	0x1f
 771 0484 DC020000 		.4byte	0x2dc
 772 0488 00       		.byte	0
 773 0489 0B       		.uleb128 0xb
 774 048a 70000000 		.4byte	.LASF110
 775 048e 0A       		.byte	0xa
 776 048f 20       		.byte	0x20
 777 0490 5E040000 		.4byte	0x45e
 778 0494 04       		.byte	0x4
 779 0495 0B       		.uleb128 0xb
 780 0496 1C050000 		.4byte	.LASF111
 781 049a 0A       		.byte	0xa
 782 049b 21       		.byte	0x21
 783 049c 64040000 		.4byte	0x464
 784 04a0 08       		.byte	0x8
 785 04a1 0B       		.uleb128 0xb
 786 04a2 A7060000 		.4byte	.LASF116
 787 04a6 0A       		.byte	0xa
 788 04a7 22       		.byte	0x22
 789 04a8 06030000 		.4byte	0x306
 790 04ac 0C       		.byte	0xc
 791 04ad 0B       		.uleb128 0xb
 792 04ae B0070000 		.4byte	.LASF117
 793 04b2 0A       		.byte	0xa
 794 04b3 23       		.byte	0x23
 795 04b4 6A040000 		.4byte	0x46a
 796 04b8 10       		.byte	0x10
 797 04b9 0B       		.uleb128 0xb
 798 04ba 49070000 		.4byte	.LASF118
 799 04be 0A       		.byte	0xa
 800 04bf 24       		.byte	0x24
 801 04c0 6A040000 		.4byte	0x46a
 802 04c4 24       		.byte	0x24
 803 04c5 00       		.byte	0
 804 04c6 03       		.uleb128 0x3
 805 04c7 86050000 		.4byte	.LASF119
 806 04cb 0A       		.byte	0xa
 807 04cc 26       		.byte	0x26
 808 04cd 75040000 		.4byte	0x475
 809 04d1 0A       		.uleb128 0xa
 810 04d2 3C       		.byte	0x3c
 811 04d3 0A       		.byte	0xa
ARM GAS  C:\Users\Admin\AppData\Local\Temp\ccBom2mT.s 			page 17


 812 04d4 2C       		.byte	0x2c
 813 04d5 F2040000 		.4byte	0x4f2
 814 04d9 0B       		.uleb128 0xb
 815 04da 14070000 		.4byte	.LASF120
 816 04de 0A       		.byte	0xa
 817 04df 2E       		.byte	0x2e
 818 04e0 A0020000 		.4byte	0x2a0
 819 04e4 00       		.byte	0
 820 04e5 0B       		.uleb128 0xb
 821 04e6 01050000 		.4byte	.LASF121
 822 04ea 0A       		.byte	0xa
 823 04eb 2F       		.byte	0x2f
 824 04ec C6040000 		.4byte	0x4c6
 825 04f0 04       		.byte	0x4
 826 04f1 00       		.byte	0
 827 04f2 03       		.uleb128 0x3
 828 04f3 93050000 		.4byte	.LASF122
 829 04f7 0A       		.byte	0xa
 830 04f8 32       		.byte	0x32
 831 04f9 D1040000 		.4byte	0x4d1
 832 04fd 12       		.uleb128 0x12
 833 04fe 38010000 		.4byte	.LASF138
 834 0502 01       		.byte	0x1
 835 0503 29       		.byte	0x29
 836 0504 BB010000 		.4byte	0x1bb
 837 0508 00000000 		.4byte	.LFB111
 838 050c C4000000 		.4byte	.LFE111-.LFB111
 839 0510 01       		.uleb128 0x1
 840 0511 9C       		.byte	0x9c
 841 0512 8E050000 		.4byte	0x58e
 842 0516 13       		.uleb128 0x13
 843 0517 0F070000 		.4byte	.LASF139
 844 051b 01       		.byte	0x1
 845 051c 29       		.byte	0x29
 846 051d 94050000 		.4byte	0x594
 847 0521 00000000 		.4byte	.LLST0
 848 0525 14       		.uleb128 0x14
 849 0526 F4070000 		.4byte	.LASF123
 850 052a 01       		.byte	0x1
 851 052b 2C       		.byte	0x2c
 852 052c 97000000 		.4byte	0x97
 853 0530 05       		.uleb128 0x5
 854 0531 03       		.byte	0x3
 855 0532 02000000 		.4byte	KeyLeft_Button_1_flag.7812
 856 0536 14       		.uleb128 0x14
 857 0537 DD060000 		.4byte	.LASF124
 858 053b 01       		.byte	0x1
 859 053c 2D       		.byte	0x2d
 860 053d 97000000 		.4byte	0x97
 861 0541 05       		.uleb128 0x5
 862 0542 03       		.byte	0x3
 863 0543 04000000 		.4byte	KeyLeft_Button_2_flag.7813
 864 0547 14       		.uleb128 0x14
 865 0548 2E070000 		.4byte	.LASF125
 866 054c 01       		.byte	0x1
 867 054d 2E       		.byte	0x2e
 868 054e 97000000 		.4byte	0x97
ARM GAS  C:\Users\Admin\AppData\Local\Temp\ccBom2mT.s 			page 18


 869 0552 05       		.uleb128 0x5
 870 0553 03       		.byte	0x3
 871 0554 00000000 		.4byte	tickevent.7814
 872 0558 14       		.uleb128 0x14
 873 0559 29010000 		.4byte	.LASF126
 874 055d 01       		.byte	0x1
 875 055e 2F       		.byte	0x2f
 876 055f 97000000 		.4byte	0x97
 877 0563 05       		.uleb128 0x5
 878 0564 03       		.byte	0x3
 879 0565 06000000 		.4byte	tickevent_long.7815
 880 0569 15       		.uleb128 0x15
 881 056a 4A000000 		.4byte	.LVL1
 882 056e E1050000 		.4byte	0x5e1
 883 0572 15       		.uleb128 0x15
 884 0573 58000000 		.4byte	.LVL2
 885 0577 EC050000 		.4byte	0x5ec
 886 057b 15       		.uleb128 0x15
 887 057c 6C000000 		.4byte	.LVL3
 888 0580 E1050000 		.4byte	0x5e1
 889 0584 15       		.uleb128 0x15
 890 0585 84000000 		.4byte	.LVL4
 891 0589 EC050000 		.4byte	0x5ec
 892 058d 00       		.byte	0
 893 058e 0C       		.uleb128 0xc
 894 058f 04       		.byte	0x4
 895 0590 F2040000 		.4byte	0x4f2
 896 0594 16       		.uleb128 0x16
 897 0595 8E050000 		.4byte	0x58e
 898 0599 17       		.uleb128 0x17
 899 059a 29030000 		.4byte	.LASF127
 900 059e 0B       		.byte	0xb
 901 059f 40       		.byte	0x40
 902 05a0 DF000000 		.4byte	0xdf
 903 05a4 17       		.uleb128 0x17
 904 05a5 CC010000 		.4byte	.LASF128
 905 05a9 0B       		.byte	0xb
 906 05aa 47       		.byte	0x47
 907 05ab EA000000 		.4byte	0xea
 908 05af 17       		.uleb128 0x17
 909 05b0 9A040000 		.4byte	.LASF129
 910 05b4 0B       		.byte	0xb
 911 05b5 4A       		.byte	0x4a
 912 05b6 DF000000 		.4byte	0xdf
 913 05ba 17       		.uleb128 0x17
 914 05bb E5010000 		.4byte	.LASF130
 915 05bf 0C       		.byte	0xc
 916 05c0 48       		.byte	0x48
 917 05c1 F5000000 		.4byte	0xf5
 918 05c5 17       		.uleb128 0x17
 919 05c6 71070000 		.4byte	.LASF131
 920 05ca 0D       		.byte	0xd
 921 05cb 44       		.byte	0x44
 922 05cc DF000000 		.4byte	0xdf
 923 05d0 18       		.uleb128 0x18
 924 05d1 C8000000 		.4byte	.LASF132
 925 05d5 0E       		.byte	0xe
ARM GAS  C:\Users\Admin\AppData\Local\Temp\ccBom2mT.s 			page 19


 926 05d6 1207     		.2byte	0x712
 927 05d8 DC050000 		.4byte	0x5dc
 928 05dc 19       		.uleb128 0x19
 929 05dd A2000000 		.4byte	0xa2
 930 05e1 1A       		.uleb128 0x1a
 931 05e2 6E030000 		.4byte	.LASF133
 932 05e6 6E030000 		.4byte	.LASF133
 933 05ea 0F       		.byte	0xf
 934 05eb 29       		.byte	0x29
 935 05ec 1A       		.uleb128 0x1a
 936 05ed 0E040000 		.4byte	.LASF134
 937 05f1 0E040000 		.4byte	.LASF134
 938 05f5 10       		.byte	0x10
 939 05f6 29       		.byte	0x29
 940 05f7 00       		.byte	0
 941              		.section	.debug_abbrev,"",%progbits
 942              	.Ldebug_abbrev0:
 943 0000 01       		.uleb128 0x1
 944 0001 11       		.uleb128 0x11
 945 0002 01       		.byte	0x1
 946 0003 25       		.uleb128 0x25
 947 0004 0E       		.uleb128 0xe
 948 0005 13       		.uleb128 0x13
 949 0006 0B       		.uleb128 0xb
 950 0007 03       		.uleb128 0x3
 951 0008 0E       		.uleb128 0xe
 952 0009 1B       		.uleb128 0x1b
 953 000a 0E       		.uleb128 0xe
 954 000b 55       		.uleb128 0x55
 955 000c 17       		.uleb128 0x17
 956 000d 11       		.uleb128 0x11
 957 000e 01       		.uleb128 0x1
 958 000f 10       		.uleb128 0x10
 959 0010 17       		.uleb128 0x17
 960 0011 00       		.byte	0
 961 0012 00       		.byte	0
 962 0013 02       		.uleb128 0x2
 963 0014 24       		.uleb128 0x24
 964 0015 00       		.byte	0
 965 0016 0B       		.uleb128 0xb
 966 0017 0B       		.uleb128 0xb
 967 0018 3E       		.uleb128 0x3e
 968 0019 0B       		.uleb128 0xb
 969 001a 03       		.uleb128 0x3
 970 001b 0E       		.uleb128 0xe
 971 001c 00       		.byte	0
 972 001d 00       		.byte	0
 973 001e 03       		.uleb128 0x3
 974 001f 16       		.uleb128 0x16
 975 0020 00       		.byte	0
 976 0021 03       		.uleb128 0x3
 977 0022 0E       		.uleb128 0xe
 978 0023 3A       		.uleb128 0x3a
 979 0024 0B       		.uleb128 0xb
 980 0025 3B       		.uleb128 0x3b
 981 0026 0B       		.uleb128 0xb
 982 0027 49       		.uleb128 0x49
ARM GAS  C:\Users\Admin\AppData\Local\Temp\ccBom2mT.s 			page 20


 983 0028 13       		.uleb128 0x13
 984 0029 00       		.byte	0
 985 002a 00       		.byte	0
 986 002b 04       		.uleb128 0x4
 987 002c 24       		.uleb128 0x24
 988 002d 00       		.byte	0
 989 002e 0B       		.uleb128 0xb
 990 002f 0B       		.uleb128 0xb
 991 0030 3E       		.uleb128 0x3e
 992 0031 0B       		.uleb128 0xb
 993 0032 03       		.uleb128 0x3
 994 0033 08       		.uleb128 0x8
 995 0034 00       		.byte	0
 996 0035 00       		.byte	0
 997 0036 05       		.uleb128 0x5
 998 0037 04       		.uleb128 0x4
 999 0038 01       		.byte	0x1
 1000 0039 0B       		.uleb128 0xb
 1001 003a 0B       		.uleb128 0xb
 1002 003b 49       		.uleb128 0x49
 1003 003c 13       		.uleb128 0x13
 1004 003d 3A       		.uleb128 0x3a
 1005 003e 0B       		.uleb128 0xb
 1006 003f 3B       		.uleb128 0x3b
 1007 0040 0B       		.uleb128 0xb
 1008 0041 01       		.uleb128 0x1
 1009 0042 13       		.uleb128 0x13
 1010 0043 00       		.byte	0
 1011 0044 00       		.byte	0
 1012 0045 06       		.uleb128 0x6
 1013 0046 28       		.uleb128 0x28
 1014 0047 00       		.byte	0
 1015 0048 03       		.uleb128 0x3
 1016 0049 0E       		.uleb128 0xe
 1017 004a 1C       		.uleb128 0x1c
 1018 004b 0B       		.uleb128 0xb
 1019 004c 00       		.byte	0
 1020 004d 00       		.byte	0
 1021 004e 07       		.uleb128 0x7
 1022 004f 28       		.uleb128 0x28
 1023 0050 00       		.byte	0
 1024 0051 03       		.uleb128 0x3
 1025 0052 0E       		.uleb128 0xe
 1026 0053 1C       		.uleb128 0x1c
 1027 0054 0D       		.uleb128 0xd
 1028 0055 00       		.byte	0
 1029 0056 00       		.byte	0
 1030 0057 08       		.uleb128 0x8
 1031 0058 28       		.uleb128 0x28
 1032 0059 00       		.byte	0
 1033 005a 03       		.uleb128 0x3
 1034 005b 0E       		.uleb128 0xe
 1035 005c 1C       		.uleb128 0x1c
 1036 005d 05       		.uleb128 0x5
 1037 005e 00       		.byte	0
 1038 005f 00       		.byte	0
 1039 0060 09       		.uleb128 0x9
ARM GAS  C:\Users\Admin\AppData\Local\Temp\ccBom2mT.s 			page 21


 1040 0061 28       		.uleb128 0x28
 1041 0062 00       		.byte	0
 1042 0063 03       		.uleb128 0x3
 1043 0064 08       		.uleb128 0x8
 1044 0065 1C       		.uleb128 0x1c
 1045 0066 0B       		.uleb128 0xb
 1046 0067 00       		.byte	0
 1047 0068 00       		.byte	0
 1048 0069 0A       		.uleb128 0xa
 1049 006a 13       		.uleb128 0x13
 1050 006b 01       		.byte	0x1
 1051 006c 0B       		.uleb128 0xb
 1052 006d 0B       		.uleb128 0xb
 1053 006e 3A       		.uleb128 0x3a
 1054 006f 0B       		.uleb128 0xb
 1055 0070 3B       		.uleb128 0x3b
 1056 0071 0B       		.uleb128 0xb
 1057 0072 01       		.uleb128 0x1
 1058 0073 13       		.uleb128 0x13
 1059 0074 00       		.byte	0
 1060 0075 00       		.byte	0
 1061 0076 0B       		.uleb128 0xb
 1062 0077 0D       		.uleb128 0xd
 1063 0078 00       		.byte	0
 1064 0079 03       		.uleb128 0x3
 1065 007a 0E       		.uleb128 0xe
 1066 007b 3A       		.uleb128 0x3a
 1067 007c 0B       		.uleb128 0xb
 1068 007d 3B       		.uleb128 0x3b
 1069 007e 0B       		.uleb128 0xb
 1070 007f 49       		.uleb128 0x49
 1071 0080 13       		.uleb128 0x13
 1072 0081 38       		.uleb128 0x38
 1073 0082 0B       		.uleb128 0xb
 1074 0083 00       		.byte	0
 1075 0084 00       		.byte	0
 1076 0085 0C       		.uleb128 0xc
 1077 0086 0F       		.uleb128 0xf
 1078 0087 00       		.byte	0
 1079 0088 0B       		.uleb128 0xb
 1080 0089 0B       		.uleb128 0xb
 1081 008a 49       		.uleb128 0x49
 1082 008b 13       		.uleb128 0x13
 1083 008c 00       		.byte	0
 1084 008d 00       		.byte	0
 1085 008e 0D       		.uleb128 0xd
 1086 008f 15       		.uleb128 0x15
 1087 0090 01       		.byte	0x1
 1088 0091 01       		.uleb128 0x1
 1089 0092 13       		.uleb128 0x13
 1090 0093 00       		.byte	0
 1091 0094 00       		.byte	0
 1092 0095 0E       		.uleb128 0xe
 1093 0096 18       		.uleb128 0x18
 1094 0097 00       		.byte	0
 1095 0098 00       		.byte	0
 1096 0099 00       		.byte	0
ARM GAS  C:\Users\Admin\AppData\Local\Temp\ccBom2mT.s 			page 22


 1097 009a 0F       		.uleb128 0xf
 1098 009b 15       		.uleb128 0x15
 1099 009c 01       		.byte	0x1
 1100 009d 49       		.uleb128 0x49
 1101 009e 13       		.uleb128 0x13
 1102 009f 01       		.uleb128 0x1
 1103 00a0 13       		.uleb128 0x13
 1104 00a1 00       		.byte	0
 1105 00a2 00       		.byte	0
 1106 00a3 10       		.uleb128 0x10
 1107 00a4 01       		.uleb128 0x1
 1108 00a5 01       		.byte	0x1
 1109 00a6 49       		.uleb128 0x49
 1110 00a7 13       		.uleb128 0x13
 1111 00a8 01       		.uleb128 0x1
 1112 00a9 13       		.uleb128 0x13
 1113 00aa 00       		.byte	0
 1114 00ab 00       		.byte	0
 1115 00ac 11       		.uleb128 0x11
 1116 00ad 21       		.uleb128 0x21
 1117 00ae 00       		.byte	0
 1118 00af 00       		.byte	0
 1119 00b0 00       		.byte	0
 1120 00b1 12       		.uleb128 0x12
 1121 00b2 2E       		.uleb128 0x2e
 1122 00b3 01       		.byte	0x1
 1123 00b4 3F       		.uleb128 0x3f
 1124 00b5 19       		.uleb128 0x19
 1125 00b6 03       		.uleb128 0x3
 1126 00b7 0E       		.uleb128 0xe
 1127 00b8 3A       		.uleb128 0x3a
 1128 00b9 0B       		.uleb128 0xb
 1129 00ba 3B       		.uleb128 0x3b
 1130 00bb 0B       		.uleb128 0xb
 1131 00bc 27       		.uleb128 0x27
 1132 00bd 19       		.uleb128 0x19
 1133 00be 49       		.uleb128 0x49
 1134 00bf 13       		.uleb128 0x13
 1135 00c0 11       		.uleb128 0x11
 1136 00c1 01       		.uleb128 0x1
 1137 00c2 12       		.uleb128 0x12
 1138 00c3 06       		.uleb128 0x6
 1139 00c4 40       		.uleb128 0x40
 1140 00c5 18       		.uleb128 0x18
 1141 00c6 9742     		.uleb128 0x2117
 1142 00c8 19       		.uleb128 0x19
 1143 00c9 01       		.uleb128 0x1
 1144 00ca 13       		.uleb128 0x13
 1145 00cb 00       		.byte	0
 1146 00cc 00       		.byte	0
 1147 00cd 13       		.uleb128 0x13
 1148 00ce 05       		.uleb128 0x5
 1149 00cf 00       		.byte	0
 1150 00d0 03       		.uleb128 0x3
 1151 00d1 0E       		.uleb128 0xe
 1152 00d2 3A       		.uleb128 0x3a
 1153 00d3 0B       		.uleb128 0xb
ARM GAS  C:\Users\Admin\AppData\Local\Temp\ccBom2mT.s 			page 23


 1154 00d4 3B       		.uleb128 0x3b
 1155 00d5 0B       		.uleb128 0xb
 1156 00d6 49       		.uleb128 0x49
 1157 00d7 13       		.uleb128 0x13
 1158 00d8 02       		.uleb128 0x2
 1159 00d9 17       		.uleb128 0x17
 1160 00da 00       		.byte	0
 1161 00db 00       		.byte	0
 1162 00dc 14       		.uleb128 0x14
 1163 00dd 34       		.uleb128 0x34
 1164 00de 00       		.byte	0
 1165 00df 03       		.uleb128 0x3
 1166 00e0 0E       		.uleb128 0xe
 1167 00e1 3A       		.uleb128 0x3a
 1168 00e2 0B       		.uleb128 0xb
 1169 00e3 3B       		.uleb128 0x3b
 1170 00e4 0B       		.uleb128 0xb
 1171 00e5 49       		.uleb128 0x49
 1172 00e6 13       		.uleb128 0x13
 1173 00e7 02       		.uleb128 0x2
 1174 00e8 18       		.uleb128 0x18
 1175 00e9 00       		.byte	0
 1176 00ea 00       		.byte	0
 1177 00eb 15       		.uleb128 0x15
 1178 00ec 898201   		.uleb128 0x4109
 1179 00ef 00       		.byte	0
 1180 00f0 11       		.uleb128 0x11
 1181 00f1 01       		.uleb128 0x1
 1182 00f2 31       		.uleb128 0x31
 1183 00f3 13       		.uleb128 0x13
 1184 00f4 00       		.byte	0
 1185 00f5 00       		.byte	0
 1186 00f6 16       		.uleb128 0x16
 1187 00f7 26       		.uleb128 0x26
 1188 00f8 00       		.byte	0
 1189 00f9 49       		.uleb128 0x49
 1190 00fa 13       		.uleb128 0x13
 1191 00fb 00       		.byte	0
 1192 00fc 00       		.byte	0
 1193 00fd 17       		.uleb128 0x17
 1194 00fe 34       		.uleb128 0x34
 1195 00ff 00       		.byte	0
 1196 0100 03       		.uleb128 0x3
 1197 0101 0E       		.uleb128 0xe
 1198 0102 3A       		.uleb128 0x3a
 1199 0103 0B       		.uleb128 0xb
 1200 0104 3B       		.uleb128 0x3b
 1201 0105 0B       		.uleb128 0xb
 1202 0106 49       		.uleb128 0x49
 1203 0107 13       		.uleb128 0x13
 1204 0108 3F       		.uleb128 0x3f
 1205 0109 19       		.uleb128 0x19
 1206 010a 3C       		.uleb128 0x3c
 1207 010b 19       		.uleb128 0x19
 1208 010c 00       		.byte	0
 1209 010d 00       		.byte	0
 1210 010e 18       		.uleb128 0x18
ARM GAS  C:\Users\Admin\AppData\Local\Temp\ccBom2mT.s 			page 24


 1211 010f 34       		.uleb128 0x34
 1212 0110 00       		.byte	0
 1213 0111 03       		.uleb128 0x3
 1214 0112 0E       		.uleb128 0xe
 1215 0113 3A       		.uleb128 0x3a
 1216 0114 0B       		.uleb128 0xb
 1217 0115 3B       		.uleb128 0x3b
 1218 0116 05       		.uleb128 0x5
 1219 0117 49       		.uleb128 0x49
 1220 0118 13       		.uleb128 0x13
 1221 0119 3F       		.uleb128 0x3f
 1222 011a 19       		.uleb128 0x19
 1223 011b 3C       		.uleb128 0x3c
 1224 011c 19       		.uleb128 0x19
 1225 011d 00       		.byte	0
 1226 011e 00       		.byte	0
 1227 011f 19       		.uleb128 0x19
 1228 0120 35       		.uleb128 0x35
 1229 0121 00       		.byte	0
 1230 0122 49       		.uleb128 0x49
 1231 0123 13       		.uleb128 0x13
 1232 0124 00       		.byte	0
 1233 0125 00       		.byte	0
 1234 0126 1A       		.uleb128 0x1a
 1235 0127 2E       		.uleb128 0x2e
 1236 0128 00       		.byte	0
 1237 0129 3F       		.uleb128 0x3f
 1238 012a 19       		.uleb128 0x19
 1239 012b 3C       		.uleb128 0x3c
 1240 012c 19       		.uleb128 0x19
 1241 012d 6E       		.uleb128 0x6e
 1242 012e 0E       		.uleb128 0xe
 1243 012f 03       		.uleb128 0x3
 1244 0130 0E       		.uleb128 0xe
 1245 0131 3A       		.uleb128 0x3a
 1246 0132 0B       		.uleb128 0xb
 1247 0133 3B       		.uleb128 0x3b
 1248 0134 0B       		.uleb128 0xb
 1249 0135 00       		.byte	0
 1250 0136 00       		.byte	0
 1251 0137 00       		.byte	0
 1252              		.section	.debug_loc,"",%progbits
 1253              	.Ldebug_loc0:
 1254              	.LLST0:
 1255 0000 00000000 		.4byte	.LVL0
 1256 0004 49000000 		.4byte	.LVL1-1
 1257 0008 0100     		.2byte	0x1
 1258 000a 50       		.byte	0x50
 1259 000b 49000000 		.4byte	.LVL1-1
 1260 000f B8000000 		.4byte	.LVL5
 1261 0013 0100     		.2byte	0x1
 1262 0015 54       		.byte	0x54
 1263 0016 B8000000 		.4byte	.LVL5
 1264 001a C4000000 		.4byte	.LFE111
 1265 001e 0400     		.2byte	0x4
 1266 0020 F3       		.byte	0xf3
 1267 0021 01       		.uleb128 0x1
ARM GAS  C:\Users\Admin\AppData\Local\Temp\ccBom2mT.s 			page 25


 1268 0022 50       		.byte	0x50
 1269 0023 9F       		.byte	0x9f
 1270 0024 00000000 		.4byte	0
 1271 0028 00000000 		.4byte	0
 1272              		.section	.debug_aranges,"",%progbits
 1273 0000 1C000000 		.4byte	0x1c
 1274 0004 0200     		.2byte	0x2
 1275 0006 00000000 		.4byte	.Ldebug_info0
 1276 000a 04       		.byte	0x4
 1277 000b 00       		.byte	0
 1278 000c 0000     		.2byte	0
 1279 000e 0000     		.2byte	0
 1280 0010 00000000 		.4byte	.LFB111
 1281 0014 C4000000 		.4byte	.LFE111-.LFB111
 1282 0018 00000000 		.4byte	0
 1283 001c 00000000 		.4byte	0
 1284              		.section	.debug_ranges,"",%progbits
 1285              	.Ldebug_ranges0:
 1286 0000 00000000 		.4byte	.LFB111
 1287 0004 C4000000 		.4byte	.LFE111
 1288 0008 00000000 		.4byte	0
 1289 000c 00000000 		.4byte	0
 1290              		.section	.debug_line,"",%progbits
 1291              	.Ldebug_line0:
 1292 0000 9F020000 		.section	.debug_str,"MS",%progbits,1
 1292      02006102 
 1292      00000201 
 1292      FB0E0D00 
 1292      01010101 
 1293              	.LASF91:
 1294 0000 434C4F43 		.ascii	"CLOCK_Active_Widget_t\000"
 1294      4B5F4163 
 1294      74697665 
 1294      5F576964 
 1294      6765745F 
 1295              	.LASF75:
 1296 0016 45565F4B 		.ascii	"EV_KEYLEFT\000"
 1296      45594C45 
 1296      465400
 1297              	.LASF49:
 1298 0021 52435F45 		.ascii	"RC_ERROR_INVALID_STATE\000"
 1298      52524F52 
 1298      5F494E56 
 1298      414C4944 
 1298      5F535441 
 1299              	.LASF59:
 1300 0038 4D414745 		.ascii	"MAGENTA\000"
 1300      4E544100 
 1301              	.LASF57:
 1302 0040 47524544 		.ascii	"GRED\000"
 1302      00
 1303              	.LASF3:
 1304 0045 5F5F7569 		.ascii	"__uint8_t\000"
 1304      6E74385F 
 1304      7400
 1305              	.LASF52:
 1306 004f 52435F74 		.ascii	"RC_t\000"
ARM GAS  C:\Users\Admin\AppData\Local\Temp\ccBom2mT.s 			page 26


 1306      00
 1307              	.LASF41:
 1308 0054 52435F45 		.ascii	"RC_ERROR_WRITE_ONLY\000"
 1308      52524F52 
 1308      5F575249 
 1308      54455F4F 
 1308      4E4C5900 
 1309              	.LASF100:
 1310 0068 746F5374 		.ascii	"toState\000"
 1310      61746500 
 1311              	.LASF110:
 1312 0070 6D5F7472 		.ascii	"m_transitions\000"
 1312      616E7369 
 1312      74696F6E 
 1312      7300
 1313              	.LASF47:
 1314 007e 52435F45 		.ascii	"RC_ERROR_BAD_DATA\000"
 1314      52524F52 
 1314      5F424144 
 1314      5F444154 
 1314      4100
 1315              	.LASF37:
 1316 0090 52435F45 		.ascii	"RC_ERROR_TIME_OUT\000"
 1316      52524F52 
 1316      5F54494D 
 1316      455F4F55 
 1316      5400
 1317              	.LASF81:
 1318 00a2 434C4F43 		.ascii	"CLOCK_C_ISDISPLAYING\000"
 1318      4B5F435F 
 1318      49534449 
 1318      53504C41 
 1318      59494E47 
 1319              	.LASF88:
 1320 00b7 434C4F43 		.ascii	"CLOCK_HOURWIDGET\000"
 1320      4B5F484F 
 1320      55525749 
 1320      44474554 
 1320      00
 1321              	.LASF132:
 1322 00c8 49544D5F 		.ascii	"ITM_RxBuffer\000"
 1322      52784275 
 1322      66666572 
 1322      00
 1323              	.LASF53:
 1324 00d5 57484954 		.ascii	"WHITE\000"
 1324      4500
 1325              	.LASF73:
 1326 00db 5446545F 		.ascii	"TFT_colors_t\000"
 1326      636F6C6F 
 1326      72735F74 
 1326      00
 1327              	.LASF9:
 1328 00e8 6C6F6E67 		.ascii	"long long int\000"
 1328      206C6F6E 
 1328      6720696E 
 1328      7400
ARM GAS  C:\Users\Admin\AppData\Local\Temp\ccBom2mT.s 			page 27


 1329              	.LASF0:
 1330 00f6 7369676E 		.ascii	"signed char\000"
 1330      65642063 
 1330      68617200 
 1331              	.LASF30:
 1332 0102 52435F45 		.ascii	"RC_ERROR_MEMORY\000"
 1332      52524F52 
 1332      5F4D454D 
 1332      4F525900 
 1333              	.LASF82:
 1334 0112 434C4F43 		.ascii	"CLOCK_C_ISEDITINGHOURS\000"
 1334      4B5F435F 
 1334      49534544 
 1334      4954494E 
 1334      47484F55 
 1335              	.LASF126:
 1336 0129 7469636B 		.ascii	"tickevent_long\000"
 1336      6576656E 
 1336      745F6C6F 
 1336      6E6700
 1337              	.LASF138:
 1338 0138 53435F49 		.ascii	"SC_INPUT_driverIn\000"
 1338      4E505554 
 1338      5F647269 
 1338      76657249 
 1338      6E00
 1339              	.LASF35:
 1340 014a 52435F45 		.ascii	"RC_ERROR_BUFFER_EMTPY\000"
 1340      52524F52 
 1340      5F425546 
 1340      4645525F 
 1340      454D5450 
 1341              	.LASF105:
 1342 0160 73746174 		.ascii	"state\000"
 1342      6500
 1343              	.LASF98:
 1344 0166 53544154 		.ascii	"STATE_GuardPtr_t\000"
 1344      455F4775 
 1344      61726450 
 1344      74725F74 
 1344      00
 1345              	.LASF7:
 1346 0177 6C6F6E67 		.ascii	"long int\000"
 1346      20696E74 
 1346      00
 1347              	.LASF63:
 1348 0180 42524F57 		.ascii	"BROWN\000"
 1348      4E00
 1349              	.LASF107:
 1350 0186 61637469 		.ascii	"actionExit\000"
 1350      6F6E4578 
 1350      697400
 1351              	.LASF92:
 1352 0191 77696467 		.ascii	"widget_colour\000"
 1352      65745F63 
 1352      6F6C6F75 
 1352      7200
ARM GAS  C:\Users\Admin\AppData\Local\Temp\ccBom2mT.s 			page 28


 1353              	.LASF62:
 1354 019f 59454C4C 		.ascii	"YELLOW\000"
 1354      4F5700
 1355              	.LASF38:
 1356 01a6 52435F45 		.ascii	"RC_ERROR_OPEN\000"
 1356      52524F52 
 1356      5F4F5045 
 1356      4E00
 1357              	.LASF78:
 1358 01b4 45565F32 		.ascii	"EV_250MS\000"
 1358      35304D53 
 1358      00
 1359              	.LASF16:
 1360 01bd 646F7562 		.ascii	"double\000"
 1360      6C6500
 1361              	.LASF112:
 1362 01c4 6D5F7661 		.ascii	"m_value\000"
 1362      6C756500 
 1363              	.LASF128:
 1364 01cc 45455F6F 		.ascii	"EE_oo_IRQ_suspend_status\000"
 1364      6F5F4952 
 1364      515F7375 
 1364      7370656E 
 1364      645F7374 
 1365              	.LASF130:
 1366 01e5 45455F73 		.ascii	"EE_std_endcycle_next_tid\000"
 1366      74645F65 
 1366      6E646379 
 1366      636C655F 
 1366      6E657874 
 1367              	.LASF64:
 1368 01fe 42525245 		.ascii	"BRRED\000"
 1368      4400
 1369              	.LASF136:
 1370 0204 736F7572 		.ascii	"source\\rte\\sc_input_type.c\000"
 1370      63655C72 
 1370      74655C73 
 1370      635F696E 
 1370      7075745F 
 1371              	.LASF70:
 1372 021f 4C475241 		.ascii	"LGRAY\000"
 1372      5900
 1373              	.LASF96:
 1374 0225 53544154 		.ascii	"STATE_state_t\000"
 1374      455F7374 
 1374      6174655F 
 1374      7400
 1375              	.LASF76:
 1376 0233 45565F4B 		.ascii	"EV_KEYRIGHT\000"
 1376      45595249 
 1376      47485400 
 1377              	.LASF23:
 1378 023f 45455F54 		.ascii	"EE_TID\000"
 1378      494400
 1379              	.LASF97:
 1380 0246 53544154 		.ascii	"STATE_ActionPtr_t\000"
 1380      455F4163 
ARM GAS  C:\Users\Admin\AppData\Local\Temp\ccBom2mT.s 			page 29


 1380      74696F6E 
 1380      5074725F 
 1380      7400
 1381              	.LASF11:
 1382 0258 756E7369 		.ascii	"unsigned int\000"
 1382      676E6564 
 1382      20696E74 
 1382      00
 1383              	.LASF79:
 1384 0265 45565F31 		.ascii	"EV_1MIN\000"
 1384      4D494E00 
 1385              	.LASF13:
 1386 026d 75696E74 		.ascii	"uint16_t\000"
 1386      31365F74 
 1386      00
 1387              	.LASF50:
 1388 0276 52435F45 		.ascii	"RC_ERROR_UNKNOWN\000"
 1388      52524F52 
 1388      5F554E4B 
 1388      4E4F574E 
 1388      00
 1389              	.LASF21:
 1390 0287 45455F55 		.ascii	"EE_UREG\000"
 1390      52454700 
 1391              	.LASF39:
 1392 028f 52435F45 		.ascii	"RC_ERROR_CHECKSUM\000"
 1392      52524F52 
 1392      5F434845 
 1392      434B5355 
 1392      4D00
 1393              	.LASF8:
 1394 02a1 6C6F6E67 		.ascii	"long unsigned int\000"
 1394      20756E73 
 1394      69676E65 
 1394      6420696E 
 1394      7400
 1395              	.LASF28:
 1396 02b3 52435F45 		.ascii	"RC_ERROR_NULL\000"
 1396      52524F52 
 1396      5F4E554C 
 1396      4C00
 1397              	.LASF114:
 1398 02c1 434C4F43 		.ascii	"CLOCK_Widget_t\000"
 1398      4B5F5769 
 1398      64676574 
 1398      5F7400
 1399              	.LASF26:
 1400 02d0 52435F53 		.ascii	"RC_SUCCESS\000"
 1400      55434345 
 1400      535300
 1401              	.LASF86:
 1402 02db 434C4F43 		.ascii	"CLOCK_W_ISAUTOINCREMENT\000"
 1402      4B5F575F 
 1402      49534155 
 1402      544F494E 
 1402      4352454D 
 1403              	.LASF58:
ARM GAS  C:\Users\Admin\AppData\Local\Temp\ccBom2mT.s 			page 30


 1404 02f3 47424C55 		.ascii	"GBLUE\000"
 1404      4500
 1405              	.LASF10:
 1406 02f9 6C6F6E67 		.ascii	"long long unsigned int\000"
 1406      206C6F6E 
 1406      6720756E 
 1406      7369676E 
 1406      65642069 
 1407              	.LASF99:
 1408 0310 6576656E 		.ascii	"event\000"
 1408      7400
 1409              	.LASF5:
 1410 0316 73686F72 		.ascii	"short unsigned int\000"
 1410      7420756E 
 1410      7369676E 
 1410      65642069 
 1410      6E7400
 1411              	.LASF127:
 1412 0329 45455F6F 		.ascii	"EE_oo_IRQ_disable_count\000"
 1412      6F5F4952 
 1412      515F6469 
 1412      7361626C 
 1412      655F636F 
 1413              	.LASF34:
 1414 0341 52435F45 		.ascii	"RC_ERROR_BUFFER_FULL\000"
 1414      52524F52 
 1414      5F425546 
 1414      4645525F 
 1414      46554C4C 
 1415              	.LASF72:
 1416 0356 4C42424C 		.ascii	"LBBLUE\000"
 1416      554500
 1417              	.LASF106:
 1418 035d 61637469 		.ascii	"actionEntry\000"
 1418      6F6E456E 
 1418      74727900 
 1419              	.LASF90:
 1420 0369 4E4F4E45 		.ascii	"NONE\000"
 1420      00
 1421              	.LASF133:
 1422 036e 4B65794C 		.ascii	"KeyLeft_Button_1_Read\000"
 1422      6566745F 
 1422      42757474 
 1422      6F6E5F31 
 1422      5F526561 
 1423              	.LASF71:
 1424 0384 4C475241 		.ascii	"LGRAYBLUE\000"
 1424      59424C55 
 1424      4500
 1425              	.LASF44:
 1426 038e 52435F45 		.ascii	"RC_ERROR_WRITE_FAILS\000"
 1426      52524F52 
 1426      5F575249 
 1426      54455F46 
 1426      41494C53 
 1427              	.LASF95:
 1428 03a3 53544154 		.ascii	"STATE_event_t\000"
ARM GAS  C:\Users\Admin\AppData\Local\Temp\ccBom2mT.s 			page 31


 1428      455F6576 
 1428      656E745F 
 1428      7400
 1429              	.LASF45:
 1430 03b1 52435F45 		.ascii	"RC_ERROR_NOT_MATCH\000"
 1430      52524F52 
 1430      5F4E4F54 
 1430      5F4D4154 
 1430      434800
 1431              	.LASF40:
 1432 03c4 52435F45 		.ascii	"RC_ERROR_READ_ONLY\000"
 1432      52524F52 
 1432      5F524541 
 1432      445F4F4E 
 1432      4C5900
 1433              	.LASF6:
 1434 03d7 5F5F696E 		.ascii	"__int32_t\000"
 1434      7433325F 
 1434      7400
 1435              	.LASF67:
 1436 03e1 4C494748 		.ascii	"LIGHTBLUE\000"
 1436      54424C55 
 1436      4500
 1437              	.LASF89:
 1438 03eb 434C4F43 		.ascii	"CLOCK_MINWIDGET\000"
 1438      4B5F4D49 
 1438      4E574944 
 1438      47455400 
 1439              	.LASF87:
 1440 03fb 436C6F63 		.ascii	"Clock_State_Enum_t\000"
 1440      6B5F5374 
 1440      6174655F 
 1440      456E756D 
 1440      5F7400
 1441              	.LASF134:
 1442 040e 4B657952 		.ascii	"KeyRight_Button_2_Read\000"
 1442      69676874 
 1442      5F427574 
 1442      746F6E5F 
 1442      325F5265 
 1443              	.LASF80:
 1444 0425 4556454E 		.ascii	"EVENT_t\000"
 1444      545F7400 
 1445              	.LASF24:
 1446 042d 73697A65 		.ascii	"sizetype\000"
 1446      74797065 
 1446      00
 1447              	.LASF85:
 1448 0436 434C4F43 		.ascii	"CLOCK_W_ISEDITING\000"
 1448      4B5F575F 
 1448      49534544 
 1448      4954494E 
 1448      4700
 1449              	.LASF18:
 1450 0448 6C6F6E67 		.ascii	"long double\000"
 1450      20646F75 
 1450      626C6500 
ARM GAS  C:\Users\Admin\AppData\Local\Temp\ccBom2mT.s 			page 32


 1451              	.LASF25:
 1452 0454 626F6F6C 		.ascii	"boolean_t\000"
 1452      65616E5F 
 1452      7400
 1453              	.LASF103:
 1454 045e 53544154 		.ascii	"STATE_stateInnerTransition_t\000"
 1454      455F7374 
 1454      61746549 
 1454      6E6E6572 
 1454      5472616E 
 1455              	.LASF109:
 1456 047b 6D5F7769 		.ascii	"m_widgetState\000"
 1456      64676574 
 1456      53746174 
 1456      6500
 1457              	.LASF42:
 1458 0489 52435F45 		.ascii	"RC_ERROR_INVALID\000"
 1458      52524F52 
 1458      5F494E56 
 1458      414C4944 
 1458      00
 1459              	.LASF129:
 1460 049a 45455F41 		.ascii	"EE_ApplicationMode\000"
 1460      70706C69 
 1460      63617469 
 1460      6F6E4D6F 
 1460      646500
 1461              	.LASF48:
 1462 04ad 52435F45 		.ascii	"RC_ERROR_CANCELED\000"
 1462      52524F52 
 1462      5F43414E 
 1462      43454C45 
 1462      4400
 1463              	.LASF65:
 1464 04bf 47524159 		.ascii	"GRAY\000"
 1464      00
 1465              	.LASF33:
 1466 04c4 52435F45 		.ascii	"RC_ERROR_UNDERRUN\000"
 1466      52524F52 
 1466      5F554E44 
 1466      45525255 
 1466      4E00
 1467              	.LASF43:
 1468 04d6 52435F45 		.ascii	"RC_ERROR_READ_FAILS\000"
 1468      52524F52 
 1468      5F524541 
 1468      445F4641 
 1468      494C5300 
 1469              	.LASF66:
 1470 04ea 4441524B 		.ascii	"DARKBLUE\000"
 1470      424C5545 
 1470      00
 1471              	.LASF27:
 1472 04f3 52435F45 		.ascii	"RC_ERROR\000"
 1472      52524F52 
 1472      00
 1473              	.LASF56:
ARM GAS  C:\Users\Admin\AppData\Local\Temp\ccBom2mT.s 			page 33


 1474 04fc 42524544 		.ascii	"BRED\000"
 1474      00
 1475              	.LASF121:
 1476 0501 6D5F636C 		.ascii	"m_clock_data\000"
 1476      6F636B5F 
 1476      64617461 
 1476      00
 1477              	.LASF36:
 1478 050e 52435F45 		.ascii	"RC_ERROR_BUSY\000"
 1478      52524F52 
 1478      5F425553 
 1478      5900
 1479              	.LASF111:
 1480 051c 6D5F7374 		.ascii	"m_stateActions\000"
 1480      61746541 
 1480      6374696F 
 1480      6E7300
 1481              	.LASF14:
 1482 052b 696E7433 		.ascii	"int32_t\000"
 1482      325F7400 
 1483              	.LASF1:
 1484 0533 756E7369 		.ascii	"unsigned char\000"
 1484      676E6564 
 1484      20636861 
 1484      7200
 1485              	.LASF104:
 1486 0541 53544154 		.ascii	"STATE_stateInnerTransitionTable_t\000"
 1486      455F7374 
 1486      61746549 
 1486      6E6E6572 
 1486      5472616E 
 1487              	.LASF2:
 1488 0563 73686F72 		.ascii	"short int\000"
 1488      7420696E 
 1488      7400
 1489              	.LASF83:
 1490 056d 434C4F43 		.ascii	"CLOCK_C_ISEDITINGMINUTES\000"
 1490      4B5F435F 
 1490      49534544 
 1490      4954494E 
 1490      474D494E 
 1491              	.LASF119:
 1492 0586 434C4F43 		.ascii	"CLOCK_data_t\000"
 1492      4B5F6461 
 1492      74615F74 
 1492      00
 1493              	.LASF122:
 1494 0593 53435F49 		.ascii	"SC_INPUT_data_t\000"
 1494      4E505554 
 1494      5F646174 
 1494      615F7400 
 1495              	.LASF135:
 1496 05a3 474E5520 		.ascii	"GNU C11 5.4.1 20160609 (release) [ARM/embedded-5-br"
 1496      43313120 
 1496      352E342E 
 1496      31203230 
 1496      31363036 
ARM GAS  C:\Users\Admin\AppData\Local\Temp\ccBom2mT.s 			page 34


 1497 05d6 616E6368 		.ascii	"anch revision 237715] -mcpu=cortex-m3 -mthumb -g -O"
 1497      20726576 
 1497      6973696F 
 1497      6E203233 
 1497      37373135 
 1498 0609 67202D66 		.ascii	"g -ffunction-sections -ffat-lto-objects\000"
 1498      66756E63 
 1498      74696F6E 
 1498      2D736563 
 1498      74696F6E 
 1499              	.LASF61:
 1500 0631 4359414E 		.ascii	"CYAN\000"
 1500      00
 1501              	.LASF29:
 1502 0636 52435F45 		.ascii	"RC_ERROR_ZERO\000"
 1502      52524F52 
 1502      5F5A4552 
 1502      4F00
 1503              	.LASF46:
 1504 0644 52435F45 		.ascii	"RC_ERROR_BAD_PARAM\000"
 1504      52524F52 
 1504      5F424144 
 1504      5F504152 
 1504      414D00
 1505              	.LASF137:
 1506 0657 453A5C53 		.ascii	"E:\\Subjects\\EAA\\Lab\\Practice\\Lab2.cydsn\000"
 1506      75626A65 
 1506      6374735C 
 1506      4541415C 
 1506      4C61625C 
 1507              	.LASF15:
 1508 067f 666C6F61 		.ascii	"float\000"
 1508      7400
 1509              	.LASF17:
 1510 0685 63686172 		.ascii	"char\000"
 1510      00
 1511              	.LASF54:
 1512 068a 424C4143 		.ascii	"BLACK\000"
 1512      4B00
 1513              	.LASF113:
 1514 0690 6D5F666F 		.ascii	"m_font\000"
 1514      6E7400
 1515              	.LASF4:
 1516 0697 5F5F7569 		.ascii	"__uint16_t\000"
 1516      6E743136 
 1516      5F7400
 1517              	.LASF55:
 1518 06a2 424C5545 		.ascii	"BLUE\000"
 1518      00
 1519              	.LASF116:
 1520 06a7 6D5F6163 		.ascii	"m_activeWidget\000"
 1520      74697665 
 1520      57696467 
 1520      657400
 1521              	.LASF60:
 1522 06b6 47524545 		.ascii	"GREEN\000"
 1522      4E00
ARM GAS  C:\Users\Admin\AppData\Local\Temp\ccBom2mT.s 			page 35


 1523              	.LASF51:
 1524 06bc 52435F45 		.ascii	"RC_ERROR_NOT_IMPLEMENTED\000"
 1524      52524F52 
 1524      5F4E4F54 
 1524      5F494D50 
 1524      4C454D45 
 1525              	.LASF74:
 1526 06d5 45565F4E 		.ascii	"EV_NONE\000"
 1526      4F4E4500 
 1527              	.LASF124:
 1528 06dd 4B65794C 		.ascii	"KeyLeft_Button_2_flag\000"
 1528      6566745F 
 1528      42757474 
 1528      6F6E5F32 
 1528      5F666C61 
 1529              	.LASF32:
 1530 06f3 52435F45 		.ascii	"RC_ERROR_OVERRUN\000"
 1530      52524F52 
 1530      5F4F5645 
 1530      5252554E 
 1530      00
 1531              	.LASF69:
 1532 0704 4C494748 		.ascii	"LIGHTGREEN\000"
 1532      54475245 
 1532      454E00
 1533              	.LASF139:
 1534 070f 64617461 		.ascii	"data\000"
 1534      00
 1535              	.LASF120:
 1536 0714 6D5F6576 		.ascii	"m_ev\000"
 1536      00
 1537              	.LASF84:
 1538 0719 434C4F43 		.ascii	"CLOCK_W_ISDISPLAYING\000"
 1538      4B5F575F 
 1538      49534449 
 1538      53504C41 
 1538      59494E47 
 1539              	.LASF125:
 1540 072e 7469636B 		.ascii	"tickevent\000"
 1540      6576656E 
 1540      7400
 1541              	.LASF102:
 1542 0738 61637469 		.ascii	"actionTransition\000"
 1542      6F6E5472 
 1542      616E7369 
 1542      74696F6E 
 1542      00
 1543              	.LASF118:
 1544 0749 6D5F6D69 		.ascii	"m_minutes\000"
 1544      6E757465 
 1544      7300
 1545              	.LASF108:
 1546 0753 53544154 		.ascii	"STATE_stateAction_t\000"
 1546      455F7374 
 1546      61746541 
 1546      6374696F 
 1546      6E5F7400 
ARM GAS  C:\Users\Admin\AppData\Local\Temp\ccBom2mT.s 			page 36


 1547              	.LASF93:
 1548 0767 62675F63 		.ascii	"bg_colour\000"
 1548      6F6C6F75 
 1548      7200
 1549              	.LASF131:
 1550 0771 45455F49 		.ascii	"EE_IRQ_nesting_level\000"
 1550      52515F6E 
 1550      65737469 
 1550      6E675F6C 
 1550      6576656C 
 1551              	.LASF20:
 1552 0786 45455F55 		.ascii	"EE_UINT32\000"
 1552      494E5433 
 1552      3200
 1553              	.LASF31:
 1554 0790 52435F45 		.ascii	"RC_ERROR_RANGE\000"
 1554      52524F52 
 1554      5F52414E 
 1554      474500
 1555              	.LASF19:
 1556 079f 45455F49 		.ascii	"EE_INT32\000"
 1556      4E543332 
 1556      00
 1557              	.LASF12:
 1558 07a8 75696E74 		.ascii	"uint8_t\000"
 1558      385F7400 
 1559              	.LASF117:
 1560 07b0 6D5F686F 		.ascii	"m_hours\000"
 1560      75727300 
 1561              	.LASF115:
 1562 07b8 6D5F636F 		.ascii	"m_containerState\000"
 1562      6E746169 
 1562      6E657253 
 1562      74617465 
 1562      00
 1563              	.LASF77:
 1564 07c9 45565F4B 		.ascii	"EV_KEYRIGHTLONGPRESS\000"
 1564      45595249 
 1564      4748544C 
 1564      4F4E4750 
 1564      52455353 
 1565              	.LASF68:
 1566 07de 47524159 		.ascii	"GRAYBLUE\000"
 1566      424C5545 
 1566      00
 1567              	.LASF94:
 1568 07e7 434C4F43 		.ascii	"CLOCK_font_t\000"
 1568      4B5F666F 
 1568      6E745F74 
 1568      00
 1569              	.LASF123:
 1570 07f4 4B65794C 		.ascii	"KeyLeft_Button_1_flag\000"
 1570      6566745F 
 1570      42757474 
 1570      6F6E5F31 
 1570      5F666C61 
 1571              	.LASF101:
ARM GAS  C:\Users\Admin\AppData\Local\Temp\ccBom2mT.s 			page 37


 1572 080a 67756172 		.ascii	"guard\000"
 1572      6400
 1573              	.LASF22:
 1574 0810 45455F46 		.ascii	"EE_FREG\000"
 1574      52454700 
 1575              		.ident	"GCC: (GNU Tools for ARM Embedded Processors) 5.4.1 20160609 (release) [ARM/embedded-5-bran
