ARM GAS  C:\Users\Admin\AppData\Local\Temp\ccnyUUyZ.s 			page 1


   1              		.syntax unified
   2              		.cpu cortex-m3
   3              		.fpu softvfp
   4              		.eabi_attribute 20, 1
   5              		.eabi_attribute 21, 1
   6              		.eabi_attribute 23, 3
   7              		.eabi_attribute 24, 1
   8              		.eabi_attribute 25, 1
   9              		.eabi_attribute 26, 1
  10              		.eabi_attribute 30, 1
  11              		.eabi_attribute 34, 1
  12              		.eabi_attribute 18, 4
  13              		.thumb
  14              		.syntax unified
  15              		.file	"statemachine.c"
  16              		.text
  17              	.Ltext0:
  18              		.cfi_sections	.debug_frame
  19              		.section	.text.STATE__getIndexCurrentState,"ax",%progbits
  20              		.align	2
  21              		.global	STATE__getIndexCurrentState
  22              		.thumb
  23              		.thumb_func
  24              		.type	STATE__getIndexCurrentState, %function
  25              	STATE__getIndexCurrentState:
  26              	.LFB1:
  27              		.file 1 "source\\asw\\statemachine.c"
   1:source\asw/statemachine.c **** /**
   2:source\asw/statemachine.c **** * \file <filename>
   3:source\asw/statemachine.c **** * \author <author-name>
   4:source\asw/statemachine.c **** * \date <date>
   5:source\asw/statemachine.c **** *
   6:source\asw/statemachine.c **** * \brief <Symbolic File name>
   7:source\asw/statemachine.c **** *
   8:source\asw/statemachine.c **** * \copyright Copyright ©2016
   9:source\asw/statemachine.c **** * Department of electrical engineering and information technology, Hochschule Darmstadt - Universit
  10:source\asw/statemachine.c **** * Permission to use, copy, modify, and distribute this software and its documentation for education
  11:source\asw/statemachine.c **** * (unless permitted by h_da) and official h_da projects, is hereby granted for enrolled students of
  12:source\asw/statemachine.c **** * this paragraph and the following paragraph appear in all copies, modifications, and distributions
  13:source\asw/statemachine.c **** * Contact Prof.Dr.-Ing. Peter Fromm, peter.fromm@h-da.de, Birkenweg 8 64295 Darmstadt - GERMANY for
  14:source\asw/statemachine.c **** *
  15:source\asw/statemachine.c **** * \warning This software is a PROTOTYPE version and is not designed or intended for use in producti
  16:source\asw/statemachine.c **** * The user represents and warrants that it will NOT use or redistribute the Software for such purpo
  17:source\asw/statemachine.c **** * This prototype is for research purposes only. This software is provided "AS IS," without a warran
  18:source\asw/statemachine.c **** */
  19:source\asw/statemachine.c **** 
  20:source\asw/statemachine.c **** /*****************************************************************************/
  21:source\asw/statemachine.c **** /* Include files                                                             */
  22:source\asw/statemachine.c **** /*****************************************************************************/
  23:source\asw/statemachine.c **** #include "statemachine.h"
  24:source\asw/statemachine.c **** 
  25:source\asw/statemachine.c **** /*****************************************************************************/
  26:source\asw/statemachine.c **** /* Local pre-processor symbols/macros ('#define')                            */
  27:source\asw/statemachine.c **** /*****************************************************************************/
  28:source\asw/statemachine.c **** 
  29:source\asw/statemachine.c **** /*****************************************************************************/
  30:source\asw/statemachine.c **** /* Global variable definitions (declared in header file with 'extern')       */
ARM GAS  C:\Users\Admin\AppData\Local\Temp\ccnyUUyZ.s 			page 2


  31:source\asw/statemachine.c **** /*****************************************************************************/
  32:source\asw/statemachine.c **** 
  33:source\asw/statemachine.c **** /*****************************************************************************/
  34:source\asw/statemachine.c **** /* Local type definitions ('typedef')                                        */
  35:source\asw/statemachine.c **** /*****************************************************************************/
  36:source\asw/statemachine.c **** 
  37:source\asw/statemachine.c **** /*****************************************************************************/
  38:source\asw/statemachine.c **** /* Local variable definitions ('static')                                     */
  39:source\asw/statemachine.c **** /*****************************************************************************/
  40:source\asw/statemachine.c **** 
  41:source\asw/statemachine.c **** 
  42:source\asw/statemachine.c **** 
  43:source\asw/statemachine.c **** /*****************************************************************************/
  44:source\asw/statemachine.c **** /* Local function prototypes ('static')                                      */
  45:source\asw/statemachine.c **** /*****************************************************************************/
  46:source\asw/statemachine.c **** 
  47:source\asw/statemachine.c **** 
  48:source\asw/statemachine.c **** /*****************************************************************************/
  49:source\asw/statemachine.c **** /* Function implementation - global ('extern') and local ('static')          */
  50:source\asw/statemachine.c **** /*****************************************************************************/
  51:source\asw/statemachine.c **** 
  52:source\asw/statemachine.c **** #define INVALIDINDEX -1
  53:source\asw/statemachine.c **** 
  54:source\asw/statemachine.c **** /** return the index of the provided state in the given table 
  55:source\asw/statemachine.c ****  **/
  56:source\asw/statemachine.c **** sint16_t STATE__getIndexCurrentState(STATE_stateOuterTransitionTable_t const  transitionTable,
  57:source\asw/statemachine.c ****                         uint16_t transitionTableSize,
  58:source\asw/statemachine.c ****                         STATE_state_t state)
  59:source\asw/statemachine.c **** {
  28              		.loc 1 59 0
  29              		.cfi_startproc
  30              		@ args = 0, pretend = 0, frame = 0
  31              		@ frame_needed = 0, uses_anonymous_args = 0
  32              		@ link register save eliminated.
  33              	.LVL0:
  34 0000 30B4     		push	{r4, r5}
  35              		.cfi_def_cfa_offset 8
  36              		.cfi_offset 4, -8
  37              		.cfi_offset 5, -4
  38              	.LVL1:
  39              	.LBB2:
  60:source\asw/statemachine.c ****     
  61:source\asw/statemachine.c ****     sint16_t result = INVALIDINDEX; //error
  62:source\asw/statemachine.c ****     
  63:source\asw/statemachine.c ****     for (uint16_t i = 0; i < transitionTableSize; i++)
  40              		.loc 1 63 0
  41 0002 0023     		movs	r3, #0
  42 0004 09E0     		b	.L2
  43              	.LVL2:
  44              	.L5:
  64:source\asw/statemachine.c ****     {
  65:source\asw/statemachine.c ****         if (transitionTable[i].fromState == state)
  45              		.loc 1 65 0
  46 0006 03EB4305 		add	r5, r3, r3, lsl #1
  47 000a AC00     		lsls	r4, r5, #2
  48 000c 045D     		ldrb	r4, [r0, r4]	@ zero_extendqisi2
  49 000e 9442     		cmp	r4, r2
ARM GAS  C:\Users\Admin\AppData\Local\Temp\ccnyUUyZ.s 			page 3


  50 0010 01D1     		bne	.L3
  66:source\asw/statemachine.c ****         {
  67:source\asw/statemachine.c ****             return i;
  51              		.loc 1 67 0
  52 0012 18B2     		sxth	r0, r3
  53              	.LVL3:
  54 0014 05E0     		b	.L4
  55              	.LVL4:
  56              	.L3:
  63:source\asw/statemachine.c ****     {
  57              		.loc 1 63 0 discriminator 2
  58 0016 0133     		adds	r3, r3, #1
  59              	.LVL5:
  60 0018 9BB2     		uxth	r3, r3
  61              	.LVL6:
  62              	.L2:
  63:source\asw/statemachine.c ****     {
  63              		.loc 1 63 0 is_stmt 0 discriminator 1
  64 001a 8B42     		cmp	r3, r1
  65 001c F3D3     		bcc	.L5
  66              	.LBE2:
  68:source\asw/statemachine.c ****         }
  69:source\asw/statemachine.c ****     }
  70:source\asw/statemachine.c ****     
  71:source\asw/statemachine.c ****     return INVALIDINDEX;
  67              		.loc 1 71 0 is_stmt 1
  68 001e 4FF0FF30 		mov	r0, #-1
  69              	.LVL7:
  70              	.L4:
  72:source\asw/statemachine.c **** }
  71              		.loc 1 72 0
  72 0022 30BC     		pop	{r4, r5}
  73              		.cfi_restore 5
  74              		.cfi_restore 4
  75              		.cfi_def_cfa_offset 0
  76 0024 7047     		bx	lr
  77              		.cfi_endproc
  78              	.LFE1:
  79              		.size	STATE__getIndexCurrentState, .-STATE__getIndexCurrentState
  80 0026 00BF     		.section	.text.STATE_initState,"ax",%progbits
  81              		.align	2
  82              		.global	STATE_initState
  83              		.thumb
  84              		.thumb_func
  85              		.type	STATE_initState, %function
  86              	STATE_initState:
  87              	.LFB2:
  73:source\asw/statemachine.c **** 
  74:source\asw/statemachine.c **** /**
  75:source\asw/statemachine.c ****  * This function will initialise the state machine and process any state actions of the initial sta
  76:source\asw/statemachine.c ****  * The state machine is implemented as a generic object, Several instances and configurations are s
  77:source\asw/statemachine.c ****  * \param STATE_stateActionTable_t const * const actionTable            : IN - Pointer to the actio
  78:source\asw/statemachine.c ****  * \param uint16_t actionTableSize                                      : IN - action table size 
  79:source\asw/statemachine.c ****  * \param STATE_state_t state                                           : IN/OUT - Leaving and Resu
  80:source\asw/statemachine.c ****  * \return RC_SUCCESS or error
  81:source\asw/statemachine.c ****  */
  82:source\asw/statemachine.c **** RC_t STATE_initState(   STATE_stateActionTable_t const actionTable, 
ARM GAS  C:\Users\Admin\AppData\Local\Temp\ccnyUUyZ.s 			page 4


  83:source\asw/statemachine.c ****                         uint16_t actionTableSize,
  84:source\asw/statemachine.c ****                         STATE_state_t* state)
  85:source\asw/statemachine.c **** {
  88              		.loc 1 85 0
  89              		.cfi_startproc
  90              		@ args = 0, pretend = 0, frame = 0
  91              		@ frame_needed = 0, uses_anonymous_args = 0
  92              	.LVL8:
  86:source\asw/statemachine.c ****     
  87:source\asw/statemachine.c ****     STATE_ActionPtr_t acEntry = 0;
  88:source\asw/statemachine.c ****     
  89:source\asw/statemachine.c ****     *state = STATE_INITIALSTATE;
  93              		.loc 1 89 0
  94 0000 0023     		movs	r3, #0
  95 0002 1370     		strb	r3, [r2]
  90:source\asw/statemachine.c ****     
  91:source\asw/statemachine.c ****     //Check if entry actios are present in the init state
  92:source\asw/statemachine.c ****     if (0 != actionTable)
  96              		.loc 1 92 0
  97 0004 60B9     		cbnz	r0, .L12
  98              	.LVL9:
  93:source\asw/statemachine.c ****     {
  94:source\asw/statemachine.c ****         for (uint16_t j = 0; j < actionTableSize; j++)
  95:source\asw/statemachine.c ****         {
  96:source\asw/statemachine.c **** 
  97:source\asw/statemachine.c ****             if (STATE_INITIALSTATE == actionTable[j].state)
  98:source\asw/statemachine.c ****             {
  99:source\asw/statemachine.c ****                 acEntry = actionTable[j].actionEntry;
 100:source\asw/statemachine.c ****                 if (0 != acEntry) acEntry();
 101:source\asw/statemachine.c ****             }
 102:source\asw/statemachine.c ****         }
 103:source\asw/statemachine.c ****     }
 104:source\asw/statemachine.c ****     
 105:source\asw/statemachine.c **** }
  99              		.loc 1 105 0
 100 0006 7047     		bx	lr
 101              	.LVL10:
 102              	.L11:
 103              		.cfi_def_cfa_offset 16
 104              		.cfi_offset 4, -16
 105              		.cfi_offset 5, -12
 106              		.cfi_offset 6, -8
 107              		.cfi_offset 14, -4
 108              	.LBB3:
  97:source\asw/statemachine.c ****             {
 109              		.loc 1 97 0
 110 0008 04EB4402 		add	r2, r4, r4, lsl #1
 111 000c 9300     		lsls	r3, r2, #2
 112 000e EA18     		adds	r2, r5, r3
 113 0010 EB5C     		ldrb	r3, [r5, r3]	@ zero_extendqisi2
 114 0012 13B9     		cbnz	r3, .L10
  99:source\asw/statemachine.c ****                 if (0 != acEntry) acEntry();
 115              		.loc 1 99 0
 116 0014 5368     		ldr	r3, [r2, #4]
 117              	.LVL11:
 100:source\asw/statemachine.c ****             }
 118              		.loc 1 100 0
ARM GAS  C:\Users\Admin\AppData\Local\Temp\ccnyUUyZ.s 			page 5


 119 0016 03B1     		cbz	r3, .L10
 100:source\asw/statemachine.c ****             }
 120              		.loc 1 100 0 is_stmt 0 discriminator 1
 121 0018 9847     		blx	r3
 122              	.LVL12:
 123              	.L10:
  94:source\asw/statemachine.c ****         {
 124              		.loc 1 94 0 is_stmt 1 discriminator 2
 125 001a 0134     		adds	r4, r4, #1
 126              	.LVL13:
 127 001c A4B2     		uxth	r4, r4
 128              	.LVL14:
 129 001e 03E0     		b	.L8
 130              	.LVL15:
 131              	.L12:
 132              		.cfi_def_cfa_offset 0
 133              		.cfi_restore 4
 134              		.cfi_restore 5
 135              		.cfi_restore 6
 136              		.cfi_restore 14
 137              	.LBE3:
  85:source\asw/statemachine.c ****     
 138              		.loc 1 85 0
 139 0020 70B5     		push	{r4, r5, r6, lr}
 140              		.cfi_def_cfa_offset 16
 141              		.cfi_offset 4, -16
 142              		.cfi_offset 5, -12
 143              		.cfi_offset 6, -8
 144              		.cfi_offset 14, -4
 145 0022 0546     		mov	r5, r0
 146 0024 0E46     		mov	r6, r1
 147 0026 0024     		movs	r4, #0
 148              	.LVL16:
 149              	.L8:
 150              	.LBB4:
  94:source\asw/statemachine.c ****         {
 151              		.loc 1 94 0 discriminator 1
 152 0028 B442     		cmp	r4, r6
 153 002a EDD3     		bcc	.L11
 154              	.LBE4:
 155              		.loc 1 105 0
 156 002c 70BD     		pop	{r4, r5, r6, pc}
 157              		.cfi_endproc
 158              	.LFE2:
 159              		.size	STATE_initState, .-STATE_initState
 160 002e 00BF     		.section	.text.STATE_processEvent,"ax",%progbits
 161              		.align	2
 162              		.global	STATE_processEvent
 163              		.thumb
 164              		.thumb_func
 165              		.type	STATE_processEvent, %function
 166              	STATE_processEvent:
 167              	.LFB3:
 106:source\asw/statemachine.c **** 
 107:source\asw/statemachine.c **** /**
 108:source\asw/statemachine.c ****  * This function will process the event with the defined state machine
 109:source\asw/statemachine.c ****  * The state machine is implemented as a generic object, Several instances and configurations are s
ARM GAS  C:\Users\Admin\AppData\Local\Temp\ccnyUUyZ.s 			page 6


 110:source\asw/statemachine.c ****  * \param STATE_stateTransitionTable_t const * const transitionTable    : IN - Pointer to the trans
 111:source\asw/statemachine.c ****  * \param uint16_t transitionTableSize                                  : IN - transition table siz
 112:source\asw/statemachine.c ****  * \param STATE_stateActionTable_t const * const actionTable            : IN - Pointer to the actio
 113:source\asw/statemachine.c ****  * \param uint16_t actionTableSize                                      : IN - action table size 
 114:source\asw/statemachine.c ****  * \param STATE_event_t ev                                              : IN - Event to be processe
 115:source\asw/statemachine.c ****  * \param STATE_state_t state                                           : IN/OUT - Leaving and Resu
 116:source\asw/statemachine.c ****  * \return RC_SUCCESS or error
 117:source\asw/statemachine.c ****  */
 118:source\asw/statemachine.c **** RC_t STATE_processEvent(STATE_stateOuterTransitionTable_t const  transitionTable,
 119:source\asw/statemachine.c ****                         uint16_t transitionTableSize,
 120:source\asw/statemachine.c ****                         STATE_stateActionTable_t const actionTable, 
 121:source\asw/statemachine.c ****                         uint16_t actionTableSize,
 122:source\asw/statemachine.c ****                         STATE_event_t ev,
 123:source\asw/statemachine.c ****                         STATE_state_t* state)
 124:source\asw/statemachine.c **** {
 168              		.loc 1 124 0
 169              		.cfi_startproc
 170              		@ args = 8, pretend = 0, frame = 0
 171              		@ frame_needed = 0, uses_anonymous_args = 0
 172              	.LVL17:
 173 0000 2DE9F84F 		push	{r3, r4, r5, r6, r7, r8, r9, r10, fp, lr}
 174              		.cfi_def_cfa_offset 40
 175              		.cfi_offset 3, -40
 176              		.cfi_offset 4, -36
 177              		.cfi_offset 5, -32
 178              		.cfi_offset 6, -28
 179              		.cfi_offset 7, -24
 180              		.cfi_offset 8, -20
 181              		.cfi_offset 9, -16
 182              		.cfi_offset 10, -12
 183              		.cfi_offset 11, -8
 184              		.cfi_offset 14, -4
 185 0004 0446     		mov	r4, r0
 186 0006 9146     		mov	r9, r2
 187 0008 9A46     		mov	r10, r3
 188 000a 9DF82880 		ldrb	r8, [sp, #40]	@ zero_extendqisi2
 189              	.LVL18:
 125:source\asw/statemachine.c ****     STATE_GuardPtr_t guard = 0;
 126:source\asw/statemachine.c ****     STATE_ActionPtr_t acTransition = 0;
 127:source\asw/statemachine.c ****     STATE_ActionPtr_t acEntry = 0;
 128:source\asw/statemachine.c ****     STATE_ActionPtr_t acExit = 0;
 129:source\asw/statemachine.c ****     
 130:source\asw/statemachine.c ****     
 131:source\asw/statemachine.c ****     //Read the state from the watchdog object;
 132:source\asw/statemachine.c ****     STATE_state_t currentState = *state;
 190              		.loc 1 132 0
 191 000e 0B9B     		ldr	r3, [sp, #44]
 192              	.LVL19:
 193 0010 93F800B0 		ldrb	fp, [r3]	@ zero_extendqisi2
 194              	.LVL20:
 133:source\asw/statemachine.c ****     STATE_state_t toState = currentState; //Just in case
 134:source\asw/statemachine.c ****     
 135:source\asw/statemachine.c ****     //Calculate the table index of the outer table
 136:source\asw/statemachine.c **** 
 137:source\asw/statemachine.c ****     sint16_t index = STATE__getIndexCurrentState(transitionTable, transitionTableSize, currentState
 195              		.loc 1 137 0
 196 0014 5A46     		mov	r2, fp
ARM GAS  C:\Users\Admin\AppData\Local\Temp\ccnyUUyZ.s 			page 7


 197              	.LVL21:
 198 0016 FFF7FEFF 		bl	STATE__getIndexCurrentState
 199              	.LVL22:
 138:source\asw/statemachine.c ****     
 139:source\asw/statemachine.c ****     //This should never happen
 140:source\asw/statemachine.c ****     if (INVALIDINDEX == index)
 200              		.loc 1 140 0
 201 001a B0F1FF3F 		cmp	r0, #-1
 202 001e 60D0     		beq	.L30
 141:source\asw/statemachine.c ****     {
 142:source\asw/statemachine.c ****         return RC_ERROR_BAD_PARAM;
 143:source\asw/statemachine.c ****     }
 144:source\asw/statemachine.c ****     
 145:source\asw/statemachine.c ****     STATE_stateInnerTransitionTable_t const* const pInnerTable = transitionTable[index].pInnerTrans
 203              		.loc 1 145 0
 204 0020 00EB4000 		add	r0, r0, r0, lsl #1
 205              	.LVL23:
 206 0024 8300     		lsls	r3, r0, #2
 207 0026 1C44     		add	r4, r4, r3
 208              	.LVL24:
 209 0028 6568     		ldr	r5, [r4, #4]
 210              	.LVL25:
 146:source\asw/statemachine.c **** 	
 147:source\asw/statemachine.c ****     uint16_t innerTableSize = 0;
 148:source\asw/statemachine.c **** 	if (0 != pInnerTable)
 211              		.loc 1 148 0
 212 002a 0DB1     		cbz	r5, .L31
 149:source\asw/statemachine.c **** 	{
 150:source\asw/statemachine.c **** 		innerTableSize = transitionTable[index].size;
 213              		.loc 1 150 0
 214 002c 2689     		ldrh	r6, [r4, #8]
 215              	.LVL26:
 216 002e 00E0     		b	.L16
 217              	.LVL27:
 218              	.L31:
 147:source\asw/statemachine.c **** 	if (0 != pInnerTable)
 219              		.loc 1 147 0
 220 0030 0026     		movs	r6, #0
 221              	.LVL28:
 222              	.L16:
 151:source\asw/statemachine.c **** 	}
 152:source\asw/statemachine.c ****     
 153:source\asw/statemachine.c ****     if (0 == pInnerTable || 0 == innerTableSize)
 223              		.loc 1 153 0
 224 0032 002D     		cmp	r5, #0
 225 0034 59D0     		beq	.L32
 226              		.loc 1 153 0 is_stmt 0 discriminator 1
 227 0036 002E     		cmp	r6, #0
 228 0038 5BD0     		beq	.L33
 229 003a 0024     		movs	r4, #0
 230 003c 4CE0     		b	.L17
 231              	.LVL29:
 232              	.L29:
 233              	.LBB5:
 154:source\asw/statemachine.c ****     {
 155:source\asw/statemachine.c ****         //No transitions in this state
 156:source\asw/statemachine.c ****         return RC_ERROR_INVALID_STATE;
ARM GAS  C:\Users\Admin\AppData\Local\Temp\ccnyUUyZ.s 			page 8


 157:source\asw/statemachine.c ****     }
 158:source\asw/statemachine.c ****     
 159:source\asw/statemachine.c ****     //Iterate through the inner table and find correct transition
 160:source\asw/statemachine.c ****     for (uint16_t i = 0; i < innerTableSize; i++)
 161:source\asw/statemachine.c ****     {
 162:source\asw/statemachine.c ****         if ((*pInnerTable)[i].event == ev)
 234              		.loc 1 162 0 is_stmt 1
 235 003e 2746     		mov	r7, r4
 236 0040 04EB4402 		add	r2, r4, r4, lsl #1
 237 0044 9300     		lsls	r3, r2, #2
 238 0046 EB5C     		ldrb	r3, [r5, r3]	@ zero_extendqisi2
 239 0048 4345     		cmp	r3, r8
 240 004a 43D1     		bne	.L18
 163:source\asw/statemachine.c ****         {
 164:source\asw/statemachine.c ****             //Transition found, let's check the guard
 165:source\asw/statemachine.c ****             guard = (*pInnerTable)[i].guard;
 241              		.loc 1 165 0
 242 004c 04EB4402 		add	r2, r4, r4, lsl #1
 243 0050 9300     		lsls	r3, r2, #2
 244 0052 2B44     		add	r3, r3, r5
 245 0054 5B68     		ldr	r3, [r3, #4]
 246              	.LVL30:
 166:source\asw/statemachine.c ****             if (0 == guard || TRUE == guard())
 247              		.loc 1 166 0
 248 0056 13B1     		cbz	r3, .L19
 249              		.loc 1 166 0 is_stmt 0 discriminator 1
 250 0058 9847     		blx	r3
 251              	.LVL31:
 252 005a 0128     		cmp	r0, #1
 253 005c 3AD1     		bne	.L18
 254              	.L19:
 167:source\asw/statemachine.c ****             {
 168:source\asw/statemachine.c ****                 //Transition is valid
 169:source\asw/statemachine.c ****                 acTransition = (*pInnerTable)[i].actionTransition;
 255              		.loc 1 169 0 is_stmt 1
 256 005e 7A00     		lsls	r2, r7, #1
 257 0060 D119     		adds	r1, r2, r7
 258 0062 8B00     		lsls	r3, r1, #2
 259 0064 1946     		mov	r1, r3
 260 0066 2B44     		add	r3, r3, r5
 261 0068 9C68     		ldr	r4, [r3, #8]
 262              	.LVL32:
 170:source\asw/statemachine.c ****                 toState = (*pInnerTable)[i].toState;
 263              		.loc 1 170 0
 264 006a 0D44     		add	r5, r5, r1
 265              	.LVL33:
 266 006c 6E78     		ldrb	r6, [r5, #1]	@ zero_extendqisi2
 267              	.LVL34:
 171:source\asw/statemachine.c ****                 
 172:source\asw/statemachine.c ****                 //Now lets find exit actions. Note: their might be more than one
 173:source\asw/statemachine.c ****                 if (0 != actionTable)
 268              		.loc 1 173 0
 269 006e B9F1000F 		cmp	r9, #0
 270 0072 0FD1     		bne	.L34
 271              	.LBB6:
 272 0074 11E0     		b	.L21
 273              	.LVL35:
ARM GAS  C:\Users\Admin\AppData\Local\Temp\ccnyUUyZ.s 			page 9


 274              	.L23:
 174:source\asw/statemachine.c ****                 {
 175:source\asw/statemachine.c ****                     for (uint16_t j = 0; j < actionTableSize; j++)
 176:source\asw/statemachine.c ****                     {
 177:source\asw/statemachine.c ****                         if (currentState == actionTable[j].state)
 275              		.loc 1 177 0
 276 0076 05EB4502 		add	r2, r5, r5, lsl #1
 277 007a 9300     		lsls	r3, r2, #2
 278 007c 09EB0302 		add	r2, r9, r3
 279 0080 19F80330 		ldrb	r3, [r9, r3]	@ zero_extendqisi2
 280 0084 9B45     		cmp	fp, r3
 281 0086 02D1     		bne	.L22
 178:source\asw/statemachine.c ****                         {
 179:source\asw/statemachine.c ****                             acExit = actionTable[j].actionExit;
 282              		.loc 1 179 0
 283 0088 9368     		ldr	r3, [r2, #8]
 284              	.LVL36:
 180:source\asw/statemachine.c ****                             if (0 != acExit) acExit();
 285              		.loc 1 180 0
 286 008a 03B1     		cbz	r3, .L22
 287              		.loc 1 180 0 is_stmt 0 discriminator 1
 288 008c 9847     		blx	r3
 289              	.LVL37:
 290              	.L22:
 175:source\asw/statemachine.c ****                     {
 291              		.loc 1 175 0 is_stmt 1 discriminator 2
 292 008e 0135     		adds	r5, r5, #1
 293              	.LVL38:
 294 0090 ADB2     		uxth	r5, r5
 295              	.LVL39:
 296 0092 00E0     		b	.L20
 297              	.LVL40:
 298              	.L34:
 299              	.LBE6:
 300 0094 0025     		movs	r5, #0
 301              	.LVL41:
 302              	.L20:
 303              	.LBB7:
 175:source\asw/statemachine.c ****                     {
 304              		.loc 1 175 0 is_stmt 0 discriminator 1
 305 0096 5545     		cmp	r5, r10
 306 0098 EDD3     		bcc	.L23
 307              	.LVL42:
 308              	.L21:
 309              	.LBE7:
 181:source\asw/statemachine.c ****                         }
 182:source\asw/statemachine.c ****                     }
 183:source\asw/statemachine.c ****                 }
 184:source\asw/statemachine.c **** 
 185:source\asw/statemachine.c ****                 //Lets call the transition action
 186:source\asw/statemachine.c ****                 if (0 != acTransition) acTransition();
 310              		.loc 1 186 0 is_stmt 1
 311 009a 04B1     		cbz	r4, .L24
 312              		.loc 1 186 0 is_stmt 0 discriminator 1
 313 009c A047     		blx	r4
 314              	.LVL43:
 315              	.L24:
ARM GAS  C:\Users\Admin\AppData\Local\Temp\ccnyUUyZ.s 			page 10


 187:source\asw/statemachine.c ****                 
 188:source\asw/statemachine.c ****                 //Now lets find the entry actions. Note: their might be more than one
 189:source\asw/statemachine.c ****                 if (0 != actionTable)
 316              		.loc 1 189 0 is_stmt 1
 317 009e B9F1000F 		cmp	r9, #0
 318 00a2 0FD1     		bne	.L35
 319              	.LBB8:
 320 00a4 11E0     		b	.L26
 321              	.LVL44:
 322              	.L28:
 190:source\asw/statemachine.c ****                 {
 191:source\asw/statemachine.c ****                     for (uint16_t j = 0; j < actionTableSize; j++)
 192:source\asw/statemachine.c ****                     {
 193:source\asw/statemachine.c **** 
 194:source\asw/statemachine.c ****                         if (toState == actionTable[j].state)
 323              		.loc 1 194 0
 324 00a6 04EB4402 		add	r2, r4, r4, lsl #1
 325 00aa 9300     		lsls	r3, r2, #2
 326 00ac 09EB0302 		add	r2, r9, r3
 327 00b0 19F80330 		ldrb	r3, [r9, r3]	@ zero_extendqisi2
 328 00b4 9E42     		cmp	r6, r3
 329 00b6 02D1     		bne	.L27
 195:source\asw/statemachine.c ****                         {
 196:source\asw/statemachine.c ****                             acEntry = actionTable[j].actionEntry;
 330              		.loc 1 196 0
 331 00b8 5368     		ldr	r3, [r2, #4]
 332              	.LVL45:
 197:source\asw/statemachine.c ****                             if (0 != acEntry) acEntry();
 333              		.loc 1 197 0
 334 00ba 03B1     		cbz	r3, .L27
 335              		.loc 1 197 0 is_stmt 0 discriminator 1
 336 00bc 9847     		blx	r3
 337              	.LVL46:
 338              	.L27:
 191:source\asw/statemachine.c ****                     {
 339              		.loc 1 191 0 is_stmt 1 discriminator 2
 340 00be 0134     		adds	r4, r4, #1
 341              	.LVL47:
 342 00c0 A4B2     		uxth	r4, r4
 343              	.LVL48:
 344 00c2 00E0     		b	.L25
 345              	.LVL49:
 346              	.L35:
 347              	.LBE8:
 348 00c4 0024     		movs	r4, #0
 349              	.LVL50:
 350              	.L25:
 351              	.LBB9:
 191:source\asw/statemachine.c ****                     {
 352              		.loc 1 191 0 is_stmt 0 discriminator 1
 353 00c6 5445     		cmp	r4, r10
 354 00c8 EDD3     		bcc	.L28
 355              	.LVL51:
 356              	.L26:
 357              	.LBE9:
 198:source\asw/statemachine.c ****                         }
 199:source\asw/statemachine.c ****                     }
ARM GAS  C:\Users\Admin\AppData\Local\Temp\ccnyUUyZ.s 			page 11


 200:source\asw/statemachine.c ****                 }
 201:source\asw/statemachine.c ****                 
 202:source\asw/statemachine.c ****                 *state = toState;
 358              		.loc 1 202 0 is_stmt 1
 359 00ca 0B9B     		ldr	r3, [sp, #44]
 360 00cc 1E70     		strb	r6, [r3]
 361              	.LBE5:
 203:source\asw/statemachine.c ****                 
 204:source\asw/statemachine.c ****                 //Only one transition will be fired
 205:source\asw/statemachine.c ****                 break;
 206:source\asw/statemachine.c ****             }
 207:source\asw/statemachine.c ****         }
 208:source\asw/statemachine.c ****     }
 209:source\asw/statemachine.c ****     
 210:source\asw/statemachine.c **** 
 211:source\asw/statemachine.c ****     
 212:source\asw/statemachine.c ****  
 213:source\asw/statemachine.c ****     return RC_SUCCESS;
 362              		.loc 1 213 0
 363 00ce 0020     		movs	r0, #0
 364              	.LBB10:
 205:source\asw/statemachine.c ****             }
 365              		.loc 1 205 0
 366 00d0 BDE8F88F 		pop	{r3, r4, r5, r6, r7, r8, r9, r10, fp, pc}
 367              	.LVL52:
 368              	.L18:
 160:source\asw/statemachine.c ****     {
 369              		.loc 1 160 0 discriminator 2
 370 00d4 0134     		adds	r4, r4, #1
 371              	.LVL53:
 372 00d6 A4B2     		uxth	r4, r4
 373              	.LVL54:
 374              	.L17:
 160:source\asw/statemachine.c ****     {
 375              		.loc 1 160 0 is_stmt 0 discriminator 1
 376 00d8 A642     		cmp	r6, r4
 377 00da B0D8     		bhi	.L29
 378              	.LBE10:
 379              		.loc 1 213 0 is_stmt 1
 380 00dc 0020     		movs	r0, #0
 381              	.LBB11:
 382 00de BDE8F88F 		pop	{r3, r4, r5, r6, r7, r8, r9, r10, fp, pc}
 383              	.LVL55:
 384              	.L30:
 385              	.LBE11:
 142:source\asw/statemachine.c ****     }
 386              		.loc 1 142 0
 387 00e2 6FF01300 		mvn	r0, #19
 388              	.LVL56:
 389 00e6 BDE8F88F 		pop	{r3, r4, r5, r6, r7, r8, r9, r10, fp, pc}
 390              	.LVL57:
 391              	.L32:
 156:source\asw/statemachine.c ****     }
 392              		.loc 1 156 0
 393 00ea 6FF01600 		mvn	r0, #22
 394 00ee BDE8F88F 		pop	{r3, r4, r5, r6, r7, r8, r9, r10, fp, pc}
 395              	.LVL58:
ARM GAS  C:\Users\Admin\AppData\Local\Temp\ccnyUUyZ.s 			page 12


 396              	.L33:
 397 00f2 6FF01600 		mvn	r0, #22
 214:source\asw/statemachine.c **** }
 398              		.loc 1 214 0
 399 00f6 BDE8F88F 		pop	{r3, r4, r5, r6, r7, r8, r9, r10, fp, pc}
 400              		.cfi_endproc
 401              	.LFE3:
 402              		.size	STATE_processEvent, .-STATE_processEvent
 403 00fa 00BF     		.text
 404              	.Letext0:
 405              		.file 2 ".\\source\\bsw/global.h"
 406              		.file 3 "source\\asw\\clock_type.h"
 407              		.file 4 "source\\asw\\statemachine.h"
 408              		.section	.debug_info,"",%progbits
 409              	.Ldebug_info0:
 410 0000 27050000 		.4byte	0x527
 411 0004 0400     		.2byte	0x4
 412 0006 00000000 		.4byte	.Ldebug_abbrev0
 413 000a 04       		.byte	0x4
 414 000b 01       		.uleb128 0x1
 415 000c B2030000 		.4byte	.LASF89
 416 0010 0C       		.byte	0xc
 417 0011 4D010000 		.4byte	.LASF90
 418 0015 83020000 		.4byte	.LASF91
 419 0019 68000000 		.4byte	.Ldebug_ranges0+0x68
 420 001d 00000000 		.4byte	0
 421 0021 00000000 		.4byte	.Ldebug_line0
 422 0025 02       		.uleb128 0x2
 423 0026 01       		.byte	0x1
 424 0027 06       		.byte	0x6
 425 0028 06030000 		.4byte	.LASF0
 426 002c 02       		.uleb128 0x2
 427 002d 01       		.byte	0x1
 428 002e 08       		.byte	0x8
 429 002f C7020000 		.4byte	.LASF1
 430 0033 03       		.uleb128 0x3
 431 0034 03020000 		.4byte	.LASF3
 432 0038 02       		.byte	0x2
 433 0039 92       		.byte	0x92
 434 003a 3E000000 		.4byte	0x3e
 435 003e 02       		.uleb128 0x2
 436 003f 02       		.byte	0x2
 437 0040 05       		.byte	0x5
 438 0041 86000000 		.4byte	.LASF2
 439 0045 03       		.uleb128 0x3
 440 0046 44030000 		.4byte	.LASF4
 441 004a 02       		.byte	0x2
 442 004b 93       		.byte	0x93
 443 004c 50000000 		.4byte	0x50
 444 0050 02       		.uleb128 0x2
 445 0051 02       		.byte	0x2
 446 0052 07       		.byte	0x7
 447 0053 9F030000 		.4byte	.LASF5
 448 0057 02       		.uleb128 0x2
 449 0058 04       		.byte	0x4
 450 0059 05       		.byte	0x5
 451 005a 0C020000 		.4byte	.LASF6
ARM GAS  C:\Users\Admin\AppData\Local\Temp\ccnyUUyZ.s 			page 13


 452 005e 02       		.uleb128 0x2
 453 005f 04       		.byte	0x4
 454 0060 07       		.byte	0x7
 455 0061 4D030000 		.4byte	.LASF7
 456 0065 02       		.uleb128 0x2
 457 0066 04       		.byte	0x4
 458 0067 04       		.byte	0x4
 459 0068 9E010000 		.4byte	.LASF8
 460 006c 02       		.uleb128 0x2
 461 006d 08       		.byte	0x8
 462 006e 04       		.byte	0x4
 463 006f FA040000 		.4byte	.LASF9
 464 0073 02       		.uleb128 0x2
 465 0074 08       		.byte	0x8
 466 0075 05       		.byte	0x5
 467 0076 BD010000 		.4byte	.LASF10
 468 007a 02       		.uleb128 0x2
 469 007b 08       		.byte	0x8
 470 007c 07       		.byte	0x7
 471 007d 12030000 		.4byte	.LASF11
 472 0081 03       		.uleb128 0x3
 473 0082 AB020000 		.4byte	.LASF12
 474 0086 02       		.byte	0x2
 475 0087 9C       		.byte	0x9c
 476 0088 2C000000 		.4byte	0x2c
 477 008c 02       		.uleb128 0x2
 478 008d 01       		.byte	0x1
 479 008e 08       		.byte	0x8
 480 008f 6D040000 		.4byte	.LASF13
 481 0093 04       		.uleb128 0x4
 482 0094 01       		.byte	0x1
 483 0095 25000000 		.4byte	0x25
 484 0099 02       		.byte	0x2
 485 009a CF       		.byte	0xcf
 486 009b 3C010000 		.4byte	0x13c
 487 009f 05       		.uleb128 0x5
 488 00a0 23000000 		.4byte	.LASF14
 489 00a4 00       		.byte	0
 490 00a5 06       		.uleb128 0x6
 491 00a6 A1050000 		.4byte	.LASF15
 492 00aa 7F       		.sleb128 -1
 493 00ab 06       		.uleb128 0x6
 494 00ac 6D030000 		.4byte	.LASF16
 495 00b0 7E       		.sleb128 -2
 496 00b1 06       		.uleb128 0x6
 497 00b2 BF000000 		.4byte	.LASF17
 498 00b6 7D       		.sleb128 -3
 499 00b7 06       		.uleb128 0x6
 500 00b8 AA050000 		.4byte	.LASF18
 501 00bc 7C       		.sleb128 -4
 502 00bd 06       		.uleb128 0x6
 503 00be 7D010000 		.4byte	.LASF19
 504 00c2 7B       		.sleb128 -5
 505 00c3 06       		.uleb128 0x6
 506 00c4 90000000 		.4byte	.LASF20
 507 00c8 7A       		.sleb128 -6
 508 00c9 06       		.uleb128 0x6
ARM GAS  C:\Users\Admin\AppData\Local\Temp\ccnyUUyZ.s 			page 14


 509 00ca 15020000 		.4byte	.LASF21
 510 00ce 79       		.sleb128 -7
 511 00cf 06       		.uleb128 0x6
 512 00d0 72040000 		.4byte	.LASF22
 513 00d4 78       		.sleb128 -8
 514 00d5 06       		.uleb128 0x6
 515 00d6 E0050000 		.4byte	.LASF23
 516 00da 77       		.sleb128 -9
 517 00db 06       		.uleb128 0x6
 518 00dc 59020000 		.4byte	.LASF24
 519 00e0 76       		.sleb128 -10
 520 00e1 06       		.uleb128 0x6
 521 00e2 FB050000 		.4byte	.LASF25
 522 00e6 75       		.sleb128 -11
 523 00e7 06       		.uleb128 0x6
 524 00e8 36030000 		.4byte	.LASF26
 525 00ec 74       		.sleb128 -12
 526 00ed 06       		.uleb128 0x6
 527 00ee 01050000 		.4byte	.LASF27
 528 00f2 73       		.sleb128 -13
 529 00f3 06       		.uleb128 0x6
 530 00f4 10000000 		.4byte	.LASF28
 531 00f8 72       		.sleb128 -14
 532 00f9 06       		.uleb128 0x6
 533 00fa 6C000000 		.4byte	.LASF29
 534 00fe 71       		.sleb128 -15
 535 00ff 06       		.uleb128 0x6
 536 0100 72020000 		.4byte	.LASF30
 537 0104 70       		.sleb128 -16
 538 0105 06       		.uleb128 0x6
 539 0106 CD000000 		.4byte	.LASF31
 540 010a 6F       		.sleb128 -17
 541 010b 06       		.uleb128 0x6
 542 010c A1000000 		.4byte	.LASF32
 543 0110 6E       		.sleb128 -18
 544 0111 06       		.uleb128 0x6
 545 0112 DF010000 		.4byte	.LASF33
 546 0116 6D       		.sleb128 -19
 547 0117 06       		.uleb128 0x6
 548 0118 94040000 		.4byte	.LASF34
 549 011c 6C       		.sleb128 -20
 550 011d 06       		.uleb128 0x6
 551 011e E5020000 		.4byte	.LASF35
 552 0122 6B       		.sleb128 -21
 553 0123 06       		.uleb128 0x6
 554 0124 76050000 		.4byte	.LASF36
 555 0128 6A       		.sleb128 -22
 556 0129 06       		.uleb128 0x6
 557 012a 36010000 		.4byte	.LASF37
 558 012e 69       		.sleb128 -23
 559 012f 06       		.uleb128 0x6
 560 0130 F2010000 		.4byte	.LASF38
 561 0134 68       		.sleb128 -24
 562 0135 06       		.uleb128 0x6
 563 0136 A4010000 		.4byte	.LASF39
 564 013a 67       		.sleb128 -25
 565 013b 00       		.byte	0
ARM GAS  C:\Users\Admin\AppData\Local\Temp\ccnyUUyZ.s 			page 15


 566 013c 03       		.uleb128 0x3
 567 013d F6050000 		.4byte	.LASF40
 568 0141 02       		.byte	0x2
 569 0142 EA       		.byte	0xea
 570 0143 93000000 		.4byte	0x93
 571 0147 07       		.uleb128 0x7
 572 0148 04       		.byte	0x4
 573 0149 05       		.byte	0x5
 574 014a 696E7400 		.ascii	"int\000"
 575 014e 02       		.uleb128 0x2
 576 014f 04       		.byte	0x4
 577 0150 07       		.byte	0x7
 578 0151 29030000 		.4byte	.LASF41
 579 0155 02       		.uleb128 0x2
 580 0156 08       		.byte	0x8
 581 0157 04       		.byte	0x4
 582 0158 BB020000 		.4byte	.LASF42
 583 015c 02       		.uleb128 0x2
 584 015d 04       		.byte	0x4
 585 015e 07       		.byte	0x7
 586 015f B6000000 		.4byte	.LASF43
 587 0163 04       		.uleb128 0x4
 588 0164 01       		.byte	0x1
 589 0165 2C000000 		.4byte	0x2c
 590 0169 03       		.byte	0x3
 591 016a 56       		.byte	0x56
 592 016b 94010000 		.4byte	0x194
 593 016f 05       		.uleb128 0x5
 594 0170 2C050000 		.4byte	.LASF44
 595 0174 00       		.byte	0
 596 0175 05       		.uleb128 0x5
 597 0176 49050000 		.4byte	.LASF45
 598 017a 01       		.byte	0x1
 599 017b 05       		.uleb128 0x5
 600 017c 2E000000 		.4byte	.LASF46
 601 0180 02       		.byte	0x2
 602 0181 05       		.uleb128 0x5
 603 0182 34050000 		.4byte	.LASF47
 604 0186 03       		.byte	0x3
 605 0187 05       		.uleb128 0x5
 606 0188 00000000 		.4byte	.LASF48
 607 018c 04       		.byte	0x4
 608 018d 05       		.uleb128 0x5
 609 018e 67010000 		.4byte	.LASF49
 610 0192 05       		.byte	0x5
 611 0193 00       		.byte	0
 612 0194 03       		.uleb128 0x3
 613 0195 6E050000 		.4byte	.LASF50
 614 0199 03       		.byte	0x3
 615 019a 5E       		.byte	0x5e
 616 019b 63010000 		.4byte	0x163
 617 019f 04       		.uleb128 0x4
 618 01a0 01       		.byte	0x1
 619 01a1 2C000000 		.4byte	0x2c
 620 01a5 03       		.byte	0x3
 621 01a6 61       		.byte	0x61
 622 01a7 D0010000 		.4byte	0x1d0
ARM GAS  C:\Users\Admin\AppData\Local\Temp\ccnyUUyZ.s 			page 16


 623 01ab 05       		.uleb128 0x5
 624 01ac 57000000 		.4byte	.LASF51
 625 01b0 00       		.byte	0
 626 01b1 05       		.uleb128 0x5
 627 01b2 A7040000 		.4byte	.LASF52
 628 01b6 01       		.byte	0x1
 629 01b7 05       		.uleb128 0x5
 630 01b8 E9000000 		.4byte	.LASF53
 631 01bc 02       		.byte	0x2
 632 01bd 05       		.uleb128 0x5
 633 01be CF040000 		.4byte	.LASF54
 634 01c2 03       		.byte	0x3
 635 01c3 05       		.uleb128 0x5
 636 01c4 C6050000 		.4byte	.LASF55
 637 01c8 04       		.byte	0x4
 638 01c9 05       		.uleb128 0x5
 639 01ca 18010000 		.4byte	.LASF56
 640 01ce 05       		.byte	0x5
 641 01cf 00       		.byte	0
 642 01d0 03       		.uleb128 0x3
 643 01d1 5B050000 		.4byte	.LASF57
 644 01d5 03       		.byte	0x3
 645 01d6 6A       		.byte	0x6a
 646 01d7 9F010000 		.4byte	0x19f
 647 01db 03       		.uleb128 0x3
 648 01dc 5F030000 		.4byte	.LASF58
 649 01e0 03       		.byte	0x3
 650 01e1 83       		.byte	0x83
 651 01e2 94010000 		.4byte	0x194
 652 01e6 03       		.uleb128 0x3
 653 01e7 6F010000 		.4byte	.LASF59
 654 01eb 03       		.byte	0x3
 655 01ec 85       		.byte	0x85
 656 01ed D0010000 		.4byte	0x1d0
 657 01f1 03       		.uleb128 0x3
 658 01f2 8C010000 		.4byte	.LASF60
 659 01f6 04       		.byte	0x4
 660 01f7 2D       		.byte	0x2d
 661 01f8 FC010000 		.4byte	0x1fc
 662 01fc 08       		.uleb128 0x8
 663 01fd 04       		.byte	0x4
 664 01fe 02020000 		.4byte	0x202
 665 0202 09       		.uleb128 0x9
 666 0203 09020000 		.4byte	0x209
 667 0207 0A       		.uleb128 0xa
 668 0208 00       		.byte	0
 669 0209 03       		.uleb128 0x3
 670 020a 8E030000 		.4byte	.LASF61
 671 020e 04       		.byte	0x4
 672 020f 32       		.byte	0x32
 673 0210 14020000 		.4byte	0x214
 674 0214 08       		.uleb128 0x8
 675 0215 04       		.byte	0x4
 676 0216 1A020000 		.4byte	0x21a
 677 021a 0B       		.uleb128 0xb
 678 021b 81000000 		.4byte	0x81
 679 021f 25020000 		.4byte	0x225
ARM GAS  C:\Users\Admin\AppData\Local\Temp\ccnyUUyZ.s 			page 17


 680 0223 0A       		.uleb128 0xa
 681 0224 00       		.byte	0
 682 0225 0C       		.uleb128 0xc
 683 0226 0C       		.byte	0xc
 684 0227 04       		.byte	0x4
 685 0228 39       		.byte	0x39
 686 0229 5E020000 		.4byte	0x25e
 687 022d 0D       		.uleb128 0xd
 688 022e 02010000 		.4byte	.LASF62
 689 0232 04       		.byte	0x4
 690 0233 3B       		.byte	0x3b
 691 0234 DB010000 		.4byte	0x1db
 692 0238 00       		.byte	0
 693 0239 0D       		.uleb128 0xd
 694 023a D8050000 		.4byte	.LASF63
 695 023e 04       		.byte	0x4
 696 023f 3C       		.byte	0x3c
 697 0240 E6010000 		.4byte	0x1e6
 698 0244 01       		.byte	0x1
 699 0245 0D       		.uleb128 0xd
 700 0246 80000000 		.4byte	.LASF64
 701 024a 04       		.byte	0x4
 702 024b 3D       		.byte	0x3d
 703 024c 09020000 		.4byte	0x209
 704 0250 04       		.byte	0x4
 705 0251 0D       		.uleb128 0xd
 706 0252 BE040000 		.4byte	.LASF65
 707 0256 04       		.byte	0x4
 708 0257 3E       		.byte	0x3e
 709 0258 F1010000 		.4byte	0x1f1
 710 025c 08       		.byte	0x8
 711 025d 00       		.byte	0
 712 025e 03       		.uleb128 0x3
 713 025f 50040000 		.4byte	.LASF66
 714 0263 04       		.byte	0x4
 715 0264 40       		.byte	0x40
 716 0265 25020000 		.4byte	0x225
 717 0269 0E       		.uleb128 0xe
 718 026a 5E020000 		.4byte	0x25e
 719 026e 74020000 		.4byte	0x274
 720 0272 0F       		.uleb128 0xf
 721 0273 00       		.byte	0
 722 0274 0C       		.uleb128 0xc
 723 0275 0C       		.byte	0xc
 724 0276 04       		.byte	0x4
 725 0277 47       		.byte	0x47
 726 0278 A1020000 		.4byte	0x2a1
 727 027c 0D       		.uleb128 0xd
 728 027d E4040000 		.4byte	.LASF67
 729 0281 04       		.byte	0x4
 730 0282 49       		.byte	0x49
 731 0283 E6010000 		.4byte	0x1e6
 732 0287 00       		.byte	0
 733 0288 0D       		.uleb128 0xd
 734 0289 27020000 		.4byte	.LASF68
 735 028d 04       		.byte	0x4
 736 028e 4A       		.byte	0x4a
ARM GAS  C:\Users\Admin\AppData\Local\Temp\ccnyUUyZ.s 			page 18


 737 028f A7020000 		.4byte	0x2a7
 738 0293 04       		.byte	0x4
 739 0294 0D       		.uleb128 0xd
 740 0295 13050000 		.4byte	.LASF69
 741 0299 04       		.byte	0x4
 742 029a 4B       		.byte	0x4b
 743 029b AC020000 		.4byte	0x2ac
 744 029f 08       		.byte	0x8
 745 02a0 00       		.byte	0
 746 02a1 08       		.uleb128 0x8
 747 02a2 04       		.byte	0x4
 748 02a3 69020000 		.4byte	0x269
 749 02a7 10       		.uleb128 0x10
 750 02a8 A1020000 		.4byte	0x2a1
 751 02ac 10       		.uleb128 0x10
 752 02ad 45000000 		.4byte	0x45
 753 02b1 03       		.uleb128 0x3
 754 02b2 3A000000 		.4byte	.LASF70
 755 02b6 04       		.byte	0x4
 756 02b7 4C       		.byte	0x4c
 757 02b8 74020000 		.4byte	0x274
 758 02bc 0C       		.uleb128 0xc
 759 02bd 0C       		.byte	0xc
 760 02be 04       		.byte	0x4
 761 02bf 55       		.byte	0x55
 762 02c0 E9020000 		.4byte	0x2e9
 763 02c4 0D       		.uleb128 0xd
 764 02c5 B5020000 		.4byte	.LASF71
 765 02c9 04       		.byte	0x4
 766 02ca 57       		.byte	0x57
 767 02cb E6010000 		.4byte	0x1e6
 768 02cf 00       		.byte	0
 769 02d0 0D       		.uleb128 0xd
 770 02d1 BA050000 		.4byte	.LASF72
 771 02d5 04       		.byte	0x4
 772 02d6 58       		.byte	0x58
 773 02d7 F1010000 		.4byte	0x1f1
 774 02db 04       		.byte	0x4
 775 02dc 0D       		.uleb128 0xd
 776 02dd 67020000 		.4byte	.LASF73
 777 02e1 04       		.byte	0x4
 778 02e2 59       		.byte	0x59
 779 02e3 F1010000 		.4byte	0x1f1
 780 02e7 08       		.byte	0x8
 781 02e8 00       		.byte	0
 782 02e9 03       		.uleb128 0x3
 783 02ea 18050000 		.4byte	.LASF74
 784 02ee 04       		.byte	0x4
 785 02ef 5A       		.byte	0x5a
 786 02f0 BC020000 		.4byte	0x2bc
 787 02f4 11       		.uleb128 0x11
 788 02f5 3D020000 		.4byte	.LASF78
 789 02f9 01       		.byte	0x1
 790 02fa 38       		.byte	0x38
 791 02fb 33000000 		.4byte	0x33
 792 02ff 00000000 		.4byte	.LFB1
 793 0303 26000000 		.4byte	.LFE1-.LFB1
ARM GAS  C:\Users\Admin\AppData\Local\Temp\ccnyUUyZ.s 			page 19


 794 0307 01       		.uleb128 0x1
 795 0308 9C       		.byte	0x9c
 796 0309 5A030000 		.4byte	0x35a
 797 030d 12       		.uleb128 0x12
 798 030e 08010000 		.4byte	.LASF75
 799 0312 01       		.byte	0x1
 800 0313 38       		.byte	0x38
 801 0314 5A030000 		.4byte	0x35a
 802 0318 00000000 		.4byte	.LLST0
 803 031c 13       		.uleb128 0x13
 804 031d CB010000 		.4byte	.LASF76
 805 0321 01       		.byte	0x1
 806 0322 39       		.byte	0x39
 807 0323 45000000 		.4byte	0x45
 808 0327 01       		.uleb128 0x1
 809 0328 51       		.byte	0x51
 810 0329 13       		.uleb128 0x13
 811 032a B5020000 		.4byte	.LASF71
 812 032e 01       		.byte	0x1
 813 032f 3A       		.byte	0x3a
 814 0330 E6010000 		.4byte	0x1e6
 815 0334 01       		.uleb128 0x1
 816 0335 52       		.byte	0x52
 817 0336 14       		.uleb128 0x14
 818 0337 09000000 		.4byte	.LASF77
 819 033b 01       		.byte	0x1
 820 033c 3D       		.byte	0x3d
 821 033d 33000000 		.4byte	0x33
 822 0341 7F       		.sleb128 -1
 823 0342 15       		.uleb128 0x15
 824 0343 02000000 		.4byte	.LBB2
 825 0347 1C000000 		.4byte	.LBE2-.LBB2
 826 034b 16       		.uleb128 0x16
 827 034c 6900     		.ascii	"i\000"
 828 034e 01       		.byte	0x1
 829 034f 3F       		.byte	0x3f
 830 0350 45000000 		.4byte	0x45
 831 0354 3A000000 		.4byte	.LLST1
 832 0358 00       		.byte	0
 833 0359 00       		.byte	0
 834 035a 08       		.uleb128 0x8
 835 035b 04       		.byte	0x4
 836 035c 60030000 		.4byte	0x360
 837 0360 10       		.uleb128 0x10
 838 0361 B1020000 		.4byte	0x2b1
 839 0365 17       		.uleb128 0x17
 840 0366 D5020000 		.4byte	.LASF79
 841 036a 01       		.byte	0x1
 842 036b 52       		.byte	0x52
 843 036c 3C010000 		.4byte	0x13c
 844 0370 00000000 		.4byte	.LFB2
 845 0374 2E000000 		.4byte	.LFE2-.LFB2
 846 0378 01       		.uleb128 0x1
 847 0379 9C       		.byte	0x9c
 848 037a CE030000 		.4byte	0x3ce
 849 037e 12       		.uleb128 0x12
 850 037f EE040000 		.4byte	.LASF80
ARM GAS  C:\Users\Admin\AppData\Local\Temp\ccnyUUyZ.s 			page 20


 851 0383 01       		.byte	0x1
 852 0384 52       		.byte	0x52
 853 0385 CE030000 		.4byte	0x3ce
 854 0389 64000000 		.4byte	.LLST2
 855 038d 12       		.uleb128 0x12
 856 038e 40040000 		.4byte	.LASF81
 857 0392 01       		.byte	0x1
 858 0393 53       		.byte	0x53
 859 0394 45000000 		.4byte	0x45
 860 0398 A6000000 		.4byte	.LLST3
 861 039c 12       		.uleb128 0x12
 862 039d B5020000 		.4byte	.LASF71
 863 03a1 01       		.byte	0x1
 864 03a2 54       		.byte	0x54
 865 03a3 D9030000 		.4byte	0x3d9
 866 03a7 E0000000 		.4byte	.LLST4
 867 03ab 18       		.uleb128 0x18
 868 03ac E1000000 		.4byte	.LASF82
 869 03b0 01       		.byte	0x1
 870 03b1 57       		.byte	0x57
 871 03b2 F1010000 		.4byte	0x1f1
 872 03b6 1A010000 		.4byte	.LLST5
 873 03ba 19       		.uleb128 0x19
 874 03bb 00000000 		.4byte	.Ldebug_ranges0+0
 875 03bf 16       		.uleb128 0x16
 876 03c0 6A00     		.ascii	"j\000"
 877 03c2 01       		.byte	0x1
 878 03c3 5E       		.byte	0x5e
 879 03c4 45000000 		.4byte	0x45
 880 03c8 45010000 		.4byte	.LLST6
 881 03cc 00       		.byte	0
 882 03cd 00       		.byte	0
 883 03ce 08       		.uleb128 0x8
 884 03cf 04       		.byte	0x4
 885 03d0 D4030000 		.4byte	0x3d4
 886 03d4 10       		.uleb128 0x10
 887 03d5 E9020000 		.4byte	0x2e9
 888 03d9 08       		.uleb128 0x8
 889 03da 04       		.byte	0x4
 890 03db E6010000 		.4byte	0x1e6
 891 03df 1A       		.uleb128 0x1a
 892 03e0 7B030000 		.4byte	.LASF92
 893 03e4 01       		.byte	0x1
 894 03e5 76       		.byte	0x76
 895 03e6 3C010000 		.4byte	0x13c
 896 03ea 00000000 		.4byte	.LFB3
 897 03ee FA000000 		.4byte	.LFE3-.LFB3
 898 03f2 01       		.uleb128 0x1
 899 03f3 9C       		.byte	0x9c
 900 03f4 12       		.uleb128 0x12
 901 03f5 08010000 		.4byte	.LASF75
 902 03f9 01       		.byte	0x1
 903 03fa 76       		.byte	0x76
 904 03fb 5A030000 		.4byte	0x35a
 905 03ff 6E010000 		.4byte	.LLST7
 906 0403 12       		.uleb128 0x12
 907 0404 CB010000 		.4byte	.LASF76
ARM GAS  C:\Users\Admin\AppData\Local\Temp\ccnyUUyZ.s 			page 21


 908 0408 01       		.byte	0x1
 909 0409 77       		.byte	0x77
 910 040a 45000000 		.4byte	0x45
 911 040e B3010000 		.4byte	.LLST8
 912 0412 12       		.uleb128 0x12
 913 0413 EE040000 		.4byte	.LASF80
 914 0417 01       		.byte	0x1
 915 0418 78       		.byte	0x78
 916 0419 CE030000 		.4byte	0x3ce
 917 041d D4010000 		.4byte	.LLST9
 918 0421 12       		.uleb128 0x12
 919 0422 40040000 		.4byte	.LASF81
 920 0426 01       		.byte	0x1
 921 0427 79       		.byte	0x79
 922 0428 45000000 		.4byte	0x45
 923 042c F2010000 		.4byte	.LLST10
 924 0430 1B       		.uleb128 0x1b
 925 0431 657600   		.ascii	"ev\000"
 926 0434 01       		.byte	0x1
 927 0435 7A       		.byte	0x7a
 928 0436 DB010000 		.4byte	0x1db
 929 043a 13020000 		.4byte	.LLST11
 930 043e 12       		.uleb128 0x12
 931 043f B5020000 		.4byte	.LASF71
 932 0443 01       		.byte	0x1
 933 0444 7B       		.byte	0x7b
 934 0445 D9030000 		.4byte	0x3d9
 935 0449 33020000 		.4byte	.LLST12
 936 044d 18       		.uleb128 0x18
 937 044e 80000000 		.4byte	.LASF64
 938 0452 01       		.byte	0x1
 939 0453 7D       		.byte	0x7d
 940 0454 09020000 		.4byte	0x209
 941 0458 53020000 		.4byte	.LLST13
 942 045c 18       		.uleb128 0x18
 943 045d 88050000 		.4byte	.LASF83
 944 0461 01       		.byte	0x1
 945 0462 7E       		.byte	0x7e
 946 0463 F1010000 		.4byte	0x1f1
 947 0467 7E020000 		.4byte	.LLST14
 948 046b 18       		.uleb128 0x18
 949 046c E1000000 		.4byte	.LASF82
 950 0470 01       		.byte	0x1
 951 0471 7F       		.byte	0x7f
 952 0472 F1010000 		.4byte	0x1f1
 953 0476 B4020000 		.4byte	.LLST15
 954 047a 18       		.uleb128 0x18
 955 047b 54050000 		.4byte	.LASF84
 956 047f 01       		.byte	0x1
 957 0480 80       		.byte	0x80
 958 0481 F1010000 		.4byte	0x1f1
 959 0485 EB020000 		.4byte	.LLST16
 960 0489 1C       		.uleb128 0x1c
 961 048a 87040000 		.4byte	.LASF85
 962 048e 01       		.byte	0x1
 963 048f 84       		.byte	0x84
 964 0490 E6010000 		.4byte	0x1e6
ARM GAS  C:\Users\Admin\AppData\Local\Temp\ccnyUUyZ.s 			page 22


 965 0494 01       		.uleb128 0x1
 966 0495 5B       		.byte	0x5b
 967 0496 18       		.uleb128 0x18
 968 0497 D8050000 		.4byte	.LASF63
 969 049b 01       		.byte	0x1
 970 049c 85       		.byte	0x85
 971 049d E6010000 		.4byte	0x1e6
 972 04a1 22030000 		.4byte	.LLST17
 973 04a5 18       		.uleb128 0x18
 974 04a6 30010000 		.4byte	.LASF86
 975 04aa 01       		.byte	0x1
 976 04ab 89       		.byte	0x89
 977 04ac 33000000 		.4byte	0x33
 978 04b0 4B030000 		.4byte	.LLST18
 979 04b4 18       		.uleb128 0x18
 980 04b5 95050000 		.4byte	.LASF87
 981 04b9 01       		.byte	0x1
 982 04ba 91       		.byte	0x91
 983 04bb A7020000 		.4byte	0x2a7
 984 04bf 69030000 		.4byte	.LLST19
 985 04c3 18       		.uleb128 0x18
 986 04c4 F7020000 		.4byte	.LASF88
 987 04c8 01       		.byte	0x1
 988 04c9 93       		.byte	0x93
 989 04ca 45000000 		.4byte	0x45
 990 04ce 92030000 		.4byte	.LLST20
 991 04d2 1D       		.uleb128 0x1d
 992 04d3 18000000 		.4byte	.Ldebug_ranges0+0x18
 993 04d7 13050000 		.4byte	0x513
 994 04db 16       		.uleb128 0x16
 995 04dc 6900     		.ascii	"i\000"
 996 04de 01       		.byte	0x1
 997 04df A0       		.byte	0xa0
 998 04e0 45000000 		.4byte	0x45
 999 04e4 DE030000 		.4byte	.LLST21
 1000 04e8 1D       		.uleb128 0x1d
 1001 04e9 38000000 		.4byte	.Ldebug_ranges0+0x38
 1002 04ed FF040000 		.4byte	0x4ff
 1003 04f1 16       		.uleb128 0x16
 1004 04f2 6A00     		.ascii	"j\000"
 1005 04f4 01       		.byte	0x1
 1006 04f5 AF       		.byte	0xaf
 1007 04f6 45000000 		.4byte	0x45
 1008 04fa 07040000 		.4byte	.LLST22
 1009 04fe 00       		.byte	0
 1010 04ff 19       		.uleb128 0x19
 1011 0500 50000000 		.4byte	.Ldebug_ranges0+0x50
 1012 0504 16       		.uleb128 0x16
 1013 0505 6A00     		.ascii	"j\000"
 1014 0507 01       		.byte	0x1
 1015 0508 BF       		.byte	0xbf
 1016 0509 45000000 		.4byte	0x45
 1017 050d 30040000 		.4byte	.LLST23
 1018 0511 00       		.byte	0
 1019 0512 00       		.byte	0
 1020 0513 1E       		.uleb128 0x1e
 1021 0514 1A000000 		.4byte	.LVL22
ARM GAS  C:\Users\Admin\AppData\Local\Temp\ccnyUUyZ.s 			page 23


 1022 0518 F4020000 		.4byte	0x2f4
 1023 051c 1F       		.uleb128 0x1f
 1024 051d 01       		.uleb128 0x1
 1025 051e 50       		.byte	0x50
 1026 051f 02       		.uleb128 0x2
 1027 0520 74       		.byte	0x74
 1028 0521 00       		.sleb128 0
 1029 0522 1F       		.uleb128 0x1f
 1030 0523 01       		.uleb128 0x1
 1031 0524 52       		.byte	0x52
 1032 0525 02       		.uleb128 0x2
 1033 0526 7B       		.byte	0x7b
 1034 0527 00       		.sleb128 0
 1035 0528 00       		.byte	0
 1036 0529 00       		.byte	0
 1037 052a 00       		.byte	0
 1038              		.section	.debug_abbrev,"",%progbits
 1039              	.Ldebug_abbrev0:
 1040 0000 01       		.uleb128 0x1
 1041 0001 11       		.uleb128 0x11
 1042 0002 01       		.byte	0x1
 1043 0003 25       		.uleb128 0x25
 1044 0004 0E       		.uleb128 0xe
 1045 0005 13       		.uleb128 0x13
 1046 0006 0B       		.uleb128 0xb
 1047 0007 03       		.uleb128 0x3
 1048 0008 0E       		.uleb128 0xe
 1049 0009 1B       		.uleb128 0x1b
 1050 000a 0E       		.uleb128 0xe
 1051 000b 55       		.uleb128 0x55
 1052 000c 17       		.uleb128 0x17
 1053 000d 11       		.uleb128 0x11
 1054 000e 01       		.uleb128 0x1
 1055 000f 10       		.uleb128 0x10
 1056 0010 17       		.uleb128 0x17
 1057 0011 00       		.byte	0
 1058 0012 00       		.byte	0
 1059 0013 02       		.uleb128 0x2
 1060 0014 24       		.uleb128 0x24
 1061 0015 00       		.byte	0
 1062 0016 0B       		.uleb128 0xb
 1063 0017 0B       		.uleb128 0xb
 1064 0018 3E       		.uleb128 0x3e
 1065 0019 0B       		.uleb128 0xb
 1066 001a 03       		.uleb128 0x3
 1067 001b 0E       		.uleb128 0xe
 1068 001c 00       		.byte	0
 1069 001d 00       		.byte	0
 1070 001e 03       		.uleb128 0x3
 1071 001f 16       		.uleb128 0x16
 1072 0020 00       		.byte	0
 1073 0021 03       		.uleb128 0x3
 1074 0022 0E       		.uleb128 0xe
 1075 0023 3A       		.uleb128 0x3a
 1076 0024 0B       		.uleb128 0xb
 1077 0025 3B       		.uleb128 0x3b
 1078 0026 0B       		.uleb128 0xb
ARM GAS  C:\Users\Admin\AppData\Local\Temp\ccnyUUyZ.s 			page 24


 1079 0027 49       		.uleb128 0x49
 1080 0028 13       		.uleb128 0x13
 1081 0029 00       		.byte	0
 1082 002a 00       		.byte	0
 1083 002b 04       		.uleb128 0x4
 1084 002c 04       		.uleb128 0x4
 1085 002d 01       		.byte	0x1
 1086 002e 0B       		.uleb128 0xb
 1087 002f 0B       		.uleb128 0xb
 1088 0030 49       		.uleb128 0x49
 1089 0031 13       		.uleb128 0x13
 1090 0032 3A       		.uleb128 0x3a
 1091 0033 0B       		.uleb128 0xb
 1092 0034 3B       		.uleb128 0x3b
 1093 0035 0B       		.uleb128 0xb
 1094 0036 01       		.uleb128 0x1
 1095 0037 13       		.uleb128 0x13
 1096 0038 00       		.byte	0
 1097 0039 00       		.byte	0
 1098 003a 05       		.uleb128 0x5
 1099 003b 28       		.uleb128 0x28
 1100 003c 00       		.byte	0
 1101 003d 03       		.uleb128 0x3
 1102 003e 0E       		.uleb128 0xe
 1103 003f 1C       		.uleb128 0x1c
 1104 0040 0B       		.uleb128 0xb
 1105 0041 00       		.byte	0
 1106 0042 00       		.byte	0
 1107 0043 06       		.uleb128 0x6
 1108 0044 28       		.uleb128 0x28
 1109 0045 00       		.byte	0
 1110 0046 03       		.uleb128 0x3
 1111 0047 0E       		.uleb128 0xe
 1112 0048 1C       		.uleb128 0x1c
 1113 0049 0D       		.uleb128 0xd
 1114 004a 00       		.byte	0
 1115 004b 00       		.byte	0
 1116 004c 07       		.uleb128 0x7
 1117 004d 24       		.uleb128 0x24
 1118 004e 00       		.byte	0
 1119 004f 0B       		.uleb128 0xb
 1120 0050 0B       		.uleb128 0xb
 1121 0051 3E       		.uleb128 0x3e
 1122 0052 0B       		.uleb128 0xb
 1123 0053 03       		.uleb128 0x3
 1124 0054 08       		.uleb128 0x8
 1125 0055 00       		.byte	0
 1126 0056 00       		.byte	0
 1127 0057 08       		.uleb128 0x8
 1128 0058 0F       		.uleb128 0xf
 1129 0059 00       		.byte	0
 1130 005a 0B       		.uleb128 0xb
 1131 005b 0B       		.uleb128 0xb
 1132 005c 49       		.uleb128 0x49
 1133 005d 13       		.uleb128 0x13
 1134 005e 00       		.byte	0
 1135 005f 00       		.byte	0
ARM GAS  C:\Users\Admin\AppData\Local\Temp\ccnyUUyZ.s 			page 25


 1136 0060 09       		.uleb128 0x9
 1137 0061 15       		.uleb128 0x15
 1138 0062 01       		.byte	0x1
 1139 0063 01       		.uleb128 0x1
 1140 0064 13       		.uleb128 0x13
 1141 0065 00       		.byte	0
 1142 0066 00       		.byte	0
 1143 0067 0A       		.uleb128 0xa
 1144 0068 18       		.uleb128 0x18
 1145 0069 00       		.byte	0
 1146 006a 00       		.byte	0
 1147 006b 00       		.byte	0
 1148 006c 0B       		.uleb128 0xb
 1149 006d 15       		.uleb128 0x15
 1150 006e 01       		.byte	0x1
 1151 006f 49       		.uleb128 0x49
 1152 0070 13       		.uleb128 0x13
 1153 0071 01       		.uleb128 0x1
 1154 0072 13       		.uleb128 0x13
 1155 0073 00       		.byte	0
 1156 0074 00       		.byte	0
 1157 0075 0C       		.uleb128 0xc
 1158 0076 13       		.uleb128 0x13
 1159 0077 01       		.byte	0x1
 1160 0078 0B       		.uleb128 0xb
 1161 0079 0B       		.uleb128 0xb
 1162 007a 3A       		.uleb128 0x3a
 1163 007b 0B       		.uleb128 0xb
 1164 007c 3B       		.uleb128 0x3b
 1165 007d 0B       		.uleb128 0xb
 1166 007e 01       		.uleb128 0x1
 1167 007f 13       		.uleb128 0x13
 1168 0080 00       		.byte	0
 1169 0081 00       		.byte	0
 1170 0082 0D       		.uleb128 0xd
 1171 0083 0D       		.uleb128 0xd
 1172 0084 00       		.byte	0
 1173 0085 03       		.uleb128 0x3
 1174 0086 0E       		.uleb128 0xe
 1175 0087 3A       		.uleb128 0x3a
 1176 0088 0B       		.uleb128 0xb
 1177 0089 3B       		.uleb128 0x3b
 1178 008a 0B       		.uleb128 0xb
 1179 008b 49       		.uleb128 0x49
 1180 008c 13       		.uleb128 0x13
 1181 008d 38       		.uleb128 0x38
 1182 008e 0B       		.uleb128 0xb
 1183 008f 00       		.byte	0
 1184 0090 00       		.byte	0
 1185 0091 0E       		.uleb128 0xe
 1186 0092 01       		.uleb128 0x1
 1187 0093 01       		.byte	0x1
 1188 0094 49       		.uleb128 0x49
 1189 0095 13       		.uleb128 0x13
 1190 0096 01       		.uleb128 0x1
 1191 0097 13       		.uleb128 0x13
 1192 0098 00       		.byte	0
ARM GAS  C:\Users\Admin\AppData\Local\Temp\ccnyUUyZ.s 			page 26


 1193 0099 00       		.byte	0
 1194 009a 0F       		.uleb128 0xf
 1195 009b 21       		.uleb128 0x21
 1196 009c 00       		.byte	0
 1197 009d 00       		.byte	0
 1198 009e 00       		.byte	0
 1199 009f 10       		.uleb128 0x10
 1200 00a0 26       		.uleb128 0x26
 1201 00a1 00       		.byte	0
 1202 00a2 49       		.uleb128 0x49
 1203 00a3 13       		.uleb128 0x13
 1204 00a4 00       		.byte	0
 1205 00a5 00       		.byte	0
 1206 00a6 11       		.uleb128 0x11
 1207 00a7 2E       		.uleb128 0x2e
 1208 00a8 01       		.byte	0x1
 1209 00a9 3F       		.uleb128 0x3f
 1210 00aa 19       		.uleb128 0x19
 1211 00ab 03       		.uleb128 0x3
 1212 00ac 0E       		.uleb128 0xe
 1213 00ad 3A       		.uleb128 0x3a
 1214 00ae 0B       		.uleb128 0xb
 1215 00af 3B       		.uleb128 0x3b
 1216 00b0 0B       		.uleb128 0xb
 1217 00b1 27       		.uleb128 0x27
 1218 00b2 19       		.uleb128 0x19
 1219 00b3 49       		.uleb128 0x49
 1220 00b4 13       		.uleb128 0x13
 1221 00b5 11       		.uleb128 0x11
 1222 00b6 01       		.uleb128 0x1
 1223 00b7 12       		.uleb128 0x12
 1224 00b8 06       		.uleb128 0x6
 1225 00b9 40       		.uleb128 0x40
 1226 00ba 18       		.uleb128 0x18
 1227 00bb 9742     		.uleb128 0x2117
 1228 00bd 19       		.uleb128 0x19
 1229 00be 01       		.uleb128 0x1
 1230 00bf 13       		.uleb128 0x13
 1231 00c0 00       		.byte	0
 1232 00c1 00       		.byte	0
 1233 00c2 12       		.uleb128 0x12
 1234 00c3 05       		.uleb128 0x5
 1235 00c4 00       		.byte	0
 1236 00c5 03       		.uleb128 0x3
 1237 00c6 0E       		.uleb128 0xe
 1238 00c7 3A       		.uleb128 0x3a
 1239 00c8 0B       		.uleb128 0xb
 1240 00c9 3B       		.uleb128 0x3b
 1241 00ca 0B       		.uleb128 0xb
 1242 00cb 49       		.uleb128 0x49
 1243 00cc 13       		.uleb128 0x13
 1244 00cd 02       		.uleb128 0x2
 1245 00ce 17       		.uleb128 0x17
 1246 00cf 00       		.byte	0
 1247 00d0 00       		.byte	0
 1248 00d1 13       		.uleb128 0x13
 1249 00d2 05       		.uleb128 0x5
ARM GAS  C:\Users\Admin\AppData\Local\Temp\ccnyUUyZ.s 			page 27


 1250 00d3 00       		.byte	0
 1251 00d4 03       		.uleb128 0x3
 1252 00d5 0E       		.uleb128 0xe
 1253 00d6 3A       		.uleb128 0x3a
 1254 00d7 0B       		.uleb128 0xb
 1255 00d8 3B       		.uleb128 0x3b
 1256 00d9 0B       		.uleb128 0xb
 1257 00da 49       		.uleb128 0x49
 1258 00db 13       		.uleb128 0x13
 1259 00dc 02       		.uleb128 0x2
 1260 00dd 18       		.uleb128 0x18
 1261 00de 00       		.byte	0
 1262 00df 00       		.byte	0
 1263 00e0 14       		.uleb128 0x14
 1264 00e1 34       		.uleb128 0x34
 1265 00e2 00       		.byte	0
 1266 00e3 03       		.uleb128 0x3
 1267 00e4 0E       		.uleb128 0xe
 1268 00e5 3A       		.uleb128 0x3a
 1269 00e6 0B       		.uleb128 0xb
 1270 00e7 3B       		.uleb128 0x3b
 1271 00e8 0B       		.uleb128 0xb
 1272 00e9 49       		.uleb128 0x49
 1273 00ea 13       		.uleb128 0x13
 1274 00eb 1C       		.uleb128 0x1c
 1275 00ec 0D       		.uleb128 0xd
 1276 00ed 00       		.byte	0
 1277 00ee 00       		.byte	0
 1278 00ef 15       		.uleb128 0x15
 1279 00f0 0B       		.uleb128 0xb
 1280 00f1 01       		.byte	0x1
 1281 00f2 11       		.uleb128 0x11
 1282 00f3 01       		.uleb128 0x1
 1283 00f4 12       		.uleb128 0x12
 1284 00f5 06       		.uleb128 0x6
 1285 00f6 00       		.byte	0
 1286 00f7 00       		.byte	0
 1287 00f8 16       		.uleb128 0x16
 1288 00f9 34       		.uleb128 0x34
 1289 00fa 00       		.byte	0
 1290 00fb 03       		.uleb128 0x3
 1291 00fc 08       		.uleb128 0x8
 1292 00fd 3A       		.uleb128 0x3a
 1293 00fe 0B       		.uleb128 0xb
 1294 00ff 3B       		.uleb128 0x3b
 1295 0100 0B       		.uleb128 0xb
 1296 0101 49       		.uleb128 0x49
 1297 0102 13       		.uleb128 0x13
 1298 0103 02       		.uleb128 0x2
 1299 0104 17       		.uleb128 0x17
 1300 0105 00       		.byte	0
 1301 0106 00       		.byte	0
 1302 0107 17       		.uleb128 0x17
 1303 0108 2E       		.uleb128 0x2e
 1304 0109 01       		.byte	0x1
 1305 010a 3F       		.uleb128 0x3f
 1306 010b 19       		.uleb128 0x19
ARM GAS  C:\Users\Admin\AppData\Local\Temp\ccnyUUyZ.s 			page 28


 1307 010c 03       		.uleb128 0x3
 1308 010d 0E       		.uleb128 0xe
 1309 010e 3A       		.uleb128 0x3a
 1310 010f 0B       		.uleb128 0xb
 1311 0110 3B       		.uleb128 0x3b
 1312 0111 0B       		.uleb128 0xb
 1313 0112 27       		.uleb128 0x27
 1314 0113 19       		.uleb128 0x19
 1315 0114 49       		.uleb128 0x49
 1316 0115 13       		.uleb128 0x13
 1317 0116 11       		.uleb128 0x11
 1318 0117 01       		.uleb128 0x1
 1319 0118 12       		.uleb128 0x12
 1320 0119 06       		.uleb128 0x6
 1321 011a 40       		.uleb128 0x40
 1322 011b 18       		.uleb128 0x18
 1323 011c 9642     		.uleb128 0x2116
 1324 011e 19       		.uleb128 0x19
 1325 011f 01       		.uleb128 0x1
 1326 0120 13       		.uleb128 0x13
 1327 0121 00       		.byte	0
 1328 0122 00       		.byte	0
 1329 0123 18       		.uleb128 0x18
 1330 0124 34       		.uleb128 0x34
 1331 0125 00       		.byte	0
 1332 0126 03       		.uleb128 0x3
 1333 0127 0E       		.uleb128 0xe
 1334 0128 3A       		.uleb128 0x3a
 1335 0129 0B       		.uleb128 0xb
 1336 012a 3B       		.uleb128 0x3b
 1337 012b 0B       		.uleb128 0xb
 1338 012c 49       		.uleb128 0x49
 1339 012d 13       		.uleb128 0x13
 1340 012e 02       		.uleb128 0x2
 1341 012f 17       		.uleb128 0x17
 1342 0130 00       		.byte	0
 1343 0131 00       		.byte	0
 1344 0132 19       		.uleb128 0x19
 1345 0133 0B       		.uleb128 0xb
 1346 0134 01       		.byte	0x1
 1347 0135 55       		.uleb128 0x55
 1348 0136 17       		.uleb128 0x17
 1349 0137 00       		.byte	0
 1350 0138 00       		.byte	0
 1351 0139 1A       		.uleb128 0x1a
 1352 013a 2E       		.uleb128 0x2e
 1353 013b 01       		.byte	0x1
 1354 013c 3F       		.uleb128 0x3f
 1355 013d 19       		.uleb128 0x19
 1356 013e 03       		.uleb128 0x3
 1357 013f 0E       		.uleb128 0xe
 1358 0140 3A       		.uleb128 0x3a
 1359 0141 0B       		.uleb128 0xb
 1360 0142 3B       		.uleb128 0x3b
 1361 0143 0B       		.uleb128 0xb
 1362 0144 27       		.uleb128 0x27
 1363 0145 19       		.uleb128 0x19
ARM GAS  C:\Users\Admin\AppData\Local\Temp\ccnyUUyZ.s 			page 29


 1364 0146 49       		.uleb128 0x49
 1365 0147 13       		.uleb128 0x13
 1366 0148 11       		.uleb128 0x11
 1367 0149 01       		.uleb128 0x1
 1368 014a 12       		.uleb128 0x12
 1369 014b 06       		.uleb128 0x6
 1370 014c 40       		.uleb128 0x40
 1371 014d 18       		.uleb128 0x18
 1372 014e 9642     		.uleb128 0x2116
 1373 0150 19       		.uleb128 0x19
 1374 0151 00       		.byte	0
 1375 0152 00       		.byte	0
 1376 0153 1B       		.uleb128 0x1b
 1377 0154 05       		.uleb128 0x5
 1378 0155 00       		.byte	0
 1379 0156 03       		.uleb128 0x3
 1380 0157 08       		.uleb128 0x8
 1381 0158 3A       		.uleb128 0x3a
 1382 0159 0B       		.uleb128 0xb
 1383 015a 3B       		.uleb128 0x3b
 1384 015b 0B       		.uleb128 0xb
 1385 015c 49       		.uleb128 0x49
 1386 015d 13       		.uleb128 0x13
 1387 015e 02       		.uleb128 0x2
 1388 015f 17       		.uleb128 0x17
 1389 0160 00       		.byte	0
 1390 0161 00       		.byte	0
 1391 0162 1C       		.uleb128 0x1c
 1392 0163 34       		.uleb128 0x34
 1393 0164 00       		.byte	0
 1394 0165 03       		.uleb128 0x3
 1395 0166 0E       		.uleb128 0xe
 1396 0167 3A       		.uleb128 0x3a
 1397 0168 0B       		.uleb128 0xb
 1398 0169 3B       		.uleb128 0x3b
 1399 016a 0B       		.uleb128 0xb
 1400 016b 49       		.uleb128 0x49
 1401 016c 13       		.uleb128 0x13
 1402 016d 02       		.uleb128 0x2
 1403 016e 18       		.uleb128 0x18
 1404 016f 00       		.byte	0
 1405 0170 00       		.byte	0
 1406 0171 1D       		.uleb128 0x1d
 1407 0172 0B       		.uleb128 0xb
 1408 0173 01       		.byte	0x1
 1409 0174 55       		.uleb128 0x55
 1410 0175 17       		.uleb128 0x17
 1411 0176 01       		.uleb128 0x1
 1412 0177 13       		.uleb128 0x13
 1413 0178 00       		.byte	0
 1414 0179 00       		.byte	0
 1415 017a 1E       		.uleb128 0x1e
 1416 017b 898201   		.uleb128 0x4109
 1417 017e 01       		.byte	0x1
 1418 017f 11       		.uleb128 0x11
 1419 0180 01       		.uleb128 0x1
 1420 0181 31       		.uleb128 0x31
ARM GAS  C:\Users\Admin\AppData\Local\Temp\ccnyUUyZ.s 			page 30


 1421 0182 13       		.uleb128 0x13
 1422 0183 00       		.byte	0
 1423 0184 00       		.byte	0
 1424 0185 1F       		.uleb128 0x1f
 1425 0186 8A8201   		.uleb128 0x410a
 1426 0189 00       		.byte	0
 1427 018a 02       		.uleb128 0x2
 1428 018b 18       		.uleb128 0x18
 1429 018c 9142     		.uleb128 0x2111
 1430 018e 18       		.uleb128 0x18
 1431 018f 00       		.byte	0
 1432 0190 00       		.byte	0
 1433 0191 00       		.byte	0
 1434              		.section	.debug_loc,"",%progbits
 1435              	.Ldebug_loc0:
 1436              	.LLST0:
 1437 0000 00000000 		.4byte	.LVL0
 1438 0004 14000000 		.4byte	.LVL3
 1439 0008 0100     		.2byte	0x1
 1440 000a 50       		.byte	0x50
 1441 000b 14000000 		.4byte	.LVL3
 1442 000f 16000000 		.4byte	.LVL4
 1443 0013 0400     		.2byte	0x4
 1444 0015 F3       		.byte	0xf3
 1445 0016 01       		.uleb128 0x1
 1446 0017 50       		.byte	0x50
 1447 0018 9F       		.byte	0x9f
 1448 0019 16000000 		.4byte	.LVL4
 1449 001d 22000000 		.4byte	.LVL7
 1450 0021 0100     		.2byte	0x1
 1451 0023 50       		.byte	0x50
 1452 0024 22000000 		.4byte	.LVL7
 1453 0028 26000000 		.4byte	.LFE1
 1454 002c 0400     		.2byte	0x4
 1455 002e F3       		.byte	0xf3
 1456 002f 01       		.uleb128 0x1
 1457 0030 50       		.byte	0x50
 1458 0031 9F       		.byte	0x9f
 1459 0032 00000000 		.4byte	0
 1460 0036 00000000 		.4byte	0
 1461              	.LLST1:
 1462 003a 02000000 		.4byte	.LVL1
 1463 003e 06000000 		.4byte	.LVL2
 1464 0042 0200     		.2byte	0x2
 1465 0044 30       		.byte	0x30
 1466 0045 9F       		.byte	0x9f
 1467 0046 06000000 		.4byte	.LVL2
 1468 004a 18000000 		.4byte	.LVL5
 1469 004e 0100     		.2byte	0x1
 1470 0050 53       		.byte	0x53
 1471 0051 1A000000 		.4byte	.LVL6
 1472 0055 26000000 		.4byte	.LFE1
 1473 0059 0100     		.2byte	0x1
 1474 005b 53       		.byte	0x53
 1475 005c 00000000 		.4byte	0
 1476 0060 00000000 		.4byte	0
 1477              	.LLST2:
ARM GAS  C:\Users\Admin\AppData\Local\Temp\ccnyUUyZ.s 			page 31


 1478 0064 00000000 		.4byte	.LVL8
 1479 0068 06000000 		.4byte	.LVL9
 1480 006c 0100     		.2byte	0x1
 1481 006e 50       		.byte	0x50
 1482 006f 06000000 		.4byte	.LVL9
 1483 0073 08000000 		.4byte	.LVL10
 1484 0077 0400     		.2byte	0x4
 1485 0079 F3       		.byte	0xf3
 1486 007a 01       		.uleb128 0x1
 1487 007b 50       		.byte	0x50
 1488 007c 9F       		.byte	0x9f
 1489 007d 08000000 		.4byte	.LVL10
 1490 0081 20000000 		.4byte	.LVL15
 1491 0085 0100     		.2byte	0x1
 1492 0087 55       		.byte	0x55
 1493 0088 20000000 		.4byte	.LVL15
 1494 008c 28000000 		.4byte	.LVL16
 1495 0090 0100     		.2byte	0x1
 1496 0092 50       		.byte	0x50
 1497 0093 28000000 		.4byte	.LVL16
 1498 0097 2E000000 		.4byte	.LFE2
 1499 009b 0100     		.2byte	0x1
 1500 009d 55       		.byte	0x55
 1501 009e 00000000 		.4byte	0
 1502 00a2 00000000 		.4byte	0
 1503              	.LLST3:
 1504 00a6 00000000 		.4byte	.LVL8
 1505 00aa 08000000 		.4byte	.LVL10
 1506 00ae 0100     		.2byte	0x1
 1507 00b0 51       		.byte	0x51
 1508 00b1 08000000 		.4byte	.LVL10
 1509 00b5 20000000 		.4byte	.LVL15
 1510 00b9 0400     		.2byte	0x4
 1511 00bb F3       		.byte	0xf3
 1512 00bc 01       		.uleb128 0x1
 1513 00bd 51       		.byte	0x51
 1514 00be 9F       		.byte	0x9f
 1515 00bf 20000000 		.4byte	.LVL15
 1516 00c3 28000000 		.4byte	.LVL16
 1517 00c7 0100     		.2byte	0x1
 1518 00c9 51       		.byte	0x51
 1519 00ca 28000000 		.4byte	.LVL16
 1520 00ce 2E000000 		.4byte	.LFE2
 1521 00d2 0400     		.2byte	0x4
 1522 00d4 F3       		.byte	0xf3
 1523 00d5 01       		.uleb128 0x1
 1524 00d6 51       		.byte	0x51
 1525 00d7 9F       		.byte	0x9f
 1526 00d8 00000000 		.4byte	0
 1527 00dc 00000000 		.4byte	0
 1528              	.LLST4:
 1529 00e0 00000000 		.4byte	.LVL8
 1530 00e4 08000000 		.4byte	.LVL10
 1531 00e8 0100     		.2byte	0x1
 1532 00ea 52       		.byte	0x52
 1533 00eb 08000000 		.4byte	.LVL10
 1534 00ef 20000000 		.4byte	.LVL15
ARM GAS  C:\Users\Admin\AppData\Local\Temp\ccnyUUyZ.s 			page 32


 1535 00f3 0400     		.2byte	0x4
 1536 00f5 F3       		.byte	0xf3
 1537 00f6 01       		.uleb128 0x1
 1538 00f7 52       		.byte	0x52
 1539 00f8 9F       		.byte	0x9f
 1540 00f9 20000000 		.4byte	.LVL15
 1541 00fd 28000000 		.4byte	.LVL16
 1542 0101 0100     		.2byte	0x1
 1543 0103 52       		.byte	0x52
 1544 0104 28000000 		.4byte	.LVL16
 1545 0108 2E000000 		.4byte	.LFE2
 1546 010c 0400     		.2byte	0x4
 1547 010e F3       		.byte	0xf3
 1548 010f 01       		.uleb128 0x1
 1549 0110 52       		.byte	0x52
 1550 0111 9F       		.byte	0x9f
 1551 0112 00000000 		.4byte	0
 1552 0116 00000000 		.4byte	0
 1553              	.LLST5:
 1554 011a 00000000 		.4byte	.LVL8
 1555 011e 08000000 		.4byte	.LVL10
 1556 0122 0200     		.2byte	0x2
 1557 0124 30       		.byte	0x30
 1558 0125 9F       		.byte	0x9f
 1559 0126 16000000 		.4byte	.LVL11
 1560 012a 19000000 		.4byte	.LVL12-1
 1561 012e 0100     		.2byte	0x1
 1562 0130 53       		.byte	0x53
 1563 0131 20000000 		.4byte	.LVL15
 1564 0135 28000000 		.4byte	.LVL16
 1565 0139 0200     		.2byte	0x2
 1566 013b 30       		.byte	0x30
 1567 013c 9F       		.byte	0x9f
 1568 013d 00000000 		.4byte	0
 1569 0141 00000000 		.4byte	0
 1570              	.LLST6:
 1571 0145 08000000 		.4byte	.LVL10
 1572 0149 1C000000 		.4byte	.LVL13
 1573 014d 0100     		.2byte	0x1
 1574 014f 54       		.byte	0x54
 1575 0150 1E000000 		.4byte	.LVL14
 1576 0154 20000000 		.4byte	.LVL15
 1577 0158 0100     		.2byte	0x1
 1578 015a 54       		.byte	0x54
 1579 015b 28000000 		.4byte	.LVL16
 1580 015f 2E000000 		.4byte	.LFE2
 1581 0163 0100     		.2byte	0x1
 1582 0165 54       		.byte	0x54
 1583 0166 00000000 		.4byte	0
 1584 016a 00000000 		.4byte	0
 1585              	.LLST7:
 1586 016e 00000000 		.4byte	.LVL17
 1587 0172 19000000 		.4byte	.LVL22-1
 1588 0176 0100     		.2byte	0x1
 1589 0178 50       		.byte	0x50
 1590 0179 19000000 		.4byte	.LVL22-1
 1591 017d 28000000 		.4byte	.LVL24
ARM GAS  C:\Users\Admin\AppData\Local\Temp\ccnyUUyZ.s 			page 33


 1592 0181 0100     		.2byte	0x1
 1593 0183 54       		.byte	0x54
 1594 0184 28000000 		.4byte	.LVL24
 1595 0188 E2000000 		.4byte	.LVL55
 1596 018c 0400     		.2byte	0x4
 1597 018e F3       		.byte	0xf3
 1598 018f 01       		.uleb128 0x1
 1599 0190 50       		.byte	0x50
 1600 0191 9F       		.byte	0x9f
 1601 0192 E2000000 		.4byte	.LVL55
 1602 0196 EA000000 		.4byte	.LVL57
 1603 019a 0100     		.2byte	0x1
 1604 019c 54       		.byte	0x54
 1605 019d EA000000 		.4byte	.LVL57
 1606 01a1 FA000000 		.4byte	.LFE3
 1607 01a5 0400     		.2byte	0x4
 1608 01a7 F3       		.byte	0xf3
 1609 01a8 01       		.uleb128 0x1
 1610 01a9 50       		.byte	0x50
 1611 01aa 9F       		.byte	0x9f
 1612 01ab 00000000 		.4byte	0
 1613 01af 00000000 		.4byte	0
 1614              	.LLST8:
 1615 01b3 00000000 		.4byte	.LVL17
 1616 01b7 19000000 		.4byte	.LVL22-1
 1617 01bb 0100     		.2byte	0x1
 1618 01bd 51       		.byte	0x51
 1619 01be 19000000 		.4byte	.LVL22-1
 1620 01c2 FA000000 		.4byte	.LFE3
 1621 01c6 0400     		.2byte	0x4
 1622 01c8 F3       		.byte	0xf3
 1623 01c9 01       		.uleb128 0x1
 1624 01ca 51       		.byte	0x51
 1625 01cb 9F       		.byte	0x9f
 1626 01cc 00000000 		.4byte	0
 1627 01d0 00000000 		.4byte	0
 1628              	.LLST9:
 1629 01d4 00000000 		.4byte	.LVL17
 1630 01d8 16000000 		.4byte	.LVL21
 1631 01dc 0100     		.2byte	0x1
 1632 01de 52       		.byte	0x52
 1633 01df 16000000 		.4byte	.LVL21
 1634 01e3 FA000000 		.4byte	.LFE3
 1635 01e7 0100     		.2byte	0x1
 1636 01e9 59       		.byte	0x59
 1637 01ea 00000000 		.4byte	0
 1638 01ee 00000000 		.4byte	0
 1639              	.LLST10:
 1640 01f2 00000000 		.4byte	.LVL17
 1641 01f6 10000000 		.4byte	.LVL19
 1642 01fa 0100     		.2byte	0x1
 1643 01fc 53       		.byte	0x53
 1644 01fd 10000000 		.4byte	.LVL19
 1645 0201 FA000000 		.4byte	.LFE3
 1646 0205 0400     		.2byte	0x4
 1647 0207 F3       		.byte	0xf3
 1648 0208 01       		.uleb128 0x1
ARM GAS  C:\Users\Admin\AppData\Local\Temp\ccnyUUyZ.s 			page 34


 1649 0209 53       		.byte	0x53
 1650 020a 9F       		.byte	0x9f
 1651 020b 00000000 		.4byte	0
 1652 020f 00000000 		.4byte	0
 1653              	.LLST11:
 1654 0213 00000000 		.4byte	.LVL17
 1655 0217 D4000000 		.4byte	.LVL52
 1656 021b 0200     		.2byte	0x2
 1657 021d 91       		.byte	0x91
 1658 021e 00       		.sleb128 0
 1659 021f D4000000 		.4byte	.LVL52
 1660 0223 FA000000 		.4byte	.LFE3
 1661 0227 0200     		.2byte	0x2
 1662 0229 91       		.byte	0x91
 1663 022a 00       		.sleb128 0
 1664 022b 00000000 		.4byte	0
 1665 022f 00000000 		.4byte	0
 1666              	.LLST12:
 1667 0233 00000000 		.4byte	.LVL17
 1668 0237 D4000000 		.4byte	.LVL52
 1669 023b 0200     		.2byte	0x2
 1670 023d 91       		.byte	0x91
 1671 023e 04       		.sleb128 4
 1672 023f D4000000 		.4byte	.LVL52
 1673 0243 FA000000 		.4byte	.LFE3
 1674 0247 0200     		.2byte	0x2
 1675 0249 91       		.byte	0x91
 1676 024a 04       		.sleb128 4
 1677 024b 00000000 		.4byte	0
 1678 024f 00000000 		.4byte	0
 1679              	.LLST13:
 1680 0253 0E000000 		.4byte	.LVL18
 1681 0257 3E000000 		.4byte	.LVL29
 1682 025b 0200     		.2byte	0x2
 1683 025d 30       		.byte	0x30
 1684 025e 9F       		.byte	0x9f
 1685 025f 56000000 		.4byte	.LVL30
 1686 0263 59000000 		.4byte	.LVL31-1
 1687 0267 0100     		.2byte	0x1
 1688 0269 53       		.byte	0x53
 1689 026a E2000000 		.4byte	.LVL55
 1690 026e FA000000 		.4byte	.LFE3
 1691 0272 0200     		.2byte	0x2
 1692 0274 30       		.byte	0x30
 1693 0275 9F       		.byte	0x9f
 1694 0276 00000000 		.4byte	0
 1695 027a 00000000 		.4byte	0
 1696              	.LLST14:
 1697 027e 0E000000 		.4byte	.LVL18
 1698 0282 6A000000 		.4byte	.LVL32
 1699 0286 0200     		.2byte	0x2
 1700 0288 30       		.byte	0x30
 1701 0289 9F       		.byte	0x9f
 1702 028a 6A000000 		.4byte	.LVL32
 1703 028e A6000000 		.4byte	.LVL44
 1704 0292 0100     		.2byte	0x1
 1705 0294 54       		.byte	0x54
ARM GAS  C:\Users\Admin\AppData\Local\Temp\ccnyUUyZ.s 			page 35


 1706 0295 C4000000 		.4byte	.LVL49
 1707 0299 C6000000 		.4byte	.LVL50
 1708 029d 0100     		.2byte	0x1
 1709 029f 54       		.byte	0x54
 1710 02a0 D4000000 		.4byte	.LVL52
 1711 02a4 FA000000 		.4byte	.LFE3
 1712 02a8 0200     		.2byte	0x2
 1713 02aa 30       		.byte	0x30
 1714 02ab 9F       		.byte	0x9f
 1715 02ac 00000000 		.4byte	0
 1716 02b0 00000000 		.4byte	0
 1717              	.LLST15:
 1718 02b4 0E000000 		.4byte	.LVL18
 1719 02b8 A6000000 		.4byte	.LVL44
 1720 02bc 0200     		.2byte	0x2
 1721 02be 30       		.byte	0x30
 1722 02bf 9F       		.byte	0x9f
 1723 02c0 BA000000 		.4byte	.LVL45
 1724 02c4 BD000000 		.4byte	.LVL46-1
 1725 02c8 0100     		.2byte	0x1
 1726 02ca 53       		.byte	0x53
 1727 02cb C4000000 		.4byte	.LVL49
 1728 02cf C6000000 		.4byte	.LVL50
 1729 02d3 0200     		.2byte	0x2
 1730 02d5 30       		.byte	0x30
 1731 02d6 9F       		.byte	0x9f
 1732 02d7 D4000000 		.4byte	.LVL52
 1733 02db FA000000 		.4byte	.LFE3
 1734 02df 0200     		.2byte	0x2
 1735 02e1 30       		.byte	0x30
 1736 02e2 9F       		.byte	0x9f
 1737 02e3 00000000 		.4byte	0
 1738 02e7 00000000 		.4byte	0
 1739              	.LLST16:
 1740 02eb 0E000000 		.4byte	.LVL18
 1741 02ef 76000000 		.4byte	.LVL35
 1742 02f3 0200     		.2byte	0x2
 1743 02f5 30       		.byte	0x30
 1744 02f6 9F       		.byte	0x9f
 1745 02f7 8A000000 		.4byte	.LVL36
 1746 02fb 8D000000 		.4byte	.LVL37-1
 1747 02ff 0100     		.2byte	0x1
 1748 0301 53       		.byte	0x53
 1749 0302 94000000 		.4byte	.LVL40
 1750 0306 96000000 		.4byte	.LVL41
 1751 030a 0200     		.2byte	0x2
 1752 030c 30       		.byte	0x30
 1753 030d 9F       		.byte	0x9f
 1754 030e D4000000 		.4byte	.LVL52
 1755 0312 FA000000 		.4byte	.LFE3
 1756 0316 0200     		.2byte	0x2
 1757 0318 30       		.byte	0x30
 1758 0319 9F       		.byte	0x9f
 1759 031a 00000000 		.4byte	0
 1760 031e 00000000 		.4byte	0
 1761              	.LLST17:
 1762 0322 14000000 		.4byte	.LVL20
ARM GAS  C:\Users\Admin\AppData\Local\Temp\ccnyUUyZ.s 			page 36


 1763 0326 6E000000 		.4byte	.LVL34
 1764 032a 0100     		.2byte	0x1
 1765 032c 5B       		.byte	0x5b
 1766 032d 6E000000 		.4byte	.LVL34
 1767 0331 D4000000 		.4byte	.LVL52
 1768 0335 0100     		.2byte	0x1
 1769 0337 56       		.byte	0x56
 1770 0338 D4000000 		.4byte	.LVL52
 1771 033c FA000000 		.4byte	.LFE3
 1772 0340 0100     		.2byte	0x1
 1773 0342 5B       		.byte	0x5b
 1774 0343 00000000 		.4byte	0
 1775 0347 00000000 		.4byte	0
 1776              	.LLST18:
 1777 034b 1A000000 		.4byte	.LVL22
 1778 034f 24000000 		.4byte	.LVL23
 1779 0353 0100     		.2byte	0x1
 1780 0355 50       		.byte	0x50
 1781 0356 E2000000 		.4byte	.LVL55
 1782 035a E6000000 		.4byte	.LVL56
 1783 035e 0100     		.2byte	0x1
 1784 0360 50       		.byte	0x50
 1785 0361 00000000 		.4byte	0
 1786 0365 00000000 		.4byte	0
 1787              	.LLST19:
 1788 0369 2A000000 		.4byte	.LVL25
 1789 036d 6C000000 		.4byte	.LVL33
 1790 0371 0100     		.2byte	0x1
 1791 0373 55       		.byte	0x55
 1792 0374 D4000000 		.4byte	.LVL52
 1793 0378 E2000000 		.4byte	.LVL55
 1794 037c 0100     		.2byte	0x1
 1795 037e 55       		.byte	0x55
 1796 037f EA000000 		.4byte	.LVL57
 1797 0383 FA000000 		.4byte	.LFE3
 1798 0387 0100     		.2byte	0x1
 1799 0389 55       		.byte	0x55
 1800 038a 00000000 		.4byte	0
 1801 038e 00000000 		.4byte	0
 1802              	.LLST20:
 1803 0392 2A000000 		.4byte	.LVL25
 1804 0396 2E000000 		.4byte	.LVL26
 1805 039a 0200     		.2byte	0x2
 1806 039c 30       		.byte	0x30
 1807 039d 9F       		.byte	0x9f
 1808 039e 2E000000 		.4byte	.LVL26
 1809 03a2 30000000 		.4byte	.LVL27
 1810 03a6 0100     		.2byte	0x1
 1811 03a8 56       		.byte	0x56
 1812 03a9 30000000 		.4byte	.LVL27
 1813 03ad 32000000 		.4byte	.LVL28
 1814 03b1 0200     		.2byte	0x2
 1815 03b3 30       		.byte	0x30
 1816 03b4 9F       		.byte	0x9f
 1817 03b5 32000000 		.4byte	.LVL28
 1818 03b9 6E000000 		.4byte	.LVL34
 1819 03bd 0100     		.2byte	0x1
ARM GAS  C:\Users\Admin\AppData\Local\Temp\ccnyUUyZ.s 			page 37


 1820 03bf 56       		.byte	0x56
 1821 03c0 D4000000 		.4byte	.LVL52
 1822 03c4 E2000000 		.4byte	.LVL55
 1823 03c8 0100     		.2byte	0x1
 1824 03ca 56       		.byte	0x56
 1825 03cb EA000000 		.4byte	.LVL57
 1826 03cf FA000000 		.4byte	.LFE3
 1827 03d3 0100     		.2byte	0x1
 1828 03d5 56       		.byte	0x56
 1829 03d6 00000000 		.4byte	0
 1830 03da 00000000 		.4byte	0
 1831              	.LLST21:
 1832 03de 3E000000 		.4byte	.LVL29
 1833 03e2 6A000000 		.4byte	.LVL32
 1834 03e6 0100     		.2byte	0x1
 1835 03e8 54       		.byte	0x54
 1836 03e9 D4000000 		.4byte	.LVL52
 1837 03ed D6000000 		.4byte	.LVL53
 1838 03f1 0100     		.2byte	0x1
 1839 03f3 54       		.byte	0x54
 1840 03f4 D8000000 		.4byte	.LVL54
 1841 03f8 E2000000 		.4byte	.LVL55
 1842 03fc 0100     		.2byte	0x1
 1843 03fe 54       		.byte	0x54
 1844 03ff 00000000 		.4byte	0
 1845 0403 00000000 		.4byte	0
 1846              	.LLST22:
 1847 0407 76000000 		.4byte	.LVL35
 1848 040b 90000000 		.4byte	.LVL38
 1849 040f 0100     		.2byte	0x1
 1850 0411 55       		.byte	0x55
 1851 0412 92000000 		.4byte	.LVL39
 1852 0416 94000000 		.4byte	.LVL40
 1853 041a 0100     		.2byte	0x1
 1854 041c 55       		.byte	0x55
 1855 041d 96000000 		.4byte	.LVL41
 1856 0421 9A000000 		.4byte	.LVL42
 1857 0425 0100     		.2byte	0x1
 1858 0427 55       		.byte	0x55
 1859 0428 00000000 		.4byte	0
 1860 042c 00000000 		.4byte	0
 1861              	.LLST23:
 1862 0430 A6000000 		.4byte	.LVL44
 1863 0434 C0000000 		.4byte	.LVL47
 1864 0438 0100     		.2byte	0x1
 1865 043a 54       		.byte	0x54
 1866 043b C2000000 		.4byte	.LVL48
 1867 043f C4000000 		.4byte	.LVL49
 1868 0443 0100     		.2byte	0x1
 1869 0445 54       		.byte	0x54
 1870 0446 C6000000 		.4byte	.LVL50
 1871 044a CA000000 		.4byte	.LVL51
 1872 044e 0100     		.2byte	0x1
 1873 0450 54       		.byte	0x54
 1874 0451 00000000 		.4byte	0
 1875 0455 00000000 		.4byte	0
 1876              		.section	.debug_aranges,"",%progbits
ARM GAS  C:\Users\Admin\AppData\Local\Temp\ccnyUUyZ.s 			page 38


 1877 0000 2C000000 		.4byte	0x2c
 1878 0004 0200     		.2byte	0x2
 1879 0006 00000000 		.4byte	.Ldebug_info0
 1880 000a 04       		.byte	0x4
 1881 000b 00       		.byte	0
 1882 000c 0000     		.2byte	0
 1883 000e 0000     		.2byte	0
 1884 0010 00000000 		.4byte	.LFB1
 1885 0014 26000000 		.4byte	.LFE1-.LFB1
 1886 0018 00000000 		.4byte	.LFB2
 1887 001c 2E000000 		.4byte	.LFE2-.LFB2
 1888 0020 00000000 		.4byte	.LFB3
 1889 0024 FA000000 		.4byte	.LFE3-.LFB3
 1890 0028 00000000 		.4byte	0
 1891 002c 00000000 		.4byte	0
 1892              		.section	.debug_ranges,"",%progbits
 1893              	.Ldebug_ranges0:
 1894 0000 08000000 		.4byte	.LBB3
 1895 0004 20000000 		.4byte	.LBE3
 1896 0008 28000000 		.4byte	.LBB4
 1897 000c 2C000000 		.4byte	.LBE4
 1898 0010 00000000 		.4byte	0
 1899 0014 00000000 		.4byte	0
 1900 0018 3E000000 		.4byte	.LBB5
 1901 001c CE000000 		.4byte	.LBE5
 1902 0020 D0000000 		.4byte	.LBB10
 1903 0024 DC000000 		.4byte	.LBE10
 1904 0028 DE000000 		.4byte	.LBB11
 1905 002c E2000000 		.4byte	.LBE11
 1906 0030 00000000 		.4byte	0
 1907 0034 00000000 		.4byte	0
 1908 0038 74000000 		.4byte	.LBB6
 1909 003c 94000000 		.4byte	.LBE6
 1910 0040 96000000 		.4byte	.LBB7
 1911 0044 9A000000 		.4byte	.LBE7
 1912 0048 00000000 		.4byte	0
 1913 004c 00000000 		.4byte	0
 1914 0050 A4000000 		.4byte	.LBB8
 1915 0054 C4000000 		.4byte	.LBE8
 1916 0058 C6000000 		.4byte	.LBB9
 1917 005c CA000000 		.4byte	.LBE9
 1918 0060 00000000 		.4byte	0
 1919 0064 00000000 		.4byte	0
 1920 0068 00000000 		.4byte	.LFB1
 1921 006c 26000000 		.4byte	.LFE1
 1922 0070 00000000 		.4byte	.LFB2
 1923 0074 2E000000 		.4byte	.LFE2
 1924 0078 00000000 		.4byte	.LFB3
 1925 007c FA000000 		.4byte	.LFE3
 1926 0080 00000000 		.4byte	0
 1927 0084 00000000 		.4byte	0
 1928              		.section	.debug_line,"",%progbits
 1929              	.Ldebug_line0:
 1930 0000 51010000 		.section	.debug_str,"MS",%progbits,1
 1930      02006B00 
 1930      00000201 
 1930      FB0E0D00 
ARM GAS  C:\Users\Admin\AppData\Local\Temp\ccnyUUyZ.s 			page 39


 1930      01010101 
 1931              	.LASF48:
 1932 0000 45565F32 		.ascii	"EV_250MS\000"
 1932      35304D53 
 1932      00
 1933              	.LASF77:
 1934 0009 72657375 		.ascii	"result\000"
 1934      6C7400
 1935              	.LASF28:
 1936 0010 52435F45 		.ascii	"RC_ERROR_READ_ONLY\000"
 1936      52524F52 
 1936      5F524541 
 1936      445F4F4E 
 1936      4C5900
 1937              	.LASF14:
 1938 0023 52435F53 		.ascii	"RC_SUCCESS\000"
 1938      55434345 
 1938      535300
 1939              	.LASF46:
 1940 002e 45565F4B 		.ascii	"EV_KEYRIGHT\000"
 1940      45595249 
 1940      47485400 
 1941              	.LASF70:
 1942 003a 53544154 		.ascii	"STATE_stateOuterTransition_t\000"
 1942      455F7374 
 1942      6174654F 
 1942      75746572 
 1942      5472616E 
 1943              	.LASF51:
 1944 0057 434C4F43 		.ascii	"CLOCK_C_ISDISPLAYING\000"
 1944      4B5F435F 
 1944      49534449 
 1944      53504C41 
 1944      59494E47 
 1945              	.LASF29:
 1946 006c 52435F45 		.ascii	"RC_ERROR_WRITE_ONLY\000"
 1946      52524F52 
 1946      5F575249 
 1946      54455F4F 
 1946      4E4C5900 
 1947              	.LASF64:
 1948 0080 67756172 		.ascii	"guard\000"
 1948      6400
 1949              	.LASF2:
 1950 0086 73686F72 		.ascii	"short int\000"
 1950      7420696E 
 1950      7400
 1951              	.LASF20:
 1952 0090 52435F45 		.ascii	"RC_ERROR_OVERRUN\000"
 1952      52524F52 
 1952      5F4F5645 
 1952      5252554E 
 1952      00
 1953              	.LASF32:
 1954 00a1 52435F45 		.ascii	"RC_ERROR_WRITE_FAILS\000"
 1954      52524F52 
 1954      5F575249 
ARM GAS  C:\Users\Admin\AppData\Local\Temp\ccnyUUyZ.s 			page 40


 1954      54455F46 
 1954      41494C53 
 1955              	.LASF43:
 1956 00b6 73697A65 		.ascii	"sizetype\000"
 1956      74797065 
 1956      00
 1957              	.LASF17:
 1958 00bf 52435F45 		.ascii	"RC_ERROR_ZERO\000"
 1958      52524F52 
 1958      5F5A4552 
 1958      4F00
 1959              	.LASF31:
 1960 00cd 52435F45 		.ascii	"RC_ERROR_READ_FAILS\000"
 1960      52524F52 
 1960      5F524541 
 1960      445F4641 
 1960      494C5300 
 1961              	.LASF82:
 1962 00e1 6163456E 		.ascii	"acEntry\000"
 1962      74727900 
 1963              	.LASF53:
 1964 00e9 434C4F43 		.ascii	"CLOCK_C_ISEDITINGMINUTES\000"
 1964      4B5F435F 
 1964      49534544 
 1964      4954494E 
 1964      474D494E 
 1965              	.LASF62:
 1966 0102 6576656E 		.ascii	"event\000"
 1966      7400
 1967              	.LASF75:
 1968 0108 7472616E 		.ascii	"transitionTable\000"
 1968      73697469 
 1968      6F6E5461 
 1968      626C6500 
 1969              	.LASF56:
 1970 0118 434C4F43 		.ascii	"CLOCK_W_ISAUTOINCREMENT\000"
 1970      4B5F575F 
 1970      49534155 
 1970      544F494E 
 1970      4352454D 
 1971              	.LASF86:
 1972 0130 696E6465 		.ascii	"index\000"
 1972      7800
 1973              	.LASF37:
 1974 0136 52435F45 		.ascii	"RC_ERROR_INVALID_STATE\000"
 1974      52524F52 
 1974      5F494E56 
 1974      414C4944 
 1974      5F535441 
 1975              	.LASF90:
 1976 014d 736F7572 		.ascii	"source\\asw\\statemachine.c\000"
 1976      63655C61 
 1976      73775C73 
 1976      74617465 
 1976      6D616368 
 1977              	.LASF49:
 1978 0167 45565F31 		.ascii	"EV_1MIN\000"
ARM GAS  C:\Users\Admin\AppData\Local\Temp\ccnyUUyZ.s 			page 41


 1978      4D494E00 
 1979              	.LASF59:
 1980 016f 53544154 		.ascii	"STATE_state_t\000"
 1980      455F7374 
 1980      6174655F 
 1980      7400
 1981              	.LASF19:
 1982 017d 52435F45 		.ascii	"RC_ERROR_RANGE\000"
 1982      52524F52 
 1982      5F52414E 
 1982      474500
 1983              	.LASF60:
 1984 018c 53544154 		.ascii	"STATE_ActionPtr_t\000"
 1984      455F4163 
 1984      74696F6E 
 1984      5074725F 
 1984      7400
 1985              	.LASF8:
 1986 019e 666C6F61 		.ascii	"float\000"
 1986      7400
 1987              	.LASF39:
 1988 01a4 52435F45 		.ascii	"RC_ERROR_NOT_IMPLEMENTED\000"
 1988      52524F52 
 1988      5F4E4F54 
 1988      5F494D50 
 1988      4C454D45 
 1989              	.LASF10:
 1990 01bd 6C6F6E67 		.ascii	"long long int\000"
 1990      206C6F6E 
 1990      6720696E 
 1990      7400
 1991              	.LASF76:
 1992 01cb 7472616E 		.ascii	"transitionTableSize\000"
 1992      73697469 
 1992      6F6E5461 
 1992      626C6553 
 1992      697A6500 
 1993              	.LASF33:
 1994 01df 52435F45 		.ascii	"RC_ERROR_NOT_MATCH\000"
 1994      52524F52 
 1994      5F4E4F54 
 1994      5F4D4154 
 1994      434800
 1995              	.LASF38:
 1996 01f2 52435F45 		.ascii	"RC_ERROR_UNKNOWN\000"
 1996      52524F52 
 1996      5F554E4B 
 1996      4E4F574E 
 1996      00
 1997              	.LASF3:
 1998 0203 73696E74 		.ascii	"sint16_t\000"
 1998      31365F74 
 1998      00
 1999              	.LASF6:
 2000 020c 6C6F6E67 		.ascii	"long int\000"
 2000      20696E74 
 2000      00
ARM GAS  C:\Users\Admin\AppData\Local\Temp\ccnyUUyZ.s 			page 42


 2001              	.LASF21:
 2002 0215 52435F45 		.ascii	"RC_ERROR_UNDERRUN\000"
 2002      52524F52 
 2002      5F554E44 
 2002      45525255 
 2002      4E00
 2003              	.LASF68:
 2004 0227 70496E6E 		.ascii	"pInnerTransitionTable\000"
 2004      65725472 
 2004      616E7369 
 2004      74696F6E 
 2004      5461626C 
 2005              	.LASF78:
 2006 023d 53544154 		.ascii	"STATE__getIndexCurrentState\000"
 2006      455F5F67 
 2006      6574496E 
 2006      64657843 
 2006      75727265 
 2007              	.LASF24:
 2008 0259 52435F45 		.ascii	"RC_ERROR_BUSY\000"
 2008      52524F52 
 2008      5F425553 
 2008      5900
 2009              	.LASF73:
 2010 0267 61637469 		.ascii	"actionExit\000"
 2010      6F6E4578 
 2010      697400
 2011              	.LASF30:
 2012 0272 52435F45 		.ascii	"RC_ERROR_INVALID\000"
 2012      52524F52 
 2012      5F494E56 
 2012      414C4944 
 2012      00
 2013              	.LASF91:
 2014 0283 453A5C53 		.ascii	"E:\\Subjects\\EAA\\Lab\\Practice\\Lab2.cydsn\000"
 2014      75626A65 
 2014      6374735C 
 2014      4541415C 
 2014      4C61625C 
 2015              	.LASF12:
 2016 02ab 626F6F6C 		.ascii	"boolean_t\000"
 2016      65616E5F 
 2016      7400
 2017              	.LASF71:
 2018 02b5 73746174 		.ascii	"state\000"
 2018      6500
 2019              	.LASF42:
 2020 02bb 6C6F6E67 		.ascii	"long double\000"
 2020      20646F75 
 2020      626C6500 
 2021              	.LASF1:
 2022 02c7 756E7369 		.ascii	"unsigned char\000"
 2022      676E6564 
 2022      20636861 
 2022      7200
 2023              	.LASF79:
 2024 02d5 53544154 		.ascii	"STATE_initState\000"
ARM GAS  C:\Users\Admin\AppData\Local\Temp\ccnyUUyZ.s 			page 43


 2024      455F696E 
 2024      69745374 
 2024      61746500 
 2025              	.LASF35:
 2026 02e5 52435F45 		.ascii	"RC_ERROR_BAD_DATA\000"
 2026      52524F52 
 2026      5F424144 
 2026      5F444154 
 2026      4100
 2027              	.LASF88:
 2028 02f7 696E6E65 		.ascii	"innerTableSize\000"
 2028      72546162 
 2028      6C655369 
 2028      7A6500
 2029              	.LASF0:
 2030 0306 7369676E 		.ascii	"signed char\000"
 2030      65642063 
 2030      68617200 
 2031              	.LASF11:
 2032 0312 6C6F6E67 		.ascii	"long long unsigned int\000"
 2032      206C6F6E 
 2032      6720756E 
 2032      7369676E 
 2032      65642069 
 2033              	.LASF41:
 2034 0329 756E7369 		.ascii	"unsigned int\000"
 2034      676E6564 
 2034      20696E74 
 2034      00
 2035              	.LASF26:
 2036 0336 52435F45 		.ascii	"RC_ERROR_OPEN\000"
 2036      52524F52 
 2036      5F4F5045 
 2036      4E00
 2037              	.LASF4:
 2038 0344 75696E74 		.ascii	"uint16_t\000"
 2038      31365F74 
 2038      00
 2039              	.LASF7:
 2040 034d 6C6F6E67 		.ascii	"long unsigned int\000"
 2040      20756E73 
 2040      69676E65 
 2040      6420696E 
 2040      7400
 2041              	.LASF58:
 2042 035f 53544154 		.ascii	"STATE_event_t\000"
 2042      455F6576 
 2042      656E745F 
 2042      7400
 2043              	.LASF16:
 2044 036d 52435F45 		.ascii	"RC_ERROR_NULL\000"
 2044      52524F52 
 2044      5F4E554C 
 2044      4C00
 2045              	.LASF92:
 2046 037b 53544154 		.ascii	"STATE_processEvent\000"
 2046      455F7072 
ARM GAS  C:\Users\Admin\AppData\Local\Temp\ccnyUUyZ.s 			page 44


 2046      6F636573 
 2046      73457665 
 2046      6E7400
 2047              	.LASF61:
 2048 038e 53544154 		.ascii	"STATE_GuardPtr_t\000"
 2048      455F4775 
 2048      61726450 
 2048      74725F74 
 2048      00
 2049              	.LASF5:
 2050 039f 73686F72 		.ascii	"short unsigned int\000"
 2050      7420756E 
 2050      7369676E 
 2050      65642069 
 2050      6E7400
 2051              	.LASF89:
 2052 03b2 474E5520 		.ascii	"GNU C11 5.4.1 20160609 (release) [ARM/embedded-5-br"
 2052      43313120 
 2052      352E342E 
 2052      31203230 
 2052      31363036 
 2053 03e5 616E6368 		.ascii	"anch revision 237715] -mcpu=cortex-m3 -mthumb -g -O"
 2053      20726576 
 2053      6973696F 
 2053      6E203233 
 2053      37373135 
 2054 0418 67202D66 		.ascii	"g -ffunction-sections -ffat-lto-objects\000"
 2054      66756E63 
 2054      74696F6E 
 2054      2D736563 
 2054      74696F6E 
 2055              	.LASF81:
 2056 0440 61637469 		.ascii	"actionTableSize\000"
 2056      6F6E5461 
 2056      626C6553 
 2056      697A6500 
 2057              	.LASF66:
 2058 0450 53544154 		.ascii	"STATE_stateInnerTransition_t\000"
 2058      455F7374 
 2058      61746549 
 2058      6E6E6572 
 2058      5472616E 
 2059              	.LASF13:
 2060 046d 63686172 		.ascii	"char\000"
 2060      00
 2061              	.LASF22:
 2062 0472 52435F45 		.ascii	"RC_ERROR_BUFFER_FULL\000"
 2062      52524F52 
 2062      5F425546 
 2062      4645525F 
 2062      46554C4C 
 2063              	.LASF85:
 2064 0487 63757272 		.ascii	"currentState\000"
 2064      656E7453 
 2064      74617465 
 2064      00
 2065              	.LASF34:
ARM GAS  C:\Users\Admin\AppData\Local\Temp\ccnyUUyZ.s 			page 45


 2066 0494 52435F45 		.ascii	"RC_ERROR_BAD_PARAM\000"
 2066      52524F52 
 2066      5F424144 
 2066      5F504152 
 2066      414D00
 2067              	.LASF52:
 2068 04a7 434C4F43 		.ascii	"CLOCK_C_ISEDITINGHOURS\000"
 2068      4B5F435F 
 2068      49534544 
 2068      4954494E 
 2068      47484F55 
 2069              	.LASF65:
 2070 04be 61637469 		.ascii	"actionTransition\000"
 2070      6F6E5472 
 2070      616E7369 
 2070      74696F6E 
 2070      00
 2071              	.LASF54:
 2072 04cf 434C4F43 		.ascii	"CLOCK_W_ISDISPLAYING\000"
 2072      4B5F575F 
 2072      49534449 
 2072      53504C41 
 2072      59494E47 
 2073              	.LASF67:
 2074 04e4 66726F6D 		.ascii	"fromState\000"
 2074      53746174 
 2074      6500
 2075              	.LASF80:
 2076 04ee 61637469 		.ascii	"actionTable\000"
 2076      6F6E5461 
 2076      626C6500 
 2077              	.LASF9:
 2078 04fa 646F7562 		.ascii	"double\000"
 2078      6C6500
 2079              	.LASF27:
 2080 0501 52435F45 		.ascii	"RC_ERROR_CHECKSUM\000"
 2080      52524F52 
 2080      5F434845 
 2080      434B5355 
 2080      4D00
 2081              	.LASF69:
 2082 0513 73697A65 		.ascii	"size\000"
 2082      00
 2083              	.LASF74:
 2084 0518 53544154 		.ascii	"STATE_stateAction_t\000"
 2084      455F7374 
 2084      61746541 
 2084      6374696F 
 2084      6E5F7400 
 2085              	.LASF44:
 2086 052c 45565F4E 		.ascii	"EV_NONE\000"
 2086      4F4E4500 
 2087              	.LASF47:
 2088 0534 45565F4B 		.ascii	"EV_KEYRIGHTLONGPRESS\000"
 2088      45595249 
 2088      4748544C 
 2088      4F4E4750 
ARM GAS  C:\Users\Admin\AppData\Local\Temp\ccnyUUyZ.s 			page 46


 2088      52455353 
 2089              	.LASF45:
 2090 0549 45565F4B 		.ascii	"EV_KEYLEFT\000"
 2090      45594C45 
 2090      465400
 2091              	.LASF84:
 2092 0554 61634578 		.ascii	"acExit\000"
 2092      697400
 2093              	.LASF57:
 2094 055b 436C6F63 		.ascii	"Clock_State_Enum_t\000"
 2094      6B5F5374 
 2094      6174655F 
 2094      456E756D 
 2094      5F7400
 2095              	.LASF50:
 2096 056e 4556454E 		.ascii	"EVENT_t\000"
 2096      545F7400 
 2097              	.LASF36:
 2098 0576 52435F45 		.ascii	"RC_ERROR_CANCELED\000"
 2098      52524F52 
 2098      5F43414E 
 2098      43454C45 
 2098      4400
 2099              	.LASF83:
 2100 0588 61635472 		.ascii	"acTransition\000"
 2100      616E7369 
 2100      74696F6E 
 2100      00
 2101              	.LASF87:
 2102 0595 70496E6E 		.ascii	"pInnerTable\000"
 2102      65725461 
 2102      626C6500 
 2103              	.LASF15:
 2104 05a1 52435F45 		.ascii	"RC_ERROR\000"
 2104      52524F52 
 2104      00
 2105              	.LASF18:
 2106 05aa 52435F45 		.ascii	"RC_ERROR_MEMORY\000"
 2106      52524F52 
 2106      5F4D454D 
 2106      4F525900 
 2107              	.LASF72:
 2108 05ba 61637469 		.ascii	"actionEntry\000"
 2108      6F6E456E 
 2108      74727900 
 2109              	.LASF55:
 2110 05c6 434C4F43 		.ascii	"CLOCK_W_ISEDITING\000"
 2110      4B5F575F 
 2110      49534544 
 2110      4954494E 
 2110      4700
 2111              	.LASF63:
 2112 05d8 746F5374 		.ascii	"toState\000"
 2112      61746500 
 2113              	.LASF23:
 2114 05e0 52435F45 		.ascii	"RC_ERROR_BUFFER_EMTPY\000"
 2114      52524F52 
ARM GAS  C:\Users\Admin\AppData\Local\Temp\ccnyUUyZ.s 			page 47


 2114      5F425546 
 2114      4645525F 
 2114      454D5450 
 2115              	.LASF40:
 2116 05f6 52435F74 		.ascii	"RC_t\000"
 2116      00
 2117              	.LASF25:
 2118 05fb 52435F45 		.ascii	"RC_ERROR_TIME_OUT\000"
 2118      52524F52 
 2118      5F54494D 
 2118      455F4F55 
 2118      5400
 2119              		.ident	"GCC: (GNU Tools for ARM Embedded Processors) 5.4.1 20160609 (release) [ARM/embedded-5-bran
